{
  "stats": {
    "suites": 1,
    "tests": 69,
    "passes": 69,
    "pending": 0,
    "failures": 0,
    "start": "2020-06-27T10:46:29.959Z",
    "end": "2020-06-27T11:50:43.865Z",
    "duration": 3853906,
    "testsRegistered": 69,
    "passPercent": 100,
    "pendingPercent": 0,
    "other": 0,
    "hasOther": false,
    "skipped": 0,
    "hasSkipped": false
  },
  "results": [
    {
      "uuid": "c4c180cc-bfb4-46cf-9d73-83659bbfd2f4",
      "title": "",
      "fullFile": "cypress\\integration\\happyPath\\ASTFullTest.spec.js",
      "file": "cypress\\integration\\happyPath\\ASTFullTest.spec.js",
      "beforeHooks": [],
      "afterHooks": [],
      "tests": [],
      "suites": [
        {
          "uuid": "55c3956e-6051-4e17-bf8c-69437a483d48",
          "title": "AST Module Regression Test Suite",
          "fullFile": "",
          "file": "",
          "beforeHooks": [],
          "afterHooks": [],
          "tests": [
            {
              "title": "TC_1. Store Keeper: Material Receive.",
              "fullTitle": "AST Module Regression Test Suite TC_1. Store Keeper: Material Receive.",
              "timedOut": null,
              "duration": 53439,
              "state": "passed",
              "speed": "slow",
              "pass": true,
              "fail": false,
              "pending": false,
              "context": null,
              "code": "var _this = this;\ncy.login(this.ast.storeKeeperID, this.ast.storeKeeperPassword);\ndashboardPage.getASTAvatar().click();\ncy.wait(3000);\nleftNavMenu.getDropDownMenu().contains('স্টোর কিপিং').click();\ncy.wait(1000);\nleftNavMenu.getDropDownMenu().contains('অর্ডার সমূহ').click();\ncy.wait(1000);\nleftNavMenu.getReceiveGoodsSubMenu().contains('পণ্য গ্রহণ').click();\ncy.wait(3000);\nreceiveGoodsPage.getStoreNameTab().contains(this.ast.storeName).click();\ncy.wait(3000);\nreceiveGoodsPage.getCardHeader().should('include.text', 'পারচেজ অর্ডারের তালিকা');\ncy.ASTPagination(this.prc.Pagination); //Pagination\nreceiveGoodsPage.getCardRows().each(function ($el, index, $list) //Select the desired প্রকিউরমেন্ট রেফারেন্স নং\n{\n  var textReferenceNo = $el.find('td.e-rowcell[aria-label]').text();\n  if (textReferenceNo.includes(_this.prc.DCPReferenceNo)) {\n    $el.find('td button mat-icon').click();\n  }\n});\ncy.wait(3000); //receiveGoodsPage.getCardHeader().should('include.text', 'ম্যাটেরিয়াল রিসেপশন তৈরি করুন')\n//receiveGoodsPage.getThirdCardHeader().should('include.text', 'চালানের তথ্য প্রবেশ করুন')\nreceiveGoodsPage.getChalanNoInputField().should('have.attr', 'placeholder', 'চালান নং').click().type(this.ast.chalanNo).should('have.value', this.ast.chalanNo);\ncy.wait(2000);\nreceiveGoodsPage.getCalendarIcon().click(); //চালানের তারিখ\ncy.wait(1000);\ncy.calendar(this.ast.chalanYear, this.ast.chalanMonth, this.ast.chalanDay);\nreceiveGoodsPage.getCardFooterFourthButton().should('include.text', 'গ্রহণ এবং ইন্সপেকশনের জন্য প্রেরণ করুন').click();\ncy.wait(2000);\nreceiveGoodsPage.getConfirmPopUpHeader().should('include.text', 'নিশ্চিত করুন');\nreceiveGoodsPage.getConfirmPopUpYesButton().should('include.text', 'হ্যাঁ').click();\ncy.wait(6000);",
              "err": {},
              "uuid": "3e359bda-bed6-49ba-a144-79f068258e91",
              "parentUUID": "55c3956e-6051-4e17-bf8c-69437a483d48",
              "isHook": false,
              "skipped": false
            },
            {
              "title": "TC_2. Store Admin: Inspector Assign for Material Receive.",
              "fullTitle": "AST Module Regression Test Suite TC_2. Store Admin: Inspector Assign for Material Receive.",
              "timedOut": null,
              "duration": 54107,
              "state": "passed",
              "speed": "slow",
              "pass": true,
              "fail": false,
              "pending": false,
              "context": null,
              "code": "cy.login(this.ast.storeAdminID, this.ast.storeAdminPassword);\ndashboardPage.getASTAvatar().click();\ncy.wait(3000);\nleftNavMenu.getDropDownMenu().contains('ইন্সপেকশন').click();\ncy.wait(1000);\nleftNavMenu.getInspectionUnassignedSubMenu().should('include.text', 'পরিদর্শক নির্ধারণ').click();\ncy.wait(3000);\nreceiveGoodsPage.getStoreNameTab().contains(this.ast.storeName).click();\ncy.wait(3000);\nreceiveGoodsPage.getCardHeader().should('include.text', 'পরিদর্শক নির্ধারণ');\ncy.ASTPagination(this.prc.Pagination); //Pagination\ncy.inspection(this.ast.chalanNo); //চালান নং\ncy.wait(3000);\nreceiveGoodsPage.getCardHeader().should('include.text', 'ম্যাটেরিয়াল রিসেপশন');\nreceiveGoodsPage.getThirdCardHeader().should('include.text', 'ইন্সপেক্টর এসাইন করুন');\ninspectionUnassignedPage.getInspectorTypeField().should('have.attr', 'aria-label', 'পরিদর্শকের ধরণ').click();\ninspectionUnassignedPage.getDropDownItem().contains(this.ast.InspectorType).click();\ncy.wait(2000);\ninspectionUnassignedPage.getOfficeUnitField().should('have.attr', 'aria-label', 'শাখা').click();\ncy.wait(1000);\ninspectionUnassignedPage.getDropDownItem().contains(this.ast.OfficeUnit).click();\ncy.wait(2000);\ninspectionUnassignedPage.getInspectorField().should('have.attr', 'aria-label', 'পরিদর্শক').click();\ninspectionUnassignedPage.getDropDownItem().contains(this.ast.Inspector).click();\ncy.wait(2000);\nreceiveGoodsPage.getCardFooterFourthButton().should('include.text', 'প্রেরণ').click(); //Reuse from ReceiveGoods Page \ncy.wait(2000);\nreceiveGoodsPage.getConfirmPopUpHeader().should('include.text', 'নিশ্চিত করুন');\nreceiveGoodsPage.getConfirmPopUpYesButton().should('include.text', 'হ্যাঁ').click();\ncy.wait(6000);",
              "err": {},
              "uuid": "ff69da51-2132-49a1-9744-e10219729500",
              "parentUUID": "55c3956e-6051-4e17-bf8c-69437a483d48",
              "isHook": false,
              "skipped": false
            },
            {
              "title": "TC_3. Inspector: Inspect for Material Receive.",
              "fullTitle": "AST Module Regression Test Suite TC_3. Inspector: Inspect for Material Receive.",
              "timedOut": null,
              "duration": 41422,
              "state": "passed",
              "speed": "slow",
              "pass": true,
              "fail": false,
              "pending": false,
              "context": null,
              "code": "cy.login(this.ast.inspectorID, this.ast.inspectorPassword); //Select office if needed\ndashboardPage.getOfficePopUpHeader().should('include.text', 'অফিস/পদ নির্বাচন করুন');\ndashboardPage.getOfficeName().contains(this.ast.inspectorOffice).click();\ncy.wait(3000);\ndashboardPage.getASTAvatar().click();\ncy.wait(3000);\nleftNavMenu.getDropDownMenu().contains('ইন্সপেকশন').click();\ncy.wait(1000);\nleftNavMenu.getInspectionAssignedSubMenu().should('include.text', 'নির্ধারিত পরিদর্শন').click();\ncy.wait(3000);\nreceiveGoodsPage.getCardHeader().should('include.text', 'নির্ধারিত পরিদর্শন');\ncy.ASTPagination(this.prc.Pagination); //Pagination\ncy.inspection(this.ast.chalanNo); //চালান নং\ncy.wait(3000);\nreceiveGoodsPage.getCardHeader().should('include.text', 'ইন্সপেকশনের ফলাফল সেট করুন');\ninspectionAssignedPage.getRemarksField().click().type(this.ast.InspectorRemarks).should('have.value', this.ast.InspectorRemarks);\ncy.wait(2000);\n/*\nconst fileName = 'TestFile.pdf';\ninspectionAssignedPage.getQCReportButton().attachFile(fileName);      //File Upload\ncy.wait(4000)\n*/\nreceiveGoodsPage.getCardFooterFourthButton().should('include.text', 'দাখিল করুন').click(); //Reuse from ReceiveGoods Page \ncy.wait(2000);\nreceiveGoodsPage.getConfirmPopUpHeader().should('include.text', 'নিশ্চিত করুন');\nreceiveGoodsPage.getConfirmPopUpYesButton().should('include.text', 'হ্যাঁ').click();\ncy.wait(6000);",
              "err": {},
              "uuid": "aa65e5be-8c5b-4f69-a6c5-b6c8f9356534",
              "parentUUID": "55c3956e-6051-4e17-bf8c-69437a483d48",
              "isHook": false,
              "skipped": false
            },
            {
              "title": "TC_4. Store Admin: Inspection Approval for Material Receive.",
              "fullTitle": "AST Module Regression Test Suite TC_4. Store Admin: Inspection Approval for Material Receive.",
              "timedOut": null,
              "duration": 41253,
              "state": "passed",
              "speed": "slow",
              "pass": true,
              "fail": false,
              "pending": false,
              "context": null,
              "code": "cy.login(this.ast.storeAdminID, this.ast.storeAdminPassword); //Select office code here if the user have multiple office \ndashboardPage.getASTAvatar().click();\ncy.wait(3000);\nleftNavMenu.getDropDownMenu().contains('অনুমোদন অপেক্ষমান').click();\ncy.wait(1000);\nleftNavMenu.getInspectedSubMenu().should('include.text', 'পরিদর্শনকৃত').click();\ncy.wait(3000);\nreceiveGoodsPage.getStoreNameTab().contains(this.ast.storeName).click();\ncy.wait(2000);\nreceiveGoodsPage.getCardHeader().should('include.text', 'পরিদর্শনকৃত');\ncy.ASTPagination(this.prc.Pagination); //Pagination\ncy.inspection(this.ast.chalanNo); //চালান নং\ncy.wait(3000);\nreceiveGoodsPage.getCardHeader().should('include.text', 'প্রাপ্তিযোগ্য পরিমাণগুলি সেট করুন');\ninspectedPage.getCardFooterFourthButton().should('include.text', 'অনুমোদন করুন').click(); //Reuse from inspected Page  \ncy.wait(2000);\nreceiveGoodsPage.getConfirmPopUpHeader().should('include.text', 'নিশ্চিত করুন');\nreceiveGoodsPage.getConfirmPopUpYesButton().should('include.text', 'হ্যাঁ').click();\ncy.wait(6000);",
              "err": {},
              "uuid": "4ed812f9-abd1-44e2-8076-fa442f6b264e",
              "parentUUID": "55c3956e-6051-4e17-bf8c-69437a483d48",
              "isHook": false,
              "skipped": false
            },
            {
              "title": "TC_5. Store Keeper: Asset Tagging (Material Receive Asset).",
              "fullTitle": "AST Module Regression Test Suite TC_5. Store Keeper: Asset Tagging (Material Receive Asset).",
              "timedOut": null,
              "duration": 142262,
              "state": "passed",
              "speed": "slow",
              "pass": true,
              "fail": false,
              "pending": false,
              "context": null,
              "code": "var _this2 = this;\ncy.login(this.ast.storeKeeperID, this.ast.storeKeeperPassword);\ndashboardPage.getASTAvatar().click();\ncy.wait(3000);\nleftNavMenu.getDropDownMenu().contains('স্টোর কিপিং').click();\ncy.wait(1000);\nleftNavMenu.getAssetTaggingSubMenu().should('include.text', 'সম্পদ ট্যাগিং').click();\ncy.wait(3000);\nreceiveGoodsPage.getStoreNameTab().contains(this.ast.storeName).click(); //Select Store\ncy.wait(3000);\nreceiveGoodsPage.getCardHeader().should('include.text', 'ট্যাগিংয়ের জন্য সম্পদের তালিকা');\ncy.ASTPagination(this.prc.Pagination); //Pagination\nreceiveGoodsPage.getCardRows().each(function ($el, index, $list) //Select the desired চালান নং\n{\n  var textChalanNo = $el.find('td.e-rowcell[aria-label]').text();\n  if (textChalanNo.includes(_this2.ast.chalanNo)) {\n    $el.find('td button mat-icon').click();\n  }\n});\ncy.wait(3000);\nreceiveGoodsPage.getCardHeader().should('include.text', 'সম্পদ ট্যাগ');\nreceiveGoodsPage.getSecondCardHeader().should('include.text', 'পণ্যসমূহ');\nassetTaggingPage.getSetTagsButton().click(); //Set tag button\ncy.wait(3000);\nassetTaggingPage.getTagInputField().clear().type(this.ast.assetTagNo).should('have.value', this.ast.assetTagNo);\ncy.wait(1000);\nassetTaggingPage.getTagInputField2().clear().type(this.ast.assetTagNo2).should('have.value', this.ast.assetTagNo2);\ncy.wait(1000);\nassetTaggingPage.getTagInputField3().clear().type(this.ast.assetTagNo3).should('have.value', this.ast.assetTagNo3);\ncy.wait(1000);\nassetTaggingPage.getTagInputField4().clear().type(this.ast.assetTagNo4).should('have.value', this.ast.assetTagNo4);\ncy.wait(1000);\nassetTaggingPage.getTagInputField5().clear().type(this.ast.assetTagNo5).should('have.value', this.ast.assetTagNo5);\ncy.wait(1000);\nassetTaggingPage.getTagInputField6().clear().type(this.ast.assetTagNo6).should('have.value', this.ast.assetTagNo6);\ncy.wait(1000);\nassetTaggingPage.getTagInputField7().clear().type(this.ast.assetTagNo7).should('have.value', this.ast.assetTagNo7);\ncy.wait(1000);\nassetTaggingPage.getTagInputField8().clear().type(this.ast.assetTagNo8).should('have.value', this.ast.assetTagNo8);\ncy.wait(1000);\nassetTaggingPage.getTagInputField9().clear().type(this.ast.assetTagNo9).should('have.value', this.ast.assetTagNo9);\ncy.wait(1000);\nassetTaggingPage.getTagInputField10().clear().type(this.ast.assetTagNo10).should('have.value', this.ast.assetTagNo10);\ncy.wait(1000);\nassetTaggingPage.getTagInputField11().clear().type(this.ast.assetTagNo11).should('have.value', this.ast.assetTagNo11);\ncy.wait(1000);\nassetTaggingPage.getLifeTimeInputField().type(this.ast.assetLifeTime).should('have.value', this.ast.assetLifeTime);\ncy.wait(1000);\nassetTaggingPage.getSecondLifeTimeInputField().click();\ncy.wait(2000);\nassetTaggingPage.getRoomNumberInputField().type(this.ast.assetRoomNumber).should('have.value', this.ast.assetRoomNumber);\ncy.wait(1000);\nassetTaggingPage.getSecondLifeTimeInputField().click();\ncy.wait(2000);\nassetTaggingPage.getTagSaveButton().should('include.text', 'দাখিল করুন').click();\ncy.wait(2500);\nreceiveGoodsPage.getConfirmPopUpHeader().should('include.text', 'নিশ্চিত করুন');\nreceiveGoodsPage.getConfirmPopUpYesButton().should('include.text', 'হ্যাঁ').click();\ncy.wait(6000);",
              "err": {},
              "uuid": "1b4be225-003e-4181-aaf2-6119477dbff2",
              "parentUUID": "55c3956e-6051-4e17-bf8c-69437a483d48",
              "isHook": false,
              "skipped": false
            },
            {
              "title": "TC_6. Store Keeper: Direct in request and send for approval.",
              "fullTitle": "AST Module Regression Test Suite TC_6. Store Keeper: Direct in request and send for approval.",
              "timedOut": null,
              "duration": 71999,
              "state": "passed",
              "speed": "slow",
              "pass": true,
              "fail": false,
              "pending": false,
              "context": null,
              "code": "var _this3 = this;\ncy.login(this.ast.storeKeeperID, this.ast.storeKeeperPassword);\ndashboardPage.getASTAvatar().click();\ncy.wait(3000);\nleftNavMenu.getDropDownMenu().contains('স্টোর কিপিং').click();\ncy.wait(1000);\nleftNavMenu.getDirectInSubMenu().should('include.text', 'সরাসরি গ্রহণ').click();\ncy.wait(3000);\nreceiveGoodsPage.getStoreNameTab().contains(this.ast.storeName).click(); //Select Store\ncy.wait(3000);\nreceiveGoodsPage.getCardHeader().should('include.text', 'বিদ্যমান সরাসরি গ্রহণ'); //cy.ASTPagination(this.prc.Pagination) //Pagination\ndirectInPage.getAddButtonFirstStore().click();\nreceiveGoodsPage.getCardHeader().should('include.text', 'সরাসরি গ্রহণ তৈরি করুন');\ndirectInPage.getReferenceNoField().should('have.attr', 'placeholder', 'রেফারেন্স নং').clear().type(this.ast.DIReferenceNo).should('have.value', this.ast.DIReferenceNo);\ncy.wait(2000);\ndirectInPage.getReceptionTypeField().should('have.attr', 'placeholder', 'গ্রহণের ধরণ').click().type(this.ast.DIReceptionType).should('have.value', this.ast.DIReceptionType);\ncy.wait(2000);\ndirectInPage.getJustificationField().should('have.attr', 'placeholder', 'ন্যায্যতা').click().type(this.ast.DIJustification).should('have.value', this.ast.DIJustification);\ncy.wait(2000);\ndirectInPage.getAddItemPlusButtonForFirstStore().click(); //পণ্য যোগ করুন \ncy.wait(3000);\ndirectInPage.getItemCategoryField().should('have.attr', 'aria-label', 'ক্যাটাগরি').click();\ninspectionUnassignedPage.getDropDownItem().contains(this.ast.ItemCategory).click();\ncy.wait(2000);\nreceiveGoodsPage.getCardRows().each(function ($el, index, $list) //Select the desired পণ্যের নাম\n{\n  var textItemName = $el.find('td.e-rowcell[aria-label]').text();\n  if (textItemName.includes(_this3.ast.ItemGroup)) {\n    $el.find('td button mat-icon:eq(0)').first().click();\n  }\n});\ncy.wait(3000);\ndirectInPage.getItemFeaturesHeader().should('include.text', 'বৈশিষ্ট্য');\ndirectInPage.getItemsDropDownField().click();\ninspectionUnassignedPage.getDropDownItem().contains(this.ast.ItemName).first().click();\ncy.wait(2000);\ndirectInPage.getAddFeaturesButton().should('include.text', 'বৈশিষ্ট্য যোগ করুন').click();\ncy.wait(2000);\ndirectInPage.getAddItemButton().click();\ncy.wait(2000);\nreceiveGoodsPage.getCardFooterFourthButton().should('include.text', 'প্রেরণ').click();\ncy.wait(2000);\nreceiveGoodsPage.getConfirmPopUpHeader().should('include.text', 'নিশ্চিত করুন');\nreceiveGoodsPage.getConfirmPopUpYesButton().should('include.text', 'হ্যাঁ').click();\ncy.wait(6000);",
              "err": {},
              "uuid": "602c2765-b41d-46ca-b952-546cdd46cb62",
              "parentUUID": "55c3956e-6051-4e17-bf8c-69437a483d48",
              "isHook": false,
              "skipped": false
            },
            {
              "title": "TC_7. Store Admin: Inspector Assign for Direct In.",
              "fullTitle": "AST Module Regression Test Suite TC_7. Store Admin: Inspector Assign for Direct In.",
              "timedOut": null,
              "duration": 63293,
              "state": "passed",
              "speed": "slow",
              "pass": true,
              "fail": false,
              "pending": false,
              "context": null,
              "code": "cy.login(this.ast.storeAdminID, this.ast.storeAdminPassword);\ndashboardPage.getASTAvatar().click();\ncy.wait(3000);\nleftNavMenu.getDropDownMenu().contains('ইন্সপেকশন').click();\ncy.wait(1000);\nleftNavMenu.getInspectionUnassignedSubMenu().should('include.text', 'পরিদর্শক নির্ধারণ').click();\ncy.wait(3000);\nreceiveGoodsPage.getStoreNameTab().contains(this.ast.storeName).click();\ncy.wait(3000);\nreceiveGoodsPage.getCardHeader().should('include.text', 'পরিদর্শক নির্ধারণ');\ncy.ASTPagination(this.prc.Pagination); //Pagination\ncy.inspection(this.ast.DIReferenceNo); //রেফারেন্স নং\ncy.wait(3000);\nreceiveGoodsPage.getCardHeader().should('include.text', 'সরাসরি গ্রহণ');\nreceiveGoodsPage.getThirdCardHeader().should('include.text', 'ইন্সপেক্টর এসাইন করুন');\ninspectionUnassignedPage.getInspectorTypeField().should('have.attr', 'aria-label', 'পরিদর্শকের ধরণ').click();\ninspectionUnassignedPage.getDropDownItem().contains(this.ast.InspectorType).click();\ncy.wait(2000);\ninspectionUnassignedPage.getOfficeUnitField().should('have.attr', 'aria-label', 'শাখা').click();\ninspectionUnassignedPage.getDropDownItem().contains(this.ast.OfficeUnit).click();\ncy.wait(2000);\ninspectionUnassignedPage.getInspectorField().should('have.attr', 'aria-label', 'পরিদর্শক').click();\ninspectionUnassignedPage.getDropDownItem().contains(this.ast.Inspector).click();\ncy.wait(2000);\nreceiveGoodsPage.getCardFooterFourthButton().should('include.text', 'প্রেরণ').click(); //Reuse from ReceiveGoods Page \ncy.wait(2000);\nreceiveGoodsPage.getConfirmPopUpHeader().should('include.text', 'নিশ্চিত করুন');\nreceiveGoodsPage.getConfirmPopUpYesButton().should('include.text', 'হ্যাঁ').click();\ncy.wait(6000);",
              "err": {},
              "uuid": "9ecabbfb-9144-449f-a286-13fd838ae32e",
              "parentUUID": "55c3956e-6051-4e17-bf8c-69437a483d48",
              "isHook": false,
              "skipped": false
            },
            {
              "title": "TC_8. Inspector: Inspect for Direct In.",
              "fullTitle": "AST Module Regression Test Suite TC_8. Inspector: Inspect for Direct In.",
              "timedOut": null,
              "duration": 43809,
              "state": "passed",
              "speed": "slow",
              "pass": true,
              "fail": false,
              "pending": false,
              "context": null,
              "code": "cy.login(this.ast.inspectorID, this.ast.inspectorPassword); //Select office if needed\ndashboardPage.getOfficePopUpHeader().should('include.text', 'অফিস/পদ নির্বাচন করুন');\ndashboardPage.getOfficeName().contains(this.ast.inspectorOffice).click();\ncy.wait(3000);\ndashboardPage.getASTAvatar().click();\ncy.wait(3000);\nleftNavMenu.getDropDownMenu().contains('ইন্সপেকশন').click();\ncy.wait(1000);\nleftNavMenu.getInspectionAssignedSubMenu().should('include.text', 'নির্ধারিত পরিদর্শন').click();\ncy.wait(3000);\nreceiveGoodsPage.getCardHeader().should('include.text', 'নির্ধারিত পরিদর্শন');\ncy.ASTPagination(this.prc.Pagination); //Pagination\ncy.inspection(this.ast.DIReferenceNo); //রেফারেন্স নং\ncy.wait(3000);\nreceiveGoodsPage.getCardHeader().should('include.text', 'ইন্সপেকশনের ফলাফল সেট করুন');\ninspectionAssignedPage.getRemarksField().click().type(this.ast.InspectorRemarks).should('have.value', this.ast.InspectorRemarks);\ncy.wait(2000);\n/*\nconst fileName = 'TestFile.pdf';\ninspectionAssignedPage.getQCReportButton().attachFile(fileName);      //File Upload\ncy.wait(4000)\n*/\nreceiveGoodsPage.getCardFooterFourthButton().should('include.text', 'দাখিল করুন').click(); //Reuse from ReceiveGoods Page \ncy.wait(2000);\nreceiveGoodsPage.getConfirmPopUpHeader().should('include.text', 'নিশ্চিত করুন');\nreceiveGoodsPage.getConfirmPopUpYesButton().should('include.text', 'হ্যাঁ').click();\ncy.wait(6000);",
              "err": {},
              "uuid": "ed6cf8b6-bdf9-4815-8c29-e21d68b3f81a",
              "parentUUID": "55c3956e-6051-4e17-bf8c-69437a483d48",
              "isHook": false,
              "skipped": false
            },
            {
              "title": "TC_9. Store Admin: Inspection Approval for Direct In.",
              "fullTitle": "AST Module Regression Test Suite TC_9. Store Admin: Inspection Approval for Direct In.",
              "timedOut": null,
              "duration": 48774,
              "state": "passed",
              "speed": "slow",
              "pass": true,
              "fail": false,
              "pending": false,
              "context": null,
              "code": "cy.login(this.ast.storeAdminID, this.ast.storeAdminPassword); //Select office code here if the user have multiple office \ndashboardPage.getASTAvatar().click();\ncy.wait(3000);\nleftNavMenu.getDropDownMenu().contains('অনুমোদন অপেক্ষমান').click();\ncy.wait(1000);\nleftNavMenu.getInspectedSubMenu().should('include.text', 'পরিদর্শনকৃত').click();\ncy.wait(3000);\nreceiveGoodsPage.getStoreNameTab().contains(this.ast.storeName).click();\ncy.wait(2000);\nreceiveGoodsPage.getCardHeader().should('include.text', 'পরিদর্শনকৃত');\ncy.ASTPagination(this.prc.Pagination); //Pagination\ncy.inspection(this.ast.DIReferenceNo); //রেফারেন্স নং\ncy.wait(3000);\nreceiveGoodsPage.getCardHeader().should('include.text', 'প্রাপ্তিযোগ্য পরিমাণগুলি সেট করুন');\ninspectedPage.getCardFooterFourthButton().should('include.text', 'অনুমোদন করুন').click(); //Reuse from ReceiveGoods Page \ncy.wait(2000);\nreceiveGoodsPage.getConfirmPopUpHeader().should('include.text', 'নিশ্চিত করুন');\nreceiveGoodsPage.getConfirmPopUpYesButton().should('include.text', 'হ্যাঁ').click();\ncy.wait(6000);",
              "err": {},
              "uuid": "154a2e86-e60c-495a-a6df-ecda4e388c0c",
              "parentUUID": "55c3956e-6051-4e17-bf8c-69437a483d48",
              "isHook": false,
              "skipped": false
            },
            {
              "title": "TC_10. Store Keeper: Asset Tagging (Direct In Asset).",
              "fullTitle": "AST Module Regression Test Suite TC_10. Store Keeper: Asset Tagging (Direct In Asset).",
              "timedOut": null,
              "duration": 70986,
              "state": "passed",
              "speed": "slow",
              "pass": true,
              "fail": false,
              "pending": false,
              "context": null,
              "code": "var _this4 = this;\ncy.login(this.ast.storeKeeperID, this.ast.storeKeeperPassword);\ndashboardPage.getASTAvatar().click();\ncy.wait(3000);\nleftNavMenu.getDropDownMenu().contains('স্টোর কিপিং').click();\ncy.wait(1000);\nleftNavMenu.getAssetTaggingSubMenu().should('include.text', 'সম্পদ ট্যাগিং').click();\ncy.wait(3000);\nreceiveGoodsPage.getStoreNameTab().contains(this.ast.storeName).click(); //Select Store\ncy.wait(3000);\nreceiveGoodsPage.getCardHeader().should('include.text', 'ট্যাগিংয়ের জন্য সম্পদের তালিকা');\ncy.ASTPagination(this.prc.Pagination); //Pagination\nreceiveGoodsPage.getCardRows().each(function ($el, index, $list) //Select the desired রেফারেন্স নং\n{\n  var textChalanNo = $el.find('td.e-rowcell[aria-label]').text();\n  if (textChalanNo.includes(_this4.ast.DIReferenceNo)) {\n    $el.find('td button mat-icon').click();\n  }\n});\ncy.wait(3000);\nreceiveGoodsPage.getCardHeader().should('include.text', 'সম্পদ ট্যাগ');\nreceiveGoodsPage.getSecondCardHeader().should('include.text', 'পণ্যসমূহ');\nassetTaggingPage.getSetTagsButton().click(); //Set Tag Button\ncy.wait(3000);\nassetTaggingPage.getTagInputField().clear().type(this.ast.DIassetTagNo).should('have.value', this.ast.DIassetTagNo);\ncy.wait(2000);\nassetTaggingPage.getBookValueInputField().click().type(this.ast.DIassetBookValue).should('have.value', this.ast.DIassetBookValue);\ncy.wait(2000);\nassetTaggingPage.getLifeTimeInputField().type(this.ast.assetLifeTime).should('have.value', this.ast.assetLifeTime);\ncy.wait(1000);\nassetTaggingPage.getRoomNumberInputField().type(this.ast.assetRoomNumber).should('have.value', this.ast.assetRoomNumber);\ncy.wait(2000);\nassetTaggingPage.getLifeTimeInputField().click();\ncy.wait(1000);\nassetTaggingPage.getTagSaveButton().should('include.text', 'দাখিল করুন').click(); //re-use from Asset Tagging Page\ncy.wait(2000);\nreceiveGoodsPage.getConfirmPopUpHeader().should('include.text', 'নিশ্চিত করুন');\nreceiveGoodsPage.getConfirmPopUpYesButton().should('include.text', 'হ্যাঁ').click();\ncy.wait(6000);",
              "err": {},
              "uuid": "3c39ff28-01be-44d6-b2fd-9f9f96910bf9",
              "parentUUID": "55c3956e-6051-4e17-bf8c-69437a483d48",
              "isHook": false,
              "skipped": false
            },
            {
              "title": "TC_11. Store Keeper: Direct Out Request and Send for Approval.",
              "fullTitle": "AST Module Regression Test Suite TC_11. Store Keeper: Direct Out Request and Send for Approval.",
              "timedOut": null,
              "duration": 57698,
              "state": "passed",
              "speed": "slow",
              "pass": true,
              "fail": false,
              "pending": false,
              "context": null,
              "code": "cy.login(this.ast.storeKeeperID, this.ast.storeKeeperPassword);\ndashboardPage.getASTAvatar().click();\ncy.wait(3000);\nleftNavMenu.getDropDownMenu().contains('স্টোর কিপিং').click();\ncy.wait(1000);\nleftNavMenu.getDirectOutSubMenu().should('include.text', 'সরাসরি প্রদান').click();\ncy.wait(3000);\nreceiveGoodsPage.getStoreNameTab().contains(this.ast.storeName).click(); //Select Store\ncy.wait(3000);\nreceiveGoodsPage.getCardHeader().should('include.text', 'বিদ্যমান অনুরোধসমূহ'); //cy.ASTPagination(this.prc.Pagination) //Pagination\ndirectInPage.getAddButtonFirstStore().click();\ncy.wait(3000);\ndirectOutPage.getPostOfficeTypeField().should('have.attr', 'aria-label', 'ধরণ').click();\ninspectionUnassignedPage.getDropDownItem().contains(this.ast.DOOfficePostType).click();\ncy.wait(2000);\ndirectOutPage.getOfficeUniteField().should('have.attr', 'aria-label', 'শাখা').click();\ncy.wait(1000);\ninspectionUnassignedPage.getDropDownItem().contains(this.ast.OfficeUnit).click();\ncy.wait(2000);\ndirectOutPage.getPostField().should('have.attr', 'aria-label', 'পদবি').click();\ninspectionUnassignedPage.getDropDownItem().contains(this.ast.DOPostPerson).click();\ncy.wait(2000); //New Tag search pop-up code will added here\ndirectOutPage.getTagInputField().should('have.attr', 'placeholder', 'ট্যাগ দিন').click().type(this.ast.DIassetTagNo).should('have.value', this.ast.DIassetTagNo);\ncy.wait(2000);\ndirectOutPage.getAddItemButton().should('include.text', 'পণ্য যোগ করুন').click(); //Re-use from Receive Goods Page\ncy.wait(3000);\ndirectOutPage.getSendForApprovalButton().should('include.text', 'অনুমোদনের জন্য প্রেরণ').click(); //Re-use from Receive Goods Page\ncy.wait(2000);\nreceiveGoodsPage.getConfirmPopUpHeader().should('include.text', 'নিশ্চিত করুন');\nreceiveGoodsPage.getConfirmPopUpYesButton().should('include.text', 'হ্যাঁ').click();\ncy.wait(6000);",
              "err": {},
              "uuid": "9ea4cc2e-f566-4675-bf8b-0e4aff925583",
              "parentUUID": "55c3956e-6051-4e17-bf8c-69437a483d48",
              "isHook": false,
              "skipped": false
            },
            {
              "title": "TC_12. Store Admin: Approves Direct Out with Proper Comments.",
              "fullTitle": "AST Module Regression Test Suite TC_12. Store Admin: Approves Direct Out with Proper Comments.",
              "timedOut": null,
              "duration": 56849,
              "state": "passed",
              "speed": "slow",
              "pass": true,
              "fail": false,
              "pending": false,
              "context": null,
              "code": "cy.login(this.ast.storeAdminID, this.ast.storeAdminPassword); //Select office code here if the user have multiple office \ndashboardPage.getASTAvatar().click();\ncy.wait(3000);\nleftNavMenu.getDropDownMenu().contains('অনুমোদন অপেক্ষমান').click();\ncy.wait(1000);\nleftNavMenu.getDirectOutSubMenuOfPendingApproval().should('include.text', 'সরাসরি প্রদান').click();\ncy.wait(3000);\nreceiveGoodsPage.getCardHeader().should('include.text', 'তালিকা');\ncy.ASTPagination(this.prc.Pagination); //Pagination\ncy.inspection(this.ast.DOPostPerson); //Direct Out user Post\ncy.wait(3000);\ndirectOutPage.getDirectOutDetailsPageHeader().should('include.text', 'সরাসরি প্রদান বিস্তারিত');\ndirectOutPage.getDORemarksInputField().click().type(this.ast.ApprovalRemarks).should('have.value', this.ast.ApprovalRemarks);\ncy.wait(2000);\ninspectedPage.getCardFooterFourthButton().should('include.text', 'অনুমোদন করুন').click(); //Reuse from ReceiveGoods Page \ncy.wait(2000);\nreceiveGoodsPage.getConfirmPopUpHeader().should('include.text', 'নিশ্চিত করুন');\nreceiveGoodsPage.getConfirmPopUpYesButton().should('include.text', 'হ্যাঁ').click();\ncy.wait(6000);",
              "err": {},
              "uuid": "16ce8a88-ac9f-4d68-b830-8105c3819583",
              "parentUUID": "55c3956e-6051-4e17-bf8c-69437a483d48",
              "isHook": false,
              "skipped": false
            },
            {
              "title": "TC_13. AST User: Verify the User get the Item by Direct Out.",
              "fullTitle": "AST Module Regression Test Suite TC_13. AST User: Verify the User get the Item by Direct Out.",
              "timedOut": null,
              "duration": 26291,
              "state": "passed",
              "speed": "slow",
              "pass": true,
              "fail": false,
              "pending": false,
              "context": null,
              "code": "var _this5 = this;\ncy.login(this.ast.officeAdminID, this.ast.officeAdminPassword); //Select office code here if the user have multiple office \ndashboardPage.getASTAvatar().click();\ncy.wait(3000);\nleftNavMenu.getMyAssetMenu().should('include.text', 'আমার অধিকৃত সম্পদসমূহ').click();\ncy.wait(3000);\nreceiveGoodsPage.getCardHeader().should('include.text', 'আমার অধিকৃত সম্পদসমূহ');\ncy.ASTPagination(this.prc.Pagination); //Pagination\nreceiveGoodsPage.getCardRows().each(function ($el, index, $list) //Select the desired Tag No\n{\n  var textAssetTagNo = $el.find('td.e-rowcell[aria-label]').text();\n  if (textAssetTagNo.includes(_this5.ast.DIassetTagNo)) {\n    var tagText = $el.find('td.e-rowcell[aria-label]').text();\n    expect(tagText.includes(_this5.ast.DIassetTagNo)).to.be[\"true\"];\n  }\n});\ncy.wait(2000);",
              "err": {},
              "uuid": "5e22097a-e11c-461a-9d74-3a6f2838f339",
              "parentUUID": "55c3956e-6051-4e17-bf8c-69437a483d48",
              "isHook": false,
              "skipped": false
            },
            {
              "title": "TC_14. Asset user: Add Items for (Self) Requisition.",
              "fullTitle": "AST Module Regression Test Suite TC_14. Asset user: Add Items for (Self) Requisition.",
              "timedOut": null,
              "duration": 62711,
              "state": "passed",
              "speed": "slow",
              "pass": true,
              "fail": false,
              "pending": false,
              "context": null,
              "code": "var _this6 = this;\ncy.login(this.ast.officeAdminID, this.ast.officeAdminPassword); //Select office code here if the user have multiple office \ndashboardPage.getASTAvatar().click();\ncy.wait(3000);\nleftNavMenu.getRequisitionMenu().should('include.text', 'চাহিদা পত্র').click();\ncy.wait(3000);\nreceiveGoodsPage.getCardHeader().should('include.text', 'চাহিদা পত্র');\ndirectInPage.getAddButtonFirstStore().click(); // Re-use from Direct In Page (চাহিদা পত্র plus button)\ncy.wait(3000);\nreceiveGoodsPage.getCardHeader().should('include.text', 'চাহিদাপত্র তৈরি করুন');\nrequisitionPage.getReferenceNoField().should('have.attr', 'placeholder', 'রেফারেন্স নং').clear().type(this.ast.requisitionReferenceNo).should('have.value', this.ast.requisitionReferenceNo);\ncy.wait(2000);\nrequisitionPage.getJustificationField().should('have.value', 'দাপ্তরিক কাজে ব্যবহারের জন্য');\nrequisitionPage.getPurposeField().should('have.attr', 'aria-label', 'উদ্দেশ্য').click();\ninspectionUnassignedPage.getDropDownItem().contains(this.ast.requisitionPurpose).click();\ncy.wait(2000);\nrequisitionPage.getItemsButton().should('include.text', 'পণ্যসমূহ').click();\ncy.wait(3000);\nrequisitionPage.getItemsCategoryField().should('have.attr', 'aria-label', 'ক্যাটাগরি').click();\ninspectionUnassignedPage.getDropDownItem().contains(this.ast.ItemCategory).click();\ncy.wait(2000);\nrequisitionPage.getItemsSearchField().should('have.attr', 'placeholder', 'অনুসন্ধান করুন').type(this.ast.ItemGroup).type('{enter}');\ncy.wait(2000);\nreceiveGoodsPage.getCardRows().each(function ($el, index, $list) //Select the desired পণ্যের নাম\n{\n  var textItemGroup = $el.find('td.e-rowcell[aria-label]').text();\n  if (textItemGroup.includes(_this6.ast.ItemGroup)) {\n    $el.find('td button mat-icon:eq(1)').click();\n  }\n});\ncy.wait(3000);\ndirectInPage.getItemFeaturesHeader().should('include.text', 'বৈশিষ্ট্য');\ndirectInPage.getItemsDropDownField().click();\ninspectionUnassignedPage.getDropDownItem().contains(this.ast.ItemName).first().click();\ncy.wait(2000);\ndirectInPage.getAddFeaturesButton().should('include.text', 'বৈশিষ্ট্য যোগ করুন').click();\ncy.wait(3000);\nrequisitionPage.getQuantityInputBox().clear().type(this.ast.requisitionQuantity).should('have.value', this.ast.requisitionQuantity);\ncy.wait(1500);\ndirectInPage.getAddItemButton().click(); //Plus icon for add items\ncy.wait(2500);\ninspectedPage.getCardFooterFourthButton().should('include.text', 'প্রেরণ').click(); //Reuse from ReceiveGoods Page \ncy.wait(2000);\nreceiveGoodsPage.getConfirmPopUpHeader().should('include.text', 'নিশ্চিত করুন');\nreceiveGoodsPage.getConfirmPopUpYesButton().should('include.text', 'হ্যাঁ').click();\ncy.wait(6000);",
              "err": {},
              "uuid": "f6cbd06b-09e1-46aa-b88e-2781fe5ccd78",
              "parentUUID": "55c3956e-6051-4e17-bf8c-69437a483d48",
              "isHook": false,
              "skipped": false
            },
            {
              "title": "TC_15. Store Admin: Requisition Approval of Asset User(Self) Requisition.",
              "fullTitle": "AST Module Regression Test Suite TC_15. Store Admin: Requisition Approval of Asset User(Self) Requisition.",
              "timedOut": null,
              "duration": 138597,
              "state": "passed",
              "speed": "slow",
              "pass": true,
              "fail": false,
              "pending": false,
              "context": null,
              "code": "var _this7 = this;\ncy.login(this.ast.storeAdminID, this.ast.storeAdminPassword); //Select office code here if the user have multiple office \ndashboardPage.getASTAvatar().click();\ncy.wait(3000);\nleftNavMenu.getDropDownMenu().contains('অনুমোদন অপেক্ষমান').click();\ncy.wait(1000);\nleftNavMenu.getRequisitionSubMenuOfPendingApproval().should('include.text', 'চাহিদা পত্র').click();\ncy.wait(3500);\nreceiveGoodsPage.getCardHeader().should('include.text', 'চাহিদা পত্র');\ncy.ASTPagination(this.prc.Pagination); //Pagination\ncy.inspection(this.ast.requisitionReferenceNo); //Select রেফারেন্স নং\ncy.wait(3000);\nreceiveGoodsPage.getCardHeader().should('include.text', 'চাহিদা পত্র অনুমোদন');\nreceiveGoodsPage.getCardRows().each(function ($el, index, $list) //Select the desired পণ্যের Group\n{\n  var textItemGroup = $el.find('td.e-rowcell[aria-label]').text();\n  if (textItemGroup.includes(_this7.ast.ItemGroup)) {\n    $el.find('td button mat-icon:eq(0)').first().click();\n  }\n});\ncy.wait(4000);\nrequisitionPage.getUncheckDefaultItem().click({\n  force: true\n});\ncy.wait(500);\nrequisitionPage.getUncheckDefaultItem2().click({\n  force: true\n});\ncy.wait(500);\nrequisitionPage.getUncheckDefaultItem3().click({\n  force: true\n});\ncy.wait(500);\nrequisitionPage.getUncheckDefaultItem4().click({\n  force: true\n});\ncy.wait(500);\nrequisitionPage.getUncheckDefaultItem5().click({\n  force: true\n});\ncy.wait(500);\nrequisitionPage.getUncheckDefaultItem6().click({\n  force: true\n});\ncy.wait(500);\nrequisitionPage.getUncheckDefaultItem7().click({\n  force: true\n});\ncy.wait(500);\nrequisitionPage.getUncheckDefaultItem8().click({\n  force: true\n});\ncy.wait(500);\nrequisitionPage.getUncheckDefaultItem9().click({\n  force: true\n});\ncy.wait(500); //requisitionPage.getUncheckDefaultItem10().click({ force: true })\ncy.wait(2000);\ncy.selectItems(this.ast.assetTagNo);\ncy.wait(1000);\ncy.selectItems(this.ast.assetTagNo2);\ncy.wait(1000);\ncy.selectItems(this.ast.assetTagNo3);\ncy.wait(1000);\ncy.selectItems(this.ast.assetTagNo4);\ncy.wait(1000);\ncy.selectItems(this.ast.assetTagNo5);\ncy.wait(1000);\ncy.selectItems(this.ast.assetTagNo6);\ncy.wait(1000);\ncy.selectItems(this.ast.assetTagNo7);\ncy.wait(1000);\ncy.selectItems(this.ast.assetTagNo8);\ncy.wait(1000);\ncy.selectItems(this.ast.assetTagNo9);\ncy.wait(2000); //cy.selectItems(this.ast.assetTagNo10)\n//cy.wait(2000)\nrequisitionPage.getAddAssetButton().should('include.text', 'সম্পদ যোগ করুন').click();\ncy.wait(2000);\nrequisitionPage.getRemarkField().click().type(this.ast.ApprovalRemarks).should('have.value', this.ast.ApprovalRemarks);\ncy.wait(2000);\nrequisitionPage.getAddAssetButton().should('include.text', 'অনুমোদন করুন').click();\ncy.wait(2000);\nrequisitionPage.getConfirmPopupHeader().should('include.text', 'নিশ্চিত করুন');\nrequisitionPage.getCardFooterYesButton().should('include.text', 'হ্যাঁ').click();\ncy.wait(2000);\nrequisitionPage.getConfirmPopupHeader().should('include.text', 'অনুরোধ নিশ্চিতকরণ');\nrequisitionPage.getRemarksFieldOnConfirmCard().click().type(this.ast.ApprovalRemarks);\ncy.wait(2000);\nrequisitionPage.getCardFooterYesButton().should('include.text', 'সংরক্ষণ করুন').click();\ncy.wait(6000);",
              "err": {},
              "uuid": "be0bf9c7-bd2a-49fc-9c8d-65bffc2ae1a5",
              "parentUUID": "55c3956e-6051-4e17-bf8c-69437a483d48",
              "isHook": false,
              "skipped": false
            },
            {
              "title": "TC_16. Store Keeper: Issue Requisition Items for Asset User(Self) Requisition.",
              "fullTitle": "AST Module Regression Test Suite TC_16. Store Keeper: Issue Requisition Items for Asset User(Self) Requisition.",
              "timedOut": null,
              "duration": 45411,
              "state": "passed",
              "speed": "slow",
              "pass": true,
              "fail": false,
              "pending": false,
              "context": null,
              "code": "cy.login(this.ast.storeKeeperID, this.ast.storeKeeperPassword); //Select office code here if the user have multiple office \ndashboardPage.getASTAvatar().click();\ncy.wait(3000);\nleftNavMenu.getDropDownMenu().contains('স্টোর কিপিং').click();\ncy.wait(1000);\nleftNavMenu.getIssueLisrSubMenu().should('include.text', 'ইস্যু').click();\ncy.wait(3500);\nreceiveGoodsPage.getStoreNameTab().contains(this.ast.storeName).click();\ncy.wait(3000);\nreceiveGoodsPage.getCardHeader().should('include.text', 'ইস্যু তালিকা');\ncy.ASTPagination(this.prc.Pagination); //Pagination\ncy.inspection(this.ast.requisitionReferenceNo); //Select রেফারেন্স নং\ncy.wait(3000);\nreceiveGoodsPage.getCardHeader().should('include.text', 'ইস্যু');\nreceiveGoodsPage.getCardFooterFourthButton().should('include.text', 'দাখিল করুন').click();\ncy.wait(2000);\nreceiveGoodsPage.getConfirmPopUpHeader().should('include.text', 'নিশ্চিত করুন');\nreceiveGoodsPage.getConfirmPopUpYesButton().should('include.text', 'হ্যাঁ').click();\ncy.wait(6000);",
              "err": {},
              "uuid": "50e8ba3e-b6cc-4a5c-a732-c9eb92b8dacb",
              "parentUUID": "55c3956e-6051-4e17-bf8c-69437a483d48",
              "isHook": false,
              "skipped": false
            },
            {
              "title": "TC_17. AST User: Verify the User get the Item by Self Requisition.",
              "fullTitle": "AST Module Regression Test Suite TC_17. AST User: Verify the User get the Item by Self Requisition.",
              "timedOut": null,
              "duration": 25096,
              "state": "passed",
              "speed": "slow",
              "pass": true,
              "fail": false,
              "pending": false,
              "context": null,
              "code": "var _this8 = this;\ncy.login(this.ast.officeAdminID, this.ast.officeAdminPassword); //Select office code here if the user have multiple office \ndashboardPage.getASTAvatar().click();\ncy.wait(3000);\nleftNavMenu.getMyAssetMenu().should('include.text', 'আমার অধিকৃত সম্পদসমূহ').click();\ncy.wait(3000);\nreceiveGoodsPage.getCardHeader().should('include.text', 'আমার অধিকৃত সম্পদসমূহ');\ncy.ASTPagination(this.prc.Pagination); //Pagination\nreceiveGoodsPage.getCardRows().each(function ($el, index, $list) //Select the desired Tag No\n{\n  var textAssetTagNo = $el.find('td.e-rowcell[aria-label]').text();\n  if (textAssetTagNo.includes(_this8.ast.assetTagNo)) {\n    var tagText = $el.find('td.e-rowcell[aria-label]').text();\n    expect(tagText.includes(_this8.ast.assetTagNo)).to.be[\"true\"];\n  }\n});\ncy.wait(2000);",
              "err": {},
              "uuid": "d071cb37-2ef5-499e-9662-e3eaaa2d02d9",
              "parentUUID": "55c3956e-6051-4e17-bf8c-69437a483d48",
              "isHook": false,
              "skipped": false
            },
            {
              "title": "TC_18. Store Admin: Give Asset Return Request with Items (Request Return).",
              "fullTitle": "AST Module Regression Test Suite TC_18. Store Admin: Give Asset Return Request with Items (Request Return).",
              "timedOut": null,
              "duration": 76052,
              "state": "passed",
              "speed": "slow",
              "pass": true,
              "fail": false,
              "pending": false,
              "context": null,
              "code": "cy.login(this.ast.storeAdminID, this.ast.storeAdminPassword); //Select office code here if the user have multiple office \ndashboardPage.getASTAvatar().click();\ncy.wait(3000);\nleftNavMenu.getDropDownMenu().contains('ফেরৎ গ্রহণ').click();\ncy.wait(1000);\nleftNavMenu.getRequestReturnSubMenu().should('include.text', 'ফেরৎ অনুরোধ').click();\ncy.wait(3000);\nreceiveGoodsPage.getStoreNameTab().contains(this.ast.storeName).click(); //Select Store\ncy.wait(3000);\nreceiveGoodsPage.getCardHeader().should('include.text', 'ফেরতের জন্য অনুরোধের তালিকা');\ndirectInPage.getAddButtonFirstStore().click(); //Plus button\ncy.wait(2000);\nreceiveGoodsPage.getCardHeader().should('include.text', 'পোস্ট / অফিস ইউনিট নির্বাচন করুন');\ndirectOutPage.getPostOfficeTypeField().should('have.attr', 'aria-label', 'ধরণ').click();\ninspectionUnassignedPage.getDropDownItem().contains(this.ast.DOOfficePostType).click();\ncy.wait(2000);\ndirectOutPage.getOfficeUniteField().should('have.attr', 'aria-label', 'শাখা').click();\ncy.wait(1000);\ninspectionUnassignedPage.getDropDownItem().contains(this.ast.OfficeUnit).click();\ncy.wait(3000);\ndirectOutPage.getPostField().should('have.attr', 'aria-label', 'পদবি').click();\ninspectionUnassignedPage.getDropDownItem().contains(this.ast.DOPostPerson).click();\ncy.wait(2000);\ncy.selectItems(this.ast.assetTagNo);\ncy.wait(2000);\nrequestReturnPage.getCarrierField().should('have.attr', 'aria-label', 'বাহক').click();\ninspectionUnassignedPage.getDropDownItem().contains(this.ast.CarrierName).click();\ncy.wait(2000);\nreceiveGoodsPage.getCalendarIcon().click(); //Approximate Date\ncy.calendar(this.ast.chalanYear, this.ast.chalanMonth, this.ast.chalanDay);\nrequestReturnPage.getApproverField().should('have.attr', 'aria-label', 'অনুমোদনকারী').click();\ninspectionUnassignedPage.getDropDownItem().contains(this.ast.ApproverName).click();\ncy.wait(2000);\nrequestReturnPage.getCardFooterThirdButton().should('include.text', 'অনুমোদনের জন্য প্রেরণ').click(); //Reuse from ReceiveGoods Page \ncy.wait(2000);\nreceiveGoodsPage.getConfirmPopUpHeader().should('include.text', 'নিশ্চিত করুন');\nreceiveGoodsPage.getConfirmPopUpYesButton().should('include.text', 'হ্যাঁ').click();\ncy.wait(6000);",
              "err": {},
              "uuid": "98250898-6212-4132-b345-65fe8e8f86a3",
              "parentUUID": "55c3956e-6051-4e17-bf8c-69437a483d48",
              "isHook": false,
              "skipped": false
            },
            {
              "title": "TC_19. Store Admin: Approved the Asset Return (Request Return)",
              "fullTitle": "AST Module Regression Test Suite TC_19. Store Admin: Approved the Asset Return (Request Return)",
              "timedOut": null,
              "duration": 43227,
              "state": "passed",
              "speed": "slow",
              "pass": true,
              "fail": false,
              "pending": false,
              "context": null,
              "code": "cy.login(this.ast.storeAdminID, this.ast.storeAdminPassword); //Select office code here if the user have multiple office \ndashboardPage.getASTAvatar().click();\ncy.wait(3000);\nleftNavMenu.getDropDownMenu().contains('অনুমোদন অপেক্ষমান').click();\ncy.wait(1000);\nleftNavMenu.getRequestApprovalSubMenu().should('include.text', 'ফেরৎ অনুরোধ').click();\ncy.wait(3000);\nreceiveGoodsPage.getCardHeader().should('include.text', 'অনুরোধসমূহের তালিকা');\ncy.ASTPagination(this.prc.Pagination); //Pagination\ncy.inspection(this.ast.DOPostPerson); //ফেরতদাতা\ncy.wait(3000);\nreceiveGoodsPage.getCardHeader().should('include.text', 'সম্পদ ফেরৎ');\nrequestReturnPage.getApproveButton().should('include.text', 'অনুমোদন করুন').click(); //Reuse from ReceiveGoods Page \ncy.wait(1000);\nreceiveGoodsPage.getConfirmPopUpHeader().should('include.text', 'নিশ্চিত করুন');\nreceiveGoodsPage.getConfirmPopUpYesButton().should('include.text', 'হ্যাঁ').click();\ncy.wait(6000);",
              "err": {},
              "uuid": "56a78727-b831-4cdc-825c-f019298f2fb1",
              "parentUUID": "55c3956e-6051-4e17-bf8c-69437a483d48",
              "isHook": false,
              "skipped": false
            },
            {
              "title": "TC_20. Store Keeper: Receive that Asset Return (Request Return) which was Requested by the Store Admin.",
              "fullTitle": "AST Module Regression Test Suite TC_20. Store Keeper: Receive that Asset Return (Request Return) which was Requested by the Store Admin.",
              "timedOut": null,
              "duration": 42366,
              "state": "passed",
              "speed": "slow",
              "pass": true,
              "fail": false,
              "pending": false,
              "context": null,
              "code": "cy.login(this.ast.storeKeeperID, this.ast.storeKeeperPassword); //Select office code here if the user have multiple office \ndashboardPage.getASTAvatar().click();\ncy.wait(3000);\nleftNavMenu.getDropDownMenu().contains('ফেরৎ গ্রহণ').click();\ncy.wait(1000);\nleftNavMenu.getRequestReceiveSubMenu().should('include.text', 'ফেরত গ্রহণ').click();\ncy.wait(3000);\nreceiveGoodsPage.getStoreNameTab().contains(this.ast.storeName).click();\ncy.wait(3000);\nreceiveGoodsPage.getCardHeader().should('include.text', 'ফেরৎকৃত পণ্যের গ্রহণের তালিকা');\ncy.ASTPagination(this.prc.Pagination); //Pagination\ncy.inspection(this.ast.DOPostPerson); //ফেরতদাতা \ncy.wait(3000);\nreceiveGoodsPage.getCardHeader().should('include.text', 'সম্পদ ফেরৎ');\nrequestReturnPage.getReciveButton().should('include.text', 'গ্রহণ').click(); //Reuse from ReceiveGoods Page \ncy.wait(1000);\nreceiveGoodsPage.getConfirmPopUpHeader().should('include.text', 'নিশ্চিত করুন');\nreceiveGoodsPage.getConfirmPopUpYesButton().should('include.text', 'হ্যাঁ').click();\ncy.wait(6000);",
              "err": {},
              "uuid": "e849225b-6729-47e8-97c8-3b85dc33946a",
              "parentUUID": "55c3956e-6051-4e17-bf8c-69437a483d48",
              "isHook": false,
              "skipped": false
            },
            {
              "title": "TC_21. Store Admin: Inspector Assign for Asset Return (Request Return).",
              "fullTitle": "AST Module Regression Test Suite TC_21. Store Admin: Inspector Assign for Asset Return (Request Return).",
              "timedOut": null,
              "duration": 52780,
              "state": "passed",
              "speed": "slow",
              "pass": true,
              "fail": false,
              "pending": false,
              "context": null,
              "code": "cy.login(this.ast.storeAdminID, this.ast.storeAdminPassword);\ndashboardPage.getASTAvatar().click();\ncy.wait(3000);\nleftNavMenu.getDropDownMenu().contains('ইন্সপেকশন').click();\ncy.wait(1000);\nleftNavMenu.getInspectionUnassignedSubMenu().should('include.text', 'পরিদর্শক নির্ধারণ').click();\ncy.wait(3000);\nreceiveGoodsPage.getStoreNameTab().contains(this.ast.storeName).click();\ncy.wait(3000);\nreceiveGoodsPage.getCardHeader().should('include.text', 'পরিদর্শক নির্ধারণ');\ncy.inspection(this.ast.ARPost); // Post পদবি\ncy.wait(3000);\nreceiveGoodsPage.getCardHeader().should('include.text', 'সম্পদ ফেরৎ');\nreceiveGoodsPage.getThirdCardHeader().should('include.text', 'ইন্সপেক্টর এসাইন করুন');\ninspectionUnassignedPage.getInspectorTypeField().should('have.attr', 'aria-label', 'পরিদর্শকের ধরণ').click();\ninspectionUnassignedPage.getDropDownItem().contains(this.ast.InspectorType).click();\ncy.wait(2000);\ninspectionUnassignedPage.getOfficeUnitField().should('have.attr', 'aria-label', 'শাখা').click();\ncy.wait(1000);\ninspectionUnassignedPage.getDropDownItem().contains(this.ast.OfficeUnit).click();\ncy.wait(2000);\ninspectionUnassignedPage.getInspectorField().should('have.attr', 'aria-label', 'পরিদর্শক').click();\ninspectionUnassignedPage.getDropDownItem().contains(this.ast.Inspector).click();\ncy.wait(2000);\nreceiveGoodsPage.getCardFooterFourthButton().should('include.text', 'প্রেরণ').click(); //Reuse from ReceiveGoods Page \ncy.wait(2000);\nreceiveGoodsPage.getConfirmPopUpHeader().should('include.text', 'নিশ্চিত করুন');\nreceiveGoodsPage.getConfirmPopUpYesButton().should('include.text', 'হ্যাঁ').click();\ncy.wait(6000);",
              "err": {},
              "uuid": "3e7ad36a-89d2-443d-81e4-fe597ea8654e",
              "parentUUID": "55c3956e-6051-4e17-bf8c-69437a483d48",
              "isHook": false,
              "skipped": false
            },
            {
              "title": "TC_22. Inspector: Inspect for Asset Return (Request Return).",
              "fullTitle": "AST Module Regression Test Suite TC_22. Inspector: Inspect for Asset Return (Request Return).",
              "timedOut": null,
              "duration": 42906,
              "state": "passed",
              "speed": "slow",
              "pass": true,
              "fail": false,
              "pending": false,
              "context": null,
              "code": "cy.login(this.ast.inspectorID, this.ast.inspectorPassword); //Select office if needed\ndashboardPage.getOfficePopUpHeader().should('include.text', 'অফিস/পদ নির্বাচন করুন');\ndashboardPage.getOfficeName().contains(this.ast.inspectorOffice).click();\ncy.wait(3000);\ndashboardPage.getASTAvatar().click();\ncy.wait(3000);\nleftNavMenu.getDropDownMenu().contains('ইন্সপেকশন').click();\ncy.wait(1000);\nleftNavMenu.getInspectionAssignedSubMenu().should('include.text', 'নির্ধারিত পরিদর্শন').click();\ncy.wait(3000);\nreceiveGoodsPage.getCardHeader().should('include.text', 'নির্ধারিত পরিদর্শন');\ncy.ASTPagination(this.prc.Pagination); //Pagination\ncy.inspection(this.ast.ARPost); //Post / পদবি\ncy.wait(3000);\nreceiveGoodsPage.getCardHeader().should('include.text', 'ইন্সপেকশনের ফলাফল সেট করুন');\ninspectionAssignedPage.getRemarksField().click().type(this.ast.InspectorRemarks).should('have.value', this.ast.InspectorRemarks);\ncy.wait(2000);\nreceiveGoodsPage.getCardFooterFourthButton().should('include.text', 'দাখিল করুন').click(); //Reuse from ReceiveGoods Page \ncy.wait(2000);\nreceiveGoodsPage.getConfirmPopUpHeader().should('include.text', 'নিশ্চিত করুন');\nreceiveGoodsPage.getConfirmPopUpYesButton().should('include.text', 'হ্যাঁ').click();\ncy.wait(6000);",
              "err": {},
              "uuid": "946ee141-395c-475b-9757-c25a719cb598",
              "parentUUID": "55c3956e-6051-4e17-bf8c-69437a483d48",
              "isHook": false,
              "skipped": false
            },
            {
              "title": "TC_23. Store Admin: Inspection Approval for Asset Return (Request Return).",
              "fullTitle": "AST Module Regression Test Suite TC_23. Store Admin: Inspection Approval for Asset Return (Request Return).",
              "timedOut": null,
              "duration": 45322,
              "state": "passed",
              "speed": "slow",
              "pass": true,
              "fail": false,
              "pending": false,
              "context": null,
              "code": "cy.login(this.ast.storeAdminID, this.ast.storeAdminPassword); //Select office code here if the user have multiple office \ndashboardPage.getASTAvatar().click();\ncy.wait(3000);\nleftNavMenu.getDropDownMenu().contains('অনুমোদন অপেক্ষমান').click();\ncy.wait(1000);\nleftNavMenu.getInspectedSubMenu().should('include.text', 'পরিদর্শনকৃত').click();\ncy.wait(3000);\nreceiveGoodsPage.getStoreNameTab().contains(this.ast.storeName).click();\ncy.wait(2000);\nreceiveGoodsPage.getCardHeader().should('include.text', 'পরিদর্শনকৃত');\ncy.ASTPagination(this.prc.Pagination); //Pagination\ncy.inspection(this.ast.ARPost); // Post / পদবি\ncy.wait(3000);\nreceiveGoodsPage.getCardHeader().should('include.text', 'প্রাপ্তিযোগ্য পরিমাণগুলি সেট করুন');\ninspectedPage.getCardFooterFourthButton().should('include.text', 'অনুমোদন করুন').click(); //Reuse from ReceiveGoods Page \ncy.wait(6000);",
              "err": {},
              "uuid": "6e869233-881b-4105-a3b5-a4ede588a7a7",
              "parentUUID": "55c3956e-6051-4e17-bf8c-69437a483d48",
              "isHook": false,
              "skipped": false
            },
            {
              "title": "TC_24. Store Keeper: Verify the Item back to the Store after Asset Return (Request Return).",
              "fullTitle": "AST Module Regression Test Suite TC_24. Store Keeper: Verify the Item back to the Store after Asset Return (Request Return).",
              "timedOut": null,
              "duration": 34549,
              "state": "passed",
              "speed": "slow",
              "pass": true,
              "fail": false,
              "pending": false,
              "context": null,
              "code": "var _this9 = this;\ncy.login(this.ast.storeKeeperID, this.ast.storeKeeperPassword); //Select office code here if the user have multiple office \ndashboardPage.getASTAvatar().click();\ncy.wait(3000);\nleftNavMenu.getDropDownMenu().contains('রক্ষণাবেক্ষণ').click();\ncy.wait(1000);\nleftNavMenu.getRequestSubMenuOfMaintenance().should('include.text', 'অনুরোধ করুন').click();\ncy.wait(3000);\nreceiveGoodsPage.getStoreNameTab().contains(this.ast.storeName).click();\ncy.wait(5000);\nreceiveGoodsPage.getCardHeader().should('include.text', 'পণ্যসমূহ');\ncy.ASTPagination(this.prc.Pagination); //Pagination\nreceiveGoodsPage.getCardRows().each(function ($el, index, $list) //Select the desired Tag No\n{\n  var textAssetTagNo = $el.find('td.e-rowcell[aria-label]').text();\n  if (textAssetTagNo.includes(_this9.ast.assetTagNo)) {\n    var tagText = $el.find('td.e-rowcell[aria-label]').text();\n    expect(tagText.includes(_this9.ast.assetTagNo)).to.be[\"true\"];\n  }\n});\ncy.wait(2000);",
              "err": {},
              "uuid": "4e5994a3-1534-4c13-b285-8a6c8676098b",
              "parentUUID": "55c3956e-6051-4e17-bf8c-69437a483d48",
              "isHook": false,
              "skipped": false
            },
            {
              "title": "TC_25. Store Keeper: Enter Assined Item Tag and Send for Inspection (Self Return).",
              "fullTitle": "AST Module Regression Test Suite TC_25. Store Keeper: Enter Assined Item Tag and Send for Inspection (Self Return).",
              "timedOut": null,
              "duration": 33254,
              "state": "passed",
              "speed": "slow",
              "pass": true,
              "fail": false,
              "pending": false,
              "context": null,
              "code": "cy.login(this.ast.storeKeeperID, this.ast.storeKeeperPassword); //Select office code here if the user have multiple office \ndashboardPage.getASTAvatar().click();\ncy.wait(3000);\nleftNavMenu.getDropDownMenu().contains('ফেরৎ গ্রহণ').click();\ncy.wait(1000);\nleftNavMenu.ReceiveTaggedItemsSubMenu().should('include.text', 'ট্যাগকৃত পণ্যসমূহ গ্রহণ').click();\ncy.wait(3000);\nreceiveGoodsPage.getStoreNameTab().contains(this.ast.storeName).click(); //Select Store\ncy.wait(2000);\nreceiveGoodsPage.getCardHeader().should('include.text', 'ট্যাগ');\nreceiveTaggedItemsPage.getTagInputFieldForFirstStore().should('have.attr', 'placeholder', 'ট্যাগ দিন').click().type(this.ast.assetTagNo2).should('have.value', this.ast.assetTagNo2);\ncy.wait(2000); //Tag Search pop-up code will added here\nreceiveTaggedItemsPage.getCardFooterThirdButton().should('include.text', 'পণ্য যোগ করুন').click();\ncy.wait(2000);\nreceiveTaggedItemsPage.getSendApproverButton().should('include.text', 'পরিদর্শনের জন্য প্রেরণ করুন').click(); //Send for Inspection button\ncy.wait(1500);\nreceiveGoodsPage.getConfirmPopUpHeader().should('include.text', 'নিশ্চিত করুন');\nreceiveGoodsPage.getConfirmPopUpYesButton().should('include.text', 'হ্যাঁ').click();\ncy.wait(6000);",
              "err": {},
              "uuid": "27f98665-3036-4a24-b79f-b7f648a61f83",
              "parentUUID": "55c3956e-6051-4e17-bf8c-69437a483d48",
              "isHook": false,
              "skipped": false
            },
            {
              "title": "TC_26. Store Admin: Inspector Assign for Asset Return (Self Return).",
              "fullTitle": "AST Module Regression Test Suite TC_26. Store Admin: Inspector Assign for Asset Return (Self Return).",
              "timedOut": null,
              "duration": 64014,
              "state": "passed",
              "speed": "slow",
              "pass": true,
              "fail": false,
              "pending": false,
              "context": null,
              "code": "cy.login(this.ast.storeAdminID, this.ast.storeAdminPassword);\ndashboardPage.getASTAvatar().click();\ncy.wait(3000);\nleftNavMenu.getDropDownMenu().contains('ইন্সপেকশন').click();\ncy.wait(1000);\nleftNavMenu.getInspectionUnassignedSubMenu().should('include.text', 'পরিদর্শক নির্ধারণ').click();\ncy.wait(3000);\nreceiveGoodsPage.getStoreNameTab().contains(this.ast.storeName).click();\ncy.wait(3000);\nreceiveGoodsPage.getCardHeader().should('include.text', 'পরিদর্শক নির্ধারণ');\ncy.ASTPagination(this.prc.Pagination); //Pagination\ncy.inspection(this.ast.ARPost); // Post পদবি\ncy.wait(3000);\nreceiveGoodsPage.getCardHeader().should('include.text', 'সম্পদ ফেরৎ');\nreceiveGoodsPage.getThirdCardHeader().should('include.text', 'ইন্সপেক্টর এসাইন করুন');\ninspectionUnassignedPage.getInspectorTypeField().should('have.attr', 'aria-label', 'পরিদর্শকের ধরণ').click();\ninspectionUnassignedPage.getDropDownItem().contains(this.ast.InspectorType).click();\ncy.wait(2000);\ninspectionUnassignedPage.getOfficeUnitField().should('have.attr', 'aria-label', 'শাখা').click();\ncy.wait(1000);\ninspectionUnassignedPage.getDropDownItem().contains(this.ast.OfficeUnit).click();\ncy.wait(2000);\ninspectionUnassignedPage.getInspectorField().should('have.attr', 'aria-label', 'পরিদর্শক').click();\ninspectionUnassignedPage.getDropDownItem().contains(this.ast.Inspector).click();\ncy.wait(2000);\nreceiveGoodsPage.getCardFooterFourthButton().should('include.text', 'প্রেরণ').click(); //Reuse from ReceiveGoods Page \ncy.wait(2000);\nreceiveGoodsPage.getConfirmPopUpHeader().should('include.text', 'নিশ্চিত করুন');\nreceiveGoodsPage.getConfirmPopUpYesButton().should('include.text', 'হ্যাঁ').click();\ncy.wait(6000);",
              "err": {},
              "uuid": "b1db415c-c2ef-454a-b335-88ef2822ec45",
              "parentUUID": "55c3956e-6051-4e17-bf8c-69437a483d48",
              "isHook": false,
              "skipped": false
            },
            {
              "title": "TC_27. Inspector: Inspect for Asset Return (Self Return).",
              "fullTitle": "AST Module Regression Test Suite TC_27. Inspector: Inspect for Asset Return (Self Return).",
              "timedOut": null,
              "duration": 41798,
              "state": "passed",
              "speed": "slow",
              "pass": true,
              "fail": false,
              "pending": false,
              "context": null,
              "code": "cy.login(this.ast.inspectorID, this.ast.inspectorPassword); //Select office if needed\ndashboardPage.getOfficePopUpHeader().should('include.text', 'অফিস/পদ নির্বাচন করুন');\ndashboardPage.getOfficeName().contains(this.ast.inspectorOffice).click();\ncy.wait(3000);\ndashboardPage.getASTAvatar().click();\ncy.wait(3000);\nleftNavMenu.getDropDownMenu().contains('ইন্সপেকশন').click();\ncy.wait(1000);\nleftNavMenu.getInspectionAssignedSubMenu().should('include.text', 'নির্ধারিত পরিদর্শন').click();\ncy.wait(3000);\nreceiveGoodsPage.getCardHeader().should('include.text', 'নির্ধারিত পরিদর্শন');\ncy.ASTPagination(this.prc.Pagination); //Pagination\ncy.inspection(this.ast.ARPost); //Post / পদবি\ncy.wait(3000);\nreceiveGoodsPage.getCardHeader().should('include.text', 'ইন্সপেকশনের ফলাফল সেট করুন');\ninspectionAssignedPage.getRemarksField().click().type(this.ast.InspectorRemarks).should('have.value', this.ast.InspectorRemarks);\ncy.wait(2000);\nreceiveGoodsPage.getCardFooterFourthButton().should('include.text', 'দাখিল করুন').click(); //Reuse from ReceiveGoods Page \ncy.wait(2000);\nreceiveGoodsPage.getConfirmPopUpHeader().should('include.text', 'নিশ্চিত করুন');\nreceiveGoodsPage.getConfirmPopUpYesButton().should('include.text', 'হ্যাঁ').click();\ncy.wait(6000);",
              "err": {},
              "uuid": "3a6b9b06-2746-40de-9dfb-91a4d23cd350",
              "parentUUID": "55c3956e-6051-4e17-bf8c-69437a483d48",
              "isHook": false,
              "skipped": false
            },
            {
              "title": "TC_28. Store Admin: Inspection Approval for Asset Return (Self Return).",
              "fullTitle": "AST Module Regression Test Suite TC_28. Store Admin: Inspection Approval for Asset Return (Self Return).",
              "timedOut": null,
              "duration": 44988,
              "state": "passed",
              "speed": "slow",
              "pass": true,
              "fail": false,
              "pending": false,
              "context": null,
              "code": "cy.login(this.ast.storeAdminID, this.ast.storeAdminPassword); //Select office code here if the user have multiple office \ndashboardPage.getASTAvatar().click();\ncy.wait(3000);\nleftNavMenu.getDropDownMenu().contains('অনুমোদন অপেক্ষমান').click();\ncy.wait(1000);\nleftNavMenu.getInspectedSubMenu().should('include.text', 'পরিদর্শনকৃত').click();\ncy.wait(3000);\nreceiveGoodsPage.getStoreNameTab().contains(this.ast.storeName).click();\ncy.wait(2000);\nreceiveGoodsPage.getCardHeader().should('include.text', 'পরিদর্শনকৃত');\ncy.ASTPagination(this.prc.Pagination); //Pagination\ncy.inspection(this.ast.ARPost); // Post / পদবি\ncy.wait(3000);\nreceiveGoodsPage.getCardHeader().should('include.text', 'প্রাপ্তিযোগ্য পরিমাণগুলি সেট করুন');\ninspectedPage.getCardFooterFourthButton().should('include.text', 'অনুমোদন করুন').click(); //Reuse from ReceiveGoods Page \ncy.wait(6000);",
              "err": {},
              "uuid": "a0d62242-78d6-468f-ad09-66818325197d",
              "parentUUID": "55c3956e-6051-4e17-bf8c-69437a483d48",
              "isHook": false,
              "skipped": false
            },
            {
              "title": "TC_29. Store Keeper: Verify the Item back to the Store after Asset Return (Self Return).",
              "fullTitle": "AST Module Regression Test Suite TC_29. Store Keeper: Verify the Item back to the Store after Asset Return (Self Return).",
              "timedOut": null,
              "duration": 30130,
              "state": "passed",
              "speed": "slow",
              "pass": true,
              "fail": false,
              "pending": false,
              "context": null,
              "code": "var _this10 = this;\ncy.login(this.ast.storeKeeperID, this.ast.storeKeeperPassword); //Select office code here if the user have multiple office \ndashboardPage.getASTAvatar().click();\ncy.wait(3000);\nleftNavMenu.getDropDownMenu().contains('রক্ষণাবেক্ষণ').click();\ncy.wait(1000);\nleftNavMenu.getRequestSubMenuOfMaintenance().should('include.text', 'অনুরোধ করুন').click();\ncy.wait(3000);\nreceiveGoodsPage.getStoreNameTab().contains(this.ast.storeName).click();\ncy.wait(5000);\nreceiveGoodsPage.getCardHeader().should('include.text', 'পণ্যসমূহ');\ncy.ASTPagination(this.prc.Pagination); //Pagination\nreceiveGoodsPage.getCardRows().each(function ($el, index, $list) //Select the desired Tag No\n{\n  var textAssetTagNo = $el.find('td.e-rowcell[aria-label]').text();\n  if (textAssetTagNo.includes(_this10.ast.assetTagNo2)) {\n    var tagText = $el.find('td.e-rowcell[aria-label]').text();\n    expect(tagText.includes(_this10.ast.assetTagNo2)).to.be[\"true\"];\n  }\n});\ncy.wait(2000);",
              "err": {},
              "uuid": "29c5c1f8-e2a3-471f-b91b-a67075355020",
              "parentUUID": "55c3956e-6051-4e17-bf8c-69437a483d48",
              "isHook": false,
              "skipped": false
            },
            {
              "title": "TC_30. Store Keeper: Enter Assined Item Tag and Send for Maintenance (Inspection). TC",
              "fullTitle": "AST Module Regression Test Suite TC_30. Store Keeper: Enter Assined Item Tag and Send for Maintenance (Inspection). TC",
              "timedOut": null,
              "duration": 36925,
              "state": "passed",
              "speed": "slow",
              "pass": true,
              "fail": false,
              "pending": false,
              "context": null,
              "code": "cy.login(this.ast.storeKeeperID, this.ast.storeKeeperPassword); //Select office code here if the user have multiple office \ndashboardPage.getASTAvatar().click();\ncy.wait(3000);\nleftNavMenu.getDropDownMenu().contains('ফেরৎ গ্রহণ').click();\ncy.wait(1000);\nleftNavMenu.ReceiveTaggedItemsSubMenu().should('include.text', 'ট্যাগকৃত পণ্যসমূহ গ্রহণ').click();\ncy.wait(3000);\nreceiveGoodsPage.getStoreNameTab().contains(this.ast.storeName).click(); //Select Store\ncy.wait(2000);\nreceiveGoodsPage.getCardHeader().should('include.text', 'ট্যাগ');\nreceiveTaggedItemsPage.getTagInputFieldForFirstStore().should('have.attr', 'placeholder', 'ট্যাগ দিন').click().type(this.ast.assetTagNo3).should('have.value', this.ast.assetTagNo3);\ncy.wait(2000); //Tag Search pop-up code will added here\nreceiveTaggedItemsPage.getCardFooterThirdButton().should('include.text', 'পণ্য যোগ করুন').click();\ncy.wait(2000);\nreceiveTaggedItemsPage.getSendApproverButton().should('include.text', 'পরিদর্শনের জন্য প্রেরণ করুন').click(); //Send for Inspection button\ncy.wait(1500);\nreceiveGoodsPage.getConfirmPopUpHeader().should('include.text', 'নিশ্চিত করুন');\nreceiveGoodsPage.getConfirmPopUpYesButton().should('include.text', 'হ্যাঁ').click();\ncy.wait(6000);",
              "err": {},
              "uuid": "c7a8fec9-5206-4976-839f-415d87a5f01e",
              "parentUUID": "55c3956e-6051-4e17-bf8c-69437a483d48",
              "isHook": false,
              "skipped": false
            },
            {
              "title": "TC_31. Store Admin: Inspector Assign for Asset Maintenance (Inspection).",
              "fullTitle": "AST Module Regression Test Suite TC_31. Store Admin: Inspector Assign for Asset Maintenance (Inspection).",
              "timedOut": null,
              "duration": 59932,
              "state": "passed",
              "speed": "slow",
              "pass": true,
              "fail": false,
              "pending": false,
              "context": null,
              "code": "cy.login(this.ast.storeAdminID, this.ast.storeAdminPassword);\ndashboardPage.getASTAvatar().click();\ncy.wait(3000);\nleftNavMenu.getDropDownMenu().contains('ইন্সপেকশন').click();\ncy.wait(1000);\nleftNavMenu.getInspectionUnassignedSubMenu().should('include.text', 'পরিদর্শক নির্ধারণ').click();\ncy.wait(3000);\nreceiveGoodsPage.getStoreNameTab().contains(this.ast.storeName).click();\ncy.wait(3000);\nreceiveGoodsPage.getCardHeader().should('include.text', 'পরিদর্শক নির্ধারণ');\ncy.ASTPagination(this.prc.Pagination); //Pagination\ncy.inspection(this.ast.ARPost); // Post পদবি\ncy.wait(3000);\nreceiveGoodsPage.getCardHeader().should('include.text', 'সম্পদ ফেরৎ');\nreceiveGoodsPage.getThirdCardHeader().should('include.text', 'ইন্সপেক্টর এসাইন করুন');\ninspectionUnassignedPage.getInspectorTypeField().should('have.attr', 'aria-label', 'পরিদর্শকের ধরণ').click();\ninspectionUnassignedPage.getDropDownItem().contains(this.ast.InspectorType).click();\ncy.wait(2000);\ninspectionUnassignedPage.getOfficeUnitField().should('have.attr', 'aria-label', 'শাখা').click();\ncy.wait(1000);\ninspectionUnassignedPage.getDropDownItem().contains(this.ast.OfficeUnit).click();\ncy.wait(2000);\ninspectionUnassignedPage.getInspectorField().should('have.attr', 'aria-label', 'পরিদর্শক').click();\ninspectionUnassignedPage.getDropDownItem().contains(this.ast.Inspector).click();\ncy.wait(2000);\nreceiveGoodsPage.getCardFooterFourthButton().should('include.text', 'প্রেরণ').click(); //Reuse from ReceiveGoods Page \ncy.wait(2000);\nreceiveGoodsPage.getConfirmPopUpHeader().should('include.text', 'নিশ্চিত করুন');\nreceiveGoodsPage.getConfirmPopUpYesButton().should('include.text', 'হ্যাঁ').click();\ncy.wait(6000);",
              "err": {},
              "uuid": "a0bdccda-08b6-4d0a-84a0-47f930460dcb",
              "parentUUID": "55c3956e-6051-4e17-bf8c-69437a483d48",
              "isHook": false,
              "skipped": false
            },
            {
              "title": "TC_32. Inspector: Inspect Rejection for Asset Maintenance (Inspection).",
              "fullTitle": "AST Module Regression Test Suite TC_32. Inspector: Inspect Rejection for Asset Maintenance (Inspection).",
              "timedOut": null,
              "duration": 45458,
              "state": "passed",
              "speed": "slow",
              "pass": true,
              "fail": false,
              "pending": false,
              "context": null,
              "code": "cy.login(this.ast.inspectorID, this.ast.inspectorPassword); //Select office if needed\ndashboardPage.getOfficePopUpHeader().should('include.text', 'অফিস/পদ নির্বাচন করুন');\ndashboardPage.getOfficeName().contains(this.ast.inspectorOffice).click();\ncy.wait(3000);\ndashboardPage.getASTAvatar().click();\ncy.wait(3000);\nleftNavMenu.getDropDownMenu().contains('ইন্সপেকশন').click();\ncy.wait(1000);\nleftNavMenu.getInspectionAssignedSubMenu().should('include.text', 'নির্ধারিত পরিদর্শন').click();\ncy.wait(3000);\nreceiveGoodsPage.getCardHeader().should('include.text', 'নির্ধারিত পরিদর্শন');\ncy.ASTPagination(this.prc.Pagination); //Pagination\ncy.inspection(this.ast.ARPost); //Post / পদবি\ncy.wait(3000);\nreceiveGoodsPage.getCardHeader().should('include.text', 'ইন্সপেকশনের ফলাফল সেট করুন');\ninspectionAssignedPage.getAssetCheckBox().click({\n  force: true\n});\ncy.wait(2000);\ninspectionAssignedPage.getRemarksField().click().type(this.ast.InspectorRemarks).should('have.value', this.ast.InspectorRemarks);\ncy.wait(2000);\ninspectionAssignedPage.getRejectButton().should('include.text', 'প্রত্যাখ্যান করুন').click(); //Reuse from ReceiveGoods Page \ncy.wait(2000);\nreceiveGoodsPage.getConfirmPopUpHeader().should('include.text', 'নিশ্চিত করুন');\nreceiveGoodsPage.getConfirmPopUpYesButton().should('include.text', 'হ্যাঁ').click();\ncy.wait(6000);",
              "err": {},
              "uuid": "e9fba316-ea4f-45c0-8ed5-dc25f6b194dd",
              "parentUUID": "55c3956e-6051-4e17-bf8c-69437a483d48",
              "isHook": false,
              "skipped": false
            },
            {
              "title": "TC_33. Store Admin: Reject at the inspected result for Asset Maintenance (Inspection).",
              "fullTitle": "AST Module Regression Test Suite TC_33. Store Admin: Reject at the inspected result for Asset Maintenance (Inspection).",
              "timedOut": null,
              "duration": 55015,
              "state": "passed",
              "speed": "slow",
              "pass": true,
              "fail": false,
              "pending": false,
              "context": null,
              "code": "cy.login(this.ast.storeAdminID, this.ast.storeAdminPassword); //Select office code here if the user have multiple office \ndashboardPage.getASTAvatar().click();\ncy.wait(3000);\nleftNavMenu.getDropDownMenu().contains('অনুমোদন অপেক্ষমান').click();\ncy.wait(1000);\nleftNavMenu.getInspectedSubMenu().should('include.text', 'পরিদর্শনকৃত').click();\ncy.wait(3000);\nreceiveGoodsPage.getStoreNameTab().contains(this.ast.storeName).click();\ncy.wait(2000);\nreceiveGoodsPage.getCardHeader().should('include.text', 'পরিদর্শনকৃত');\ncy.ASTPagination(this.prc.Pagination); //Pagination\ncy.inspection(this.ast.ARPost); // Post / পদবি\ncy.wait(3000);\nreceiveGoodsPage.getCardHeader().should('include.text', 'প্রাপ্তিযোগ্য পরিমাণগুলি সেট করুন');\ninspectionAssignedPage.getRejectButton().should('include.text', 'প্রত্যাখ্যান করুন').click();\ncy.wait(3000);\ninspectedPage.getMaintenanceCost().type(this.ast.MaintenanceCost).should('have.value', this.ast.MaintenanceCost);\ncy.wait(2000);\ninspectedPage.getMaintenanceButton().should('include.text', 'সংরক্ষণ করুন').click();\ncy.wait(6000);",
              "err": {},
              "uuid": "b84b0074-6c85-41ea-ae72-790f47655978",
              "parentUUID": "55c3956e-6051-4e17-bf8c-69437a483d48",
              "isHook": false,
              "skipped": false
            },
            {
              "title": "TC_34. Maintenance Committee Head: Enter Remarks and Put Next Maintenance Date for Asset Maintenance (Inspection). TC",
              "fullTitle": "AST Module Regression Test Suite TC_34. Maintenance Committee Head: Enter Remarks and Put Next Maintenance Date for Asset Maintenance (Inspection). TC",
              "timedOut": null,
              "duration": 51182,
              "state": "passed",
              "speed": "slow",
              "pass": true,
              "fail": false,
              "pending": false,
              "context": null,
              "code": "cy.login(this.ast.committeeHeadID, this.ast.committeeHeadPassword); //Select office code here if the user have multiple office \ndashboardPage.getASTAvatar().click();\ncy.wait(3000);\nleftNavMenu.getDropDownMenu().contains('রক্ষণাবেক্ষণ').click();\ncy.wait(1000);\nleftNavMenu.getItemsSubMenuOfMaintenance().should('include.text', 'পণ্যসমূহ').click();\ncy.wait(3000);\nreceiveGoodsPage.getCardHeader().should('include.text', 'তালিকা');\ncy.ASTPagination(this.prc.Pagination); //Pagination\ncy.inspection(this.ast.assetTagNo3); // Item Tag\ncy.wait(3000);\nreceiveGoodsPage.getCardHeader().should('include.text', 'ফলাফল');\nitemsMaintenancePage.getMaintenanceRemarksField().should('have.attr', 'placeholder', 'মন্তব্য').click().type(this.ast.MaintenanceRemarks).should('have.value', this.ast.MaintenanceRemarks);\ncy.wait(2000);\nitemsMaintenancePage.getCalendarIcon().click();\ncy.calendar(this.ast.chalanYear, this.ast.chalanMonth, this.ast.chalanDay);\nitemsMaintenancePage.getMaintenanceCostField().should('have.attr', 'placeholder', 'রক্ষণাবেক্ষণ খরচ').click().type(this.ast.MaintenanceCost).should('have.value', this.ast.MaintenanceCost);\ncy.wait(2000);\ninspectedPage.getCardFooterFourthButton().should('include.text', 'সংরক্ষণ করুন').click();\ncy.wait(2000);\nreceiveGoodsPage.getConfirmPopUpHeader().should('include.text', 'নিশ্চিত করুন');\nreceiveGoodsPage.getConfirmPopUpYesButton().should('include.text', 'হ্যাঁ').click();\ncy.wait(6000);",
              "err": {},
              "uuid": "3e44c0d1-8013-4d0e-8965-d6ac8134670b",
              "parentUUID": "55c3956e-6051-4e17-bf8c-69437a483d48",
              "isHook": false,
              "skipped": false
            },
            {
              "title": "TC_35. Store Keeper: Verify the Item back to the Store after Maintenance (Inspection).",
              "fullTitle": "AST Module Regression Test Suite TC_35. Store Keeper: Verify the Item back to the Store after Maintenance (Inspection).",
              "timedOut": null,
              "duration": 32904,
              "state": "passed",
              "speed": "slow",
              "pass": true,
              "fail": false,
              "pending": false,
              "context": null,
              "code": "var _this11 = this;\ncy.login(this.ast.storeKeeperID, this.ast.storeKeeperPassword); //Select office code here if the user have multiple office \ndashboardPage.getASTAvatar().click();\ncy.wait(3000);\nleftNavMenu.getDropDownMenu().contains('রক্ষণাবেক্ষণ').click();\ncy.wait(1000);\nleftNavMenu.getRequestSubMenuOfMaintenance().should('include.text', 'অনুরোধ করুন').click();\ncy.wait(3000);\nreceiveGoodsPage.getStoreNameTab().contains(this.ast.storeName).click();\ncy.wait(5000);\nreceiveGoodsPage.getCardHeader().should('include.text', 'পণ্যসমূহ');\ncy.ASTPagination(this.prc.Pagination); //Pagination\nreceiveGoodsPage.getCardRows().each(function ($el, index, $list) //Select the desired Tag No\n{\n  var textAssetTagNo = $el.find('td.e-rowcell[aria-label]').text();\n  if (textAssetTagNo.includes(_this11.ast.assetTagNo3)) {\n    var tagText = $el.find('td.e-rowcell[aria-label]').text();\n    expect(tagText.includes(_this11.ast.assetTagNo3)).to.be[\"true\"];\n  }\n});\ncy.wait(2000);",
              "err": {},
              "uuid": "c3a46f37-f18c-4af1-9063-d05fb143c10d",
              "parentUUID": "55c3956e-6051-4e17-bf8c-69437a483d48",
              "isHook": false,
              "skipped": false
            },
            {
              "title": "TC_36. Store Keeper: Create Maintenance Request from Store Existing Item.",
              "fullTitle": "AST Module Regression Test Suite TC_36. Store Keeper: Create Maintenance Request from Store Existing Item.",
              "timedOut": null,
              "duration": 40971,
              "state": "passed",
              "speed": "slow",
              "pass": true,
              "fail": false,
              "pending": false,
[...]
              "err": {},
              "uuid": "950d5cb6-3cbe-4864-b239-b86fcf5f0ff9",
              "parentUUID": "55c3956e-6051-4e17-bf8c-69437a483d48",
              "isHook": false,
              "skipped": false
            },
            {
              "title": "TC_63. Store Admin: Verify the Disposed Asset on the Report (From My Asset items).",
              "fullTitle": "AST Module Regression Test Suite TC_63. Store Admin: Verify the Disposed Asset on the Report (From My Asset items).",
              "timedOut": null,
              "duration": 46828,
              "state": "passed",
              "speed": "slow",
              "pass": true,
              "fail": false,
              "pending": false,
              "context": null,
              "code": "var _this16 = this;\ncy.login(this.ast.storeAdminID, this.ast.storeAdminPassword); //Select office code here if the user have multiple office \ndashboardPage.getASTAvatar().click();\ncy.wait(3000);\nleftNavMenu.getDropDownMenu().contains('রিপোর্টস').click();\ncy.wait(1000);\nleftNavMenu.getDisposedAssetSubMenu().should('include.text', 'নিস্পত্তিকৃত সম্পদ').click();\ncy.wait(3000);\nreportsPage.getPageHeaderText().should('include.text', 'নিস্পত্তিকৃত সম্পদ');\nreportsPage.getItemCategoryField().click();\ninspectionUnassignedPage.getDropDownItem().contains(this.ast.ItemCategory).click();\ncy.wait(2000);\nreportsPage.getItemGroupField().click();\ninspectionUnassignedPage.getDropDownItem().contains(this.ast.ItemGroup).click();\ncy.wait(2000);\nreportsPage.getStoreField().click();\ninspectionUnassignedPage.getDropDownItem().contains(this.ast.storeName).click();\ncy.wait(2000);\nreportsPage.getSearchButton().should('include.text', 'অনুসন্ধান করুন').click();\ncy.wait(2500);\ncy.ASTPagination(this.prc.Pagination); //Pagination\nreceiveGoodsPage.getCardRows().each(function ($el, index, $list) //Select the desired Tag No\n{\n  var textAssetTagNo = $el.find('td.e-rowcell[aria-label]').text();\n  if (textAssetTagNo.includes(_this16.ast.assetTagNo9)) {\n    var tagText = $el.find('td.e-rowcell[aria-label]').text();\n    expect(tagText.includes(_this16.ast.assetTagNo9)).to.be[\"true\"];\n  }\n});\ncy.wait(3000);",
              "err": {},
              "uuid": "78f3f9ad-38a8-45cf-835a-6576b648bc50",
              "parentUUID": "55c3956e-6051-4e17-bf8c-69437a483d48",
              "isHook": false,
              "skipped": false
            },
            {
              "title": "TC_64. Store Keeper: Create Maintenance Request from Store Existing Item for Disposal.",
              "fullTitle": "AST Module Regression Test Suite TC_64. Store Keeper: Create Maintenance Request from Store Existing Item for Disposal.",
              "timedOut": null,
              "duration": 41237,
              "state": "passed",
              "speed": "slow",
              "pass": true,
              "fail": false,
              "pending": false,
              "context": null,
              "code": "cy.login(this.ast.storeKeeperID, this.ast.storeKeeperPassword); //Select office code here if the user have multiple office \ndashboardPage.getASTAvatar().click();\ncy.wait(3000);\nleftNavMenu.getDropDownMenu().contains('রক্ষণাবেক্ষণ').click();\ncy.wait(1000);\nleftNavMenu.getRequestSubMenuOfMaintenance().should('include.text', 'অনুরোধ করুন').click();\ncy.wait(3000);\nreceiveGoodsPage.getStoreNameTab().contains(this.ast.storeName).click(); //Select Store\ncy.wait(5000);\nreceiveGoodsPage.getCardHeader().should('include.text', 'পণ্যসমূহ');\ncy.ASTPagination(this.prc.Pagination); //Pagination\ncy.visibleItems(this.ast.assetTagNo11); //Select the Tag no\ncy.wait(2000);\nreceiveGoodsPage.getConfirmPopUpHeader().should('include.text', 'নিশ্চিত করুন');\nreceiveGoodsPage.getConfirmPopUpYesButton().should('include.text', 'হ্যাঁ').click({\n  force: true\n});\ncy.wait(6000);",
              "err": {},
              "uuid": "07d4c7d6-e5db-46f8-8f3c-bbe093528d41",
              "parentUUID": "55c3956e-6051-4e17-bf8c-69437a483d48",
              "isHook": false,
              "skipped": false
            },
            {
              "title": "TC_65. Maintenance Committee Head: Enter Remarks and Put it for Disposal from Stores Existing Item.",
              "fullTitle": "AST Module Regression Test Suite TC_65. Maintenance Committee Head: Enter Remarks and Put it for Disposal from Stores Existing Item.",
              "timedOut": null,
              "duration": 43759,
              "state": "passed",
              "speed": "slow",
              "pass": true,
              "fail": false,
              "pending": false,
              "context": null,
              "code": "cy.login(this.ast.committeeHeadID, this.ast.committeeHeadPassword); //Select office code here if the user have multiple office \ndashboardPage.getASTAvatar().click();\ncy.wait(3000);\nleftNavMenu.getDropDownMenu().contains('রক্ষণাবেক্ষণ').click();\ncy.wait(1000);\nleftNavMenu.getItemsSubMenuOfMaintenance().should('include.text', 'পণ্যসমূহ').click();\ncy.wait(3000);\nreceiveGoodsPage.getCardHeader().should('include.text', 'তালিকা');\ncy.ASTPagination(this.prc.Pagination); //Pagination\ncy.inspection(this.ast.assetTagNo11); // Item Tag\ncy.wait(3000);\nreceiveGoodsPage.getCardHeader().should('include.text', 'ফলাফল');\nitemsMaintenancePage.getMaintenanceRemarksField().should('have.attr', 'placeholder', 'মন্তব্য').click().type(this.ast.disposalRemarks).should('have.value', this.ast.disposalRemarks);\ncy.wait(2000);\nitemsMaintenancePage.getDecommissionButton().should('include.text', 'নিষ্পত্তি').click();\ncy.wait(2000);\nitemsMaintenancePage.getDisposalModalHeader().should('include.text', 'নিষ্পত্তি করার জন্য খরচের ধারণা দিন');\nitemsMaintenancePage.getMaintenanceCostFieldOnModal().should('have.attr', 'placeholder', 'রক্ষণাবেক্ষণ খরচ').click().type(this.ast.MaintenanceCost).should('have.value', this.ast.MaintenanceCost);\ncy.wait(2000);\nitemsMaintenancePage.getDisposalModalSaveButton().should('include.text', 'সংরক্ষণ করুন').click();\ncy.wait(2000);\nreceiveGoodsPage.getConfirmPopUpHeader().should('include.text', 'নিশ্চিত করুন');\nreceiveGoodsPage.getConfirmPopUpYesButton().should('include.text', 'হ্যাঁ').click();\ncy.wait(6000);",
              "err": {},
              "uuid": "a825d702-00a1-428a-92cc-1918a3a8e209",
              "parentUUID": "55c3956e-6051-4e17-bf8c-69437a483d48",
              "isHook": false,
              "skipped": false
            },
            {
              "title": "TC_66. Store Keeper: Make Disposal Request (From Stores Existing Item).",
              "fullTitle": "AST Module Regression Test Suite TC_66. Store Keeper: Make Disposal Request (From Stores Existing Item).",
              "timedOut": null,
              "duration": 53081,
              "state": "passed",
              "speed": "slow",
              "pass": true,
              "fail": false,
              "pending": false,
              "context": null,
              "code": "cy.login(this.ast.storeKeeperID, this.ast.storeKeeperPassword); //Select office code here if the user have multiple office \ndashboardPage.getASTAvatar().click();\ncy.wait(3000);\nleftNavMenu.getDropDownMenu().contains('নিষ্পত্তিকরণ').click();\ncy.wait(1000);\nleftNavMenu.getDisposalRequestSubMenu().should('include.text', 'নিষ্পত্তিকরণের জন্য অনুরোধ').click();\ncy.wait(3000);\nreceiveGoodsPage.getStoreNameTab().contains(this.ast.storeName).click();\ncy.wait(2000);\nreceiveGoodsPage.getCardHeader().should('include.text', 'নিষ্পত্তিকরণের জন্য অনুরোধ');\ndisposalRequestPage.getJustificationField().should('have.attr', 'placeholder', 'ন্যায্যতা').click().type(this.ast.disposalJustificat).should('have.value', this.ast.disposalJustificat);\ncy.wait(2000);\ndisposalRequestPage.getDisposalCommitteeNameField().should('have.attr', 'aria-label', 'কমিটির নাম').click();\ninspectionUnassignedPage.getDropDownItem().contains(this.ast.disposalCommitteeName).click();\ncy.wait(2000);\ndisposalRequestPage.getUncheckAllItems().click({\n  multiple: true\n}); //Uncheck all items\ncy.wait(2000); //Selects Items\ncy.selectItems(this.ast.assetTagNo11);\ncy.wait(1000);\ndisposalRequestPage.getSendButton().should('include.text', 'প্রেরণ').click();\ncy.wait(2000);\nreceiveGoodsPage.getConfirmPopUpHeader().should('include.text', 'নিশ্চিত করুন');\nreceiveGoodsPage.getConfirmPopUpYesButton().should('include.text', 'হ্যাঁ').click();\ncy.wait(6000);",
              "err": {},
              "uuid": "caa0271f-7fab-4547-bead-27213097ad26",
              "parentUUID": "55c3956e-6051-4e17-bf8c-69437a483d48",
              "isHook": false,
              "skipped": false
            },
            {
              "title": "TC_67. Disposal Committee Member: Decision on Disposal with Disposal Type and Cost for (From Stores Existing Item).",
              "fullTitle": "AST Module Regression Test Suite TC_67. Disposal Committee Member: Decision on Disposal with Disposal Type and Cost for (From Stores Existing Item).",
              "timedOut": null,
              "duration": 64689,
              "state": "passed",
              "speed": "slow",
              "pass": true,
              "fail": false,
              "pending": false,
              "context": null,
              "code": "cy.login(this.ast.DisCommitteeMemberID, this.ast.DisCommitteeMemberPassword); //Select office code here if the user have multiple office \ndashboardPage.getASTAvatar().click();\ncy.wait(3000);\nleftNavMenu.getDropDownMenu().contains('অনুমোদন অপেক্ষমান').click();\ncy.wait(1000);\nleftNavMenu.getDecisionOnDisposalSubMenu().should('include.text', 'নিষ্পত্তিকরণ সংক্রান্ত সিদ্ধান্ত').click();\ncy.wait(3000);\nreceiveGoodsPage.getCardHeader().should('include.text', 'অনুরোধকৃত নিষ্পত্তিকরণের তালিকা');\ncy.ASTPagination(this.prc.Pagination); //Pagination\ncy.inspection(this.ast.disposalJustificat); // ন্যায্যতা\ncy.wait(3000);\nreceiveGoodsPage.getCardHeader().should('include.text', 'নিষ্পত্তিকরণ সংক্রান্ত সিদ্ধান্ত');\ndisposalRequestPage.getDisposalTypeField1().click({\n  force: true\n});\ndisposalRequestPage.getDropDownItem().contains(this.ast.disposalRequestType2).click();\ncy.wait(1000);\ndisposalRequestPage.getDisposalCost1().clear().type(this.ast.disposalCost).should('have.value', this.ast.disposalCost);\ncy.wait(1000);\ndisposalRequestPage.getDisposalRemark1().click().type(this.ast.disposalRemarks).should('have.value', this.ast.disposalRemarks);\ncy.wait(1000);\ndisposalRequestPage.getDisposalCost1().click(); //Use for enable the Save button\ncy.wait(1000);\ndisposalRequestPage.getSaveButton().should('include.text', 'সংরক্ষণ করুন').click();\ncy.wait(2000);\nreceiveGoodsPage.getConfirmPopUpHeader().should('include.text', 'নিশ্চিত করুন');\nreceiveGoodsPage.getConfirmPopUpYesButton().should('include.text', 'হ্যাঁ').click();\ncy.wait(6000);",
              "err": {},
              "uuid": "6bc88d54-375b-4e96-8a25-84d2e7634c84",
              "parentUUID": "55c3956e-6051-4e17-bf8c-69437a483d48",
              "isHook": false,
              "skipped": false
            },
            {
              "title": "TC_68. Store Admin: Approved Disposal Result (From Stores Existing Item).",
              "fullTitle": "AST Module Regression Test Suite TC_68. Store Admin: Approved Disposal Result (From Stores Existing Item).",
              "timedOut": null,
              "duration": 76848,
              "state": "passed",
              "speed": "slow",
              "pass": true,
              "fail": false,
              "pending": false,
              "context": null,
              "code": "cy.login(this.ast.storeAdminID, this.ast.storeAdminPassword); //Select office code here if the user have multiple office \ndashboardPage.getASTAvatar().click();\ncy.wait(3000);\nleftNavMenu.getDropDownMenu().contains('নিষ্পত্তিকরণ').click();\ncy.wait(1000);\nleftNavMenu.getDisposalResultSubMenu().should('include.text', 'নিষ্পত্তিকরণের ফলাফল').click();\ncy.wait(3000);\nreceiveGoodsPage.getStoreNameTab().contains(this.ast.storeName).click();\ncy.wait(2000);\nreceiveGoodsPage.getCardHeader().should('include.text', 'নিষ্পত্তিকরণের জন্য সম্পদ তালিকা');\ncy.ASTPagination(this.prc.Pagination); //Pagination\ncy.inspection(this.ast.disposalJustificat); // ন্যায্যতা\ncy.wait(3000);\nreceiveGoodsPage.getCardHeader().should('include.text', 'নিষ্পত্তিকরণের ফলাফল');\ndisposalResultPage.getDisposalTypeTab().contains('Disposed').click();\ncy.wait(2000);\ndisposalResultPage.getDisposedAddButton().click();\ncy.wait(2000);\ndisposalResultPage.getDecidedRemark1().click().type(this.ast.disposalDecisionRemarks).should('have.value', this.ast.disposalDecisionRemarks);\ncy.wait(2000);\ndisposalResultPage.getSendButton().should('include.text', 'প্রেরণ').click();\ncy.wait(2000);\nreceiveGoodsPage.getConfirmPopUpHeader().should('include.text', 'নিশ্চিত করুন');\nreceiveGoodsPage.getConfirmPopUpYesButton().should('include.text', 'হ্যাঁ').click();\ncy.wait(6000);",
              "err": {},
              "uuid": "0c701898-cf46-4605-9548-298002d84ef4",
              "parentUUID": "55c3956e-6051-4e17-bf8c-69437a483d48",
              "isHook": false,
              "skipped": false
            },
            {
              "title": "TC_69. Store Admin: Verify the Disposed Asset on the Report (From Stores Existing Item).",
              "fullTitle": "AST Module Regression Test Suite TC_69. Store Admin: Verify the Disposed Asset on the Report (From Stores Existing Item).",
              "timedOut": null,
              "duration": 45037,
              "state": "passed",
              "speed": "slow",
              "pass": true,
              "fail": false,
              "pending": false,
              "context": null,
              "code": "var _this17 = this;\ncy.login(this.ast.storeAdminID, this.ast.storeAdminPassword); //Select office code here if the user have multiple office \ndashboardPage.getASTAvatar().click();\ncy.wait(3000);\nleftNavMenu.getDropDownMenu().contains('রিপোর্টস').click();\ncy.wait(1000);\nleftNavMenu.getDisposedAssetSubMenu().should('include.text', 'নিস্পত্তিকৃত সম্পদ').click();\ncy.wait(3000);\nreportsPage.getPageHeaderText().should('include.text', 'নিস্পত্তিকৃত সম্পদ');\nreportsPage.getItemCategoryField().click();\ninspectionUnassignedPage.getDropDownItem().contains(this.ast.ItemCategory).click();\ncy.wait(2000);\nreportsPage.getItemGroupField().click();\ninspectionUnassignedPage.getDropDownItem().contains(this.ast.ItemGroup).click();\ncy.wait(2000);\nreportsPage.getStoreField().click();\ninspectionUnassignedPage.getDropDownItem().contains(this.ast.storeName).click();\ncy.wait(2000);\nreportsPage.getSearchButton().should('include.text', 'অনুসন্ধান করুন').click();\ncy.wait(2500);\ncy.ASTPagination(this.prc.Pagination); //Pagination\nreceiveGoodsPage.getCardRows().each(function ($el, index, $list) //Select the desired Tag No\n{\n  var textAssetTagNo = $el.find('td.e-rowcell[aria-label]').text();\n  if (textAssetTagNo.includes(_this17.ast.assetTagNo11)) {\n    var tagText = $el.find('td.e-rowcell[aria-label]').text();\n    expect(tagText.includes(_this17.ast.assetTagNo11)).to.be[\"true\"];\n  }\n});\ncy.wait(3000);",
              "err": {},
              "uuid": "9e8aaa57-8a89-4485-8614-e3dd12b6cb83",
              "parentUUID": "55c3956e-6051-4e17-bf8c-69437a483d48",
              "isHook": false,
              "skipped": false
            }
          ],
          "suites": [],
          "passes": [
            "3e359bda-bed6-49ba-a144-79f068258e91",
            "ff69da51-2132-49a1-9744-e10219729500",
            "aa65e5be-8c5b-4f69-a6c5-b6c8f9356534",
            "4ed812f9-abd1-44e2-8076-fa442f6b264e",
            "1b4be225-003e-4181-aaf2-6119477dbff2",
            "602c2765-b41d-46ca-b952-546cdd46cb62",
            "9ecabbfb-9144-449f-a286-13fd838ae32e",
            "ed6cf8b6-bdf9-4815-8c29-e21d68b3f81a",
            "154a2e86-e60c-495a-a6df-ecda4e388c0c",
            "3c39ff28-01be-44d6-b2fd-9f9f96910bf9",
            "9ea4cc2e-f566-4675-bf8b-0e4aff925583",
            "16ce8a88-ac9f-4d68-b830-8105c3819583",
            "5e22097a-e11c-461a-9d74-3a6f2838f339",
            "f6cbd06b-09e1-46aa-b88e-2781fe5ccd78",
            "be0bf9c7-bd2a-49fc-9c8d-65bffc2ae1a5",
            "50e8ba3e-b6cc-4a5c-a732-c9eb92b8dacb",
            "d071cb37-2ef5-499e-9662-e3eaaa2d02d9",
            "98250898-6212-4132-b345-65fe8e8f86a3",
            "56a78727-b831-4cdc-825c-f019298f2fb1",
            "e849225b-6729-47e8-97c8-3b85dc33946a",
            "3e7ad36a-89d2-443d-81e4-fe597ea8654e",
            "946ee141-395c-475b-9757-c25a719cb598",
            "6e869233-881b-4105-a3b5-a4ede588a7a7",
            "4e5994a3-1534-4c13-b285-8a6c8676098b",
            "27f98665-3036-4a24-b79f-b7f648a61f83",
            "b1db415c-c2ef-454a-b335-88ef2822ec45",
            "3a6b9b06-2746-40de-9dfb-91a4d23cd350",
            "a0d62242-78d6-468f-ad09-66818325197d",
            "29c5c1f8-e2a3-471f-b91b-a67075355020",
            "c7a8fec9-5206-4976-839f-415d87a5f01e",
            "a0bdccda-08b6-4d0a-84a0-47f930460dcb",
            "e9fba316-ea4f-45c0-8ed5-dc25f6b194dd",
            "b84b0074-6c85-41ea-ae72-790f47655978",
            "3e44c0d1-8013-4d0e-8965-d6ac8134670b",
            "c3a46f37-f18c-4af1-9063-d05fb143c10d",
            "38dbd035-7d55-4f6b-b4ba-444938d14fd2",
            "c77e2968-45a8-4d85-8d1c-c4254eab5b38",
            "82b21fe3-65a1-4060-babc-fd5791f6a5fd",
            "7df625e6-d718-4353-8699-2c1b73295364",
            "93ab40db-1c9f-4895-8564-fa8377ebd200",
            "5ba33290-ded2-4616-8a44-7b657ef22a2a",
            "a84fe220-ed12-4729-96f5-413fcde8e1c6",
            "9f0a308c-9b74-4953-884e-428a14a624ed",
            "d442e3c4-455a-47ec-8c03-d24edea55cda",
            "df7d3d95-e751-4e43-9f43-2294a953ea45",
            "8613b2ee-abb9-427d-9ef2-4be1e85ae0a9",
            "271dedb9-636c-4480-a2a3-de74fb8f3cda",
            "00dd6904-a4bc-4187-9699-e724285561bd",
            "d561d74e-e27c-446d-9355-3dc5c5db7808",
            "98d2cfb4-d85e-457c-a709-d2c5d4b1d955",
            "d215832f-bd57-49d7-9445-b6cb3a98d60e",
            "90dd18ec-262b-4a17-be1a-e1355b8de05d",
            "0af6ad9c-fd2b-4810-9076-bba956b37b22",
            "1622666b-822d-4f7a-a246-bba29b570402",
            "85623b34-b2af-4e00-9227-2292800e3f2a",
            "91c6dfac-fee4-4c50-980d-b5508bd1a77e",
            "8c46a123-53a2-4b04-b96e-709d99a081f8",
            "84f4c3c4-812a-4d8e-846f-b027f7f26359",
            "8b2fa7a3-72b0-44e6-9797-eec33d5b3257",
            "64313570-918d-4026-a611-30910986311f",
            "8ba37c6c-9d3a-45e1-88c3-370d610e5ee0",
            "950d5cb6-3cbe-4864-b239-b86fcf5f0ff9",
            "78f3f9ad-38a8-45cf-835a-6576b648bc50",
            "07d4c7d6-e5db-46f8-8f3c-bbe093528d41",
            "a825d702-00a1-428a-92cc-1918a3a8e209",
            "caa0271f-7fab-4547-bead-27213097ad26",
            "6bc88d54-375b-4e96-8a25-84d2e7634c84",
            "0c701898-cf46-4605-9548-298002d84ef4",
            "9e8aaa57-8a89-4485-8614-e3dd12b6cb83"
          ],
          "failures": [],
          "pending": [],
          "skipped": [],
          "duration": 3848899,
          "root": false,
          "rootEmpty": false,
          "_timeout": 2000
        }
      ],
      "passes": [],
      "failures": [],
      "pending": [],
      "skipped": [],
      "duration": 0,
      "root": true,
      "rootEmpty": true,
      "_timeout": 2000
    }
  ],
  "meta": {
    "mocha": {
      "version": "7.0.1"
    },
    "mochawesome": {
      "options": {
        "quiet": false,
        "reportFilename": "mochawesome",
        "saveHtml": true,
        "saveJson": true,
        "consoleReporter": "spec",
        "useInlineDiffs": false,
        "code": true
      },
      "version": "5.0.0"
    },
    "marge": {
      "options": null,
      "version": "4.1.0"
    }
  }
}