{
  "stats": {
    "suites": 1,
    "tests": 4,
    "passes": 4,
    "pending": 0,
    "failures": 0,
    "start": "2020-07-01T07:05:39.319Z",
    "end": "2020-07-01T07:07:45.420Z",
    "duration": 126101,
    "testsRegistered": 4,
    "passPercent": 100,
    "pendingPercent": 0,
    "other": 0,
    "hasOther": false,
    "skipped": 0,
    "hasSkipped": false
  },
  "results": [
    {
      "uuid": "add7f882-12f7-4468-a165-36a4045a76c3",
      "title": "",
      "fullFile": "cypress\\integration\\happyPath\\INVFullTest.spec.js",
      "file": "cypress\\integration\\happyPath\\INVFullTest.spec.js",
      "beforeHooks": [],
      "afterHooks": [],
      "tests": [],
      "suites": [
        {
          "uuid": "47cc3380-56d0-4a10-a1c7-1386841d382f",
          "title": "INV Module Regression Test Suite",
          "fullFile": "",
          "file": "",
          "beforeHooks": [],
          "afterHooks": [],
          "tests": [
            {
              "title": "TC_01. User: Create Entitlement Item Requisition.",
              "fullTitle": "INV Module Regression Test Suite TC_01. User: Create Entitlement Item Requisition.",
              "timedOut": null,
              "duration": 45963,
              "state": "passed",
              "speed": "slow",
              "pass": true,
              "fail": false,
              "pending": false,
              "context": null,
              "code": "cy.login(this.inv.UserID, this.inv.UserPassword);\ndashboardPage.getINVAvatar().click();\ncy.wait(3000);\nleftNavMenu.getDropDownMenu().contains('ব্যবহারকারী').click();\ncy.wait(1000);\nleftNavMenu.getItemRequisition().should('include.text', 'মালামালের চাহিদাপত্র').click();\ncy.wait(3000);\nitemRequisitionListPage.getPageTitle().should('include.text', 'মালামালের চাহিদাপত্র');\nitemRequisitionPage.getItemRequisitionButton().should('include.text', 'মালামালের চাহিদাপত্র').click(); //মালামালের চাহিদাপত্র button\ncy.wait(2000);\nitemRequisitionPage.getRequisitionReferenceNoField().should('have.attr', 'placeholder', 'Please type requisition ref no here').clear().type(this.inv.RequisitionReferenceNo).should('have.value', this.inv.RequisitionReferenceNo);\ncy.wait(1000);\nitemRequisitionPage.getItemsButton().should('include.text', 'দ্রব্যাদি').click(); //দ্রব্যাদি button\ncy.wait(2000);\nitemRequisitionPage.getPopUpCardHeader().should('include.text', 'আইটেম অনুসন্ধান');\nitemRequisitionPage.getCategoryTypeDropDown().click(); //ক্যাটাগরি টাইপ drop-down\nitemRequisitionPage.getDropDownItems().contains(this.inv.CategoryType).click();\ncy.wait(1000);\nitemRequisitionPage.getItemNameSearchField().should('not.have.attr', 'placeholder', 'আইটেম নাম লিখুন ').type(this.inv.ItemName).should('have.value', this.inv.ItemName);\ncy.wait(1000);\nitemRequisitionPage.getItemNameSearchButton().should('include.text', 'অনুসন্ধান').click();\ncy.wait(1000);\nitemRequisitionPage.getFeaturesPlusIcon().click();\ncy.wait(1000);\nitemRequisitionPage.getPopUpCardHeader().should('include.text', 'বৈশিষ্ট্য বাছাই করুন');\nitemRequisitionPage.getFeaturesNameDropDown().click();\nitemRequisitionPage.getDropDownItems().contains(this.inv.FeaturesName).click();\ncy.wait(1000);\nitemRequisitionPage.getFeaturesValueDropDown().click();\nitemRequisitionPage.getValueDropDownItems().contains(this.inv.FeaturesValue).click();\ncy.wait(1000);\nitemRequisitionPage.getFeaturesAddPlusButton().click();\ncy.wait(1000);\nitemRequisitionPage.getSubmitButton().should('include.text', 'দাখিল করুন').click();\ncy.wait(1000);\nitemRequisitionPage.getQuantityField().first().type(this.inv.ItemRequisitionQuantity).should('have.value', this.inv.ItemRequisitionQuantity);\ncy.wait(2000);\nitemRequisitionPage.getItemAddPlusButton().first().click();\ncy.wait(2000);\nitemRequisitionPage.getModalCloseButton().should('include.text', 'বন্ধ করুন').click();\ncy.wait(1000);\nitemRequisitionPage.getSaveSendButton().should('include.text', 'সংরক্ষণ ও প্রেরণ করুন').click();\ncy.wait(6000);",
              "err": {},
              "uuid": "9068a7a0-7d5a-4015-9f11-976b59162b55",
              "parentUUID": "47cc3380-56d0-4a10-a1c7-1386841d382f",
              "isHook": false,
              "skipped": false
            },
            {
              "title": "TC_. Store Admin: Approval the Item Requisition.",
              "fullTitle": "INV Module Regression Test Suite TC_. Store Admin: Approval the Item Requisition.",
              "timedOut": null,
              "duration": 32560,
              "state": "passed",
              "speed": "slow",
              "pass": true,
              "fail": false,
              "pending": false,
              "context": null,
              "code": "var _this = this;\ncy.login(this.inv.StoreAdminID, this.inv.StoreAdminPassword);\ndashboardPage.getINVAvatar().click();\ncy.wait(3000);\nleftNavMenu.getDropDownMenu().contains('অনুমোদন অপেক্ষমান').click();\ncy.wait(1000);\nleftNavMenu.getItemRequisition_PendingApproval().should('include.text', 'মালামালের চাহিদাপত্র').click();\ncy.wait(3000);\nitemRequisitionListPage.getPageTitle().should('include.text', 'অপেক্ষমান মালামালের চাহিদাপত্র');\nitemRequisitionListPage.getCardRows().each(function ($el, index, $list) //Select the desired রিকুইজিশন রেফারেন্স নং\n{\n  var textReference = $el.find('td').text();\n  if (textReference.includes(_this.inv.RequisitionReferenceNo)) {\n    $el.find('td button.btn-outline-info').click();\n  }\n});\ncy.wait(2000);\nitemRequisitionListPage.getProcessButton().click();\ncy.wait(3000);\nitemRequisitionPage.getPopUpCardHeader().should('include.text', 'অনুমোদন প্রক্রিয়া');\nitemRequisitionListPage.getRequisitionCommentField().should('have.attr', 'placeholder', 'মন্তব্য').type(this.inv.RequisitionComment).should('have.value', this.inv.RequisitionComment);\ncy.wait(1000);\nitemRequisitionListPage.getApprovalButton().should('include.text', 'অনুমোদন করুন').click();\ncy.wait(2000);\nitemRequisitionPage.getPopUpCardHeader().should('include.text', 'নিশ্চিত করুন');\nitemRequisitionListPage.getYesButton().should('include.text', 'হ্যাঁ').click();\ncy.wait(2000); //itemRequisitionPage.getPopUpCardHeader().should('include.text', 'অনুরোধ নিশ্চিতকরণ')\nitemRequisitionListPage.getSaveButton().should('include.text', 'সংরক্ষন করুন').click();\ncy.wait(6000);",
              "err": {},
              "uuid": "576f92a8-9e85-4426-9365-3b6f5a94bb4c",
              "parentUUID": "47cc3380-56d0-4a10-a1c7-1386841d382f",
              "isHook": false,
              "skipped": false
            },
            {
              "title": "TC_. Store Keeper: Issue the Approval Item Requisition.",
              "fullTitle": "INV Module Regression Test Suite TC_. Store Keeper: Issue the Approval Item Requisition.",
              "timedOut": null,
              "duration": 26979,
              "state": "passed",
              "speed": "slow",
              "pass": true,
              "fail": false,
              "pending": false,
              "context": null,
              "code": "var _this2 = this;\ncy.login(this.inv.StoreKeeperID, this.inv.StoreKeeperPassword);\ndashboardPage.getINVAvatar().click();\ncy.wait(3000);\nleftNavMenu.getDropDownMenu().contains('স্টোর কিপিং').click();\ncy.wait(1000);\nleftNavMenu.getIssueItem_StoreKeeping().should('include.text', 'ইস্যু আইটেম').click();\ncy.wait(4000);\nitemRequisitionListPage.getPageTitle().should('include.text', 'জারিকৃত নয়'); //issueItemPage.getSearchField().should('have.attr', 'placeholder', 'নাম দ্বারা অনুসন্ধান করুন ').type(this.inv.UserName)\n//cy.wait(1000)\nitemRequisitionListPage.getCardRows().each(function ($el, index, $list) //Select the desired রিকুইজিশন রেফারেন্স নং\n{\n  var textReference = $el.find('td').text();\n  if (textReference.includes(_this2.inv.RequisitionReferenceNo)) {\n    $el.find('td button.btn-outline-info').click();\n  }\n});\ncy.wait(2000);\nissueItemPage.getPageTitle().should('include.text', 'ইস্যু আইটেম');\nissueItemPage.getIssueItemButton().should('include.text', 'ইস্যু আইটেম').click();\ncy.wait(2000);\nissueItemPage.getPopUpTitle().should('include.text', 'দ্রব্য ইস্যু');\nissueItemPage.getIssueIButton().should('include.text', 'ইস্যু').click();\ncy.wait(6000);",
              "err": {},
              "uuid": "e32edc3a-d502-4b7d-935e-fafdb9e50bb2",
              "parentUUID": "47cc3380-56d0-4a10-a1c7-1386841d382f",
              "isHook": false,
              "skipped": false
            },
            {
              "title": "TC_0. User: Verify the Entitlement Item Requisition is Issued.",
              "fullTitle": "INV Module Regression Test Suite TC_0. User: Verify the Entitlement Item Requisition is Issued.",
              "timedOut": null,
              "duration": 18668,
              "state": "passed",
              "speed": "slow",
              "pass": true,
              "fail": false,
              "pending": false,
              "context": null,
              "code": "var _this3 = this;\ncy.login(this.inv.UserID, this.inv.UserPassword);\ndashboardPage.getINVAvatar().click();\ncy.wait(3000);\nleftNavMenu.getDropDownMenu().contains('ব্যবহারকারী').click();\ncy.wait(1000);\nleftNavMenu.getItemRequisition().should('include.text', 'মালামালের চাহিদাপত্র').click();\ncy.wait(3000);\nitemRequisitionListPage.getPageTitle().should('include.text', 'মালামালের চাহিদাপত্র');\nitemRequisitionPage.getTabMenus().contains('ইস্যুকৃত').click(); //মালামালের চাহিদাপত্র button\ncy.wait(2500);\ncy.get('tr td:nth-child(1)').each(function ($e1, index, $list) {\n  var ReqNoText = $e1.text();\n  if (ReqNoText.includes(_this3.inv.RequisitionReferenceNo)) {\n    cy.get('tr td:nth-child(1)').eq(index).next().next().next().next().then(function (ItemReq) {\n      var ReqText = ItemReq.text();\n      expect(ReqText).to.equal('ইস্যুকৃত');\n    });\n  }\n});\ncy.wait(1500);",
              "err": {},
              "uuid": "15cf2824-2c0d-49ed-8152-7dde63bb9b63",
              "parentUUID": "47cc3380-56d0-4a10-a1c7-1386841d382f",
              "isHook": false,
              "skipped": false
            }
          ],
          "suites": [],
          "passes": [
            "9068a7a0-7d5a-4015-9f11-976b59162b55",
            "576f92a8-9e85-4426-9365-3b6f5a94bb4c",
            "e32edc3a-d502-4b7d-935e-fafdb9e50bb2",
            "15cf2824-2c0d-49ed-8152-7dde63bb9b63"
          ],
          "failures": [],
          "pending": [],
          "skipped": [],
          "duration": 124170,
          "root": false,
          "rootEmpty": false,
          "_timeout": 2000
        }
      ],
      "passes": [],
      "failures": [],
      "pending": [],
      "skipped": [],
      "duration": 0,
      "root": true,
      "rootEmpty": true,
      "_timeout": 2000
    }
  ],
  "meta": {
    "mocha": {
      "version": "7.0.1"
    },
    "mochawesome": {
      "options": {
        "quiet": false,
        "reportFilename": "mochawesome",
        "saveHtml": true,
        "saveJson": true,
        "consoleReporter": "spec",
        "useInlineDiffs": false,
        "code": true
      },
      "version": "5.0.0"
    },
    "marge": {
      "options": null,
      "version": "4.1.0"
    }
  }
}