{
  "stats": {
    "suites": 1,
    "tests": 69,
    "passes": 63,
    "pending": 0,
    "failures": 6,
    "start": "2020-05-12T11:46:37.901Z",
    "end": "2020-05-12T12:42:52.457Z",
    "duration": 3374556,
    "testsRegistered": 69,
    "passPercent": 91.30434782608695,
    "pendingPercent": 0,
    "other": 0,
    "hasOther": false,
    "skipped": 0,
    "hasSkipped": false
  },
  "results": [
    {
      "uuid": "f6322cb6-f6de-4113-a02d-547ab53ac312",
      "title": "",
      "fullFile": "cypress\\integration\\happyPath\\ASTFullTest.spec.js",
      "file": "cypress\\integration\\happyPath\\ASTFullTest.spec.js",
      "beforeHooks": [],
      "afterHooks": [],
      "tests": [],
      "suites": [
        {
          "uuid": "f6478a43-a8e1-47e0-8413-1adc0d766b96",
          "title": "AST Module Regression Test Suite",
          "fullFile": "",
          "file": "",
          "beforeHooks": [],
          "afterHooks": [],
          "tests": [
            {
              "title": "TC_1. Store Keeper: Material Receive.",
              "fullTitle": "AST Module Regression Test Suite TC_1. Store Keeper: Material Receive.",
              "timedOut": null,
              "duration": 50823,
              "state": "passed",
              "speed": "slow",
              "pass": true,
              "fail": false,
              "pending": false,
              "context": null,
              "code": "var _this = this;\ncy.login(this.ast.storeKeeperID, this.ast.storeKeeperPassword);\ndashboardPage.getASTAvatar().click();\ncy.wait(3000);\nleftNavMenu.getDropDownMenu().contains('স্টোর কিপিং').click();\ncy.wait(1000);\nleftNavMenu.getDropDownMenu().contains('অর্ডার সমূহ').click();\ncy.wait(1000);\nleftNavMenu.getReceiveGoodsSubMenu().contains('পণ্য গ্রহণ').click();\ncy.wait(3000);\nreceiveGoodsPage.getStoreNameTab().contains(this.ast.storeName).click();\ncy.wait(3000);\nreceiveGoodsPage.getCardHeader().should('include.text', 'পারচেজ অর্ডারের তালিকা');\nreceiveGoodsPage.getCardRows().each(function ($el, index, $list) //Select the desired প্রকিউরমেন্ট রেফারেন্স নং\n{\n  var textReferenceNo = $el.find('td.e-rowcell[aria-label]').text();\n  if (textReferenceNo.includes(_this.prc.DCPReferenceNo)) {\n    $el.find('td button mat-icon').click();\n  }\n});\ncy.wait(3000); //receiveGoodsPage.getCardHeader().should('include.text', 'ম্যাটেরিয়াল রিসেপশন তৈরি করুন')\n//receiveGoodsPage.getThirdCardHeader().should('include.text', 'চালানের তথ্য প্রবেশ করুন')\nreceiveGoodsPage.getChalanNoInputField().should('have.attr', 'placeholder', 'চালান নং').click().type(this.ast.chalanNo).should('have.value', this.ast.chalanNo);\ncy.wait(2000);\nreceiveGoodsPage.getCalendarIcon().click(); //চালানের তারিখ\ncy.wait(1000);\ncy.calendar(this.ast.chalanYear, this.ast.chalanMonth, this.ast.chalanDay);\nreceiveGoodsPage.getCardFooterFourthButton().should('include.text', 'গ্রহণ এবং ইন্সপেকশনের জন্য প্রেরণ করুন').click();\ncy.wait(2000);\nreceiveGoodsPage.getConfirmPopUpHeader().should('include.text', 'নিশ্চিত করুন');\nreceiveGoodsPage.getConfirmPopUpYesButton().should('include.text', 'হ্যাঁ').click();\ncy.wait(6000);",
              "err": {},
              "uuid": "d26b5f7b-2746-4434-869c-a7684c235d6a",
              "parentUUID": "f6478a43-a8e1-47e0-8413-1adc0d766b96",
              "isHook": false,
              "skipped": false
            },
            {
              "title": "TC_2. Store Admin: Inspector Assign for Material Receive.",
              "fullTitle": "AST Module Regression Test Suite TC_2. Store Admin: Inspector Assign for Material Receive.",
              "timedOut": null,
              "duration": 47099,
              "state": "passed",
              "speed": "slow",
              "pass": true,
              "fail": false,
              "pending": false,
              "context": null,
              "code": "cy.login(this.ast.storeAdminID, this.ast.storeAdminPassword);\ndashboardPage.getASTAvatar().click();\ncy.wait(3000);\nleftNavMenu.getDropDownMenu().contains('ইন্সপেকশন').click();\ncy.wait(1000);\nleftNavMenu.getInspectionUnassignedSubMenu().should('include.text', 'পরিদর্শক নির্ধারণ').click();\ncy.wait(3000);\nreceiveGoodsPage.getStoreNameTab().contains(this.ast.storeName).click();\ncy.wait(3000);\nreceiveGoodsPage.getCardHeader().should('include.text', 'পরিদর্শক নির্ধারণ');\ncy.inspection(this.ast.chalanNo); //চালান নং\ncy.wait(3000);\nreceiveGoodsPage.getCardHeader().should('include.text', 'ম্যাটেরিয়াল রিসেপশন');\nreceiveGoodsPage.getThirdCardHeader().should('include.text', 'ইন্সপেক্টর এসাইন করুন');\ninspectionUnassignedPage.getInspectorTypeField().should('have.attr', 'aria-label', 'পরিদর্শকের ধরণ').click();\ninspectionUnassignedPage.getDropDownItem().contains(this.ast.InspectorType).click();\ncy.wait(2000);\ninspectionUnassignedPage.getOfficeUnitField().should('have.attr', 'aria-label', 'শাখা').click();\ncy.wait(1000);\ninspectionUnassignedPage.getDropDownItem().contains(this.ast.OfficeUnit).click();\ncy.wait(2000);\ninspectionUnassignedPage.getInspectorField().should('have.attr', 'aria-label', 'পরিদর্শক').click();\ninspectionUnassignedPage.getDropDownItem().contains(this.ast.Inspector).click();\ncy.wait(2000);\nreceiveGoodsPage.getCardFooterFourthButton().should('include.text', 'প্রেরণ').click(); //Reuse from ReceiveGoods Page \ncy.wait(2000);\nreceiveGoodsPage.getConfirmPopUpHeader().should('include.text', 'নিশ্চিত করুন');\nreceiveGoodsPage.getConfirmPopUpYesButton().should('include.text', 'হ্যাঁ').click();\ncy.wait(6000);",
              "err": {},
              "uuid": "fcce1120-acb5-42ce-85b2-34fb26bf1a25",
              "parentUUID": "f6478a43-a8e1-47e0-8413-1adc0d766b96",
              "isHook": false,
              "skipped": false
            },
            {
              "title": "TC_3. Inspector: Inspect for Material Receive.",
              "fullTitle": "AST Module Regression Test Suite TC_3. Inspector: Inspect for Material Receive.",
              "timedOut": null,
              "duration": 32678,
              "state": "passed",
              "speed": "slow",
              "pass": true,
              "fail": false,
              "pending": false,
              "context": null,
              "code": "cy.login(this.ast.inspectorID, this.ast.inspectorPassword);\n/*\n//Select office if needed\ndashboardPage.getOfficePopUpHeader().should('include.text', 'অফিস/পদ নির্বাচন করুন')\ndashboardPage.getOfficeName().contains(this.ast.inspectorOffice).click()\ncy.wait(3000)\n*/\ndashboardPage.getASTAvatar().click();\ncy.wait(3000);\nleftNavMenu.getDropDownMenu().contains('ইন্সপেকশন').click();\ncy.wait(1000);\nleftNavMenu.getInspectionAssignedSubMenu().should('include.text', 'নির্ধারিত পরিদর্শন').click();\ncy.wait(3000);\nreceiveGoodsPage.getCardHeader().should('include.text', 'নির্ধারিত পরিদর্শন');\ncy.inspection(this.ast.chalanNo); //চালান নং\ncy.wait(3000);\nreceiveGoodsPage.getCardHeader().should('include.text', 'ইন্সপেকশনের ফলাফল সেট করুন');\ninspectionAssignedPage.getRemarksField().click().type(this.ast.InspectorRemarks).should('have.value', this.ast.InspectorRemarks);\ncy.wait(2000);\n/*\nconst fileName = 'TestFile.pdf';\ninspectionAssignedPage.getQCReportButton().attachFile(fileName);      //File Upload\ncy.wait(4000)\n*/\nreceiveGoodsPage.getCardFooterFourthButton().should('include.text', 'দাখিল করুন').click(); //Reuse from ReceiveGoods Page \ncy.wait(2000);\nreceiveGoodsPage.getConfirmPopUpHeader().should('include.text', 'নিশ্চিত করুন');\nreceiveGoodsPage.getConfirmPopUpYesButton().should('include.text', 'হ্যাঁ').click();\ncy.wait(6000);",
              "err": {},
              "uuid": "7e968b53-4103-4147-b17f-efc0505a0c08",
              "parentUUID": "f6478a43-a8e1-47e0-8413-1adc0d766b96",
              "isHook": false,
              "skipped": false
            },
            {
              "title": "TC_4. Store Admin: Inspection Approval for Material Receive.",
              "fullTitle": "AST Module Regression Test Suite TC_4. Store Admin: Inspection Approval for Material Receive.",
              "timedOut": null,
              "duration": 33485,
              "state": "passed",
              "speed": "slow",
              "pass": true,
              "fail": false,
              "pending": false,
              "context": null,
              "code": "cy.login(this.ast.storeAdminID, this.ast.storeAdminPassword); //Select office code here if the user have multiple office \ndashboardPage.getASTAvatar().click();\ncy.wait(3000);\nleftNavMenu.getDropDownMenu().contains('অনুমোদন অপেক্ষমান').click();\ncy.wait(1000);\nleftNavMenu.getInspectedSubMenu().should('include.text', 'পরিদর্শনকৃত').click();\ncy.wait(3000);\nreceiveGoodsPage.getStoreNameTab().contains(this.ast.storeName).click();\ncy.wait(2000);\nreceiveGoodsPage.getCardHeader().should('include.text', 'পরিদর্শনকৃত');\ncy.inspection(this.ast.chalanNo); //চালান নং\ncy.wait(3000);\nreceiveGoodsPage.getCardHeader().should('include.text', 'প্রাপ্তিযোগ্য পরিমাণগুলি সেট করুন');\ninspectedPage.getCardFooterFourthButton().should('include.text', 'অনুমোদন করুন').click(); //Reuse from inspected Page  \ncy.wait(2000);\nreceiveGoodsPage.getConfirmPopUpHeader().should('include.text', 'নিশ্চিত করুন');\nreceiveGoodsPage.getConfirmPopUpYesButton().should('include.text', 'হ্যাঁ').click();\ncy.wait(6000);",
              "err": {},
              "uuid": "1b8673c5-763e-45b0-bf1b-085c2af67443",
              "parentUUID": "f6478a43-a8e1-47e0-8413-1adc0d766b96",
              "isHook": false,
              "skipped": false
            },
            {
              "title": "TC_5. Store Keeper: Asset Tagging (Material Receive Asset).",
              "fullTitle": "AST Module Regression Test Suite TC_5. Store Keeper: Asset Tagging (Material Receive Asset).",
              "timedOut": null,
              "duration": 120811,
              "state": "passed",
              "speed": "slow",
              "pass": true,
              "fail": false,
              "pending": false,
              "context": null,
              "code": "var _this2 = this;\ncy.login(this.ast.storeKeeperID, this.ast.storeKeeperPassword);\ndashboardPage.getASTAvatar().click();\ncy.wait(3000);\nleftNavMenu.getDropDownMenu().contains('স্টোর কিপিং').click();\ncy.wait(1000);\nleftNavMenu.getAssetTaggingSubMenu().should('include.text', 'সম্পদ ট্যাগিং').click();\ncy.wait(3000);\nreceiveGoodsPage.getStoreNameTab().contains(this.ast.storeName).click(); //Select Store\ncy.wait(3000);\nreceiveGoodsPage.getCardHeader().should('include.text', 'ট্যাগিংয়ের জন্য সম্পদের তালিকা');\nreceiveGoodsPage.getCardRows().each(function ($el, index, $list) //Select the desired চালান নং\n{\n  var textChalanNo = $el.find('td.e-rowcell[aria-label]').text();\n  if (textChalanNo.includes(_this2.ast.chalanNo)) {\n    $el.find('td button mat-icon').click();\n  }\n});\ncy.wait(3000);\nreceiveGoodsPage.getCardHeader().should('include.text', 'সম্পদ ট্যাগ');\nreceiveGoodsPage.getSecondCardHeader().should('include.text', 'পণ্য সমূহ');\nassetTaggingPage.getSetTagsButton().click();\ncy.wait(3000);\nassetTaggingPage.getTagInputField().clear().type(this.ast.assetTagNo).should('have.value', this.ast.assetTagNo);\ncy.wait(1000);\nassetTaggingPage.getTagInputField2().clear().type(this.ast.assetTagNo2).should('have.value', this.ast.assetTagNo2);\ncy.wait(1000);\nassetTaggingPage.getTagInputField3().clear().type(this.ast.assetTagNo3).should('have.value', this.ast.assetTagNo3);\ncy.wait(1000);\nassetTaggingPage.getTagInputField4().clear().type(this.ast.assetTagNo4).should('have.value', this.ast.assetTagNo4);\ncy.wait(1000);\nassetTaggingPage.getTagInputField5().clear().type(this.ast.assetTagNo5).should('have.value', this.ast.assetTagNo5);\ncy.wait(1000);\nassetTaggingPage.getTagInputField6().clear().type(this.ast.assetTagNo6).should('have.value', this.ast.assetTagNo6);\ncy.wait(1000);\nassetTaggingPage.getTagInputField7().clear().type(this.ast.assetTagNo7).should('have.value', this.ast.assetTagNo7);\ncy.wait(1000);\nassetTaggingPage.getTagInputField8().clear().type(this.ast.assetTagNo8).should('have.value', this.ast.assetTagNo8);\ncy.wait(1000);\nassetTaggingPage.getTagInputField9().clear().type(this.ast.assetTagNo9).should('have.value', this.ast.assetTagNo9);\ncy.wait(1000);\nassetTaggingPage.getTagInputField10().clear().type(this.ast.assetTagNo10).should('have.value', this.ast.assetTagNo10);\ncy.wait(1000);\nassetTaggingPage.getTagInputField11().clear().type(this.ast.assetTagNo11).should('have.value', this.ast.assetTagNo11);\ncy.wait(1000);\nassetTaggingPage.getLifeTimeInputField().type(this.ast.assetLifeTime).should('have.value', this.ast.assetLifeTime);\ncy.wait(1000);\nassetTaggingPage.getSecondLifeTimeInputField().click();\ncy.wait(2500);\nassetTaggingPage.getTagSaveButton().should('include.text', 'দাখিল করুন').click();\ncy.wait(2000);\nreceiveGoodsPage.getConfirmPopUpHeader().should('include.text', 'নিশ্চিত করুন');\nreceiveGoodsPage.getConfirmPopUpYesButton().should('include.text', 'হ্যাঁ').click();\ncy.wait(6000);",
              "err": {},
              "uuid": "d55f5ba3-50e0-43ee-980e-5fab5ebf1d1e",
              "parentUUID": "f6478a43-a8e1-47e0-8413-1adc0d766b96",
              "isHook": false,
              "skipped": false
            },
            {
              "title": "TC_6. Store Keeper: Direct in request and send for approval.",
              "fullTitle": "AST Module Regression Test Suite TC_6. Store Keeper: Direct in request and send for approval.",
              "timedOut": null,
              "duration": 66819,
              "state": "passed",
              "speed": "slow",
              "pass": true,
              "fail": false,
              "pending": false,
              "context": null,
              "code": "var _this3 = this;\ncy.login(this.ast.storeKeeperID, this.ast.storeKeeperPassword);\ndashboardPage.getASTAvatar().click();\ncy.wait(3000);\nleftNavMenu.getDropDownMenu().contains('স্টোর কিপিং').click();\ncy.wait(1000);\nleftNavMenu.getDirectInSubMenu().should('include.text', 'সরাসরি গ্রহণ').click();\ncy.wait(3000);\nreceiveGoodsPage.getStoreNameTab().contains(this.ast.storeName).click(); //Select Store\ncy.wait(3000);\nreceiveGoodsPage.getCardHeader().should('include.text', 'বিদ্যমান সরাসরি গ্রহণ');\ndirectInPage.getAddButtonFirstStore().click();\nreceiveGoodsPage.getCardHeader().should('include.text', 'সরাসরি গ্রহণ তৈরি করুন');\ndirectInPage.getReferenceNoField().should('have.attr', 'placeholder', 'রেফারেন্স নং').clear().type(this.ast.DIReferenceNo).should('have.value', this.ast.DIReferenceNo);\ncy.wait(2000);\ndirectInPage.getReceptionTypeField().should('have.attr', 'placeholder', 'গ্রহণের ধরণ').click().type(this.ast.DIReceptionType).should('have.value', this.ast.DIReceptionType);\ncy.wait(2000);\ndirectInPage.getJustificationField().should('have.attr', 'placeholder', 'ন্যায্যতা').click().type(this.ast.DIJustification).should('have.value', this.ast.DIJustification);\ncy.wait(2000);\ndirectInPage.getAddItemPlusButtonForFirstStore().click(); //পণ্য যোগ করুন \ncy.wait(3000);\ndirectInPage.getItemCategoryField().should('have.attr', 'aria-label', 'ক্যাটাগরি').click();\ninspectionUnassignedPage.getDropDownItem().contains(this.ast.ItemCategory).click();\ncy.wait(2000);\nreceiveGoodsPage.getCardRows().each(function ($el, index, $list) //Select the desired পণ্যের নাম\n{\n  var textItemName = $el.find('td.e-rowcell[aria-label]').text();\n  if (textItemName.includes(_this3.ast.ItemGroup)) {\n    $el.find('td button mat-icon:eq(1)').first().click();\n  }\n});\ncy.wait(3000);\ndirectInPage.getItemFeaturesHeader().should('include.text', 'বৈশিষ্ট্য');\ndirectInPage.getItemsDropDownField().click();\ninspectionUnassignedPage.getDropDownItem().contains(this.ast.ItemName).first().click();\ncy.wait(2000);\ndirectInPage.getAddFeaturesButton().should('include.text', 'বৈশিষ্ট্য যোগ করুন').click();\ncy.wait(2000);\ndirectInPage.getAddItemButton().click();\ncy.wait(2000);\nreceiveGoodsPage.getCardFooterFourthButton().should('include.text', 'প্রেরণ').click();\ncy.wait(2000);\nreceiveGoodsPage.getConfirmPopUpHeader().should('include.text', 'নিশ্চিত করুন');\nreceiveGoodsPage.getConfirmPopUpYesButton().should('include.text', 'হ্যাঁ').click();\ncy.wait(6000);",
              "err": {},
              "uuid": "8a2b0b22-7803-43e2-9d47-effe32f4483b",
              "parentUUID": "f6478a43-a8e1-47e0-8413-1adc0d766b96",
              "isHook": false,
              "skipped": false
            },
            {
              "title": "TC_7. Store Admin: Inspector Assign for Direct In.",
              "fullTitle": "AST Module Regression Test Suite TC_7. Store Admin: Inspector Assign for Direct In.",
              "timedOut": null,
              "duration": 44605,
              "state": "passed",
              "speed": "slow",
              "pass": true,
              "fail": false,
              "pending": false,
              "context": null,
              "code": "cy.login(this.ast.storeAdminID, this.ast.storeAdminPassword);\ndashboardPage.getASTAvatar().click();\ncy.wait(3000);\nleftNavMenu.getDropDownMenu().contains('ইন্সপেকশন').click();\ncy.wait(1000);\nleftNavMenu.getInspectionUnassignedSubMenu().should('include.text', 'পরিদর্শক নির্ধারণ').click();\ncy.wait(3000);\nreceiveGoodsPage.getStoreNameTab().contains(this.ast.storeName).click();\ncy.wait(3000);\nreceiveGoodsPage.getCardHeader().should('include.text', 'পরিদর্শক নির্ধারণ');\ncy.inspection(this.ast.DIReferenceNo); //রেফারেন্স নং\ncy.wait(3000);\nreceiveGoodsPage.getCardHeader().should('include.text', 'সরাসরি গ্রহণ');\nreceiveGoodsPage.getThirdCardHeader().should('include.text', 'ইন্সপেক্টর এসাইন করুন');\ninspectionUnassignedPage.getInspectorTypeField().should('have.attr', 'aria-label', 'পরিদর্শকের ধরণ').click();\ninspectionUnassignedPage.getDropDownItem().contains(this.ast.InspectorType).click();\ncy.wait(2000);\ninspectionUnassignedPage.getOfficeUnitField().should('have.attr', 'aria-label', 'শাখা').click();\ninspectionUnassignedPage.getDropDownItem().contains(this.ast.OfficeUnit).click();\ncy.wait(2000);\ninspectionUnassignedPage.getInspectorField().should('have.attr', 'aria-label', 'পরিদর্শক').click();\ninspectionUnassignedPage.getDropDownItem().contains(this.ast.Inspector).click();\ncy.wait(2000);\nreceiveGoodsPage.getCardFooterFourthButton().should('include.text', 'প্রেরণ').click(); //Reuse from ReceiveGoods Page \ncy.wait(2000);\nreceiveGoodsPage.getConfirmPopUpHeader().should('include.text', 'নিশ্চিত করুন');\nreceiveGoodsPage.getConfirmPopUpYesButton().should('include.text', 'হ্যাঁ').click();\ncy.wait(6000);",
              "err": {},
              "uuid": "147b536f-25b4-4223-9fbf-cd2629ef4302",
              "parentUUID": "f6478a43-a8e1-47e0-8413-1adc0d766b96",
              "isHook": false,
              "skipped": false
            },
            {
              "title": "TC_8. Inspector: Inspect for Direct In.",
              "fullTitle": "AST Module Regression Test Suite TC_8. Inspector: Inspect for Direct In.",
              "timedOut": null,
              "duration": 32566,
              "state": "passed",
              "speed": "slow",
              "pass": true,
              "fail": false,
              "pending": false,
              "context": null,
              "code": "cy.login(this.ast.inspectorID, this.ast.inspectorPassword);\n/*\n//Select office if needed\ndashboardPage.getOfficePopUpHeader().should('include.text', 'অফিস/পদ নির্বাচন করুন')\ndashboardPage.getOfficeName().contains(this.ast.inspectorOffice).click()\ncy.wait(3000)\n*/\ndashboardPage.getASTAvatar().click();\ncy.wait(3000);\nleftNavMenu.getDropDownMenu().contains('ইন্সপেকশন').click();\ncy.wait(1000);\nleftNavMenu.getInspectionAssignedSubMenu().should('include.text', 'নির্ধারিত পরিদর্শন').click();\ncy.wait(3000);\nreceiveGoodsPage.getCardHeader().should('include.text', 'নির্ধারিত পরিদর্শন');\ncy.inspection(this.ast.DIReferenceNo); //রেফারেন্স নং\ncy.wait(3000);\nreceiveGoodsPage.getCardHeader().should('include.text', 'ইন্সপেকশনের ফলাফল সেট করুন');\ninspectionAssignedPage.getRemarksField().click().type(this.ast.InspectorRemarks).should('have.value', this.ast.InspectorRemarks);\ncy.wait(2000);\n/*\nconst fileName = 'TestFile.pdf';\ninspectionAssignedPage.getQCReportButton().attachFile(fileName);      //File Upload\ncy.wait(4000)\n*/\nreceiveGoodsPage.getCardFooterFourthButton().should('include.text', 'দাখিল করুন').click(); //Reuse from ReceiveGoods Page \ncy.wait(2000);\nreceiveGoodsPage.getConfirmPopUpHeader().should('include.text', 'নিশ্চিত করুন');\nreceiveGoodsPage.getConfirmPopUpYesButton().should('include.text', 'হ্যাঁ').click();\ncy.wait(6000);",
              "err": {},
              "uuid": "4c9b0139-2e72-4114-95c2-0c81bf925b03",
              "parentUUID": "f6478a43-a8e1-47e0-8413-1adc0d766b96",
              "isHook": false,
              "skipped": false
            },
            {
              "title": "TC_9. Store Admin: Inspection Approval for Direct In.",
              "fullTitle": "AST Module Regression Test Suite TC_9. Store Admin: Inspection Approval for Direct In.",
              "timedOut": null,
              "duration": 32940,
              "state": "passed",
              "speed": "slow",
              "pass": true,
              "fail": false,
              "pending": false,
              "context": null,
              "code": "cy.login(this.ast.storeAdminID, this.ast.storeAdminPassword); //Select office code here if the user have multiple office \ndashboardPage.getASTAvatar().click();\ncy.wait(3000);\nleftNavMenu.getDropDownMenu().contains('অনুমোদন অপেক্ষমান').click();\ncy.wait(1000);\nleftNavMenu.getInspectedSubMenu().should('include.text', 'পরিদর্শনকৃত').click();\ncy.wait(3000);\nreceiveGoodsPage.getStoreNameTab().contains(this.ast.storeName).click();\ncy.wait(2000);\nreceiveGoodsPage.getCardHeader().should('include.text', 'পরিদর্শনকৃত');\ncy.inspection(this.ast.DIReferenceNo); //রেফারেন্স নং\ncy.wait(3000);\nreceiveGoodsPage.getCardHeader().should('include.text', 'প্রাপ্তিযোগ্য পরিমাণগুলি সেট করুন');\ninspectedPage.getCardFooterFourthButton().should('include.text', 'অনুমোদন করুন').click(); //Reuse from ReceiveGoods Page \ncy.wait(2000);\nreceiveGoodsPage.getConfirmPopUpHeader().should('include.text', 'নিশ্চিত করুন');\nreceiveGoodsPage.getConfirmPopUpYesButton().should('include.text', 'হ্যাঁ').click();\ncy.wait(6000);",
              "err": {},
              "uuid": "3a8ed7ff-ca28-49ff-b8fb-4f581ac6a131",
              "parentUUID": "f6478a43-a8e1-47e0-8413-1adc0d766b96",
              "isHook": false,
              "skipped": false
            },
            {
              "title": "TC_10. Store Keeper: Asset Tagging (Direct In Asset).",
              "fullTitle": "AST Module Regression Test Suite TC_10. Store Keeper: Asset Tagging (Direct In Asset).",
              "timedOut": null,
              "duration": 51469,
              "state": "passed",
              "speed": "slow",
              "pass": true,
              "fail": false,
              "pending": false,
              "context": null,
              "code": "var _this4 = this;\ncy.login(this.ast.storeKeeperID, this.ast.storeKeeperPassword);\ndashboardPage.getASTAvatar().click();\ncy.wait(3000);\nleftNavMenu.getDropDownMenu().contains('স্টোর কিপিং').click();\ncy.wait(1000);\nleftNavMenu.getAssetTaggingSubMenu().should('include.text', 'সম্পদ ট্যাগিং').click();\ncy.wait(3000);\nreceiveGoodsPage.getStoreNameTab().contains(this.ast.storeName).click(); //Select Store\ncy.wait(3000);\nreceiveGoodsPage.getCardHeader().should('include.text', 'ট্যাগিংয়ের জন্য সম্পদের তালিকা');\nreceiveGoodsPage.getCardRows().each(function ($el, index, $list) //Select the desired রেফারেন্স নং\n{\n  var textChalanNo = $el.find('td.e-rowcell[aria-label]').text();\n  if (textChalanNo.includes(_this4.ast.DIReferenceNo)) {\n    $el.find('td button mat-icon').click();\n  }\n});\ncy.wait(3000);\nreceiveGoodsPage.getCardHeader().should('include.text', 'সম্পদ ট্যাগ');\nreceiveGoodsPage.getSecondCardHeader().should('include.text', 'পণ্য সমূহ');\nassetTaggingPage.getSetTagsButton().click(); //Set Tag Button\ncy.wait(3000);\nassetTaggingPage.getTagInputField().clear().type(this.ast.DIassetTagNo).should('have.value', this.ast.DIassetTagNo);\ncy.wait(2000);\nassetTaggingPage.getBookValueInputField().click().type(this.ast.DIassetBookValue).should('have.value', this.ast.DIassetBookValue);\ncy.wait(2000);\nassetTaggingPage.getLifeTimeInputFieldDI().type(this.ast.assetLifeTime).should('have.value', this.ast.assetLifeTime);\ncy.wait(1000); //assetTaggingPage.getSecondLifeTimeInputField().click()\n//cy.wait(2500)\nassetTaggingPage.getTagSaveButton().should('include.text', 'দাখিল করুন').click(); //re-use from Asset Tagging Page\ncy.wait(2000);\nreceiveGoodsPage.getConfirmPopUpHeader().should('include.text', 'নিশ্চিত করুন');\nreceiveGoodsPage.getConfirmPopUpYesButton().should('include.text', 'হ্যাঁ').click();\ncy.wait(6000);",
              "err": {},
              "uuid": "495491e8-c117-46c3-b590-3c6bc893d6ef",
              "parentUUID": "f6478a43-a8e1-47e0-8413-1adc0d766b96",
              "isHook": false,
              "skipped": false
            },
            {
              "title": "TC_11. Store Keeper: Direct Out Request and Send for Approval.",
              "fullTitle": "AST Module Regression Test Suite TC_11. Store Keeper: Direct Out Request and Send for Approval.",
              "timedOut": null,
              "duration": 52763,
              "state": "passed",
              "speed": "slow",
              "pass": true,
              "fail": false,
              "pending": false,
              "context": null,
              "code": "cy.login(this.ast.storeKeeperID, this.ast.storeKeeperPassword);\ndashboardPage.getASTAvatar().click();\ncy.wait(3000);\nleftNavMenu.getDropDownMenu().contains('স্টোর কিপিং').click();\ncy.wait(1000);\nleftNavMenu.getDirectOutSubMenu().should('include.text', 'সরাসরি প্রদান').click();\ncy.wait(3000);\nreceiveGoodsPage.getStoreNameTab().contains(this.ast.storeName).click(); //Select Store\ncy.wait(3000);\nreceiveGoodsPage.getCardHeader().should('include.text', 'বিদ্যমান অনুরোধসমূহ');\ndirectInPage.getAddButtonFirstStore().click(); //directInPage.getAddButtonSecondStore().click()      //Re-use from Direct In Page\ncy.wait(3000);\ndirectOutPage.getPostOfficeTypeField().should('have.attr', 'aria-label', 'ধরণ').click();\ninspectionUnassignedPage.getDropDownItem().contains(this.ast.DOOfficePostType).click();\ncy.wait(2000);\ndirectOutPage.getOfficeUniteField().should('have.attr', 'aria-label', 'শাখা').click();\ncy.wait(1000);\ninspectionUnassignedPage.getDropDownItem().contains(this.ast.OfficeUnit).click();\ncy.wait(2000);\ndirectOutPage.getPostField().should('have.attr', 'aria-label', 'পদবি').click();\ninspectionUnassignedPage.getDropDownItem().contains(this.ast.DOPostPerson).click();\ncy.wait(2000); //New Tag search pop-up code will added here\ndirectOutPage.getTagInputField().should('have.attr', 'placeholder', 'ট্যাগ দিন').click().type(this.ast.DIassetTagNo).should('have.value', this.ast.DIassetTagNo);\ncy.wait(2000);\ndirectOutPage.getAddItemButton().should('include.text', 'পণ্য যোগ করুন').click(); //Re-use from Receive Goods Page\ncy.wait(3000);\ndirectOutPage.getSendForApprovalButton().should('include.text', 'অনুমোদনের জন্য প্রেরণ').click(); //Re-use from Receive Goods Page\ncy.wait(2000);\nreceiveGoodsPage.getConfirmPopUpHeader().should('include.text', 'নিশ্চিত করুন');\nreceiveGoodsPage.getConfirmPopUpYesButton().should('include.text', 'হ্যাঁ').click();\ncy.wait(6000);",
              "err": {},
              "uuid": "80f593a6-f606-4534-9b68-16e6a3e6a1e7",
              "parentUUID": "f6478a43-a8e1-47e0-8413-1adc0d766b96",
              "isHook": false,
              "skipped": false
            },
            {
              "title": "TC_12. Store Admin: Approves Direct Out with Proper Comments.",
              "fullTitle": "AST Module Regression Test Suite TC_12. Store Admin: Approves Direct Out with Proper Comments.",
              "timedOut": null,
              "duration": 37782,
              "state": "passed",
              "speed": "slow",
              "pass": true,
              "fail": false,
              "pending": false,
              "context": null,
              "code": "cy.login(this.ast.storeAdminID, this.ast.storeAdminPassword); //Select office code here if the user have multiple office \ndashboardPage.getASTAvatar().click();\ncy.wait(3000);\nleftNavMenu.getDropDownMenu().contains('অনুমোদন অপেক্ষমান').click();\ncy.wait(1000);\nleftNavMenu.getDirectOutSubMenuOfPendingApproval().should('include.text', 'সরাসরি প্রদান').click();\ncy.wait(3000);\nreceiveGoodsPage.getCardHeader().should('include.text', 'তালিকা');\ncy.inspection(this.ast.DOPostPerson); //Direct Out user Post\ncy.wait(3000);\ndirectOutPage.getDirectOutDetailsPageHeader().should('include.text', 'সরাসরি প্রদান বিস্তারিত');\ndirectOutPage.getDORemarksInputField().click().type(this.ast.ApprovalRemarks).should('have.value', this.ast.ApprovalRemarks);\ncy.wait(2000);\ninspectedPage.getCardFooterFourthButton().should('include.text', 'অনুমোদন করুন').click(); //Reuse from ReceiveGoods Page \ncy.wait(2000);\nreceiveGoodsPage.getConfirmPopUpHeader().should('include.text', 'নিশ্চিত করুন');\nreceiveGoodsPage.getConfirmPopUpYesButton().should('include.text', 'হ্যাঁ').click();\ncy.wait(6000);",
              "err": {},
              "uuid": "75760ea4-9fd8-44e5-b8b6-775bd9305e07",
              "parentUUID": "f6478a43-a8e1-47e0-8413-1adc0d766b96",
              "isHook": false,
              "skipped": false
            },
            {
              "title": "TC_13. AST User: Verify the User get the Item by Direct Out.",
              "fullTitle": "AST Module Regression Test Suite TC_13. AST User: Verify the User get the Item by Direct Out.",
              "timedOut": null,
              "duration": 16053,
              "state": "passed",
              "speed": "slow",
              "pass": true,
              "fail": false,
              "pending": false,
              "context": null,
              "code": "var _this5 = this;\ncy.login(this.ast.officeAdminID, this.ast.officeAdminPassword); //Select office code here if the user have multiple office \ndashboardPage.getASTAvatar().click();\ncy.wait(3000);\nleftNavMenu.getMyAssetMenu().should('include.text', 'আমার অধিকৃত সম্পদসমূহ').click();\ncy.wait(3000);\nreceiveGoodsPage.getCardHeader().should('include.text', 'আমার অধিকৃত সম্পদসমূহ');\nreceiveGoodsPage.getCardRows().each(function ($el, index, $list) //Select the desired Tag No\n{\n  var textAssetTagNo = $el.find('td.e-rowcell[aria-label]').text();\n  if (textAssetTagNo.includes(_this5.ast.DIassetTagNo)) {\n    var tagText = $el.find('td.e-rowcell[aria-label]').text();\n    expect(tagText.includes(_this5.ast.DIassetTagNo)).to.be[\"true\"];\n  }\n});\ncy.wait(2000);",
              "err": {},
              "uuid": "f4f18522-dbc2-452d-bd52-2e21de67f711",
              "parentUUID": "f6478a43-a8e1-47e0-8413-1adc0d766b96",
              "isHook": false,
              "skipped": false
            },
            {
              "title": "TC_14. Asset user: Add Items for (Self) Requisition.",
              "fullTitle": "AST Module Regression Test Suite TC_14. Asset user: Add Items for (Self) Requisition.",
              "timedOut": null,
              "duration": 53349,
              "state": "passed",
              "speed": "slow",
              "pass": true,
              "fail": false,
              "pending": false,
              "context": null,
              "code": "var _this6 = this;\ncy.login(this.ast.officeAdminID, this.ast.officeAdminPassword); //Select office code here if the user have multiple office \ndashboardPage.getASTAvatar().click();\ncy.wait(3000);\nleftNavMenu.getRequisitionMenu().should('include.text', 'চাহিদা পত্র').click();\ncy.wait(3000);\nreceiveGoodsPage.getCardHeader().should('include.text', 'চাহিদা পত্র');\ndirectInPage.getAddButtonFirstStore().click(); // Re-use from Direct In Page (চাহিদা পত্র plus button)\ncy.wait(3000);\nreceiveGoodsPage.getCardHeader().should('include.text', 'চাহিদাপত্র তৈরি করুন');\nrequisitionPage.getReferenceNoField().should('have.attr', 'placeholder', 'রেফারেন্স নং').clear().type(this.ast.requisitionReferenceNo).should('have.value', this.ast.requisitionReferenceNo);\ncy.wait(2000);\nrequisitionPage.getJustificationField().should('have.value', 'দাপ্তরিক কাজে ব্যবহারের জন্য');\nrequisitionPage.getPurposeField().should('have.attr', 'aria-label', 'উদ্দেশ্য').click();\ninspectionUnassignedPage.getDropDownItem().contains(this.ast.requisitionPurpose).click();\ncy.wait(2000);\nrequisitionPage.getItemsButton().should('include.text', 'পণ্য সমূহ').click();\ncy.wait(3000);\nrequisitionPage.getItemsCategoryField().should('have.attr', 'aria-label', 'ক্যাটাগরি').click();\ninspectionUnassignedPage.getDropDownItem().contains(this.ast.ItemCategory).click();\ncy.wait(2000);\nreceiveGoodsPage.getCardRows().each(function ($el, index, $list) //Select the desired পণ্যের নাম\n{\n  var textItemGroup = $el.find('td.e-rowcell[aria-label]').text();\n  if (textItemGroup.includes(_this6.ast.ItemGroup)) {\n    $el.find('td button mat-icon:eq(1)').first().click();\n  }\n});\ncy.wait(3000);\ndirectInPage.getItemFeaturesHeader().should('include.text', 'বৈশিষ্ট্য');\ndirectInPage.getItemsDropDownField().click();\ninspectionUnassignedPage.getDropDownItem().contains(this.ast.ItemName).first().click();\ncy.wait(2000);\ndirectInPage.getAddFeaturesButton().should('include.text', 'বৈশিষ্ট্য যোগ করুন').click();\ncy.wait(2000);\nrequisitionPage.getQuantityInputBox().clear().type(this.ast.requisitionQuantity).should('have.value', this.ast.requisitionQuantity);\ncy.wait(1500);\ndirectInPage.getAddItemButton().first().click(); //Plus icon for add items\ncy.wait(2000);\ninspectedPage.getCardFooterFourthButton().should('include.text', 'প্রেরণ').click(); //Reuse from ReceiveGoods Page \ncy.wait(2000);\nreceiveGoodsPage.getConfirmPopUpHeader().should('include.text', 'নিশ্চিত করুন');\nreceiveGoodsPage.getConfirmPopUpYesButton().should('include.text', 'হ্যাঁ').click();\ncy.wait(6000);",
              "err": {},
              "uuid": "3a62cee9-4e43-4718-9873-836f6c1f542c",
              "parentUUID": "f6478a43-a8e1-47e0-8413-1adc0d766b96",
              "isHook": false,
              "skipped": false
            },
            {
              "title": "TC_15. Store Admin: Requisition Approval of Asset User(Self) Requisition.",
              "fullTitle": "AST Module Regression Test Suite TC_15. Store Admin: Requisition Approval of Asset User(Self) Requisition.",
              "timedOut": null,
              "duration": 97690,
              "state": "passed",
              "speed": "slow",
              "pass": true,
              "fail": false,
              "pending": false,
              "context": null,
              "code": "var _this7 = this;\ncy.login(this.ast.storeAdminID, this.ast.storeAdminPassword); //Select office code here if the user have multiple office \ndashboardPage.getASTAvatar().click();\ncy.wait(3000);\nleftNavMenu.getDropDownMenu().contains('অনুমোদন অপেক্ষমান').click();\ncy.wait(1000);\nleftNavMenu.getRequisitionSubMenuOfPendingApproval().should('include.text', 'চাহিদা পত্র').click();\ncy.wait(3500);\nreceiveGoodsPage.getCardHeader().should('include.text', 'চাহিদা পত্র');\ncy.inspection(this.ast.requisitionReferenceNo); //Select রেফারেন্স নং\ncy.wait(3000);\nreceiveGoodsPage.getCardHeader().should('include.text', 'চাহিদা পত্র অনুমোদন');\nreceiveGoodsPage.getCardRows().each(function ($el, index, $list) //Select the desired পণ্যের Group\n{\n  var textItemGroup = $el.find('td.e-rowcell[aria-label]').text();\n  if (textItemGroup.includes(_this7.ast.ItemGroup)) {\n    $el.find('td button mat-icon:eq(0)').first().click();\n  }\n});\ncy.wait(4000);\nrequisitionPage.getUncheckDefaultItem().click({\n  force: true\n});\ncy.wait(500);\nrequisitionPage.getUncheckDefaultItem2().click({\n  force: true\n});\ncy.wait(500);\nrequisitionPage.getUncheckDefaultItem3().click({\n  force: true\n});\ncy.wait(500);\nrequisitionPage.getUncheckDefaultItem4().click({\n  force: true\n});\ncy.wait(500);\nrequisitionPage.getUncheckDefaultItem5().click({\n  force: true\n});\ncy.wait(500);\nrequisitionPage.getUncheckDefaultItem6().click({\n  force: true\n});\ncy.wait(500);\nrequisitionPage.getUncheckDefaultItem7().click({\n  force: true\n});\ncy.wait(500);\nrequisitionPage.getUncheckDefaultItem8().click({\n  force: true\n});\ncy.wait(500);\nrequisitionPage.getUncheckDefaultItem9().click({\n  force: true\n});\ncy.wait(500); //requisitionPage.getUncheckDefaultItem10().click({ force: true })\ncy.wait(2000);\ncy.selectItems(this.ast.assetTagNo);\ncy.wait(1000);\ncy.selectItems(this.ast.assetTagNo2);\ncy.wait(1000);\ncy.selectItems(this.ast.assetTagNo3);\ncy.wait(1000);\ncy.selectItems(this.ast.assetTagNo4);\ncy.wait(1000);\ncy.selectItems(this.ast.assetTagNo5);\ncy.wait(1000);\ncy.selectItems(this.ast.assetTagNo6);\ncy.wait(1000);\ncy.selectItems(this.ast.assetTagNo7);\ncy.wait(1000);\ncy.selectItems(this.ast.assetTagNo8);\ncy.wait(1000);\ncy.selectItems(this.ast.assetTagNo9);\ncy.wait(1000); //cy.selectItems(this.ast.assetTagNo10)\n//cy.wait(2000)\nrequisitionPage.getAddAssetButton().should('include.text', 'সম্পদ যোগ করুন').click();\ncy.wait(2000);\nrequisitionPage.getRemarkField().click().type(this.ast.ApprovalRemarks).should('have.value', this.ast.ApprovalRemarks);\ncy.wait(2000);\nrequisitionPage.getAddAssetButton().should('include.text', 'অনুমোদন করুন').click();\ncy.wait(2000);\nrequisitionPage.getConfirmPopupHeader().should('include.text', 'নিশ্চিত করুন');\nrequisitionPage.getCardFooterYesButton().should('include.text', 'হ্যাঁ').click();\ncy.wait(2000);\nrequisitionPage.getConfirmPopupHeader().should('include.text', 'অনুরোধ নিশ্চিতকরণ');\nrequisitionPage.getRemarksFieldOnConfirmCard().click().type(this.ast.ApprovalRemarks);\ncy.wait(2000);\nrequisitionPage.getCardFooterYesButton().should('include.text', 'সংরক্ষণ করুন').click();\ncy.wait(6000);",
              "err": {},
              "uuid": "a0069018-580b-4e93-bd9f-84e378b7e77e",
              "parentUUID": "f6478a43-a8e1-47e0-8413-1adc0d766b96",
              "isHook": false,
              "skipped": false
            },
            {
              "title": "TC_16. Store Keeper: Issue Requisition Items for Asset User(Self) Requisition.",
              "fullTitle": "AST Module Regression Test Suite TC_16. Store Keeper: Issue Requisition Items for Asset User(Self) Requisition.",
              "timedOut": null,
              "duration": 33781,
              "state": "passed",
              "speed": "slow",
              "pass": true,
              "fail": false,
              "pending": false,
              "context": null,
              "code": "cy.login(this.ast.storeKeeperID, this.ast.storeKeeperPassword); //Select office code here if the user have multiple office \ndashboardPage.getASTAvatar().click();\ncy.wait(3000);\nleftNavMenu.getDropDownMenu().contains('স্টোর কিপিং').click();\ncy.wait(1000);\nleftNavMenu.getIssueLisrSubMenu().should('include.text', 'ইস্যু').click();\ncy.wait(3500);\nreceiveGoodsPage.getStoreNameTab().contains(this.ast.storeName).click();\ncy.wait(3000);\nreceiveGoodsPage.getCardHeader().should('include.text', 'ইস্যু তালিকা');\ncy.inspection(this.ast.requisitionReferenceNo); //Select গ্রাহক\ncy.wait(3000);\nreceiveGoodsPage.getCardHeader().should('include.text', 'ইস্যু');\nreceiveGoodsPage.getCardFooterFourthButton().should('include.text', 'দাখিল করুন').click();\ncy.wait(2000);\nreceiveGoodsPage.getConfirmPopUpHeader().should('include.text', 'নিশ্চিত করুন');\nreceiveGoodsPage.getConfirmPopUpYesButton().should('include.text', 'হ্যাঁ').click();\ncy.wait(6000);",
              "err": {},
              "uuid": "0e1a12a5-79ba-46e3-a9c4-d8fa09c9b4bd",
              "parentUUID": "f6478a43-a8e1-47e0-8413-1adc0d766b96",
              "isHook": false,
              "skipped": false
            },
            {
              "title": "TC_17. AST User: Verify the User get the Item by Self Requisition.",
              "fullTitle": "AST Module Regression Test Suite TC_17. AST User: Verify the User get the Item by Self Requisition.",
              "timedOut": null,
              "duration": 16874,
              "state": "passed",
              "speed": "slow",
              "pass": true,
              "fail": false,
              "pending": false,
              "context": null,
              "code": "var _this8 = this;\ncy.login(this.ast.officeAdminID, this.ast.officeAdminPassword); //Select office code here if the user have multiple office \ndashboardPage.getASTAvatar().click();\ncy.wait(3000);\nleftNavMenu.getMyAssetMenu().should('include.text', 'আমার অধিকৃত সম্পদসমূহ').click();\ncy.wait(3000);\nreceiveGoodsPage.getCardHeader().should('include.text', 'আমার অধিকৃত সম্পদসমূহ');\nreceiveGoodsPage.getCardRows().each(function ($el, index, $list) //Select the desired Tag No\n{\n  var textAssetTagNo = $el.find('td.e-rowcell[aria-label]').text();\n  if (textAssetTagNo.includes(_this8.ast.assetTagNo)) {\n    var tagText = $el.find('td.e-rowcell[aria-label]').text();\n    expect(tagText.includes(_this8.ast.assetTagNo)).to.be[\"true\"];\n  }\n});\ncy.wait(2000);",
              "err": {},
              "uuid": "10a48ba1-dce0-46d3-aa1b-66774620b99e",
              "parentUUID": "f6478a43-a8e1-47e0-8413-1adc0d766b96",
              "isHook": false,
              "skipped": false
            },
            {
              "title": "TC_18. Store Admin: Give Asset Return Request with Items (Request Return).",
              "fullTitle": "AST Module Regression Test Suite TC_18. Store Admin: Give Asset Return Request with Items (Request Return).",
              "timedOut": null,
              "duration": 62508,
              "state": "passed",
              "speed": "slow",
              "pass": true,
              "fail": false,
              "pending": false,
              "context": null,
              "code": "cy.login(this.ast.storeAdminID, this.ast.storeAdminPassword); //Select office code here if the user have multiple office \ndashboardPage.getASTAvatar().click();\ncy.wait(3000);\nleftNavMenu.getDropDownMenu().contains('ফেরৎ গ্রহণ').click();\ncy.wait(1000);\nleftNavMenu.getRequestReturnSubMenu().should('include.text', 'ফেরৎ অনুরোধ').click();\ncy.wait(3000);\nreceiveGoodsPage.getStoreNameTab().contains(this.ast.storeName).click(); //Select Store\ncy.wait(3000);\nreceiveGoodsPage.getCardHeader().should('include.text', 'ফেরতের জন্য অনুরোধের তালিকা');\ndirectInPage.getAddButtonFirstStore().click(); //Plus button\ncy.wait(2000);\nreceiveGoodsPage.getCardHeader().should('include.text', 'পোস্ট / অফিস ইউনিট নির্বাচন করুন');\ndirectOutPage.getPostOfficeTypeField().should('have.attr', 'aria-label', 'ধরণ').click();\ninspectionUnassignedPage.getDropDownItem().contains(this.ast.DOOfficePostType).click();\ncy.wait(2000);\ndirectOutPage.getOfficeUniteField().should('have.attr', 'aria-label', 'শাখা').click();\ncy.wait(1000);\ninspectionUnassignedPage.getDropDownItem().contains(this.ast.OfficeUnit).click();\ncy.wait(3000);\ndirectOutPage.getPostField().should('have.attr', 'aria-label', 'পদবি').click();\ninspectionUnassignedPage.getDropDownItem().contains(this.ast.DOPostPerson).click();\ncy.wait(2000);\ncy.selectItems(this.ast.assetTagNo);\ncy.wait(2000);\nrequestReturnPage.getCarrierField().should('have.attr', 'aria-label', 'বাহক').click();\ninspectionUnassignedPage.getDropDownItem().contains(this.ast.CarrierName).click();\ncy.wait(2000);\nreceiveGoodsPage.getCalendarIcon().click(); //Approximate Date\ncy.calendar(this.ast.chalanYear, this.ast.chalanMonth, this.ast.chalanDay);\nrequestReturnPage.getApproverField().should('have.attr', 'aria-label', 'অনুমোদনকারী').click();\ninspectionUnassignedPage.getDropDownItem().contains(this.ast.ApproverName).click();\ncy.wait(2000);\nrequestReturnPage.getCardFooterThirdButton().should('include.text', 'অনুমোদনের জন্য প্রেরণ').click(); //Reuse from ReceiveGoods Page \ncy.wait(2000);\nreceiveGoodsPage.getConfirmPopUpHeader().should('include.text', 'নিশ্চিত করুন');\nreceiveGoodsPage.getConfirmPopUpYesButton().should('include.text', 'হ্যাঁ').click();\ncy.wait(6000);",
              "err": {},
              "uuid": "044a9b96-b5b8-4abc-a69c-7dd99bf014f1",
              "parentUUID": "f6478a43-a8e1-47e0-8413-1adc0d766b96",
              "isHook": false,
              "skipped": false
            },
            {
              "title": "TC_19. Store Admin: Approved the Asset Return (Request Return)",
              "fullTitle": "AST Module Regression Test Suite TC_19. Store Admin: Approved the Asset Return (Request Return)",
              "timedOut": null,
              "duration": 29274,
              "state": "passed",
              "speed": "slow",
              "pass": true,
              "fail": false,
              "pending": false,
              "context": null,
              "code": "cy.login(this.ast.storeAdminID, this.ast.storeAdminPassword); //Select office code here if the user have multiple office \ndashboardPage.getASTAvatar().click();\ncy.wait(3000);\nleftNavMenu.getDropDownMenu().contains('অনুমোদন অপেক্ষমান').click();\ncy.wait(1000);\nleftNavMenu.getRequestApprovalSubMenu().should('include.text', 'ফেরত অনুরোধ').click();\ncy.wait(3000);\nreceiveGoodsPage.getCardHeader().should('include.text', 'অনুরোধসমূহের তালিকা');\ncy.inspection(this.ast.DOPostPerson); //ফেরতদাতা\ncy.wait(3000);\nreceiveGoodsPage.getCardHeader().should('include.text', 'সম্পদ ফেরৎ');\nrequestReturnPage.getApproveButton().should('include.text', 'অনুমোদন করুন').click(); //Reuse from ReceiveGoods Page \ncy.wait(1000);\nreceiveGoodsPage.getConfirmPopUpHeader().should('include.text', 'নিশ্চিত করুন');\nreceiveGoodsPage.getConfirmPopUpYesButton().should('include.text', 'হ্যাঁ').click();\ncy.wait(6000);",
              "err": {},
              "uuid": "81956f43-cd87-466d-a005-300b595761a6",
              "parentUUID": "f6478a43-a8e1-47e0-8413-1adc0d766b96",
              "isHook": false,
              "skipped": false
            },
            {
              "title": "TC_20. Store Keeper: Receive that Asset Return (Request Return) which was Requested by the Store Admin.",
              "fullTitle": "AST Module Regression Test Suite TC_20. Store Keeper: Receive that Asset Return (Request Return) which was Requested by the Store Admin.",
              "timedOut": null,
              "duration": 32089,
              "state": "passed",
              "speed": "slow",
              "pass": true,
              "fail": false,
              "pending": false,
              "context": null,
              "code": "cy.login(this.ast.storeKeeperID, this.ast.storeKeeperPassword); //Select office code here if the user have multiple office \ndashboardPage.getASTAvatar().click();\ncy.wait(3000);\nleftNavMenu.getDropDownMenu().contains('ফেরৎ গ্রহণ').click();\ncy.wait(1000);\nleftNavMenu.getRequestReceiveSubMenu().should('include.text', 'ফেরত গ্রহণ').click();\ncy.wait(3000);\nreceiveGoodsPage.getStoreNameTab().contains(this.ast.storeName).click();\ncy.wait(3000);\nreceiveGoodsPage.getCardHeader().should('include.text', 'ফেরতকৃত পণ্যের গ্রহণের তালিকা');\ncy.inspection(this.ast.DOPostPerson); //ফেরতদাতা \ncy.wait(3000);\nreceiveGoodsPage.getCardHeader().should('include.text', 'সম্পদ ফেরৎ');\nrequestReturnPage.getReciveButton().should('include.text', 'গ্রহণ').click(); //Reuse from ReceiveGoods Page \ncy.wait(1000);\nreceiveGoodsPage.getConfirmPopUpHeader().should('include.text', 'নিশ্চিত করুন');\nreceiveGoodsPage.getConfirmPopUpYesButton().should('include.text', 'হ্যাঁ').click();\ncy.wait(6000);",
              "err": {},
              "uuid": "fbf5a2f9-9255-44fa-86b5-ad4249a72efa",
              "parentUUID": "f6478a43-a8e1-47e0-8413-1adc0d766b96",
              "isHook": false,
              "skipped": false
            },
            {
              "title": "TC_21. Store Admin: Inspector Assign for Asset Return (Request Return).",
              "fullTitle": "AST Module Regression Test Suite TC_21. Store Admin: Inspector Assign for Asset Return (Request Return).",
              "timedOut": null,
              "duration": 45503,
              "state": "passed",
              "speed": "slow",
              "pass": true,
              "fail": false,
              "pending": false,
              "context": null,
              "code": "cy.login(this.ast.storeAdminID, this.ast.storeAdminPassword);\ndashboardPage.getASTAvatar().click();\ncy.wait(3000);\nleftNavMenu.getDropDownMenu().contains('ইন্সপেকশন').click();\ncy.wait(1000);\nleftNavMenu.getInspectionUnassignedSubMenu().should('include.text', 'পরিদর্শক নির্ধারণ').click();\ncy.wait(3000);\nreceiveGoodsPage.getStoreNameTab().contains(this.ast.storeName).click();\ncy.wait(3000);\nreceiveGoodsPage.getCardHeader().should('include.text', 'পরিদর্শক নির্ধারণ');\ncy.inspection(this.ast.ARPost); // Post পদবি\ncy.wait(3000);\nreceiveGoodsPage.getCardHeader().should('include.text', 'সম্পদ ফেরৎ');\nreceiveGoodsPage.getThirdCardHeader().should('include.text', 'ইন্সপেক্টর এসাইন করুন');\ninspectionUnassignedPage.getInspectorTypeField().should('have.attr', 'aria-label', 'পরিদর্শকের ধরণ').click();\ninspectionUnassignedPage.getDropDownItem().contains(this.ast.InspectorType).click();\ncy.wait(2000);\ninspectionUnassignedPage.getOfficeUnitField().should('have.attr', 'aria-label', 'শাখা').click();\ncy.wait(1000);\ninspectionUnassignedPage.getDropDownItem().contains(this.ast.OfficeUnit).click();\ncy.wait(2000);\ninspectionUnassignedPage.getInspectorField().should('have.attr', 'aria-label', 'পরিদর্শক').click();\ninspectionUnassignedPage.getDropDownItem().contains(this.ast.Inspector).click();\ncy.wait(2000);\nreceiveGoodsPage.getCardFooterFourthButton().should('include.text', 'প্রেরণ').click(); //Reuse from ReceiveGoods Page \ncy.wait(2000);\nreceiveGoodsPage.getConfirmPopUpHeader().should('include.text', 'নিশ্চিত করুন');\nreceiveGoodsPage.getConfirmPopUpYesButton().should('include.text', 'হ্যাঁ').click();\ncy.wait(6000);",
              "err": {},
              "uuid": "1c78c721-2a6d-4210-a55c-13fd8713097e",
              "parentUUID": "f6478a43-a8e1-47e0-8413-1adc0d766b96",
              "isHook": false,
              "skipped": false
            },
            {
              "title": "TC_22. Inspector: Inspect for Asset Return (Request Return).",
              "fullTitle": "AST Module Regression Test Suite TC_22. Inspector: Inspect for Asset Return (Request Return).",
              "timedOut": null,
              "duration": 32613,
              "state": "passed",
              "speed": "slow",
              "pass": true,
              "fail": false,
              "pending": false,
              "context": null,
              "code": "cy.login(this.ast.inspectorID, this.ast.inspectorPassword);\n/*\n//Select office if needed\ndashboardPage.getOfficePopUpHeader().should('include.text', 'অফিস/পদ নির্বাচন করুন')\ndashboardPage.getOfficeName().contains(this.ast.inspectorOffice).click()\ncy.wait(3000)\n*/\ndashboardPage.getASTAvatar().click();\ncy.wait(3000);\nleftNavMenu.getDropDownMenu().contains('ইন্সপেকশন').click();\ncy.wait(1000);\nleftNavMenu.getInspectionAssignedSubMenu().should('include.text', 'নির্ধারিত পরিদর্শন').click();\ncy.wait(3000);\nreceiveGoodsPage.getCardHeader().should('include.text', 'নির্ধারিত পরিদর্শন');\ncy.inspection(this.ast.ARPost); //Post / পদবি\ncy.wait(3000);\nreceiveGoodsPage.getCardHeader().should('include.text', 'ইন্সপেকশনের ফলাফল সেট করুন');\ninspectionAssignedPage.getRemarksFieldFirstStore().click().type(this.ast.InspectorRemarks).should('have.value', this.ast.InspectorRemarks);\ncy.wait(2000);\nreceiveGoodsPage.getCardFooterFourthButton().should('include.text', 'দাখিল করুন').click(); //Reuse from ReceiveGoods Page \ncy.wait(2000);\nreceiveGoodsPage.getConfirmPopUpHeader().should('include.text', 'নিশ্চিত করুন');\nreceiveGoodsPage.getConfirmPopUpYesButton().should('include.text', 'হ্যাঁ').click();\ncy.wait(6000);",
              "err": {},
              "uuid": "39764376-ee3c-498c-ab12-9371bbda3c3f",
              "parentUUID": "f6478a43-a8e1-47e0-8413-1adc0d766b96",
              "isHook": false,
              "skipped": false
            },
            {
              "title": "TC_23. Store Admin: Inspection Approval for Asset Return (Request Return).",
              "fullTitle": "AST Module Regression Test Suite TC_23. Store Admin: Inspection Approval for Asset Return (Request Return).",
              "timedOut": null,
              "duration": 31161,
              "state": "passed",
              "speed": "slow",
              "pass": true,
              "fail": false,
              "pending": false,
              "context": null,
              "code": "cy.login(this.ast.storeAdminID, this.ast.storeAdminPassword); //Select office code here if the user have multiple office \ndashboardPage.getASTAvatar().click();\ncy.wait(3000);\nleftNavMenu.getDropDownMenu().contains('অনুমোদন অপেক্ষমান').click();\ncy.wait(1000);\nleftNavMenu.getInspectedSubMenu().should('include.text', 'পরিদর্শনকৃত').click();\ncy.wait(3000);\nreceiveGoodsPage.getStoreNameTab().contains(this.ast.storeName).click();\ncy.wait(2000);\nreceiveGoodsPage.getCardHeader().should('include.text', 'পরিদর্শনকৃত');\ncy.inspection(this.ast.ARPost); // Post / পদবি\ncy.wait(3000);\nreceiveGoodsPage.getCardHeader().should('include.text', 'প্রাপ্তিযোগ্য পরিমাণগুলি সেট করুন');\ninspectedPage.getCardFooterFourthButton().should('include.text', 'অনুমোদন করুন').click(); //Reuse from ReceiveGoods Page \n/*    cy.wait(1500)\n    \n    receiveGoodsPage.getConfirmPopUpHeader().should('include.text', 'নিশ্চিত করুন')\n    receiveGoodsPage.getConfirmPopUpYesButton().should('include.text', 'হ্যাঁ').click() \n    */\ncy.wait(6000);",
              "err": {},
              "uuid": "68d210f4-64e7-4617-bbc6-66dbbfb71d31",
              "parentUUID": "f6478a43-a8e1-47e0-8413-1adc0d766b96",
              "isHook": false,
              "skipped": false
            },
            {
              "title": "TC_24. Store Keeper: Verify the Item back to the Store after Asset Return (Request Return).",
              "fullTitle": "AST Module Regression Test Suite TC_24. Store Keeper: Verify the Item back to the Store after Asset Return (Request Return).",
              "timedOut": null,
              "duration": 25961,
              "state": "passed",
              "speed": "slow",
              "pass": true,
              "fail": false,
              "pending": false,
              "context": null,
              "code": "var _this9 = this;\ncy.login(this.ast.storeKeeperID, this.ast.storeKeeperPassword); //Select office code here if the user have multiple office \ndashboardPage.getASTAvatar().click();\ncy.wait(3000);\nleftNavMenu.getDropDownMenu().contains('রক্ষণাবেক্ষণ').click();\ncy.wait(1000);\nleftNavMenu.getRequestSubMenuOfMaintenance().should('include.text', 'অনুরোধ করুন').click();\ncy.wait(3000);\nreceiveGoodsPage.getStoreNameTab().contains(this.ast.storeName).click();\ncy.wait(5000);\nreceiveGoodsPage.getCardHeader().should('include.text', 'পণ্য সমূহ');\nreceiveGoodsPage.getCardRows().each(function ($el, index, $list) //Select the desired Tag No\n{\n  var textAssetTagNo = $el.find('td.e-rowcell[aria-label]').text();\n  if (textAssetTagNo.includes(_this9.ast.assetTagNo)) {\n    var tagText = $el.find('td.e-rowcell[aria-label]').text();\n    expect(tagText.includes(_this9.ast.assetTagNo)).to.be[\"true\"];\n  }\n});\ncy.wait(2000);",
              "err": {},
              "uuid": "e903ffae-bd23-4dfc-9936-68def2143921",
              "parentUUID": "f6478a43-a8e1-47e0-8413-1adc0d766b96",
              "isHook": false,
              "skipped": false
            },
            {
              "title": "TC_25. Store Keeper: Enter Assined Item Tag and Send for Inspection (Self Return).",
              "fullTitle": "AST Module Regression Test Suite TC_25. Store Keeper: Enter Assined Item Tag and Send for Inspection (Self Return).",
              "timedOut": null,
              "duration": 34838,
              "state": "passed",
              "speed": "slow",
              "pass": true,
              "fail": false,
              "pending": false,
              "context": null,
              "code": "cy.login(this.ast.storeKeeperID, this.ast.storeKeeperPassword); //Select office code here if the user have multiple office \ndashboardPage.getASTAvatar().click();\ncy.wait(3000);\nleftNavMenu.getDropDownMenu().contains('ফেরৎ গ্রহণ').click();\ncy.wait(1000);\nleftNavMenu.ReceiveTaggedItemsSubMenu().should('include.text', 'ট্যাগকৃত পণ্যসমূহ গ্রহণ').click();\ncy.wait(3000);\nreceiveGoodsPage.getStoreNameTab().contains(this.ast.storeName).click(); //Select Store\ncy.wait(2000);\nreceiveGoodsPage.getCardHeader().should('include.text', 'ট্যাগ');\nreceiveTaggedItemsPage.getTagInputFieldForFirstStore().should('have.attr', 'placeholder', 'ট্যাগ দিন').click().type(this.ast.assetTagNo2).should('have.value', this.ast.assetTagNo2);\ncy.wait(2000); //Tag Search pop-up code will added here\nreceiveTaggedItemsPage.getCardFooterThirdButton().should('include.text', 'পণ্য যোগ করুন').click();\ncy.wait(2000);\nreceiveTaggedItemsPage.getSendApproverButton().should('include.text', 'পরিদর্শনের জন্য প্রেরণ করুন').click(); //Send for Inspection button\ncy.wait(1500);\nreceiveGoodsPage.getConfirmPopUpHeader().should('include.text', 'নিশ্চিত করুন');\nreceiveGoodsPage.getConfirmPopUpYesButton().should('include.text', 'হ্যাঁ').click();\ncy.wait(6000);",
              "err": {},
              "uuid": "e7355841-5d90-4624-b9a0-acd073714141",
              "parentUUID": "f6478a43-a8e1-47e0-8413-1adc0d766b96",
              "isHook": false,
              "skipped": false
            },
            {
              "title": "TC_26. Store Admin: Inspector Assign for Asset Return (Self Return).",
              "fullTitle": "AST Module Regression Test Suite TC_26. Store Admin: Inspector Assign for Asset Return (Self Return).",
              "timedOut": null,
              "duration": 42387,
              "state": "passed",
              "speed": "slow",
              "pass": true,
              "fail": false,
              "pending": false,
              "context": null,
              "code": "cy.login(this.ast.storeAdminID, this.ast.storeAdminPassword);\ndashboardPage.getASTAvatar().click();\ncy.wait(3000);\nleftNavMenu.getDropDownMenu().contains('ইন্সপেকশন').click();\ncy.wait(1000);\nleftNavMenu.getInspectionUnassignedSubMenu().should('include.text', 'পরিদর্শক নির্ধারণ').click();\ncy.wait(3000);\nreceiveGoodsPage.getStoreNameTab().contains(this.ast.storeName).click();\ncy.wait(3000);\nreceiveGoodsPage.getCardHeader().should('include.text', 'পরিদর্শক নির্ধারণ');\ncy.inspection(this.ast.ARPost); // Post পদবি\ncy.wait(3000);\nreceiveGoodsPage.getCardHeader().should('include.text', 'সম্পদ ফেরৎ');\nreceiveGoodsPage.getThirdCardHeader().should('include.text', 'ইন্সপেক্টর এসাইন করুন');\ninspectionUnassignedPage.getInspectorTypeField().should('have.attr', 'aria-label', 'পরিদর্শকের ধরণ').click();\ninspectionUnassignedPage.getDropDownItem().contains(this.ast.InspectorType).click();\ncy.wait(2000);\ninspectionUnassignedPage.getOfficeUnitField().should('have.attr', 'aria-label', 'শাখা').click();\ncy.wait(1000);\ninspectionUnassignedPage.getDropDownItem().contains(this.ast.OfficeUnit).click();\ncy.wait(2000);\ninspectionUnassignedPage.getInspectorField().should('have.attr', 'aria-label', 'পরিদর্শক').click();\ninspectionUnassignedPage.getDropDownItem().contains(this.ast.Inspector).click();\ncy.wait(2000);\nreceiveGoodsPage.getCardFooterFourthButton().should('include.text', 'প্রেরণ').click(); //Reuse from ReceiveGoods Page \ncy.wait(2000);\nreceiveGoodsPage.getConfirmPopUpHeader().should('include.text', 'নিশ্চিত করুন');\nreceiveGoodsPage.getConfirmPopUpYesButton().should('include.text', 'হ্যাঁ').click();\ncy.wait(6000);",
              "err": {},
              "uuid": "cc81f9d2-d6d9-4d58-a1ca-459d46fc28f2",
              "parentUUID": "f6478a43-a8e1-47e0-8413-1adc0d766b96",
              "isHook": false,
              "skipped": false
            },
            {
              "title": "TC_27. Inspector: Inspect for Asset Return (Self Return).",
              "fullTitle": "AST Module Regression Test Suite TC_27. Inspector: Inspect for Asset Return (Self Return).",
              "timedOut": null,
              "duration": 32406,
              "state": "passed",
              "speed": "slow",
              "pass": true,
              "fail": false,
              "pending": false,
              "context": null,
              "code": "cy.login(this.ast.inspectorID, this.ast.inspectorPassword);\n/*\n//Select office if needed\ndashboardPage.getOfficePopUpHeader().should('include.text', 'অফিস/পদ নির্বাচন করুন')\ndashboardPage.getOfficeName().contains(this.ast.inspectorOffice).click()\ncy.wait(3000)\n*/\ndashboardPage.getASTAvatar().click();\ncy.wait(3000);\nleftNavMenu.getDropDownMenu().contains('ইন্সপেকশন').click();\ncy.wait(1000);\nleftNavMenu.getInspectionAssignedSubMenu().should('include.text', 'নির্ধারিত পরিদর্শন').click();\ncy.wait(3000);\nreceiveGoodsPage.getCardHeader().should('include.text', 'নির্ধারিত পরিদর্শন');\ncy.inspection(this.ast.ARPost); //Post / পদবি\ncy.wait(3000);\nreceiveGoodsPage.getCardHeader().should('include.text', 'ইন্সপেকশনের ফলাফল সেট করুন');\ninspectionAssignedPage.getRemarksFieldFirstStore().click().type(this.ast.InspectorRemarks).should('have.value', this.ast.InspectorRemarks);\ncy.wait(2000);\nreceiveGoodsPage.getCardFooterFourthButton().should('include.text', 'দাখিল করুন').click(); //Reuse from ReceiveGoods Page \ncy.wait(2000);\nreceiveGoodsPage.getConfirmPopUpHeader().should('include.text', 'নিশ্চিত করুন');\nreceiveGoodsPage.getConfirmPopUpYesButton().should('include.text', 'হ্যাঁ').click();\ncy.wait(6000);",
              "err": {},
              "uuid": "0bc61958-df3b-4e41-8d13-d4ab086ecfeb",
              "parentUUID": "f6478a43-a8e1-47e0-8413-1adc0d766b96",
              "isHook": false,
              "skipped": false
            },
            {
              "title": "TC_28. Store Admin: Inspection Approval for Asset Return (Self Return).",
              "fullTitle": "AST Module Regression Test Suite TC_28. Store Admin: Inspection Approval for Asset Return (Self Return).",
              "timedOut": null,
              "duration": 30765,
              "state": "passed",
              "speed": "slow",
              "pass": true,
              "fail": false,
              "pending": false,
              "context": null,
              "code": "cy.login(this.ast.storeAdminID, this.ast.storeAdminPassword); //Select office code here if the user have multiple office \ndashboardPage.getASTAvatar().click();\ncy.wait(3000);\nleftNavMenu.getDropDownMenu().contains('অনুমোদন অপেক্ষমান').click();\ncy.wait(1000);\nleftNavMenu.getInspectedSubMenu().should('include.text', 'পরিদর্শনকৃত').click();\ncy.wait(3000);\nreceiveGoodsPage.getStoreNameTab().contains(this.ast.storeName).click();\ncy.wait(2000);\nreceiveGoodsPage.getCardHeader().should('include.text', 'পরিদর্শনকৃত');\ncy.inspection(this.ast.ARPost); // Post / পদবি\ncy.wait(3000);\nreceiveGoodsPage.getCardHeader().should('include.text', 'প্রাপ্তিযোগ্য পরিমাণগুলি সেট করুন');\ninspectedPage.getCardFooterFourthButton().should('include.text', 'অনুমোদন করুন').click(); //Reuse from ReceiveGoods Page \ncy.wait(6000);",
              "err": {},
              "uuid": "77fe1bd4-1f42-4e27-aeb4-41b5bf5c0aa7",
              "parentUUID": "f6478a43-a8e1-47e0-8413-1adc0d766b96",
              "isHook": false,
              "skipped": false
            },
            {
              "title": "TC_29. Store Keeper: Verify the Item back to the Store after Asset Return (Self Return).",
              "fullTitle": "AST Module Regression Test Suite TC_29. Store Keeper: Verify the Item back to the Store after Asset Return (Self Return).",
              "timedOut": null,
              "duration": 26024,
              "state": "passed",
              "speed": "slow",
              "pass": true,
              "fail": false,
              "pending": false,
              "context": null,
              "code": "var _this10 = this;\ncy.login(this.ast.storeKeeperID, this.ast.storeKeeperPassword); //Select office code here if the user have multiple office \ndashboardPage.getASTAvatar().click();\ncy.wait(3000);\nleftNavMenu.getDropDownMenu().contains('রক্ষণাবেক্ষণ').click();\ncy.wait(1000);\nleftNavMenu.getRequestSubMenuOfMaintenance().should('include.text', 'অনুরোধ করুন').click();\ncy.wait(3000);\nreceiveGoodsPage.getStoreNameTab().contains(this.ast.storeName).click();\ncy.wait(5000);\nreceiveGoodsPage.getCardHeader().should('include.text', 'পণ্য সমূহ');\nreceiveGoodsPage.getCardRows().each(function ($el, index, $list) //Select the desired Tag No\n{\n  var textAssetTagNo = $el.find('td.e-rowcell[aria-label]').text();\n  if (textAssetTagNo.includes(_this10.ast.assetTagNo2)) {\n    var tagText = $el.find('td.e-rowcell[aria-label]').text();\n    expect(tagText.includes(_this10.ast.assetTagNo2)).to.be[\"true\"];\n  }\n});\ncy.wait(2000);",
              "err": {},
              "uuid": "1ba65b84-8db6-47b5-a3c0-97dffc75000b",
              "parentUUID": "f6478a43-a8e1-47e0-8413-1adc0d766b96",
              "isHook": false,
              "skipped": false
            },
            {
              "title": "TC_30. Store Keeper: Enter Assined Item Tag and Send for Maintenance (Inspection). TC",
              "fullTitle": "AST Module Regression Test Suite TC_30. Store Keeper: Enter Assined Item Tag and Send for Maintenance (Inspection). TC",
              "timedOut": null,
              "duration": 33420,
              "state": "passed",
              "speed": "slow",
              "pass": true,
              "fail": false,
              "pending": false,
              "context": null,
              "code": "cy.login(this.ast.storeKeeperID, this.ast.storeKeeperPassword); //Select office code here if the user have multiple office \ndashboardPage.getASTAvatar().click();\ncy.wait(3000);\nleftNavMenu.getDropDownMenu().contains('ফেরৎ গ্রহণ').click();\ncy.wait(1000);\nleftNavMenu.ReceiveTaggedItemsSubMenu().should('include.text', 'ট্যাগকৃত পণ্যসমূহ গ্রহণ').click();\ncy.wait(3000);\nreceiveGoodsPage.getStoreNameTab().contains(this.ast.storeName).click(); //Select Store\ncy.wait(2000);\nreceiveGoodsPage.getCardHeader().should('include.text', 'ট্যাগ');\nreceiveTaggedItemsPage.getTagInputFieldForFirstStore().should('have.attr', 'placeholder', 'ট্যাগ দিন').click().type(this.ast.assetTagNo3).should('have.value', this.ast.assetTagNo3);\ncy.wait(2000); //Tag Search pop-up code will added here\nreceiveTaggedItemsPage.getCardFooterThirdButton().should('include.text', 'পণ্য যোগ করুন').click();\ncy.wait(2000);\nreceiveTaggedItemsPage.getSendApproverButton().should('include.text', 'পরিদর্শনের জন্য প্রেরণ করুন').click(); //Send for Inspection button\ncy.wait(1500);\nreceiveGoodsPage.getConfirmPopUpHeader().should('include.text', 'নিশ্চিত করুন');\nreceiveGoodsPage.getConfirmPopUpYesButton().should('include.text', 'হ্যাঁ').click();\ncy.wait(6000);",
              "err": {},
              "uuid": "8f7fe3d3-ce69-43c1-81d0-c98ef8db3ab1",
              "parentUUID": "f6478a43-a8e1-47e0-8413-1adc0d766b96",
              "isHook": false,
              "skipped": false
            },
            {
              "title": "TC_31. Store Admin: Inspector Assign for Asset Maintenance (Inspection).",
              "fullTitle": "AST Module Regression Test Suite TC_31. Store Admin: Inspector Assign for Asset Maintenance (Inspection).",
              "timedOut": null,
              "duration": 47338,
              "state": "passed",
              "speed": "slow",
              "pass": true,
              "fail": false,
              "pending": false,
              "context": null,
              "code": "cy.login(this.ast.storeAdminID, this.ast.storeAdminPassword);\ndashboardPage.getASTAvatar().click();\ncy.wait(3000);\nleftNavMenu.getDropDownMenu().contains('ইন্সপেকশন').click();\ncy.wait(1000);\nleftNavMenu.getInspectionUnassignedSubMenu().should('include.text', 'পরিদর্শক নির্ধারণ').click();\ncy.wait(3000);\nreceiveGoodsPage.getStoreNameTab().contains(this.ast.storeName).click();\ncy.wait(3000);\nreceiveGoodsPage.getCardHeader().should('include.text', 'পরিদর্শক নির্ধারণ');\ncy.inspection(this.ast.ARPost); // Post পদবি\ncy.wait(3000);\nreceiveGoodsPage.getCardHeader().should('include.text', 'সম্পদ ফেরৎ');\nreceiveGoodsPage.getThirdCardHeader().should('include.text', 'ইন্সপেক্টর এসাইন করুন');\ninspectionUnassignedPage.getInspectorTypeField().should('have.attr', 'aria-label', 'পরিদর্শকের ধরণ').click();\ninspectionUnassignedPage.getDropDownItem().contains(this.ast.InspectorType).click();\ncy.wait(2000);\ninspectionUnassignedPage.getOfficeUnitField().should('have.attr', 'aria-label', 'শাখা').click();\ncy.wait(1000);\ninspectionUnassignedPage.getDropDownItem().contains(this.ast.OfficeUnit).click();\ncy.wait(2000);\ninspectionUnassignedPage.getInspectorField().should('have.attr', 'aria-label', 'পরিদর্শক').click();\ninspectionUnassignedPage.getDropDownItem().contains(this.ast.Inspector).click();\ncy.wait(2000);\nreceiveGoodsPage.getCardFooterFourthButton().should('include.text', 'প্রেরণ').click(); //Reuse from ReceiveGoods Page \ncy.wait(2000);\nreceiveGoodsPage.getConfirmPopUpHeader().should('include.text', 'নিশ্চিত করুন');\nreceiveGoodsPage.getConfirmPopUpYesButton().should('include.text', 'হ্যাঁ').click();\ncy.wait(6000);",
              "err": {},
              "uuid": "5d1b56fb-4968-4cb8-a63b-c4cf75643cad",
              "parentUUID": "f6478a43-a8e1-47e0-8413-1adc0d766b96",
              "isHook": false,
              "skipped": false
            },
            {
              "title": "TC_32. Inspector: Inspect Rejection for Asset Maintenance (Inspection).",
              "fullTitle": "AST Module Regression Test Suite TC_32. Inspector: Inspect Rejection for Asset Maintenance (Inspection).",
              "timedOut": null,
              "duration": 40300,
              "state": "passed",
              "speed": "slow",
              "pass": true,
              "fail": false,
              "pending": false,
              "context": null,
              "code": "cy.login(this.ast.inspectorID, this.ast.inspectorPassword);\n/*\n//Select office if needed\ndashboardPage.getOfficePopUpHeader().should('include.text', 'অফিস/পদ নির্বাচন করুন')\ndashboardPage.getOfficeName().contains(this.ast.inspectorOffice).click()\ncy.wait(3000)\n*/\ndashboardPage.getASTAvatar().click();\ncy.wait(3000);\nleftNavMenu.getDropDownMenu().contains('ইন্সপেকশন').click();\ncy.wait(1000);\nleftNavMenu.getInspectionAssignedSubMenu().should('include.text', 'নির্ধারিত পরিদর্শন').click();\ncy.wait(3000);\nreceiveGoodsPage.getCardHeader().should('include.text', 'নির্ধারিত পরিদর্শন');\ncy.inspection(this.ast.ARPost); //Post / পদবি\ncy.wait(3000);\nreceiveGoodsPage.getCardHeader().should('include.text', 'ইন্সপেকশনের ফলাফল সেট করুন');\n/*\nreceiveGoodsPage.getCardRows().each(($el, index, $list) =>     //Select the desired Tag for Uncheck\n{\n    const textTagNo=$el.find('td.e-rowcell[aria-label]').text()\n    if(textTagNo.includes(this.prc.assetTagNo3))                    \n    {\n        $el.find('td ejs-checkbox span').click()\n    }\n})  */\ninspectionAssignedPage.getAssetCheckBox().click({\n  force: true\n});\ncy.wait(2000);\ninspectionAssignedPage.getRemarksFieldFirstStore().click().type(this.ast.InspectorRemarks).should('have.value', this.ast.InspectorRemarks);\ncy.wait(2000);\ninspectionAssignedPage.getRejectButton().should('include.text', 'প্রত্যাখ্যান করুন').click(); //Reuse from ReceiveGoods Page \ncy.wait(2000);\nreceiveGoodsPage.getConfirmPopUpHeader().should('include.text', 'নিশ্চিত করুন');\nreceiveGoodsPage.getConfirmPopUpYesButton().should('include.text', 'হ্যাঁ').click();\ncy.wait(6000);",
              "err": {},
              "uuid": "e3ad7914-abf4-4c44-8cbc-f3247791348a",
              "parentUUID": "f6478a43-a8e1-47e0-8413-1adc0d766b96",
              "isHook": false,
              "skipped": false
            },
            {
              "title": "TC_33. Store Admin: Reject at the inspected result for Asset Maintenance (Inspection).",
              "fullTitle": "AST Module Regression Test Suite TC_33. Store Admin: Reject at the inspected result for Asset Maintenance (Inspection).",
              "timedOut": null,
              "duration": 38734,
              "state": "passed",
              "speed": "slow",
              "pass": true,
              "fail": false,
              "pending": false,
              "context": null,
              "code": "cy.login(this.ast.storeAdminID, this.ast.storeAdminPassword); //Select office code here if the user have multiple office \ndashboardPage.getASTAvatar().click();\ncy.wait(3000);\nleftNavMenu.getDropDownMenu().contains('অনুমোদন অপেক্ষমান').click();\ncy.wait(1000);\nleftNavMenu.getInspectedSubMenu().should('include.text', 'পরিদর্শনকৃত').click();\ncy.wait(3000);\nreceiveGoodsPage.getStoreNameTab().contains(this.ast.storeName).click();\ncy.wait(2000);\nreceiveGoodsPage.getCardHeader().should('include.text', 'পরিদর্শনকৃত');\ncy.inspection(this.ast.ARPost); // Post / পদবি\ncy.wait(3000);\nreceiveGoodsPage.getCardHeader().should('include.text', 'প্রাপ্তিযোগ্য পরিমাণগুলি সেট করুন');\ninspectionAssignedPage.getRejectButton().should('include.text', 'প্রত্যাখ্যান করুন').click();\ncy.wait(3000);\ninspectedPage.getMaintenanceCost().type(this.ast.MaintenanceCost).should('have.value', this.ast.MaintenanceCost);\ncy.wait(2000);\ninspectedPage.getMaintenanceButton().should('include.text', 'রক্ষণাবেক্ষণ').click();\ncy.wait(6000);",
              "err": {},
              "uuid": "cd17f30b-dbd6-48fc-a6dd-618a451d83ec",
              "parentUUID": "f6478a43-a8e1-47e0-8413-1adc0d766b96",
              "isHook": false,
              "skipped": false
            },
            {
              "title": "TC_34. Maintence Committee Head: Enter Remarks and Put Next Maintenance Date for Asset Maintenance (Inspection). TC",
              "fullTitle": "AST Module Regression Test Suite TC_34. Maintence Committee Head: Enter Remarks and Put Next Maintenance Date for Asset Maintenance (Inspection). TC",
              "timedOut": null,
              "duration": 39666,
              "state": "passed",
              "speed": "slow",
              "pass": true,
              "fail": false,
              "pending": false,
              "context": null,
              "code": "cy.login(this.ast.committeeHeadID, this.ast.committeeHeadPassword); //Select office code here if the user have multiple office \ndashboardPage.getASTAvatar().click();\ncy.wait(3000);\nleftNavMenu.getDropDownMenu().contains('রক্ষণাবেক্ষণ').click();\ncy.wait(1000);\nleftNavMenu.getItemsSubMenuOfMaintenance().should('include.text', 'পণ্য সমূহ').click();\ncy.wait(3000);\nreceiveGoodsPage.getCardHeader().should('include.text', 'তালিকা');\ncy.inspection(this.ast.assetTagNo3); // Item Tag\ncy.wait(3000);\nreceiveGoodsPage.getCardHeader().should('include.text', 'ফলাফল');\nitemsMaintenancePage.getMaintenanceRemarksField().should('have.attr', 'placeholder', 'মন্তব্য').click().type(this.ast.MaintenanceRemarks).should('have.value', this.ast.MaintenanceRemarks);\ncy.wait(2000);\nitemsMaintenancePage.getCalendarIcon().click();\ncy.calendar(this.ast.chalanYear, this.ast.chalanMonth, this.ast.chalanDay);\nitemsMaintenancePage.getMaintenanceCostField().should('have.attr', 'placeholder', 'রক্ষণাবেক্ষণ খরচ').click().type(this.ast.MaintenanceCost).should('have.value', this.ast.MaintenanceCost);\ncy.wait(2000);\ninspectedPage.getCardFooterFourthButton().should('include.text', 'সংরক্ষণ করুন').click();\ncy.wait(2000);\nreceiveGoodsPage.getConfirmPopUpHeader().should('include.text', 'নিশ্চিত করুন');\nreceiveGoodsPage.getConfirmPopUpYesButton().should('include.text', 'হ্যাঁ').click();\ncy.wait(6000);",
              "err": {},
              "uuid": "8aa16fb8-9a1b-47bc-b6f7-a4ca44d77b98",
              "parentUUID": "f6478a43-a8e1-47e0-8413-1adc0d766b96",
              "isHook": false,
              "skipped": false
            },
            {
              "title": "TC_35. Store Keeper: Verify the Item back to the Store after Maintenance (Inspection).",
              "fullTitle": "AST Module Regression Test Suite TC_35. Store Keeper: Verify the Item back to the Store after Maintenance (Inspection).",
              "timedOut": null,
              "duration": 26404,
              "state": "passed",
              "speed": "slow",
              "pass": true,
              "fail": false,
              "pending": false,
              "context": null,
              "code": "var _this11 = this;\ncy.login(this.ast.storeKeeperID, this.ast.storeKeeperPassword); //Select office code here if the user have multiple office \ndashboardPage.getASTAvatar().click();\ncy.wait(3000);\nleftNavMenu.getDropDownMenu().contains('রক্ষণাবেক্ষণ').click();\ncy.wait(1000);\nleftNavMenu.getRequestSubMenuOfMaintenance().should('include.text', 'অনুরোধ করুন').click();\ncy.wait(3000);\nreceiveGoodsPage.getStoreNameTab().contains(this.ast.storeName).click();\ncy.wait(5000);\nreceiveGoodsPage.getCardHeader().should('include.text', 'পণ্য সমূহ');\nreceiveGoodsPage.getCardRows().each(function ($el, index, $list) //Select the desired Tag No\n{\n  var textAssetTagNo = $el.find('td.e-rowcell[aria-label]').text();\n  if (textAssetTagNo.includes(_this11.ast.assetTagNo3)) {\n    var tagText = $el.find('td.e-rowcell[aria-label]').text();\n    expect(tagText.includes(_this11.ast.assetTagNo3)).to.be[\"true\"];\n  }\n});\ncy.wait(2000);",
              "err": {},
              "uuid": "9e3b3ada-910d-4fa2-8c79-455258310324",
              "parentUUID": "f6478a43-a8e1-47e0-8413-1adc0d766b96",
              "isHook": false,
              "skipped": false
            },
            {
              "title": "TC_36. Store Keeper: Create Maintenance Request from Store Existing Item.",
              "fullTitle": "AST Module Regression Test Suite TC_36. Store Keeper: Create Maintenance Request from Store Existing Item.",
              "timedOut": null,
              "duration": 37696,
              "state": "passed",
              "speed": "slow",
              "pass": true,
              "fail": false,
              "pending": false,
              "context": null,
              "code": "cy.login(this.ast.storeKeeperID, this.ast.storeKeeperPassword); //Select office code here if the user have multiple office \ndashboardPage.getASTAvatar().click();\ncy.wait(3000);\nleftNavMenu.getDropDownMenu().contains('রক্ষণাবেক্ষণ').click();\ncy.wait(1000);\nleftNavMenu.getRequestSubMenuOfMaintenance().should('include.text', 'অনুরোধ করুন').click();\ncy.wait(3000);\nreceiveGoodsPage.getStoreNameTab().contains(this.ast.storeName).click(); //Select Store\ncy.wait(5000);\nreceiveGoodsPage.getCardHeader().should('include.text', 'পণ্য সমূহ');\ncy.visibleItems(this.ast.assetTagNo10); //Select the Tag no\ncy.wait(2000);\nreceiveGoodsPage.getConfirmPopUpHeader().should('include.text', 'নিশ্চিত করুন');\nreceiveGoodsPage.getConfirmPopUpYesButton().should('include.text', 'হ্যাঁ').click({\n  force: true\n});\ncy.wait(6000);",
              "err": {},
              "uuid": "d75308a2-c2af-4fc3-84c9-e4c9d1cacb6b",
              "parentUUID": "f6478a43-a8e1-47e0-8413-1adc0d766b96",
              "isHook": false,
              "skipped": false
            },
            {
              "title": "TC_37. Maintence Committee Head: Enter Remarks and Put Next Maintenance Date for Store Existing Item.",
              "fullTitle": "AST Module Regression Test Suite TC_37. Maintence Committee Head: Enter Remarks and Put Next Maintenance Date for Store Existing Item.",
[...]
              "err": {},
              "uuid": "e0170bee-80e8-4ffe-b33b-a088ad193e9f",
              "parentUUID": "f6478a43-a8e1-47e0-8413-1adc0d766b96",
              "isHook": false,
              "skipped": false
            },
            {
              "title": "TC_66. Store Keeper: Make Disposal Request (From Stores Existing Item).",
              "fullTitle": "AST Module Regression Test Suite TC_66. Store Keeper: Make Disposal Request (From Stores Existing Item).",
              "timedOut": null,
              "duration": 53961,
              "state": "failed",
              "speed": null,
              "pass": false,
              "fail": true,
              "pending": false,
              "context": null,
              "code": "cy.login(this.ast.storeKeeperID, this.ast.storeKeeperPassword); //Select office code here if the user have multiple office \ndashboardPage.getASTAvatar().click();\ncy.wait(3000);\nleftNavMenu.getDropDownMenu().contains('নিষ্পত্তিকরণ').click();\ncy.wait(1000);\nleftNavMenu.getDisposalRequestSubMenu().should('include.text', 'নিষ্পত্তিকরণের জন্য অনুরোধ').click();\ncy.wait(3000);\nreceiveGoodsPage.getStoreNameTab().contains(this.ast.storeName).click();\ncy.wait(2000);\nreceiveGoodsPage.getCardHeader().should('include.text', 'নিষ্পত্তিকরণের জন্য অনুরোধ');\ndisposalRequestPage.getJustificationField().should('have.attr', 'placeholder', 'ন্যায্যতা').click().type(this.ast.disposalJustificat).should('have.value', this.ast.disposalJustificat);\ncy.wait(2000);\ndisposalRequestPage.getDisposalCommitteeNameField().should('have.attr', 'aria-label', 'কমিটির নাম').click();\ninspectionUnassignedPage.getDropDownItem().contains(this.ast.disposalCommitteeName).click();\ncy.wait(2000);\ndisposalRequestPage.getUncheckAllItems().click({\n  multiple: true\n}); //Uncheck all items\ncy.wait(2000); //Selects Items\ncy.selectItems(this.ast.assetTagNo11);\ncy.wait(1000);\ndisposalRequestPage.getSendButton().should('include.text', 'প্রেরণ').click();\ncy.wait(2000);\nreceiveGoodsPage.getConfirmPopUpHeader().should('include.text', 'নিশ্চিত করুন');\nreceiveGoodsPage.getConfirmPopUpYesButton().should('include.text', 'হ্যাঁ').click();\ncy.wait(6000);",
              "err": {
                "message": "CypressError: Timed out retrying: `cy.click()` failed because this element is `disabled`:\n\n`<button class=\"btn btn-pill btn-block btn-success col-4 ng-star-inserted\" type=\"button\" disabled=\"\">...</button>`\n\nFix this problem, or use `{force: true}` to disable error checking.\n\nhttps://on.cypress.io/element-cannot-be-interacted-with",
                "estack": "CypressError: Timed out retrying: `cy.click()` failed because this element is `disabled`:\n\n`<button class=\"btn btn-pill btn-block btn-success col-4 ng-star-inserted\" type=\"button\" disabled=\"\">...</button>`\n\nFix this problem, or use `{force: true}` to disable error checking.\n\nhttps://on.cypress.io/element-cannot-be-interacted-with\n    at cypressErr (http://sqa.grp.gov.bd/__cypress/runner/cypress_runner.js:146621:16)\n    at cypressErrByPath (http://sqa.grp.gov.bd/__cypress/runner/cypress_runner.js:146630:10)\n    at Object.throwErrByPath (http://sqa.grp.gov.bd/__cypress/runner/cypress_runner.js:146593:11)\n    at Object.ensureNotDisabled (http://sqa.grp.gov.bd/__cypress/runner/cypress_runner.js:137570:24)\n    at runAllChecks (http://sqa.grp.gov.bd/__cypress/runner/cypress_runner.js:127486:14)\n    at retryActionability (http://sqa.grp.gov.bd/__cypress/runner/cypress_runner.js:127542:16)\n    at tryCatcher (http://sqa.grp.gov.bd/__cypress/runner/cypress_runner.js:9065:23)\n    at Function.Promise.attempt.Promise.try (http://sqa.grp.gov.bd/__cypress/runner/cypress_runner.js:6339:29)\n    at tryFn (http://sqa.grp.gov.bd/__cypress/runner/cypress_runner.js:140680:21)\n    at whenStable (http://sqa.grp.gov.bd/__cypress/runner/cypress_runner.js:140715:12)\n    at http://sqa.grp.gov.bd/__cypress/runner/cypress_runner.js:140259:16\n    at tryCatcher (http://sqa.grp.gov.bd/__cypress/runner/cypress_runner.js:9065:23)\n    at Promise._settlePromiseFromHandler (http://sqa.grp.gov.bd/__cypress/runner/cypress_runner.js:7000:31)\n    at Promise._settlePromise (http://sqa.grp.gov.bd/__cypress/runner/cypress_runner.js:7057:18)\n    at Promise._settlePromise0 (http://sqa.grp.gov.bd/__cypress/runner/cypress_runner.js:7102:10)\n    at Promise._settlePromises (http://sqa.grp.gov.bd/__cypress/runner/cypress_runner.js:7182:18)",
                "diff": null
              },
              "uuid": "97eda7c6-0e47-441b-914f-5daea6dd0cd8",
              "parentUUID": "f6478a43-a8e1-47e0-8413-1adc0d766b96",
              "isHook": false,
              "skipped": false
            },
            {
              "title": "TC_67. Disposal Committee Member: Decision on Disposal with Disposal Type and Cost for (From Stores Existing Item).",
              "fullTitle": "AST Module Regression Test Suite TC_67. Disposal Committee Member: Decision on Disposal with Disposal Type and Cost for (From Stores Existing Item).",
              "timedOut": null,
              "duration": 34769,
              "state": "failed",
              "speed": null,
              "pass": false,
              "fail": true,
              "pending": false,
              "context": null,
              "code": "cy.login(this.ast.DisCommitteeMemberID, this.ast.DisCommitteeMemberPassword); //Select office code here if the user have multiple office \ndashboardPage.getASTAvatar().click();\ncy.wait(3000);\nleftNavMenu.getDropDownMenu().contains('অনুমোদন অপেক্ষমান').click();\ncy.wait(1000);\nleftNavMenu.getDecisionOnDisposalSubMenu().should('include.text', 'নিষ্পত্তিকরণ সংক্রান্ত সিদ্ধান্ত').click();\ncy.wait(3000);\nreceiveGoodsPage.getCardHeader().should('include.text', 'অনুরোধকৃত নিষ্পত্তিকরণের তালিকা');\ncy.inspection(this.ast.disposalJustificat); // ন্যায্যতা\ncy.wait(3000);\nreceiveGoodsPage.getCardHeader().should('include.text', 'নিষ্পত্তিকরণ সংক্রান্ত সিদ্ধান্ত');\ndisposalRequestPage.getDisposalTypeField1().click({\n  force: true\n});\ndisposalRequestPage.getDropDownItem().contains(this.ast.disposalRequestType2).click();\ncy.wait(1000);\ndisposalRequestPage.getDisposalCost1().clear().type(this.ast.disposalCost).should('have.value', this.ast.disposalCost);\ncy.wait(1000);\ndisposalRequestPage.getDisposalRemark1().click().type(this.ast.disposalRemarks).should('have.value', this.ast.disposalRemarks);\ncy.wait(1000);\ndisposalRequestPage.getSaveButton().should('include.text', 'সংরক্ষণ করুন').click();\ncy.wait(2000);\nreceiveGoodsPage.getConfirmPopUpHeader().should('include.text', 'নিশ্চিত করুন');\nreceiveGoodsPage.getConfirmPopUpYesButton().should('include.text', 'হ্যাঁ').click();\ncy.wait(6000);",
              "err": {
                "message": "AssertionError: Timed out retrying: expected '<mat-label>' to contain text 'নিষ্পত্তিকরণ সংক্রান্ত সিদ্ধান্ত', but the text was 'অনুরোধকৃত নিষ্পত্তিকরণের তালিকা'",
                "estack": "AssertionError: Timed out retrying: expected '<mat-label>' to contain text 'নিষ্পত্তিকরণ সংক্রান্ত সিদ্ধান্ত', but the text was 'অনুরোধকৃত নিষ্পত্তিকরণের তালিকা'\n    at applyChainer (http://sqa.grp.gov.bd/__cypress/runner/cypress_runner.js:131898:32)\n    at http://sqa.grp.gov.bd/__cypress/runner/cypress_runner.js:131940:16\n    at arrayReduce (http://sqa.grp.gov.bd/__cypress/runner/cypress_runner.js:18578:21)\n    at Function.reduce (http://sqa.grp.gov.bd/__cypress/runner/cypress_runner.js:27576:14)\n    at applyChainers (http://sqa.grp.gov.bd/__cypress/runner/cypress_runner.js:131929:22)\n    at tryCatcher (http://sqa.grp.gov.bd/__cypress/runner/cypress_runner.js:9065:23)\n    at Function.Promise.attempt.Promise.try (http://sqa.grp.gov.bd/__cypress/runner/cypress_runner.js:6339:29)\n    at Context.shouldFn (http://sqa.grp.gov.bd/__cypress/runner/cypress_runner.js:131946:26)\n    at Context.should (http://sqa.grp.gov.bd/__cypress/runner/cypress_runner.js:131964:23)\n    at http://sqa.grp.gov.bd/__cypress/runner/cypress_runner.js:127819:39\n    at assertions (http://sqa.grp.gov.bd/__cypress/runner/cypress_runner.js:128079:14)\n    at tryCatcher (http://sqa.grp.gov.bd/__cypress/runner/cypress_runner.js:9065:23)\n    at Object.gotValue (http://sqa.grp.gov.bd/__cypress/runner/cypress_runner.js:8209:18)\n    at Object.gotAccum (http://sqa.grp.gov.bd/__cypress/runner/cypress_runner.js:8196:25)\n    at Object.tryCatcher (http://sqa.grp.gov.bd/__cypress/runner/cypress_runner.js:9065:23)\n    at Promise._settlePromiseFromHandler (http://sqa.grp.gov.bd/__cypress/runner/cypress_runner.js:7000:31)",
                "diff": "- 'অনুরোধকৃত নিষ্পত্তিকরণের তালিকা'\n+ 'নিষ্পত্তিকরণ সংক্রান্ত সিদ্ধান্ত'\n"
              },
              "uuid": "6d75ef60-a5d3-43f1-bdb4-b0c615115ff9",
              "parentUUID": "f6478a43-a8e1-47e0-8413-1adc0d766b96",
              "isHook": false,
              "skipped": false
            },
            {
              "title": "TC_68. Store Admin: Approved Disposal Result (From Stores Existing Item).",
              "fullTitle": "AST Module Regression Test Suite TC_68. Store Admin: Approved Disposal Result (From Stores Existing Item).",
              "timedOut": null,
              "duration": 39729,
              "state": "failed",
              "speed": null,
              "pass": false,
              "fail": true,
              "pending": false,
              "context": null,
              "code": "cy.login(this.ast.storeAdminID, this.ast.storeAdminPassword); //Select office code here if the user have multiple office \ndashboardPage.getASTAvatar().click();\ncy.wait(3000);\nleftNavMenu.getDropDownMenu().contains('নিষ্পত্তিকরণ').click();\ncy.wait(1000);\nleftNavMenu.getDisposalResultSubMenu().should('include.text', 'নিষ্পত্তিকরণের ফলাফল').click();\ncy.wait(3000);\nreceiveGoodsPage.getStoreNameTab().contains(this.ast.storeName).click();\ncy.wait(2000);\nreceiveGoodsPage.getCardHeader().should('include.text', 'নিষ্পত্তিকরণের জন্য সম্পদ তালিকা');\ncy.inspection(this.ast.disposalJustificat); // ন্যায্যতা\ncy.wait(3000);\nreceiveGoodsPage.getCardHeader().should('include.text', 'নিষ্পত্তিকরণের ফলাফল');\ndisposalResultPage.getDisposalTypeTab().contains('Disposed').click();\ncy.wait(2000);\ndisposalResultPage.getDisposedAddButton().click();\ncy.wait(2000);\ndisposalResultPage.getDecidedRemark1().click().type(this.ast.disposalDecisionRemarks).should('have.value', this.ast.disposalDecisionRemarks);\ncy.wait(2000);\ndisposalResultPage.getSendButton().should('include.text', 'প্রেরণ').click();\ncy.wait(2000);\nreceiveGoodsPage.getConfirmPopUpHeader().should('include.text', 'নিশ্চিত করুন');\nreceiveGoodsPage.getConfirmPopUpYesButton().should('include.text', 'হ্যাঁ').click();\ncy.wait(6000);",
              "err": {
                "message": "AssertionError: Timed out retrying: expected '<mat-label>' to contain text 'নিষ্পত্তিকরণের ফলাফল', but the text was 'নিষ্পত্তিকরণের জন্য সম্পদ তালিকা'",
                "estack": "AssertionError: Timed out retrying: expected '<mat-label>' to contain text 'নিষ্পত্তিকরণের ফলাফল', but the text was 'নিষ্পত্তিকরণের জন্য সম্পদ তালিকা'\n    at applyChainer (http://sqa.grp.gov.bd/__cypress/runner/cypress_runner.js:131898:32)\n    at http://sqa.grp.gov.bd/__cypress/runner/cypress_runner.js:131940:16\n    at arrayReduce (http://sqa.grp.gov.bd/__cypress/runner/cypress_runner.js:18578:21)\n    at Function.reduce (http://sqa.grp.gov.bd/__cypress/runner/cypress_runner.js:27576:14)\n    at applyChainers (http://sqa.grp.gov.bd/__cypress/runner/cypress_runner.js:131929:22)\n    at tryCatcher (http://sqa.grp.gov.bd/__cypress/runner/cypress_runner.js:9065:23)\n    at Function.Promise.attempt.Promise.try (http://sqa.grp.gov.bd/__cypress/runner/cypress_runner.js:6339:29)\n    at Context.shouldFn (http://sqa.grp.gov.bd/__cypress/runner/cypress_runner.js:131946:26)\n    at Context.should (http://sqa.grp.gov.bd/__cypress/runner/cypress_runner.js:131964:23)\n    at http://sqa.grp.gov.bd/__cypress/runner/cypress_runner.js:127819:39\n    at assertions (http://sqa.grp.gov.bd/__cypress/runner/cypress_runner.js:128079:14)\n    at tryCatcher (http://sqa.grp.gov.bd/__cypress/runner/cypress_runner.js:9065:23)\n    at Object.gotValue (http://sqa.grp.gov.bd/__cypress/runner/cypress_runner.js:8209:18)\n    at Object.gotAccum (http://sqa.grp.gov.bd/__cypress/runner/cypress_runner.js:8196:25)\n    at Object.tryCatcher (http://sqa.grp.gov.bd/__cypress/runner/cypress_runner.js:9065:23)\n    at Promise._settlePromiseFromHandler (http://sqa.grp.gov.bd/__cypress/runner/cypress_runner.js:7000:31)",
                "diff": "- 'নিষ্পত্তিকরণের জন্য সম্পদ তালিকা'\n+ 'নিষ্পত্তিকরণের ফলাফল'\n"
              },
              "uuid": "37fa409e-0c01-49ed-ae65-c5f8865263be",
              "parentUUID": "f6478a43-a8e1-47e0-8413-1adc0d766b96",
              "isHook": false,
              "skipped": false
            },
            {
              "title": "TC_69. Store Admin: Verify the Disposed Asset on the Report (From Stores Existing Item).",
              "fullTitle": "AST Module Regression Test Suite TC_69. Store Admin: Verify the Disposed Asset on the Report (From Stores Existing Item).",
              "timedOut": null,
              "duration": 45222,
              "state": "passed",
              "speed": "slow",
              "pass": true,
              "fail": false,
              "pending": false,
              "context": null,
              "code": "var _this17 = this;\ncy.login(this.ast.storeAdminID, this.ast.storeAdminPassword); //Select office code here if the user have multiple office \ndashboardPage.getASTAvatar().click();\ncy.wait(3000);\nleftNavMenu.getDropDownMenu().contains('রিপোর্টস').click();\ncy.wait(1000);\nleftNavMenu.getDisposedAssetSubMenu().should('include.text', 'নিস্পত্তিকৃত সম্পদ').click();\ncy.wait(3000);\nreportsPage.getPageHeaderText().should('include.text', 'নিস্পত্তিকৃত সম্পদ');\nreportsPage.getItemCategoryField().click();\ninspectionUnassignedPage.getDropDownItem().contains(this.ast.ItemCategory).click();\ncy.wait(2000);\nreportsPage.getItemGroupField().click();\ninspectionUnassignedPage.getDropDownItem().contains(this.ast.ItemGroup).click();\ncy.wait(2000);\nreportsPage.getStoreField().click();\ninspectionUnassignedPage.getDropDownItem().contains(this.ast.storeName).click();\ncy.wait(2000);\nreportsPage.getSearchButton().should('include.text', 'অনুসন্ধান করুন').click();\ncy.wait(4000);\nreceiveGoodsPage.getCardRows().each(function ($el, index, $list) //Select the desired Tag No\n{\n  var textAssetTagNo = $el.find('td.e-rowcell[aria-label]').text();\n  if (textAssetTagNo.includes(_this17.ast.assetTagNo11)) {\n    var tagText = $el.find('td.e-rowcell[aria-label]').text();\n    expect(tagText.includes(_this17.ast.assetTagNo11)).to.be[\"true\"];\n  }\n});\ncy.wait(3000);",
              "err": {},
              "uuid": "6aac533d-cb72-47a9-ab55-473e0e17b455",
              "parentUUID": "f6478a43-a8e1-47e0-8413-1adc0d766b96",
              "isHook": false,
              "skipped": false
            }
          ],
          "suites": [],
          "passes": [
            "d26b5f7b-2746-4434-869c-a7684c235d6a",
            "fcce1120-acb5-42ce-85b2-34fb26bf1a25",
            "7e968b53-4103-4147-b17f-efc0505a0c08",
            "1b8673c5-763e-45b0-bf1b-085c2af67443",
            "d55f5ba3-50e0-43ee-980e-5fab5ebf1d1e",
            "8a2b0b22-7803-43e2-9d47-effe32f4483b",
            "147b536f-25b4-4223-9fbf-cd2629ef4302",
            "4c9b0139-2e72-4114-95c2-0c81bf925b03",
            "3a8ed7ff-ca28-49ff-b8fb-4f581ac6a131",
            "495491e8-c117-46c3-b590-3c6bc893d6ef",
            "80f593a6-f606-4534-9b68-16e6a3e6a1e7",
            "75760ea4-9fd8-44e5-b8b6-775bd9305e07",
            "f4f18522-dbc2-452d-bd52-2e21de67f711",
            "3a62cee9-4e43-4718-9873-836f6c1f542c",
            "a0069018-580b-4e93-bd9f-84e378b7e77e",
            "0e1a12a5-79ba-46e3-a9c4-d8fa09c9b4bd",
            "10a48ba1-dce0-46d3-aa1b-66774620b99e",
            "044a9b96-b5b8-4abc-a69c-7dd99bf014f1",
            "81956f43-cd87-466d-a005-300b595761a6",
            "fbf5a2f9-9255-44fa-86b5-ad4249a72efa",
            "1c78c721-2a6d-4210-a55c-13fd8713097e",
            "39764376-ee3c-498c-ab12-9371bbda3c3f",
            "68d210f4-64e7-4617-bbc6-66dbbfb71d31",
            "e903ffae-bd23-4dfc-9936-68def2143921",
            "e7355841-5d90-4624-b9a0-acd073714141",
            "cc81f9d2-d6d9-4d58-a1ca-459d46fc28f2",
            "0bc61958-df3b-4e41-8d13-d4ab086ecfeb",
            "77fe1bd4-1f42-4e27-aeb4-41b5bf5c0aa7",
            "1ba65b84-8db6-47b5-a3c0-97dffc75000b",
            "8f7fe3d3-ce69-43c1-81d0-c98ef8db3ab1",
            "5d1b56fb-4968-4cb8-a63b-c4cf75643cad",
            "e3ad7914-abf4-4c44-8cbc-f3247791348a",
            "cd17f30b-dbd6-48fc-a6dd-618a451d83ec",
            "8aa16fb8-9a1b-47bc-b6f7-a4ca44d77b98",
            "9e3b3ada-910d-4fa2-8c79-455258310324",
            "d75308a2-c2af-4fc3-84c9-e4c9d1cacb6b",
            "f8fffa62-3d71-49ec-af37-7b688cc0f067",
            "16e34659-0326-49aa-94c9-476ed31df022",
            "6d3bca91-2f97-4f97-92a8-f8a1dc245d00",
            "c621a66b-6730-440b-814b-edc11ae48f22",
            "8395a301-f17b-429b-904d-2ae24fbdab51",
            "6768be36-a589-4bee-a71d-dd79a47e447e",
            "f0cc76ac-8a26-49e2-b62d-f04f1dc633ea",
            "0231f82e-f91d-409d-99e7-8cabd4ccd7b1",
            "05598c75-b0e5-4534-b04c-e27e9a7dfb11",
            "f6269e1c-0ff0-418e-9a57-88ac68520487",
            "943fc295-8880-473f-b8fe-8c826804d766",
            "272de32f-c517-4c7f-aa78-23bbd0e82f4a",
            "b5d80604-e5dc-44af-a9e1-502d1082b09a",
            "fa3779d4-d7c2-49c3-a1e6-49f9742fc879",
            "d216a8f2-8a3f-4729-aa97-e0d1776b1fbd",
            "2bb9fe20-95a5-49ed-821f-f7379e23343a",
            "7cba750c-c9f9-4d3a-93ed-817d47408cf9",
            "339634dd-8cda-4253-b235-031ebd13afec",
            "21eacdad-e9b8-441a-ad40-606f562401c0",
            "5a43a7c0-ea03-425a-9ca3-f1f0bfb5185c",
            "d49fad18-d41f-4867-a05b-81e1a8f27387",
            "e85e5fdd-3b17-4fea-b0f8-fa34ae1fc03c",
            "55bfbf4a-40b2-46dc-88aa-356f0f1d548f",
            "8835bb95-7b69-4ece-aadf-de6ded610741",
            "0b432455-d9e1-4034-94e5-7183368f9b0c",
            "e0170bee-80e8-4ffe-b33b-a088ad193e9f",
            "6aac533d-cb72-47a9-ab55-473e0e17b455"
          ],
          "failures": [
            "cfd34251-1dcf-4e4f-8dc7-781bad58c740",
            "3e9435bd-6d66-48b8-8403-6007d94be9ed",
            "4f4db7eb-53c4-4c80-8daa-788b149b40fb",
            "97eda7c6-0e47-441b-914f-5daea6dd0cd8",
            "6d75ef60-a5d3-43f1-bdb4-b0c615115ff9",
            "37fa409e-0c01-49ed-ae65-c5f8865263be"
          ],
          "pending": [],
          "skipped": [],
          "duration": 2969235,
          "root": false,
          "rootEmpty": false,
          "_timeout": 2000
        }
      ],
      "passes": [],
      "failures": [],
      "pending": [],
      "skipped": [],
      "duration": 0,
      "root": true,
      "rootEmpty": true,
      "_timeout": 2000
    }
  ],
  "meta": {
    "mocha": {
      "version": "7.0.1"
    },
    "mochawesome": {
      "options": {
        "quiet": false,
        "reportFilename": "mochawesome",
        "saveHtml": true,
        "saveJson": true,
        "consoleReporter": "spec",
        "useInlineDiffs": false,
        "code": true
      },
      "version": "5.0.0"
    },
    "marge": {
      "options": {},
      "version": "4.1.0"
    }
  }
}