{
  "stats": {
    "suites": 1,
    "tests": 29,
    "passes": 21,
    "pending": 8,
    "failures": 0,
    "start": "2020-04-27T09:52:34.900Z",
    "end": "2020-04-27T10:16:45.627Z",
    "duration": 1450727,
    "testsRegistered": 29,
    "passPercent": 100,
    "pendingPercent": 27.586206896551722,
    "other": 0,
    "hasOther": false,
    "skipped": 0,
    "hasSkipped": false
  },
  "results": [
    {
      "uuid": "52a5e855-51f4-4eb0-8011-7b3212b5abe6",
      "title": "",
      "fullFile": "cypress\\integration\\happyPath\\PRCFullTest.spec.js",
      "file": "cypress\\integration\\happyPath\\PRCFullTest.spec.js",
      "beforeHooks": [],
      "afterHooks": [],
      "tests": [],
      "suites": [
        {
          "uuid": "57acdc45-a13a-4847-b4ff-271ff7a3fa59",
          "title": "PRC Module Regression Test Suite",
          "fullFile": "",
          "file": "",
          "beforeHooks": [],
          "afterHooks": [],
          "tests": [
            {
              "title": "Create Requisition Declaration as a PE TC",
              "fullTitle": "PRC Module Regression Test Suite Create Requisition Declaration as a PE TC",
              "timedOut": null,
              "duration": 53281,
              "state": "passed",
              "speed": "slow",
              "pass": true,
              "fail": false,
              "pending": false,
              "context": null,
              "code": "cy.login(this.prc.userNamePE, this.prc.passwordPE);\ndashboardPage.getPRCAvatar().click();\ncy.wait(3000);\nleftNavMenu.getDropDownMenu().contains('এপিপি').click({\n  force: true\n});\ncy.wait(1000);\nleftNavMenu.getDeclarationAPPSubMenu().should('include.text', 'চাহিদাপত্র ঘোষণা').click();\ncy.wait(3000);\nrequisitionDeclarationPage.getRequisitionPageHeader().should('include.text', 'চাহিদাপত্র ঘোষণা');\nrequisitionDeclarationPage.getAddRequisitionButton().should('include.text', 'add').click(); //Clicks plus button\ncy.wait(3000);\nrequisitionDeclarationPage.getRequisitionPageHeader().should('include.text', 'চাহিদাপত্র ঘোষণা');\nrequisitionDeclarationPage.getFiscalYearField().should('include.text', 'অর্থবছর').click();\nrequisitionDeclarationPage.getDropDownItem().contains(this.prc.requisitionFiscalYear).click();\ncy.wait(2000);\nrequisitionDeclarationPage.getStartDateField().click(); //শুরুর তারিখ\ncy.wait(1000);\ncy.calendar(this.prc.requisitionStartYear, this.prc.requisitionStartMonth, this.prc.requisitionStartDay);\ncy.wait(1000);\nrequisitionDeclarationPage.getEndDateField().click(); //শেষ তারিখ\ncy.wait(1000);\ncy.calendar(this.prc.requisitionEndYear, this.prc.requisitionEndMonth, this.prc.requisitionEndDay);\ncy.wait(1000);\nrequisitionDeclarationPage.getDescriptionField().should('have.attr', 'placeholder', 'বিবরণ').click().type(this.prc.requisitionDescription).should('have.value', this.prc.requisitionDescription);\ncy.wait(2000);\nrequisitionDeclarationPage.getSaveAndPublishButton().should('include.text', 'সংরক্ষণ ও প্রকাশ করুন').click();\ncy.wait(2000);\nrequisitionDeclarationPage.getConfirmationPageHeader().should('include.text', 'নিশ্চিতকরণ');\nrequisitionDeclarationPage.getConfirmationPageYesButton().should('include.text', 'হ্যাঁ').click();\ncy.wait(6000);",
              "err": {},
              "uuid": "25db187e-07bc-4a42-8219-fe1ff3c55028",
              "parentUUID": "57acdc45-a13a-4847-b4ff-271ff7a3fa59",
              "isHook": false,
              "skipped": false
            },
            {
              "title": "Demand Submission as a DE-1 for Goods TC",
              "fullTitle": "PRC Module Regression Test Suite Demand Submission as a DE-1 for Goods TC",
              "timedOut": null,
              "duration": 66201,
              "state": "passed",
              "speed": "slow",
              "pass": true,
              "fail": false,
              "pending": false,
              "context": null,
              "code": "var _this = this;\ncy.login(this.prc.userNameDE1, this.prc.passwordDE1);\ndashboardPage.getPRCAvatar().click();\ncy.wait(3000);\nleftNavMenu.getDropDownMenu().contains('এপিপি').click({\n  force: true\n});\ncy.wait(1000);\nleftNavMenu.getRequisitionSubmissionAPPSubMenu().should('include.text', 'চাহিদাপত্র প্রেরণ').click();\ncy.wait(3000);\ndeclarationSubmissionPage.getDeclarationSubmissionPageHeader().should('include.text', 'চাহিদাপত্র প্রেরণের জন্য ঘোষণার তালিকা');\ncy.pagination(this.prc.Pagination); //Pagination\ndeclarationSubmissionPage.getTableRow().each(function ($el, index, $list) //Clicks the desired চাহিদাপত্র \n{\n  var textDeclaration = $el.find('td.e-rowcell').text();\n  if (textDeclaration.includes(_this.prc.requisitionDescription)) {\n    $el.find('td.e-rowcell button mat-icon').click();\n  }\n});\ncy.wait(3000);\ndeclarationSubmissionPage.getDeclarationSubmissionPageHeader().should('include.text', 'চাহিদাপত্র প্রেরণের তালিকা');\ndeclarationSubmissionPage.getAddRequisitionButton().should('include.text', 'চাহিদা যোগ করুন').click();\ncy.wait(3000);\ndeclarationSubmissionPage.getDeclarationSubmissionPageHeader().should('include.text', 'চাহিদা পত্রের পরিকল্পনায় যোগ করুন');\ndeclarationSubmissionPage.getAddRequirementButton().should('include.text', 'চাহিদা যোগ করুন').click();\ncy.wait(3000);\ndeclarationSubmissionPage.getAddRequirementPopupHeader().should('include.text', 'নতুন চাহিদা যোগ করুন (প্রাধিকারের বাহিরে)');\ndeclarationSubmissionPage.getAddRequirementTypeField().should('have.attr', 'aria-label', 'ধরণ').click();\nrequisitionDeclarationPage.getDropDownItem().contains(this.prc.requirementTypeGoods).click();\ncy.wait(2000);\ndeclarationSubmissionPage.getAddRequirementCategoryField().should('have.attr', 'aria-label', 'ক্যাটাগরি').click();\nrequisitionDeclarationPage.getDropDownItem().contains(this.prc.requirementCategoryGoods).click();\ncy.wait(2000);\ndeclarationSubmissionPage.getAddRequirementGroupField().should('have.attr', 'aria-label', 'গ্রুপ').click();\nrequisitionDeclarationPage.getDropDownItem().contains(this.prc.requirementGroupGoods).click();\ncy.wait(2000);\ndeclarationSubmissionPage.getAddRequirementNameField().should('have.attr', 'aria-label', 'নাম ').click();\nrequisitionDeclarationPage.getDropDownItem().contains(this.prc.requirementNameGoods).click();\ncy.wait(2000);\ndeclarationSubmissionPage.getAddRequirementQuantityField().should('have.attr', 'placeholder', 'পরিমাণ').click().type(this.prc.requirementQuantityGoods).should('have.value', this.prc.requirementQuantityGoods);\ncy.wait(2000);\ndeclarationSubmissionPage.getAddRequirementRemarksField().should('have.attr', 'placeholder', 'স্পেসিফিকেশন/মন্তব্য').click().type(this.prc.requirementRemarksGoods).should('have.value', this.prc.requirementRemarksGoods);\ncy.wait(2000);\ndeclarationSubmissionPage.getAddRequirementEstimatedCostField().should('have.attr', 'placeholder', 'আনুমানিক খরচ').click().type(this.prc.requirementEstimatedCostGoods).should('have.value', this.prc.requirementEstimatedCostGoods);\ncy.wait(2000);\ndeclarationSubmissionPage.getAddRequirementSaveField().should('include.text', 'সংরক্ষণ করুন').click();\ncy.wait(2000); //the locator same as চাহিদাপত্র page, So re-use it here\nrequisitionDeclarationPage.getSaveAndPublishButton().should('include.text', 'সংরক্ষন ও প্রেরণ করুন').click();\ncy.wait(2000);\nrequisitionDeclarationPage.getConfirmationPageHeader().should('include.text', 'নিশ্চিতকরণ');\nrequisitionDeclarationPage.getConfirmationPageYesButton().should('include.text', 'হ্যাঁ').click();\ncy.wait(6000);\nrequisitionDeclarationPage.getRequisitionPageHeader().should('include.text', 'চাহিদাপত্র প্রেরণের তালিকা');\nrequisitionDeclarationPage.getBackButton().should('include.text', 'পূর্বে').click();\ncy.wait(5000);",
              "err": {},
              "uuid": "7802686f-9c3d-431c-afeb-7299d5714a7e",
              "parentUUID": "57acdc45-a13a-4847-b4ff-271ff7a3fa59",
              "isHook": false,
              "skipped": false
            },
            {
              "title": "Demand Submission as a DE-2 for Service TC",
              "fullTitle": "PRC Module Regression Test Suite Demand Submission as a DE-2 for Service TC",
              "timedOut": null,
              "duration": 0,
              "state": "pending",
              "speed": null,
              "pass": false,
              "fail": false,
              "pending": true,
              "context": null,
              "code": "",
              "err": {},
              "uuid": "06b86906-d071-4818-afcb-102ceb5a370e",
              "parentUUID": "57acdc45-a13a-4847-b4ff-271ff7a3fa59",
              "isHook": false,
              "skipped": false
            },
            {
              "title": "Notifies DEs who have not submitted the requisition by PE TC",
              "fullTitle": "PRC Module Regression Test Suite Notifies DEs who have not submitted the requisition by PE TC",
              "timedOut": null,
              "duration": 39124,
              "state": "passed",
              "speed": "slow",
              "pass": true,
              "fail": false,
              "pending": false,
              "context": null,
              "code": "var _this3 = this;\ncy.login(this.prc.userNamePE, this.prc.passwordPE);\ndashboardPage.getPRCAvatar().click();\ncy.wait(3000);\nleftNavMenu.getDropDownMenu().contains('এপিপি').click({\n  force: true\n});\ncy.wait(1000);\nleftNavMenu.getDeclarationAPPSubMenu().should('include.text', 'চাহিদাপত্র ঘোষণা').click();\ncy.wait(3000);\nrequisitionDeclarationPage.getRequisitionPageHeader().should('include.text', 'চাহিদাপত্র ঘোষণা');\nrequisitionDeclarationPage.getFiscalYearField().should('include.text', 'অর্থবছর').click();\nrequisitionDeclarationPage.getDropDownItem().contains(this.prc.requisitionFiscalYear).click();\ncy.wait(3000);\ncy.pagination(this.prc.Pagination); //Pagination\ndeclarationSubmissionPage.getTableRow().each(function ($el, index, $list) //Clicks the desired চাহিদাপত্র ঘোষণা\n{\n  var textDeclaration = $el.find('td.e-rowcell').text();\n  if (textDeclaration.includes(_this3.prc.requisitionDescription)) {\n    $el.find('td.e-rowcell button mat-icon').click();\n  }\n});\ncy.wait(3000);\nrequisitionDeclarationPage.getNotifyHeader().should('include.text', 'পুনরায় অবহিত করার জন্য কর্মকর্তাদের তালিকা');\nrequisitionDeclarationPage.getSubmittedHeader().should('include.text', 'চাহিদা পত্র জমাদানকারী কর্মকর্তাদের তালিকা');\nrequisitionDeclarationPage.getNotifyAllCheckBox().click();\ncy.wait(1500);\nrequisitionDeclarationPage.getNotifyButton().should('include.text', 'অবহিত করুন').click();\ncy.wait(7000);",
              "err": {},
              "uuid": "7f68696f-a1cb-4214-a558-33f8c83f12bd",
              "parentUUID": "57acdc45-a13a-4847-b4ff-271ff7a3fa59",
              "isHook": false,
              "skipped": false
            },
            {
              "title": "Extend Date of Requisition Declaration by PE TC",
              "fullTitle": "PRC Module Regression Test Suite Extend Date of Requisition Declaration by PE TC",
              "timedOut": null,
              "duration": 50449,
              "state": "passed",
              "speed": "slow",
              "pass": true,
              "fail": false,
              "pending": false,
              "context": null,
              "code": "var _this4 = this;\ncy.login(this.prc.userNamePE, this.prc.passwordPE);\ndashboardPage.getPRCAvatar().click();\ncy.wait(3000);\nleftNavMenu.getDropDownMenu().contains('এপিপি').click({\n  force: true\n});\ncy.wait(1000);\nleftNavMenu.getDeclarationAPPSubMenu().should('include.text', 'চাহিদাপত্র ঘোষণা').click();\ncy.wait(3000);\nrequisitionDeclarationPage.getRequisitionPageHeader().should('include.text', 'চাহিদাপত্র ঘোষণা');\nrequisitionDeclarationPage.getFiscalYearField().should('include.text', 'অর্থবছর').click();\nrequisitionDeclarationPage.getDropDownItem().contains(this.prc.requisitionFiscalYear).click();\ncy.wait(3000);\ncy.pagination(this.prc.Pagination); //Pagination\ndeclarationSubmissionPage.getTableRow().each(function ($el, index, $list) //Clicks the desired চাহিদাপত্র ঘোষণা\n{\n  var textDeclaration = $el.find('td.e-rowcell').text();\n  if (textDeclaration.includes(_this4.prc.requisitionDescription)) {\n    $el.find('td.e-rowcell button .fa-expand').click();\n  }\n});\ncy.wait(3000);\nrequisitionDeclarationPage.getRequisitionPageHeader().should('include.text', 'চাহিদাপত্র ঘোষণা হালনাগাদ করুন');\nrequisitionDeclarationPage.getEndDateField().click();\ncy.wait(1000);\ncy.calendar(this.prc.requisitionEndYear, this.prc.requisitionEndMonth, this.prc.requisitionExtendEndDay);\ncy.wait(1000);\nrequisitionDeclarationPage.getDescriptionField().type('{del}{selectall}{backspace}').type(this.prc.requisitionExtendDescription).should('have.value', this.prc.requisitionExtendDescription);\ncy.wait(2000);\nrequisitionDeclarationPage.getExtendEndSaveAndPublishButton().should('include.text', 'সংরক্ষণ ও প্রকাশ করুন').click();\ncy.wait(2000);\nrequisitionDeclarationPage.getConfirmationPageHeader().should('include.text', 'নিশ্চিতকরণ');\nrequisitionDeclarationPage.getConfirmationPageYesButton().should('include.text', 'হ্যাঁ').click();\ncy.wait(6000);",
              "err": {},
              "uuid": "bb114823-0f87-4e7e-82cc-880d983254b3",
              "parentUUID": "57acdc45-a13a-4847-b4ff-271ff7a3fa59",
              "isHook": false,
              "skipped": false
            },
            {
              "title": "Close the Requisition Declaration by PE TC",
              "fullTitle": "PRC Module Regression Test Suite Close the Requisition Declaration by PE TC",
              "timedOut": null,
              "duration": 37888,
              "state": "passed",
              "speed": "slow",
              "pass": true,
              "fail": false,
              "pending": false,
              "context": null,
              "code": "var _this5 = this;\ncy.login(this.prc.userNamePE, this.prc.passwordPE);\ndashboardPage.getPRCAvatar().click();\ncy.wait(3000);\nleftNavMenu.getDropDownMenu().contains('এপিপি').click({\n  force: true\n});\ncy.wait(1000);\nleftNavMenu.getDeclarationAPPSubMenu().should('include.text', 'চাহিদাপত্র ঘোষণা').click();\ncy.wait(3000);\nrequisitionDeclarationPage.getRequisitionPageHeader().should('include.text', 'চাহিদাপত্র ঘোষণা');\nrequisitionDeclarationPage.getFiscalYearField().should('include.text', 'অর্থবছর').click();\nrequisitionDeclarationPage.getDropDownItem().contains(this.prc.requisitionFiscalYear).click();\ncy.wait(3000);\ncy.pagination(this.prc.Pagination); //Pagination\ndeclarationSubmissionPage.getTableRow().each(function ($el, index, $list) //Clicks the desired চাহিদাপত্র ঘোষণা\n{\n  var textDeclaration = $el.find('td.e-rowcell').text();\n  if (textDeclaration.includes(_this5.prc.requisitionExtendDescription)) {\n    $el.find('td.e-rowcell button .fa-lock').click();\n  }\n});\ncy.wait(3000);\nrequisitionDeclarationPage.getConfirmationPageHeader().should('include.text', 'নিশ্চিতকরণ');\nrequisitionDeclarationPage.getConfirmationPageYesButton().should('include.text', 'হ্যাঁ').click();\ncy.wait(7000);",
              "err": {},
              "uuid": "02d0cf9f-b97c-4f17-8e82-438e7fef269e",
              "parentUUID": "57acdc45-a13a-4847-b4ff-271ff7a3fa59",
              "isHook": false,
              "skipped": false
            },
            {
              "title": "Consolidate Requisitions by PE TC",
              "fullTitle": "PRC Module Regression Test Suite Consolidate Requisitions by PE TC",
              "timedOut": null,
              "duration": 94759,
              "state": "passed",
              "speed": "slow",
              "pass": true,
              "fail": false,
              "pending": false,
              "context": null,
              "code": "var _this6 = this;\ncy.login(this.prc.userNamePE, this.prc.passwordPE);\ndashboardPage.getPRCAvatar().click();\ncy.wait(3000);\nleftNavMenu.getDropDownMenu().contains('এপিপি').click({\n  force: true\n});\ncy.wait(1000);\nleftNavMenu.getDeclarationAPPSubMenu().should('include.text', 'চাহিদাপত্র ঘোষণা').click();\ncy.wait(3000);\nrequisitionDeclarationPage.getRequisitionPageHeader().should('include.text', 'চাহিদাপত্র ঘোষণা');\nrequisitionDeclarationPage.getFiscalYearField().should('include.text', 'অর্থবছর').click();\nrequisitionDeclarationPage.getDropDownItem().contains(this.prc.requisitionFiscalYear).click();\ncy.wait(3000);\ncy.pagination(this.prc.Pagination); //Pagination\ndeclarationSubmissionPage.getTableRow().each(function ($el, index, $list) //Clicks the desired চাহিদাপত্র ঘোষণা\n{\n  var textDeclaration = $el.find('td.e-rowcell').text();\n  if (textDeclaration.includes(_this6.prc.requisitionExtendDescription)) {\n    $el.find('td.e-rowcell button mat-icon').click();\n  }\n});\ncy.wait(3000);\nrequisitionDeclarationPage.getRequisitionPageHeader().should('include.text', 'চাহিদাপত্র একত্রীকরণ তালিকা');\nrequisitionDeclarationPage.getPreviewSummaryReportButton().click();\ncy.wait(7000);\nrequisitionDeclarationPage.getPreviewSummaryReportClose().click();\ncy.wait(2000);\nrequisitionDeclarationPage.getConsolidateRequisitionsIcon().click();\ncy.wait(3000);\nrequisitionDeclarationPage.getRequisitionPageHeader().should('include.text', 'চাহিদাপত্র সংকলন তালিকা একীকরণ');\nrequisitionDeclarationPage.getPreviewOfReportButton().should('include.text', 'রিপোর্ট এর বিস্তারিত দেখুন').click();\ncy.wait(7000);\nrequisitionDeclarationPage.getPreviewSummaryReportClose().click();\ncy.wait(2000);\ndeclarationSubmissionPage.getTableRow().each(function ($el, index, $list) //Expanded the desired ক্যাটাগরি\n{\n  var textDeclaration = $el.find('td.e-rowcell').text();\n  if (textDeclaration.includes(_this6.prc.requirementCategoryGoods)) {\n    $el.find('td.e-detailrowcollapse').click();\n  }\n});\ncy.wait(3000);\ndeclarationSubmissionPage.getTableRow().each(function ($el, index, $list) //Expanded the desired পণ্যের গ্রুপ\n{\n  var textDeclaration = $el.find('td.e-rowcell[aria-label]').text();\n  if (textDeclaration.includes(_this6.prc.requirementGroupGoods)) {\n    $el.find('td.e-detailrowcollapse').click();\n  }\n});\ncy.wait(3000);\nrequisitionDeclarationPage.getEstimatedCostInputField().dblclick();\ncy.wait(3000);\nrequisitionDeclarationPage.getEnterEstimatedCostInInputField().click().type(this.prc.requirementEstimatedCostGoods);\ncy.wait(2000);\nrequisitionDeclarationPage.getEnterRemarksInInputField().click().type(this.prc.requirementRemarksGoods);\ncy.wait(2000);\nrequisitionDeclarationPage.getDemandSaveIcon().click();\ncy.wait(3000);\nrequisitionDeclarationPage.getSaveAndPublishButton().should('include.text', 'দাখিল করুন').click();\ncy.wait(2000);\nrequisitionDeclarationPage.getConfirmationPageHeader().should('include.text', 'নিশ্চিতকরণ');\nrequisitionDeclarationPage.getConfirmationPageYesButton().should('include.text', 'হ্যাঁ').click();\ncy.wait(5000);\nrequisitionDeclarationPage.getRequisitionPageHeader().should('include.text', 'চাহিদাপত্র একত্রীকরণ তালিকা');\ncy.wait(7000);",
              "err": {},
              "uuid": "0d32306d-0c31-4f14-b91b-d8b3fc209e12",
              "parentUUID": "57acdc45-a13a-4847-b4ff-271ff7a3fa59",
              "isHook": false,
              "skipped": false
            },
            {
              "title": "Create APP (Works) as a PE TC",
              "fullTitle": "PRC Module Regression Test Suite Create APP (Works) as a PE TC",
              "timedOut": null,
              "duration": 35419,
              "state": "passed",
              "speed": "slow",
              "pass": true,
              "fail": false,
              "pending": false,
              "context": null,
              "code": "cy.login(this.prc.userNamePE, this.prc.passwordPE);\ndashboardPage.getPRCAvatar().click();\ncy.wait(3000);\nleftNavMenu.getDropDownMenu().contains('এপিপি').click({\n  force: true\n});\ncy.wait(1000);\nleftNavMenu.getPreparationAPPSubMenu().should('include.text', 'প্রস্তুত করুন').click();\ncy.wait(3000);\nrequisitionDeclarationPage.getRequisitionPageHeader().should('include.text', 'বার্ষিক প্রকিউরমেন্ট প্ল্যানের তালিকা');\naPPPreparationPage.getCreateNewAPPButton().should('include.text', 'add').click();\ncy.wait(3000);\nrequisitionDeclarationPage.getRequisitionPageHeader().should('include.text', 'নতুন বার্ষিক প্রকিউরমেন্ট প্ল্যান তৈরি করুন');\naPPPreparationPage.getProcurementNatureField().click();\nrequisitionDeclarationPage.getDropDownItem().contains(this.prc.procurementNatureWorks).click();\ncy.wait(1500);\naPPPreparationPage.getBudgetTypeField().click();\nrequisitionDeclarationPage.getDropDownItem().contains(this.prc.budgetTypeDevelopment).click();\ncy.wait(1500);\naPPPreparationPage.getFiscalYearField().click();\nrequisitionDeclarationPage.getDropDownItem().contains(this.prc.aPPFiscalYear).click();\ncy.wait(1500);\naPPPreparationPage.getAPPCodeField().should('have.attr', 'placeholder', 'এপিপি কোড').click().type(this.prc.aPPCodeWorks).should('have.value', this.prc.aPPCodeWorks);\ncy.wait(1500);\naPPPreparationPage.getSaveButton().should('include.text', 'সংরক্ষণ করুন').click();\ncy.wait(7000);",
              "err": {},
              "uuid": "a94a7357-600b-4ef5-8b92-5af73077053d",
              "parentUUID": "57acdc45-a13a-4847-b4ff-271ff7a3fa59",
              "isHook": false,
              "skipped": false
            },
            {
              "title": "Create APP (Goods) as a PE TC",
              "fullTitle": "PRC Module Regression Test Suite Create APP (Goods) as a PE TC",
              "timedOut": null,
              "duration": 0,
              "state": "pending",
              "speed": null,
              "pass": false,
              "fail": false,
              "pending": true,
              "context": null,
              "code": "",
              "err": {},
              "uuid": "dea2e2fa-b3d1-46c2-8e19-147de8ee8694",
              "parentUUID": "57acdc45-a13a-4847-b4ff-271ff7a3fa59",
              "isHook": false,
              "skipped": false
            },
            {
              "title": "Add packages to an APP (Works) as a PE TC",
              "fullTitle": "PRC Module Regression Test Suite Add packages to an APP (Works) as a PE TC",
              "timedOut": null,
              "duration": 102387,
              "state": "passed",
              "speed": "slow",
              "pass": true,
              "fail": false,
              "pending": false,
              "context": null,
              "code": "var _this7 = this;\ncy.login(this.prc.userNamePE, this.prc.passwordPE);\ndashboardPage.getPRCAvatar().click();\ncy.wait(3000);\nleftNavMenu.getDropDownMenu().contains('এপিপি').click({\n  force: true\n});\ncy.wait(1000);\nleftNavMenu.getPreparationAPPSubMenu().should('include.text', 'প্রস্তুত করুন').click();\ncy.wait(3000);\nrequisitionDeclarationPage.getRequisitionPageHeader().should('include.text', 'বার্ষিক প্রকিউরমেন্ট প্ল্যানের তালিকা');\nrequisitionDeclarationPage.getFiscalYearField().click(); //অর্থবছর\nrequisitionDeclarationPage.getDropDownItem().contains(this.prc.aPPFiscalYear).click();\ncy.wait(3000);\ncy.pagination(this.prc.Pagination); //Pagination \ndeclarationSubmissionPage.getTableRow().each(function ($el, index, $list) //Select the desired APP for package Add\n{\n  var textAPPCode = $el.find('td.e-rowcell[aria-label]').text();\n  if (textAPPCode.includes(_this7.prc.aPPCodeWorks)) {\n    $el.find('td button mat-icon:eq(0)').click();\n  }\n});\ncy.wait(3500);\nrequisitionDeclarationPage.getNotifyHeader().should('include.text', 'বার্ষিক প্রকিউরমেন্ট প্ল্যানের (এপিপি) তথ্য');\nrequisitionDeclarationPage.getSubmittedHeader().should('include.text', 'প্যাকেজ যোগ করুন'); //aPPPackagePage.getAddRequirementButton().should('include.text', 'চাহিদা যোগ করুন').click()\n//cy.wait(3000)\naPPPackagePage.getPackageDescriptionField().should('have.attr', 'placeholder', 'প্যাকেজের বর্ণনা').click().type(this.prc.PackageDescription).should('have.value', this.prc.PackageDescription);\ncy.wait(2000);\naPPPackagePage.getPackageNoField().should('have.attr', 'placeholder', 'প্যাকেজ নং').click().type(this.prc.PackageNoWorks).should('have.value', this.prc.PackageNoWorks);\ncy.wait(2000);\naPPPackagePage.getPackageTypeField().should('have.class', 'mat-select').click();\nrequisitionDeclarationPage.getDropDownItem().contains(this.prc.PackageType).click();\ncy.wait(2000);\naPPPackagePage.getPackageQuantityField().should('have.attr', 'placeholder', 'পরিমাণ').click().type(this.prc.PackageQuantity).should('have.value', this.prc.PackageQuantity);\ncy.wait(2000);\naPPPackagePage.getPackageUnitField().should('have.class', 'mat-select').click();\nrequisitionDeclarationPage.getDropDownItem().contains(this.prc.PackageUnit).click();\ncy.wait(2000);\naPPPackagePage.getPackageEstimatedCostField().should('have.attr', 'placeholder', 'প্যাকেজের আনুমানিক খরচ').click().type(this.prc.PackageEstimatedCost).should('have.value', this.prc.PackageEstimatedCost);\ncy.wait(2000);\naPPPackagePage.getApprovingAuthorityField().should('have.class', 'mat-select').click();\nrequisitionDeclarationPage.getDropDownItem().contains(this.prc.ApprovingAuthority).click();\ncy.wait(2000);\naPPPackagePage.getProcurementTypeField().should('have.class', 'mat-select').click();\nrequisitionDeclarationPage.getDropDownItem().contains(this.prc.ProcurementType).click();\ncy.wait(2000);\naPPPackagePage.getProcurementMethodField().should('have.class', 'mat-select').click();\nrequisitionDeclarationPage.getDropDownItem().contains(this.prc.ProcurementMethod).click({\n  force: true\n});\ncy.wait(2000);\naPPPackagePage.getExpectedDateOfTenderAdvertisementField().click();\ncy.wait(1000);\ncy.calendar(this.prc.ProcurementYear, this.prc.ProcurementMonth, this.prc.ProcurementDay);\n/*\nrequisitionDeclarationPage.getCalendarYearView().click()\nrequisitionDeclarationPage.getYearMonthDate().contains(this.prc.ProcurementYear).click()\nrequisitionDeclarationPage.getYearMonthDate().contains(this.prc.ProcurementMonth).click()\nrequisitionDeclarationPage.getYearMonthDate().contains(this.prc.ProcurementDay).click()\n*/\ncy.wait(1000);\naPPPackagePage.getDaysOfTenderSubmissionField().should('have.attr', 'placeholder', 'দরপত্র জমা দেওয়ার দিন').type('{del}{selectall}{backspace}').type(this.prc.DaysOfTenderSubmission).should('have.value', this.prc.DaysOfTenderSubmission);\ncy.wait(2000);\naPPPackagePage.getDaysOfTenderOpeningField().should('have.attr', 'placeholder', 'দরপত্র খোলার দিন').type('{del}{selectall}{backspace}').type(this.prc.DaysOfTenderOpening).should('have.value', this.prc.DaysOfTenderOpening);\ncy.wait(2000);\naPPPackagePage.getDaysOfTenderEvaluationField().should('have.attr', 'placeholder', 'দরপত্র মূল্যায়নের দিন').type('{del}{selectall}{backspace}').type(this.prc.DaysOfTenderEvaluation).should('have.value', this.prc.DaysOfTenderEvaluation);\ncy.wait(2000);\naPPPackagePage.getDaysOfApprovalForAwardOfContractField().should('have.attr', 'placeholder', 'চুক্তির পুরষ্কারের অনুমোদনের দিন').type('{del}{selectall}{backspace}').type(this.prc.DaysOfApprovalForAwardOfContract).should('have.value', this.prc.DaysOfApprovalForAwardOfContract);\ncy.wait(2000);\naPPPackagePage.getDaysOfTenderNOAField().should('have.attr', 'placeholder', 'পুরস্কার ঘোষণার প্রত্যাশিত দিন').type('{del}{selectall}{backspace}').type(this.prc.DaysOfTenderNOAF).should('have.value', this.prc.DaysOfTenderNOAF);\ncy.wait(2000);\naPPPackagePage.getDaysOfSigningOfContractField().should('have.attr', 'placeholder', 'চুক্তি স্বাক্ষরের দিন').type('{del}{selectall}{backspace}').type(this.prc.DaysOfSigningOfContract).should('have.value', this.prc.DaysOfSigningOfContract);\ncy.wait(2000);\naPPPackagePage.getDaysOfCompletionOfContractField().should('have.attr', 'placeholder', 'চুক্তি সমাপ্তির দিন').type('{del}{selectall}{backspace}').type(this.prc.CompletionDayOfContract).should('have.value', this.prc.CompletionDayOfContract);\ncy.wait(3000);\naPPPackagePage.getRemarksField().should('have.attr', 'placeholder', 'মন্তব্য').click().type(this.prc.PackageRemark).should('have.value', this.prc.PackageRemark);\ncy.wait(2000);\naPPPreparationPage.getSaveButton().should('include.text', 'সংরক্ষণ করুন').click();\ncy.wait(2000);\nrequisitionDeclarationPage.getConfirmationPageHeader().should('include.text', 'নিশ্চিতকরণ');\nrequisitionDeclarationPage.getConfirmationPageYesButton().should('include.text', 'হ্যাঁ').click();\ncy.wait(7000);",
              "err": {},
              "uuid": "a95a8f56-e927-45d1-8bee-019f3fa1c27a",
              "parentUUID": "57acdc45-a13a-4847-b4ff-271ff7a3fa59",
              "isHook": false,
              "skipped": false
            },
            {
              "title": "Add packages to an APP (Goods) as a PE TC",
              "fullTitle": "PRC Module Regression Test Suite Add packages to an APP (Goods) as a PE TC",
              "timedOut": null,
              "duration": 0,
              "state": "pending",
              "speed": null,
              "pass": false,
              "fail": false,
              "pending": true,
              "context": null,
              "code": "",
              "err": {},
              "uuid": "8b813584-f8e6-47a8-a4a0-233504a5783f",
              "parentUUID": "57acdc45-a13a-4847-b4ff-271ff7a3fa59",
              "isHook": false,
              "skipped": false
            },
            {
              "title": "Create Lot to a Package for APP (Works) as a PE TC",
              "fullTitle": "PRC Module Regression Test Suite Create Lot to a Package for APP (Works) as a PE TC",
              "timedOut": null,
              "duration": 112457,
              "state": "passed",
              "speed": "slow",
              "pass": true,
              "fail": false,
              "pending": false,
              "context": null,
              "code": "var _this9 = this;\ncy.login(this.prc.userNamePE, this.prc.passwordPE);\ndashboardPage.getPRCAvatar().click();\ncy.wait(3000);\nleftNavMenu.getDropDownMenu().contains('এপিপি').click({\n  force: true\n});\ncy.wait(1000);\nleftNavMenu.getPreparationAPPSubMenu().should('include.text', 'প্রস্তুত করুন').click();\ncy.wait(3000);\nrequisitionDeclarationPage.getRequisitionPageHeader().should('include.text', 'বার্ষিক প্রকিউরমেন্ট প্ল্যানের তালিকা');\nrequisitionDeclarationPage.getFiscalYearField().click(); //অর্থবছর\nrequisitionDeclarationPage.getDropDownItem().contains(this.prc.aPPFiscalYear).click();\ncy.wait(3000);\ncy.pagination(this.prc.Pagination); //Pagination\ndeclarationSubmissionPage.getTableRow().each(function ($el, index, $list) //Select the desired APP for package Add\n{\n  var textAPPCode = $el.find('td.e-rowcell[aria-label]').text();\n  if (textAPPCode.includes(_this9.prc.aPPCodeWorks)) {\n    $el.find('td button mat-icon:eq(1)').click();\n  }\n});\ncy.wait(3500);\nrequisitionDeclarationPage.getNotifyHeader().should('include.text', 'বার্ষিক প্রকিউরমেন্ট প্ল্যান');\naPPPackagePage.getSearchHereButton().should('include.text', 'অনুসন্ধান করুন').click();\ncy.wait(3000);\naPPPackagePage.getSearchHereButton().should('include.text', 'অনুসন্ধান করুন').click();\ncy.wait(2500);\ndeclarationSubmissionPage.getTableRow().each(function ($el, index, $list) //Select the desired প্যাকেজ নং for package for Add Lot\n{\n  var textPackageNo = $el.find('td.e-rowcell[aria-label]').text();\n  if (textPackageNo.includes(_this9.prc.PackageNoWorks)) {\n    $el.find('td button .fa-plus').click();\n  }\n});\ncy.wait(4000);\nrequisitionDeclarationPage.getNotifyHeader().should('include.text', 'বার্ষিক প্রকিউরমেন্ট প্ল্যানের (এপিপি) তথ্য');\nrequisitionDeclarationPage.getSubmittedHeader().should('include.text', 'লট যোগ করুন'); //Locator almost same as Packages page, So re-use it here.\naPPPackagePage.getPackageDescriptionField().should('have.attr', 'placeholder', 'লটের বিবরন').click().type(this.prc.LotDescription).should('have.value', this.prc.LotDescription);\ncy.wait(2000);\naPPPackagePage.getPackageNoField().should('have.attr', 'placeholder', 'লট নং').click().type(this.prc.LotNoWorks).should('have.value', this.prc.LotNoWorks);\ncy.wait(2000);\naPPPackagePage.getPackageTypeField().should('have.class', 'mat-select').click();\nrequisitionDeclarationPage.getDropDownItem().contains(this.prc.PackageType).click();\ncy.wait(2000);\naPPPackagePage.getPackageQuantityField().should('have.attr', 'placeholder', 'পরিমাণ').click().type(this.prc.PackageQuantity).should('have.value', this.prc.PackageQuantity);\ncy.wait(2000);\naPPPackagePage.getPackageUnitField().should('have.class', 'mat-select').click();\nrequisitionDeclarationPage.getDropDownItem().contains(this.prc.PackageUnit).click();\ncy.wait(2000);\naPPPackagePage.getPackageEstimatedCostField().should('have.attr', 'placeholder', 'প্যাকেজের আনুমানিক খরচ').click().type(this.prc.PackageEstimatedCost).should('have.value', this.prc.PackageEstimatedCost);\ncy.wait(2000);\naPPPackagePage.getApprovingAuthorityField().should('have.class', 'mat-select').click();\nrequisitionDeclarationPage.getDropDownItem().contains(this.prc.ApprovingAuthority).click();\ncy.wait(2000);\naPPPackagePage.getProcurementTypeField().should('have.class', 'mat-select').click();\nrequisitionDeclarationPage.getDropDownItem().contains(this.prc.ProcurementType).click();\ncy.wait(2000);\naPPPackagePage.getProcurementMethodField().should('have.class', 'mat-select').click();\nrequisitionDeclarationPage.getDropDownItem().contains(this.prc.ProcurementMethod).click({\n  force: true\n});\ncy.wait(2000);\naPPPackagePage.getExpectedDateOfTenderAdvertisementField().click();\ncy.wait(1000);\ncy.calendar(this.prc.ProcurementYear, this.prc.ProcurementMonth, this.prc.ProcurementDay);\n/*\nrequisitionDeclarationPage.getCalendarYearView().click()\nrequisitionDeclarationPage.getYearMonthDate().contains(this.prc.ProcurementYear).click()\nrequisitionDeclarationPage.getYearMonthDate().contains(this.prc.ProcurementMonth).click()\nrequisitionDeclarationPage.getYearMonthDate().contains(this.prc.ProcurementDay).click()\n*/\ncy.wait(1000);\naPPPackagePage.getDaysOfTenderSubmissionField().should('have.attr', 'placeholder', 'দরপত্র জমা দেওয়ার দিন').type('{del}{selectall}{backspace}').type(this.prc.DaysOfTenderSubmission).should('have.value', this.prc.DaysOfTenderSubmission);\ncy.wait(2000);\naPPPackagePage.getDaysOfTenderOpeningField().should('have.attr', 'placeholder', 'দরপত্র খোলার দিন').type('{del}{selectall}{backspace}').type(this.prc.DaysOfTenderOpening).should('have.value', this.prc.DaysOfTenderOpening);\ncy.wait(2000);\naPPPackagePage.getDaysOfTenderEvaluationField().should('have.attr', 'placeholder', 'দরপত্র মূল্যায়নের দিন').type('{del}{selectall}{backspace}').type(this.prc.DaysOfTenderEvaluation).should('have.value', this.prc.DaysOfTenderEvaluation);\ncy.wait(2000);\naPPPackagePage.getDaysOfApprovalForAwardOfContractField().should('have.attr', 'placeholder', 'চুক্তির পুরষ্কারের অনুমোদনের দিন').type('{del}{selectall}{backspace}').type(this.prc.DaysOfApprovalForAwardOfContract).should('have.value', this.prc.DaysOfApprovalForAwardOfContract);\ncy.wait(2000);\naPPPackagePage.getDaysOfTenderNOAField().should('have.attr', 'placeholder', 'পুরস্কার ঘোষণার প্রত্যাশিত দিন').type('{del}{selectall}{backspace}').type(this.prc.DaysOfTenderNOAF).should('have.value', this.prc.DaysOfTenderNOAF);\ncy.wait(2000);\naPPPackagePage.getDaysOfSigningOfContractField().should('have.attr', 'placeholder', 'চুক্তি স্বাক্ষরের দিন').type('{del}{selectall}{backspace}').type(this.prc.DaysOfSigningOfContract).should('have.value', this.prc.DaysOfSigningOfContract);\ncy.wait(2000);\naPPPackagePage.getDaysOfCompletionOfContractField().should('have.attr', 'placeholder', 'চুক্তি সমাপ্তির দিন').type('{del}{selectall}{backspace}').type(this.prc.CompletionDayOfContract).should('have.value', this.prc.CompletionDayOfContract);\ncy.wait(3000);\naPPPackagePage.getRemarksField().should('have.attr', 'placeholder', 'মন্তব্য').click().type(this.prc.LotRemarks).should('have.value', this.prc.LotRemarks);\ncy.wait(2000);\naPPPreparationPage.getSaveButton().should('include.text', 'সংরক্ষণ করুন').click();\ncy.wait(2000);\nrequisitionDeclarationPage.getConfirmationPageHeader().should('include.text', 'নিশ্চিতকরণ');\nrequisitionDeclarationPage.getConfirmationPageYesButton().should('include.text', 'হ্যাঁ').click();\ncy.wait(7000);",
              "err": {},
              "uuid": "a57a3778-bf45-43fc-b1fa-0146eec5bc90",
              "parentUUID": "57acdc45-a13a-4847-b4ff-271ff7a3fa59",
              "isHook": false,
              "skipped": false
            },
            {
              "title": "Create Lot to a Package for APP (Goods) as a PE TC",
              "fullTitle": "PRC Module Regression Test Suite Create Lot to a Package for APP (Goods) as a PE TC",
              "timedOut": null,
              "duration": 0,
              "state": "pending",
              "speed": null,
              "pass": false,
              "fail": false,
              "pending": true,
              "context": null,
              "code": "",
              "err": {},
              "uuid": "706f721f-8126-4016-b743-5ca8ea8fea8a",
              "parentUUID": "57acdc45-a13a-4847-b4ff-271ff7a3fa59",
              "isHook": false,
              "skipped": false
            },
            {
              "title": "Send APP (Works) to HOPE for Approval as a PE TC",
              "fullTitle": "PRC Module Regression Test Suite Send APP (Works) to HOPE for Approval as a PE TC",
              "timedOut": null,
              "duration": 55367,
              "state": "passed",
              "speed": "slow",
              "pass": true,
              "fail": false,
              "pending": false,
              "context": null,
              "code": "var _this11 = this;\ncy.login(this.prc.userNamePE, this.prc.passwordPE);\ndashboardPage.getPRCAvatar().click();\ncy.wait(3000);\nleftNavMenu.getDropDownMenu().contains('এপিপি').click({\n  force: true\n});\ncy.wait(1000);\nleftNavMenu.getPreparationAPPSubMenu().should('include.text', 'প্রস্তুত করুন').click();\ncy.wait(3000);\nrequisitionDeclarationPage.getRequisitionPageHeader().should('include.text', 'বার্ষিক প্রকিউরমেন্ট প্ল্যানের তালিকা');\nrequisitionDeclarationPage.getFiscalYearField().click(); //অর্থবছর\nrequisitionDeclarationPage.getDropDownItem().contains(this.prc.aPPFiscalYear).click();\ncy.wait(3000);\ncy.pagination(this.prc.Pagination); //Pagination\ndeclarationSubmissionPage.getTableRow().each(function ($el, index, $list) //Select the desired APP for View APP Details\n{\n  var textAPPCode = $el.find('td.e-rowcell[aria-label]').text();\n  if (textAPPCode.includes(_this11.prc.aPPCodeWorks)) {\n    $el.find('td button mat-icon:eq(1)').click();\n  }\n});\ncy.wait(5000);\nrequisitionDeclarationPage.getNotifyHeader().should('include.text', 'বার্ষিক প্রকিউরমেন্ট প্ল্যান');\naPPPreparationPage.getSaveButton().should('include.text', 'প্রেরণ করুন').click();\ncy.wait(4000);\naPPPackagePage.getOfficeField().should('have.attr', 'aria-label', 'অফিস').click();\nrequisitionDeclarationPage.getDropDownItem().contains(this.prc.OfficeName).click();\ncy.wait(2000);\naPPPackagePage.getHopeNameField().should('have.attr', 'placeholder', 'নাম').click().type(this.prc.HopeName).should('have.value', this.prc.HopeName);\ncy.wait(2000);\naPPPackagePage.getHopeSearchField().should('include.text', 'অনুসন্ধান করুন').click();\ncy.wait(3000);\naPPPackagePage.getHopePopUpRows().each(function ($el, index, $list) //Select the desired Hope name for assign APP\n{\n  var textHopeName = $el.find('td.e-rowcell[aria-label]').text();\n  if (textHopeName.includes(_this11.prc.HopeName)) {\n    $el.find('td.e-rowcell[aria-label]').click();\n  }\n});\ncy.wait(7000);",
              "err": {},
              "uuid": "e1709da7-2676-4670-96eb-85d5e4f3f709",
              "parentUUID": "57acdc45-a13a-4847-b4ff-271ff7a3fa59",
              "isHook": false,
              "skipped": false
            },
            {
              "title": "Send APP (Goods) to HOPE for Approval as a PE TC",
              "fullTitle": "PRC Module Regression Test Suite Send APP (Goods) to HOPE for Approval as a PE TC",
              "timedOut": null,
              "duration": 0,
              "state": "pending",
              "speed": null,
              "pass": false,
              "fail": false,
              "pending": true,
              "context": null,
              "code": "",
              "err": {},
              "uuid": "c9da3a7c-2a23-4ff3-aa93-0b7269fbfc8f",
              "parentUUID": "57acdc45-a13a-4847-b4ff-271ff7a3fa59",
              "isHook": false,
              "skipped": false
            },
            {
              "title": "Approve APP (Works) as a HOPE TC",
              "fullTitle": "PRC Module Regression Test Suite Approve APP (Works) as a HOPE TC",
              "timedOut": null,
              "duration": 36610,
              "state": "passed",
              "speed": "slow",
              "pass": true,
              "fail": false,
              "pending": false,
              "context": null,
              "code": "var _this13 = this;\ncy.login(this.prc.userNameHope, this.prc.passwordHope);\ndashboardPage.getPRCAvatar().click();\ncy.wait(3000);\nleftNavMenu.getDropDownMenu().contains('অনুমোদন অপেক্ষমান').click({\n  force: true\n});\ncy.wait(1000);\nleftNavMenu.getAPPSubMenu().should('include.text', 'এপিপি').click();\ncy.wait(3000);\nrequisitionDeclarationPage.getRequisitionPageHeader().should('include.text', 'অনুমোদন এর জন্য বার্ষিক ক্রয় পরিকল্পনার (এপিপি) তালিকা');\ncy.pagination(this.prc.Pagination); //Pagination\n//aPPApprovalPage.getSearchField().should('have.attr', 'placeholder', 'অনুসন্ধান করুন').click().type(this.prc.aPPCodeWorks)\n//cy.wait(3000)\ndeclarationSubmissionPage.getTableRow().each(function ($el, index, $list) //Select the desired APP for approval view page\n{\n  var textAPPCode = $el.find('td.e-rowcell[aria-label]').text();\n  if (textAPPCode.includes(_this13.prc.aPPCodeWorks)) {\n    $el.find('td button mat-icon:eq(0)').click();\n  }\n});\ncy.wait(4000);\nrequisitionDeclarationPage.getNotifyHeader().should('include.text', 'বার্ষিক প্রকিউরমেন্ট প্ল্যান');\ndeclarationSubmissionPage.getTableRow().each(function ($el, index, $list) //Select the desired APP for approval\n{\n  var textHopeName = $el.find('td.e-rowcell[aria-label]').text();\n  if (textHopeName.includes(_this13.prc.HopeName)) {\n    //$el.find('td button mat-icon:eq(0)').click()\n    $el.find('td button mat-icon').first().click();\n  }\n});\ncy.wait(4000);\naPPApprovalPage.getApproveCardHeader().should('include.text', 'অনুমোদন দিন');\naPPApprovalPage.getApproveButton().should('include.text', 'অনুমোদন দিন').click({\n  force: true\n});\ncy.wait(6000); //aPPApprovalPage.getClosePopUpButton().should('include.text', 'বন্ধ করুন').click({force: true})\n//cy.wait(5000)",
              "err": {},
              "uuid": "ac423094-b37b-441f-a8b8-af02d794c116",
              "parentUUID": "57acdc45-a13a-4847-b4ff-271ff7a3fa59",
              "isHook": false,
              "skipped": false
            },
            {
              "title": "Approve APP (Goods) as a HOPE TC",
              "fullTitle": "PRC Module Regression Test Suite Approve APP (Goods) as a HOPE TC",
              "timedOut": null,
              "duration": 0,
              "state": "pending",
              "speed": null,
              "pass": false,
              "fail": false,
              "pending": true,
              "context": null,
              "code": "",
              "err": {},
              "uuid": "901f32ed-4e76-43cf-a1ba-0d899ff22de1",
              "parentUUID": "57acdc45-a13a-4847-b4ff-271ff7a3fa59",
              "isHook": false,
              "skipped": false
            },
            {
              "title": "Verify the Approve APP Status as a PE TC",
              "fullTitle": "PRC Module Regression Test Suite Verify the Approve APP Status as a PE TC",
              "timedOut": null,
              "duration": 30474,
              "state": "passed",
              "speed": "slow",
              "pass": true,
              "fail": false,
              "pending": false,
              "context": null,
              "code": "var _this15 = this;\ncy.login(this.prc.userNamePE, this.prc.passwordPE);\ndashboardPage.getPRCAvatar().click();\ncy.wait(3000);\nleftNavMenu.getDropDownMenu().contains('এপিপি').click({\n  force: true\n});\ncy.wait(1000);\nleftNavMenu.getPreparationAPPSubMenu().should('include.text', 'প্রস্তুত করুন').click();\ncy.wait(3000);\nrequisitionDeclarationPage.getFiscalYearField().click(); //অর্থবছর\nrequisitionDeclarationPage.getDropDownItem().contains(this.prc.aPPFiscalYear).click();\ncy.wait(3000);\ncy.pagination(this.prc.Pagination); //Pagination\nrequisitionDeclarationPage.getRequisitionPageHeader().should('include.text', 'বার্ষিক প্রকিউরমেন্ট প্ল্যানের তালিকা');\ndeclarationSubmissionPage.getTableRow().each(function ($el, index, $list) //Select the desired APP for verify status\n{\n  var textAppCode = $el.find('td.e-rowcell[aria-label]').text();\n  if (textAppCode.includes(_this15.prc.aPPCodeWorks)) {\n    var testStatus = $el.find('td[aria-label=\"Approved column header স্ট্যাটাস\"]').text();\n    expect(testStatus.includes('Approved')).to.be[\"true\"];\n  }\n});\ncy.wait(4000);",
              "err": {},
              "uuid": "b0eaee70-64a0-4d80-91d2-81beef123a22",
              "parentUUID": "57acdc45-a13a-4847-b4ff-271ff7a3fa59",
              "isHook": false,
              "skipped": false
            },
            {
              "title": "Revision of the approve APP as a PE TC",
              "fullTitle": "PRC Module Regression Test Suite Revision of the approve APP as a PE TC",
              "timedOut": null,
              "duration": 40371,
              "state": "passed",
              "speed": "slow",
              "pass": true,
              "fail": false,
              "pending": false,
              "context": null,
              "code": "var _this16 = this;\ncy.login(this.prc.userNamePE, this.prc.passwordPE);\ndashboardPage.getPRCAvatar().click();\ncy.wait(3000);\nleftNavMenu.getDropDownMenu().contains('এপিপি').click({\n  force: true\n});\ncy.wait(1000);\nleftNavMenu.getPreparationAPPSubMenu().should('include.text', 'প্রস্তুত করুন').click();\ncy.wait(3000);\nrequisitionDeclarationPage.getFiscalYearField().click(); //অর্থবছর\nrequisitionDeclarationPage.getDropDownItem().contains(this.prc.aPPFiscalYear).click();\ncy.wait(3000);\ncy.pagination(this.prc.Pagination); //Pagination\nrequisitionDeclarationPage.getRequisitionPageHeader().should('include.text', 'বার্ষিক প্রকিউরমেন্ট প্ল্যানের তালিকা');\ndeclarationSubmissionPage.getTableRow().each(function ($el, index, $list) //Select the desired APP for revision\n{\n  var textAppCode = $el.find('td.e-rowcell[aria-label]').text();\n  if (textAppCode.includes(_this16.prc.aPPCodeWorks)) {\n    $el.find('td button .fa-history').click();\n  }\n});\ncy.wait(3000);\naPPPreparationPage.getRevisionCardHeader().should('include.text', 'এপিপি কোড দিন');\naPPPreparationPage.getRevisionCardAppCodeField().should('have.attr', 'placeholder', 'এপিপি কোড').click().type(this.prc.aPPCodeWorksRevision).should('have.value', this.prc.aPPCodeWorksRevision);\ncy.wait(2000);\naPPPreparationPage.getRevisionCardAppSaveButton().should('include.text', 'সংরক্ষণ করুন').click();\ncy.wait(6000);",
              "err": {},
              "uuid": "0976d814-c540-40c2-8cd2-de3f5581ef5f",
              "parentUUID": "57acdc45-a13a-4847-b4ff-271ff7a3fa59",
              "isHook": false,
              "skipped": false
            },
            {
              "title": "Amendment of the approve APP(Works) as a PE TC",
              "fullTitle": "PRC Module Regression Test Suite Amendment of the approve APP(Works) as a PE TC",
              "timedOut": null,
              "duration": 42396,
              "state": "passed",
              "speed": "slow",
              "pass": true,
              "fail": false,
              "pending": false,
              "context": null,
              "code": "var _this17 = this;\ncy.login(this.prc.userNamePE, this.prc.passwordPE);\ndashboardPage.getPRCAvatar().click();\ncy.wait(3000);\nleftNavMenu.getDropDownMenu().contains('এপিপি').click({\n  force: true\n});\ncy.wait(1000);\nleftNavMenu.getAmendmentAPPSubMenu().should('include.text', 'সমন্বয়').click();\ncy.wait(3000);\nrequisitionDeclarationPage.getFiscalYearField().click(); //অর্থবছর\nrequisitionDeclarationPage.getDropDownItem().contains(this.prc.aPPFiscalYear).click();\ncy.wait(3000);\ncy.pagination(this.prc.Pagination); //Pagination\nrequisitionDeclarationPage.getRequisitionPageHeader().should('include.text', 'অনুমোদিত বার্ষিক ক্রয় পরিকল্পনা (এপিপি)');\ndeclarationSubmissionPage.getTableRow().each(function ($el, index, $list) //Select the desired APP for Amendment\n{\n  var textAppCode = $el.find('td.e-rowcell[aria-label]').text();\n  if (textAppCode.includes(_this17.prc.aPPCodeWorks)) {\n    $el.find('td button mat-icon:eq(0)').click();\n  }\n});\ncy.wait(3000);\nrequisitionDeclarationPage.getRequisitionPageHeader().should('include.text', 'বার্ষিক প্রকিউরমেন্ট প্ল্যান');\ndeclarationSubmissionPage.getTableRow().each(function ($el, index, $list) //Select the desired package for Amendment\n{\n  var textLotNo = $el.find('td.e-rowcell[aria-label]').text();\n  if (textLotNo.includes(_this17.prc.LotNoWorks)) //it will package not not added Lot no\n    {\n      //$el.find('td button mat-icon:eq(0)').click()\n      $el.find('td button mat-icon').first().click();\n    }\n});\ncy.wait(4000);\namendmentAPPPage.getAmendmentPageHeader().should('include.text', 'প্যাকেজের বর্ণনা');\namendmentAPPPage.getAddEconomicCodeButton().click();\ncy.wait(2000);\namendmentAPPPage.getAdSaveButton().should('include.text', 'সংরক্ষণ করুন').click();\ncy.wait(6000);",
              "err": {},
              "uuid": "af0c947e-495e-487e-874b-52f9916a0296",
              "parentUUID": "57acdc45-a13a-4847-b4ff-271ff7a3fa59",
              "isHook": false,
              "skipped": false
            },
            {
              "title": "Amendment of the approve APP(Goods) as a PE TC",
              "fullTitle": "PRC Module Regression Test Suite Amendment of the approve APP(Goods) as a PE TC",
              "timedOut": null,
              "duration": 0,
              "state": "pending",
              "speed": null,
              "pass": false,
              "fail": false,
              "pending": true,
              "context": null,
              "code": "",
              "err": {},
              "uuid": "7beb9a6e-4f76-40b1-970b-07708152b28f",
              "parentUUID": "57acdc45-a13a-4847-b4ff-271ff7a3fa59",
              "isHook": false,
              "skipped": false
            },
            {
              "title": "Create OPM Through APP (Works) as a PE TC",
              "fullTitle": "PRC Module Regression Test Suite Create OPM Through APP (Works) as a PE TC",
              "timedOut": null,
              "duration": 107567,
              "state": "passed",
              "speed": "slow",
              "pass": true,
              "fail": false,
              "pending": false,
              "context": null,
              "code": "var _this19 = this;\ncy.login(this.prc.userNamePE, this.prc.passwordPE);\ndashboardPage.getPRCAvatar().click();\ncy.wait(3000);\nleftNavMenu.getDropDownMenu().contains('ওপিএম').click({\n  force: true\n});\ncy.wait(1000);\nleftNavMenu.getThroughAPPOPMSubMenu().contains('এপিপির মাধ্যমে').click();\ncy.wait(3000);\nrequisitionDeclarationPage.getNotifyHeader().should('include.text', 'অর্ডার প্রসেস ম্যানেজমেন্টের তালিকা');\noPMAPPDCPPage.getEntryOrderItemsPlusButton().click(); //অর্ডার প্রসেস ম্যানেজমেন্ট button\ncy.wait(3000);\nrequisitionDeclarationPage.getNotifyHeader().should('include.text', 'অর্ডার প্রসেস ম্যানেজমেন্ট');\noPMAPPDCPPage.getFiscalYearField().click(); //অর্থবছর \nrequisitionDeclarationPage.getDropDownItem().contains(this.prc.requisitionFiscalYear).click();\noPMAPPDCPPage.getCurrencyField().click(); //মুদ্রা \ncy.wait(1000);\nrequisitionDeclarationPage.getDropDownItem().contains(this.prc.DCPCurrency).click({\n  force: true\n});\ncy.wait(1000);\noPMAPPDCPPage.getVendorNameField().click(); //সরবরাহকারীর নাম\nrequisitionDeclarationPage.getDropDownItem().contains(this.prc.DCPVendorName).click();\ncy.wait(1000);\noPMAPPDCPPage.getDateCalendar().click(); //তারিখ\ncy.wait(1000);\ncy.calendar(this.prc.DCPYear, this.prc.DCPMonth, this.prc.DCPDate);\n/*\noPMAPPDCPPage.getCalendarYearView().click()\noPMAPPDCPPage.getYear().contains(this.prc.DCPYear).click()\noPMAPPDCPPage.getMonth().contains(this.prc.DCPMonth).click()\noPMAPPDCPPage.getDate().contains(this.prc.DCPDate).click()\ncy.wait(1000)*/\noPMAPPDCPPage.getReferenceNoField().click().should('have.attr', 'placeholder', 'রেফারেন্স নং').type(this.prc.OPMAPPReferenceNoWorks).should('have.value', this.prc.OPMAPPReferenceNoWorks); //রেফারেন্স নং\ncy.wait(1500);\noPMAPPDCPPage.getDescriptionField().should('have.attr', 'placeholder', 'বিবরণ').click().type(this.prc.DCPDescription).should('have.value', this.prc.DCPDescription); //বিবরণ \ncy.wait(1500);\noPMAPPDCPPage.getRemarksField().should('have.attr', 'placeholder', 'মন্তব্য').click().type(this.prc.DCPRemarks).should('have.value', this.prc.DCPRemarks); //মন্তব্য \ncy.wait(1500);\noPMAPPDCPPage.getPackageAPPButton().click();\ncy.wait(4000);\noPMAPPDCPPage.getPackageHeader().should('include.text', 'প্যাকেজ');\noPMAPPDCPPage.getPackageAPPCodeField().click();\nrequisitionDeclarationPage.getDropDownItem().contains(this.prc.aPPCodeWorks).click();\ncy.wait(2000);\noPMAPPDCPPage.getPackageProcurementMethodField().click();\nrequisitionDeclarationPage.getDropDownItem().contains(this.prc.ProcurementMethod).click();\ncy.wait(2000);\noPMAPPDCPPage.getPackageRow().each(function ($el, index, $list) //Select the desired package for added OPM\n{\n  var textPackageNo = $el.find('td.e-rowcell[aria-label]').text();\n  if (textPackageNo.includes(_this19.prc.PackageNoWorks)) {\n    $el.find('td label > .e-icons').click(); //cy.log(textPackageNo)\n  }\n});\ncy.wait(2000);\noPMAPPDCPPage.getPackageSaveButton().should('include.text', 'সংরক্ষণ করুন').click();\ncy.wait(2000);\noPMAPPDCPPage.getItemButton().click(); //  দ্রব্যাদি  button clicks\ncy.wait(4000); //আইটেম অনুসন্ধান pop-up\noPMAPPDCPPage.getPackageHeader().should('include.text', 'আইটেম অনুসন্ধান'); //oPMAPPDCPPage.getItemCategoryField().should('have.attr', 'aria-label', 'পণ্যের ধরণ').click()  // পণ্যের ধরণ field\n//requisitionDeclarationPage.getDropDownItem().contains(this.prc.DCPItemCategoryWorks).click()\n//cy.wait(1500)\noPMAPPDCPPage.getItemNameField().should('have.attr', 'placeholder', 'পণ্যের নাম').click().type(this.prc.DCPItemNameWorks).should('have.value', this.prc.DCPItemNameWorks); //পণ্যের নাম\ncy.wait(1000);\noPMAPPDCPPage.getSearchHereButton().should('include.text', 'অনুসন্ধান করুন').click(); //  এখানে অনুসন্ধান করুন button\ncy.wait(4000);\noPMAPPDCPPage.getQuantityInputField().first().click().type(this.prc.DCPItemQuantity).should('have.value', this.prc.DCPItemQuantity); //পরিমাণ\ncy.wait(2000); //oPMAPPDCPPage.getUnitField().first().click()  //একক\n//requisitionDeclarationPage.getDropDownItem().contains(this.prc.DCPItemUnit).click()\n//cy.wait(1000)\noPMAPPDCPPage.getUnitRateField().first().click().type(this.prc.DCPItemUnitRate).should('have.value', this.prc.DCPItemUnitRate); //প্রতি একক মূল্য\ncy.wait(1000);\noPMAPPDCPPage.getSearchItemRemarksField().first().click().type(this.prc.DCPItemRemarks).should('have.value', this.prc.DCPItemRemarks); //মন্তব্য\ncy.wait(1000);\noPMAPPDCPPage.getAddToListPlusIcon().first().should('have.class', 'material-icons').click(); // Add plus icon\ncy.wait(5000);\noPMAPPDCPPage.getCloseButton().should('have.text', 'বন্ধ করুন').click();\ncy.wait(2000);\noPMAPPDCPPage.getDiscountField().type('{del}{selectall}{backspace}').type(this.prc.DCPDiscount).should('have.value', this.prc.DCPDiscount); //ছাড়\ncy.wait(2000);\noPMAPPDCPPage.getVatField().type('{del}{selectall}{backspace}').type(this.prc.DCPVat).should('have.value', this.prc.DCPVat); //ভ্যাট\ncy.wait(2000);\noPMAPPDCPPage.getAitField().type('{del}{selectall}{backspace}').type(this.prc.DCPAit).should('have.value', this.prc.DCPAit); //এআইটি\ncy.wait(2000);\noPMAPPDCPPage.getSaveButton().should('include.text', 'সংরক্ষণ করুন').click();\ncy.wait(3000);\noPMAPPDCPPage.getPopupTitle().should('include.text', 'নিশ্চিতকরণ');\noPMAPPDCPPage.getYesButton().should('include.text', 'হ্যাঁ').click(); // হ্যাঁ button \ncy.wait(3000);\noPMAPPDCPPage.getPopupTitle().should('include.text', 'আপনি কি এই প্যাকেজ সমূহ লক করতে চান?');\noPMAPPDCPPage.getYesButton().should('include.text', 'হ্যাঁ').click(); // হ্যাঁ button on lock page\ncy.wait(6000);",
              "err": {},
              "uuid": "7b7aa49e-8a00-4aac-b860-0928f607a8d4",
              "parentUUID": "57acdc45-a13a-4847-b4ff-271ff7a3fa59",
              "isHook": false,
              "skipped": false
            },
            {
              "title": "Create Payment Schedule for OPM Through APP (Works) as a PE TC",
              "fullTitle": "PRC Module Regression Test Suite Create Payment Schedule for OPM Through APP (Works) as a PE TC",
              "timedOut": null,
              "duration": 63370,
              "state": "passed",
              "speed": "slow",
              "pass": true,
              "fail": false,
              "pending": false,
              "context": null,
              "code": "var _this20 = this;\ncy.login(this.prc.userNamePE, this.prc.passwordPE);\ndashboardPage.getPRCAvatar().click();\ncy.wait(3000);\nleftNavMenu.getDropDownMenu().contains('ওপিএম').click({\n  force: true\n});\ncy.wait(1000);\nleftNavMenu.getThroughAPPOPMSubMenu().contains('এপিপির মাধ্যমে').click();\ncy.wait(3000);\nrequisitionDeclarationPage.getNotifyHeader().should('include.text', 'অর্ডার প্রসেস ম্যানেজমেন্টের তালিকা');\nrequisitionDeclarationPage.getFiscalYearField().click(); //অর্থবছর\nrequisitionDeclarationPage.getDropDownItem().contains(this.prc.aPPFiscalYear).click();\ncy.wait(3000);\ncy.pagination(this.prc.Pagination); //Pagination\ndeclarationSubmissionPage.getTableRow().each(function ($el, index, $list) //Select the desired reference no\n{\n  var textReferenceNo = $el.find('td.e-rowcell[aria-label]').text();\n  if (textReferenceNo.includes(_this20.prc.OPMAPPReferenceNoWorks)) {\n    //$el.find('td button mat-icon:eq(0)').click()\n    $el.find('td button mat-icon').first().click();\n  }\n});\ncy.wait(5000);\nrequisitionDeclarationPage.getNotifyHeader().should('include.text', 'অর্ডার প্রসেস ম্যানেজমেন্ট');\ndeclarationSubmissionPage.getTableRow().each(function ($el, index, $list) //Select the DCP Item Name Works\n{\n  var textDCPItemName = $el.find('td.e-rowcell[aria-label]').text();\n  if (textDCPItemName.includes(_this20.prc.DCPItemNameWorks)) {\n    $el.find('td button .fa-calendar').click();\n  }\n});\ncy.wait(4000);\nrequisitionDeclarationPage.getNotifyHeader().should('include.text', 'পেমেন্ট শিডিউল তালিকা');\noPMAPPDCPPage.getNewPaymentScheduleButton().click(); //New পেমেন্ট শিডিউল  button\ncy.wait(3000);\nrequisitionDeclarationPage.getNotifyHeader().should('include.text', 'পেমেন্ট শিডিউল তৈরি করুন');\noPMAPPDCPPage.getCompletionPercentageField().should('have.attr', 'placeholder', 'সমাপ্তির শতাংশ').click().type(this.prc.CompletionPercentage).should('have.value', this.prc.CompletionPercentage);\ncy.wait(2000);\noPMAPPDCPPage.getPaymentPercentageField().should('have.attr', 'placeholder', 'পরিশোধ শতাংশ').click().type(this.prc.PaymentPercentage).should('have.value', this.prc.PaymentPercentage);\ncy.wait(2000);\noPMAPPDCPPage.getDateCalendar().click(); //তারিখ\ncy.wait(1000);\ncy.calendar(this.prc.DCPYear, this.prc.DCPMonth, this.prc.EstimatedCompletionDate);\n/*\noPMAPPDCPPage.getCalendarYearView().click()\noPMAPPDCPPage.getYear().contains(this.prc.DCPYear).click()\noPMAPPDCPPage.getMonth().contains(this.prc.DCPMonth).click()\noPMAPPDCPPage.getDate().contains(this.prc.EstimatedCompletionDate).click()\ncy.wait(2000)\n*/\nrequisitionDeclarationPage.getSubmittedHeader().should('include.text', 'ডেলিভারেবলস সিলেক্ট করুন');\ndeclarationSubmissionPage.getTableRow().each(function ($el, index, $list) //ডেলিভারেবলস সিলেক্ট Works\n{\n  var textDeliverable = $el.find('td.e-rowcell[aria-label]').text();\n  if (textDeliverable.includes(_this20.prc.Deliverable)) {\n    $el.find('td label .e-frame').click();\n  }\n});\ncy.wait(4000);\noPMAPPDCPPage.getSaveButton().should('include.text', 'সংরক্ষণ করুন').click();\ncy.wait(200);\noPMAPPDCPPage.getPopupTitle().should('include.text', 'নিশ্চিতকরণ');\noPMAPPDCPPage.getYesButton().should('include.text', 'হ্যাঁ').click(); // হ্যাঁ button \ncy.wait(7000);",
              "err": {},
              "uuid": "b41daa5a-468a-4748-a7aa-74a7191bfd54",
              "parentUUID": "57acdc45-a13a-4847-b4ff-271ff7a3fa59",
              "isHook": false,
              "skipped": false
            },
            {
              "title": "Create BOQ for Approved APP (Works) as a PE TC",
              "fullTitle": "PRC Module Regression Test Suite Create BOQ for Approved APP (Works) as a PE TC",
              "timedOut": null,
              "duration": 54624,
              "state": "passed",
              "speed": "slow",
              "pass": true,
              "fail": false,
              "pending": false,
              "context": null,
              "code": "var _this21 = this;\ncy.login(this.prc.userNamePE, this.prc.passwordPE);\ndashboardPage.getPRCAvatar().click();\ncy.wait(3000);\nleftNavMenu.getBOQMenu().contains('বিওকিউ').click();\ncy.wait(3000);\nrequisitionDeclarationPage.getNotifyHeader().should('include.text', 'বিওকিউ এর জন্য অর্ডার প্রসেস মানাজেমেন্টের তালিকা');\nrequisitionDeclarationPage.getFiscalYearField().click(); //অর্থবছর\nrequisitionDeclarationPage.getDropDownItem().contains(this.prc.aPPFiscalYear).click();\ncy.wait(3000);\ncy.pagination(this.prc.Pagination); //Pagination\ndeclarationSubmissionPage.getTableRow().each(function ($el, index, $list) //Select the desired reference no\n{\n  var textReferenceNo = $el.find('td.e-rowcell[aria-label]').text();\n  if (textReferenceNo.includes(_this21.prc.OPMAPPReferenceNoWorks)) {\n    $el.find('td button .fa-table').click();\n  }\n});\ncy.wait(4000);\nrequisitionDeclarationPage.getNotifyHeader().should('include.text', 'অর্ডার প্রসেস ম্যানেজমেন্টের সংক্ষিপ্ত বিবরণ');\nrequisitionDeclarationPage.getSubmittedHeader().should('include.text', 'বিওকিউ এর তালিকা');\noPMAPPDCPPage.getNewPaymentScheduleButton().click();\ncy.wait(3000);\nbOQPage.getBOQHeader().should('include.text', 'বিওকিউ প্রস্তুত করুন');\nbOQPage.getBOQReferenceNo().should('have.attr', 'placeholder', 'রেফারেন্স নং').click().type(this.prc.BOQReferenceNo).should('have.value', this.prc.BOQReferenceNo);\ncy.wait(2000);\noPMAPPDCPPage.getDateCalendar().click(); //বিওকিউর তারিখ \ncy.calendar(this.prc.DCPYear, this.prc.DCPMonth, this.prc.EstimatedCompletionDate);\nbOQPage.getBOQDescription().should('have.attr', 'placeholder', 'বিবরণ').click().type(this.prc.BOQDescription).should('have.value', this.prc.BOQDescription);\ncy.wait(2000);\nbOQPage.getBOQSaveButton().should('include.text', 'সংরক্ষণ করুন').click();\ncy.wait(6000);",
              "err": {},
              "uuid": "aad53614-2b76-4a37-8491-ba856c4ca657",
              "parentUUID": "57acdc45-a13a-4847-b4ff-271ff7a3fa59",
              "isHook": false,
              "skipped": false
            },
            {
              "title": "Job Progress and Completed payment schedule of each work for OPM Through APP (Works) as a PE TC",
              "fullTitle": "PRC Module Regression Test Suite Job Progress and Completed payment schedule of each work for OPM Through APP (Works) as a PE TC",
              "timedOut": null,
              "duration": 54012,
              "state": "passed",
              "speed": "slow",
              "pass": true,
              "fail": false,
              "pending": false,
              "context": null,
              "code": "var _this22 = this;\ncy.login(this.prc.userNamePE, this.prc.passwordPE);\ndashboardPage.getPRCAvatar().click();\ncy.wait(3000);\nleftNavMenu.getDropDownMenu().contains('বিল').click({\n  force: true\n});\ncy.wait(1000);\nleftNavMenu.getJobProgressBillSubMenu().should('include.text', 'কাজের অগ্রগতি').click();\ncy.wait(3000);\nrequisitionDeclarationPage.getNotifyHeader().should('include.text', 'কাজের অগ্রগতির জন্য প্রস্তুত অর্ডার প্রসেস ম্যানেজমেন্টের তালিকা');\nrequisitionDeclarationPage.getFiscalYearField().click(); //অর্থবছর\nrequisitionDeclarationPage.getDropDownItem().contains(this.prc.aPPFiscalYear).click();\ncy.wait(3000);\ncy.pagination(this.prc.Pagination); //Pagination\ndeclarationSubmissionPage.getTableRow().each(function ($el, index, $list) //Select the desired reference no\n{\n  var textReferenceNo = $el.find('td.e-rowcell[aria-label]').text();\n  if (textReferenceNo.includes(_this22.prc.OPMAPPReferenceNoWorks)) {\n    $el.find('td button .fa-calendar').click();\n  }\n});\ncy.wait(4000);\nrequisitionDeclarationPage.getNotifyHeader().should('include.text', 'অর্ডার প্রসেস ম্যানেজমেন্টের বিস্তারিত তথ্য');\ndeclarationSubmissionPage.getTableRow().each(function ($el, index, $list) //Select the DCP Item Name Works\n{\n  var textDCPItemName = $el.find('td.e-rowcell[aria-label]').text();\n  if (textDCPItemName.includes(_this22.prc.DCPItemNameWorks)) {\n    $el.find('td button .fa-calendar').click();\n  }\n});\ncy.wait(4000);\nrequisitionDeclarationPage.getNotifyHeader().should('include.text', 'পেমেন্ট শিডিউল তালিকা');\nbillPage.getAttachmentButton().should('include.text', 'এটাচমেন্ট').click();\ncy.wait(2000);\nbillPage.getAttachmentLabel().should('include.text', 'ফাইল নির্বাচন করুন');\nvar fileName = 'TestFile.pdf';\nbillPage.getAttachmentUploadButton().attachFile(fileName); //File Upload\ncy.wait(4000);\nbillPage.getCloseAttachmentCard().should('include.text', 'বন্ধ করুন').click();\ncy.wait(2000);\nbillPage.getFinishedButton().should('include.text', 'সমাপ্ত').click();\ncy.wait(2000);\nrequisitionDeclarationPage.getConfirmationPageHeader().should('include.text', 'নিশ্চিতকরণ');\nrequisitionDeclarationPage.getConfirmationPageYesButton().should('include.text', 'হ্যাঁ').click();\ncy.wait(7000);",
              "err": {},
              "uuid": "5f1b3bc2-7f7b-4433-b685-914bfc67df2e",
              "parentUUID": "57acdc45-a13a-4847-b4ff-271ff7a3fa59",
              "isHook": false,
              "skipped": false
            },
            {
              "title": "Create Bill of each work for OPM Through APP (Works) as a PE TC",
              "fullTitle": "PRC Module Regression Test Suite Create Bill of each work for OPM Through APP (Works) as a PE TC",
              "timedOut": null,
              "duration": 135440,
              "state": "passed",
              "speed": "slow",
              "pass": true,
              "fail": false,
              "pending": false,
              "context": null,
              "code": "var _this23 = this;\ncy.login(this.prc.userNamePE, this.prc.passwordPE);\ndashboardPage.getPRCAvatar().click();\ncy.wait(3000);\nleftNavMenu.getDropDownMenu().contains('বিল').click({\n  force: true\n});\ncy.wait(1000);\nleftNavMenu.getPreparationBillSubMenu().contains('প্রস্তুত করুন').click();\ncy.wait(3000);\nrequisitionDeclarationPage.getNotifyHeader().should('include.text', 'বিলের জন্য প্রস্তুত অর্ডার প্রসেস ম্যানেজমেন্টের তালিকা');\nrequisitionDeclarationPage.getFiscalYearField().click(); //অর্থবছর\nrequisitionDeclarationPage.getDropDownItem().contains(this.prc.aPPFiscalYear).click();\ncy.wait(3000);\ncy.pagination(this.prc.Pagination); //Pagination\ndeclarationSubmissionPage.getTableRow().each(function ($el, index, $list) //Select the desired reference no\n{\n  var textReferenceNo = $el.find('td.e-rowcell[aria-label]').text();\n  if (textReferenceNo.includes(_this23.prc.OPMAPPReferenceNoWorks)) {\n    $el.find('td button .fa-money').click();\n  }\n});\ncy.wait(5000);\nrequisitionDeclarationPage.getNotifyHeader().should('include.text', 'অর্ডার প্রসেস ম্যানেজমেন্টের সংক্ষিপ্ত বিবরণ');\nrequisitionDeclarationPage.getSubmittedHeader().should('include.text', 'বিলের তালিকা');\nbillPage.getCreateBillButton().click(); //Create New Bill plus icon\ncy.wait(3000);\nbOQPage.getBOQHeader().should('include.text', 'বিল প্রস্তুত করুন');\nbOQPage.getBOQReferenceNo().should('have.attr', 'placeholder', 'রেফারেন্স নং').click().type(this.prc.BillReferenceNoWorks).should('have.value', this.prc.BillReferenceNoWorks);\ncy.wait(2000);\nbillPage.getBillDateField().click(); //বিলের তারিখ\ncy.calendar(this.prc.DCPYear, this.prc.DCPMonth, this.prc.EstimatedCompletionDate);\ncy.wait(1000);\nbillPage.getEconomicCodeField().click();\ncy.wait(1500);\nrequisitionDeclarationPage.getDropDownItem().contains(this.prc.EconomicCode).click({\n  force: true\n});\ncy.wait(2000);\nbOQPage.getBOQDescription().should('have.attr', 'placeholder', 'বিবরণ').click().type(this.prc.BillDescription).should('have.value', this.prc.BillDescription);\ncy.wait(2000);\nbOQPage.getBOQSaveButton().should('include.text', 'সংরক্ষণ করুন').click();\ncy.wait(5000);\nbillPage.getCustomButton().should('include.text', 'কাস্টম').click(); //কাস্টম button\ncy.wait(3000);\nbOQPage.getBOQHeader().should('include.text', 'বিলের বিস্তারিত যোগ করুন');\nbillPage.getEconomicCodeField().click();\ncy.wait(1500);\nrequisitionDeclarationPage.getDropDownItem().contains(this.prc.EconomicCode).click({\n  force: true\n});\ncy.wait(2000);\nbillPage.getAmountField().should('have.attr', 'placeholder', 'পরিমাণ').click().type(this.prc.CustomAmount).should('have.value', this.prc.CustomAmount);\ncy.wait(2000);\nbOQPage.getBOQDescription().should('have.attr', 'placeholder', 'বিবরণ').click().type(this.prc.BillCustomAmountDescription).should('have.value', this.prc.BillCustomAmountDescription);\ncy.wait(2000);\nbOQPage.getBOQSaveButton().should('include.text', 'সংরক্ষণ করুন').click();\ncy.wait(5000);\nbillPage.getAdditionButton().should('include.text', 'সংযোজন').click(); //সংযোজন button\ncy.wait(3000);\nbOQPage.getBOQHeader().should('include.text', 'সংযোজন যোগ করুন');\nbillPage.getEconomicCodeField().click();\ncy.wait(1500);\nrequisitionDeclarationPage.getDropDownItem().contains(this.prc.EconomicCode).click({\n  force: true\n});\ncy.wait(2000);\nbillPage.getAmountField().should('have.attr', 'placeholder', 'পরিমাণ').click().type(this.prc.NetAmount).should('have.value', this.prc.NetAmount);\ncy.wait(2000);\nbOQPage.getBOQDescription().should('have.attr', 'placeholder', 'বিবরণ').click().type(this.prc.BillAdditionAmountDescription).should('have.value', this.prc.BillAdditionAmountDescription);\ncy.wait(2000);\nbOQPage.getBOQSaveButton().should('include.text', 'সংরক্ষণ করুন').click();\ncy.wait(5000);\nbillPage.getBillAttachmentButton().should('include.text', 'এটাচমেন্ট').click();\ncy.wait(3000);\nbillPage.getAttachmentLabel().should('include.text', 'ফাইল নির্বাচন করুন');\nvar fileName = 'TestFile.pdf';\nbillPage.getAttachmentUploadButton().attachFile(fileName); //File Upload\ncy.wait(5000);\nbillPage.getCloseAttachmentCard().should('include.text', 'বন্ধ করুন').click();\ncy.wait(2000);\nbillPage.getBackButton().should('include.text', 'পূর্বে').click();\ncy.wait(3000);\nbillPage.getBackButton().should('include.text', 'পূর্বে').click();\ncy.wait(4000);",
              "err": {},
              "uuid": "e97099ba-13f9-488a-9383-b00fef5ae31f",
              "parentUUID": "57acdc45-a13a-4847-b4ff-271ff7a3fa59",
              "isHook": false,
              "skipped": false
            },
            {
              "title": "View Prepared Bill of each work for OPM Through APP (Works) as a PE TC",
              "fullTitle": "PRC Module Regression Test Suite View Prepared Bill of each work for OPM Through APP (Works) as a PE TC",
              "timedOut": null,
              "duration": 30351,
              "state": "passed",
              "speed": "slow",
              "pass": true,
              "fail": false,
              "pending": false,
              "context": null,
              "code": "var _this24 = this;\ncy.login(this.prc.userNamePE, this.prc.passwordPE);\ndashboardPage.getPRCAvatar().click();\ncy.wait(3000);\nleftNavMenu.getDropDownMenu().contains('বিল').click({\n  force: true\n});\ncy.wait(1000);\nleftNavMenu.getPreparedBillSubMenu().should('include.text', 'প্রস্তুতকৃত বিল').click();\ncy.wait(3000);\nrequisitionDeclarationPage.getNotifyHeader().should('include.text', 'বিলকৃত অর্ডার প্রসেস ম্যানেজমেন্টের তালিকা');\nrequisitionDeclarationPage.getFiscalYearField().click(); //অর্থবছর\nrequisitionDeclarationPage.getDropDownItem().contains(this.prc.aPPFiscalYear).click();\ncy.wait(3000);\ncy.pagination(this.prc.Pagination); //Pagination\ndeclarationSubmissionPage.getTableRow().each(function ($el, index, $list) //Select the desired reference no\n{\n  var textReferenceNo = $el.find('td.e-rowcell[aria-label]').text();\n  if (textReferenceNo.includes(_this24.prc.OPMAPPReferenceNoWorks)) {\n    var testStatus = $el.find('td[aria-label=\"COMPLETE column header অবস্থা\"]').text();\n    expect(testStatus.includes('COMPLETE')).to.be[\"true\"];\n  }\n});\ncy.wait(4000);",
              "err": {},
              "uuid": "871da384-94e8-408a-b52e-8346edf41e24",
              "parentUUID": "57acdc45-a13a-4847-b4ff-271ff7a3fa59",
              "isHook": false,
              "skipped": false
            },
            {
              "title": "Create OPM Through APP (Goods) as a PE TC",
              "fullTitle": "PRC Module Regression Test Suite Create OPM Through APP (Goods) as a PE TC",
              "timedOut": null,
              "duration": 0,
              "state": "pending",
              "speed": null,
              "pass": false,
              "fail": false,
              "pending": true,
              "context": null,
              "code": "",
              "err": {},
              "uuid": "234ed99a-6a8a-414b-98e4-62891edfb268",
              "parentUUID": "57acdc45-a13a-4847-b4ff-271ff7a3fa59",
              "isHook": false,
              "skipped": false
            },
            {
              "title": "Create OPM Through DCP as a PE TC",
              "fullTitle": "PRC Module Regression Test Suite Create OPM Through DCP as a PE TC",
              "timedOut": null,
              "duration": 92332,
              "state": "passed",
              "speed": "slow",
              "pass": true,
              "fail": false,
              "pending": false,
              "context": null,
              "code": "cy.login(this.prc.userNamePE, this.prc.passwordPE);\ndashboardPage.getPRCAvatar().click();\ncy.wait(3000);\nleftNavMenu.getDropDownMenu().contains('ওপিএম').click({\n  force: true\n});\ncy.wait(1000);\nleftNavMenu.getDCPOPMSubMenu().contains('ডিসিপি').click();\ncy.wait(3000);\nrequisitionDeclarationPage.getNotifyHeader().should('include.text', 'অর্ডার প্রসেস ম্যানেজমেন্টের তালিকা');\noPMAPPDCPPage.getEntryOrderItemsPlusButton().click(); //অর্ডার প্রসেস ম্যানেজমেন্ট button\ncy.wait(3000);\nrequisitionDeclarationPage.getNotifyHeader().should('include.text', 'অর্ডার প্রসেস ম্যানেজমেন্ট');\noPMAPPDCPPage.getFiscalYearField().click(); //অর্থবছর \nrequisitionDeclarationPage.getDropDownItem().contains(this.prc.requisitionFiscalYear).click();\noPMAPPDCPPage.getCurrencyField().click(); //মুদ্রা \ncy.wait(1000);\nrequisitionDeclarationPage.getDropDownItem().contains(this.prc.DCPCurrency).click({\n  force: true\n});\ncy.wait(1000);\noPMAPPDCPPage.getVendorNameField().click(); //সরবরাহকারীর নাম\nrequisitionDeclarationPage.getDropDownItem().contains(this.prc.DCPVendorName).click();\ncy.wait(1000);\noPMAPPDCPPage.getDateCalendar().click(); //তারিখ\ncy.wait(1000);\ncy.calendar(this.prc.DCPYear, this.prc.DCPMonth, this.prc.DCPDate);\n/*\noPMAPPDCPPage.getCalendarYearView().click()\noPMAPPDCPPage.getYear().contains(this.prc.DCPYear).click()\noPMAPPDCPPage.getMonth().contains(this.prc.DCPMonth).click()\noPMAPPDCPPage.getDate().contains(this.prc.DCPDate).click()\ncy.wait(1000)\n*/\noPMAPPDCPPage.getReferenceNoField().click().should('have.attr', 'placeholder', 'রেফারেন্স নং').type(this.prc.DCPReferenceNo).should('have.value', this.prc.DCPReferenceNo); //রেফারেন্স নং\ncy.wait(1500);\noPMAPPDCPPage.getDescriptionField().should('have.attr', 'placeholder', 'বিবরণ').click().type(this.prc.DCPDescription).should('have.value', this.prc.DCPDescription); //বিবরণ \ncy.wait(1500);\noPMAPPDCPPage.getRemarksField().should('have.attr', 'placeholder', 'মন্তব্য').click().type(this.prc.DCPRemarks).should('have.value', this.prc.DCPRemarks); //মন্তব্য \ncy.wait(1500);\noPMAPPDCPPage.getItemButton().click(); //  দ্রব্যাদি  button clicks\ncy.wait(4000); //আইটেম অনুসন্ধান pop-up\noPMAPPDCPPage.getPackageHeader().should('include.text', 'আইটেম অনুসন্ধান');\noPMAPPDCPPage.getItemCategoryField().should('have.attr', 'aria-label', 'পণ্যের ধরণ').click(); // পণ্যের ধরণ field\nrequisitionDeclarationPage.getDropDownItem().contains(this.prc.DCPItemCategoryGoods).click();\ncy.wait(1500);\noPMAPPDCPPage.getItemNameField().should('have.attr', 'placeholder', 'পণ্যের নাম').click().type(this.prc.DCPItemNameGoods).should('have.value', this.prc.DCPItemNameGoods); //পণ্যের নাম\ncy.wait(1000);\noPMAPPDCPPage.getSearchHereButton().should('include.text', 'অনুসন্ধান করুন').click(); //  এখানে অনুসন্ধান করুন button\ncy.wait(2000);\noPMAPPDCPPage.getQuantityInputField().first().click().type(this.prc.DCPItemQuantity).should('have.value', this.prc.DCPItemQuantity); //পরিমাণ\ncy.wait(2000); //oPMAPPDCPPage.getUnitField().first().click()  //একক\n//requisitionDeclarationPage.getDropDownItem().contains(this.prc.DCPItemUnit).click()\n//cy.wait(1000)\noPMAPPDCPPage.getUnitRateField().first().click().type(this.prc.DCPItemUnitRate).should('have.value', this.prc.DCPItemUnitRate); //প্রতি একক মূল্য\ncy.wait(1000);\noPMAPPDCPPage.getSearchItemRemarksField().first().click().type(this.prc.DCPItemRemarks).should('have.value', this.prc.DCPItemRemarks); //মন্তব্য\ncy.wait(1000);\noPMAPPDCPPage.getAddToListPlusIcon().first().should('have.class', 'material-icons').click(); // Add plus icon\ncy.wait(5000);\noPMAPPDCPPage.getCloseButton().should('have.text', 'বন্ধ করুন').click();\ncy.wait(2000);\noPMAPPDCPPage.getDiscountField().type('{del}{selectall}{backspace}').type(this.prc.DCPDiscount).should('have.value', this.prc.DCPDiscount); //ছাড়\ncy.wait(2000);\noPMAPPDCPPage.getVatField().type('{del}{selectall}{backspace}').type(this.prc.DCPVat).should('have.value', this.prc.DCPVat); //ভ্যাট\ncy.wait(2000);\noPMAPPDCPPage.getAitField().type('{del}{selectall}{backspace}').type(this.prc.DCPAit).should('have.value', this.prc.DCPAit); //এআইটি\ncy.wait(2000);\noPMAPPDCPPage.getSaveButton().should('include.text', 'সংরক্ষণ করুন').click();\ncy.wait(3000);\noPMAPPDCPPage.getPopupTitle().should('include.text', 'নিশ্চিতকরণ');\noPMAPPDCPPage.getYesButton().should('include.text', 'হ্যাঁ').click(); // হ্যাঁ button \n/* \ncy.wait(3000)\noPMAPPDCPPage.getPopupTitle().should('include.text', 'আপনি কি এই প্যাকেজ সমূহ লক করতে চান?')\noPMAPPDCPPage.getYesButton().should('include.text', 'হ্যাঁ').click()   // হ্যাঁ button on lock page\n*/\ncy.wait(6000);",
              "err": {},
              "uuid": "066a9052-3253-49a5-b763-dd4d12a193a5",
              "parentUUID": "57acdc45-a13a-4847-b4ff-271ff7a3fa59",
              "isHook": false,
              "skipped": false
            }
          ],
          "suites": [],
          "passes": [
            "25db187e-07bc-4a42-8219-fe1ff3c55028",
            "7802686f-9c3d-431c-afeb-7299d5714a7e",
            "7f68696f-a1cb-4214-a558-33f8c83f12bd",
            "bb114823-0f87-4e7e-82cc-880d983254b3",
            "02d0cf9f-b97c-4f17-8e82-438e7fef269e",
            "0d32306d-0c31-4f14-b91b-d8b3fc209e12",
            "a94a7357-600b-4ef5-8b92-5af73077053d",
            "a95a8f56-e927-45d1-8bee-019f3fa1c27a",
            "a57a3778-bf45-43fc-b1fa-0146eec5bc90",
            "e1709da7-2676-4670-96eb-85d5e4f3f709",
            "ac423094-b37b-441f-a8b8-af02d794c116",
            "b0eaee70-64a0-4d80-91d2-81beef123a22",
            "0976d814-c540-40c2-8cd2-de3f5581ef5f",
            "af0c947e-495e-487e-874b-52f9916a0296",
            "7b7aa49e-8a00-4aac-b860-0928f607a8d4",
            "b41daa5a-468a-4748-a7aa-74a7191bfd54",
            "aad53614-2b76-4a37-8491-ba856c4ca657",
            "5f1b3bc2-7f7b-4433-b685-914bfc67df2e",
            "e97099ba-13f9-488a-9383-b00fef5ae31f",
            "871da384-94e8-408a-b52e-8346edf41e24",
            "066a9052-3253-49a5-b763-dd4d12a193a5"
          ],
          "failures": [],
          "pending": [
            "06b86906-d071-4818-afcb-102ceb5a370e",
            "dea2e2fa-b3d1-46c2-8e19-147de8ee8694",
            "8b813584-f8e6-47a8-a4a0-233504a5783f",
            "706f721f-8126-4016-b743-5ca8ea8fea8a",
            "c9da3a7c-2a23-4ff3-aa93-0b7269fbfc8f",
            "901f32ed-4e76-43cf-a1ba-0d899ff22de1",
            "7beb9a6e-4f76-40b1-970b-07708152b28f",
            "234ed99a-6a8a-414b-98e4-62891edfb268"
          ],
          "skipped": [],
          "duration": 1334879,
          "root": false,
          "rootEmpty": false,
          "_timeout": 2000
        }
      ],
      "passes": [],
      "failures": [],
      "pending": [],
      "skipped": [],
      "duration": 0,
      "root": true,
      "rootEmpty": true,
      "_timeout": 2000
    }
  ],
  "meta": {
    "mocha": {
      "version": "7.1.1"
    },
    "mochawesome": {
      "options": {
        "quiet": false,
        "reportFilename": "mochawesome",
        "saveHtml": true,
        "saveJson": true,
        "consoleReporter": "spec",
        "useInlineDiffs": false,
        "code": true
      },
      "version": "5.0.0"
    },
    "marge": {
      "options": {},
      "version": "4.1.0"
    }
  }
}