{
  "stats": {
    "suites": 1,
    "tests": 69,
    "passes": 48,
    "pending": 8,
    "failures": 13,
    "start": "2020-05-18T10:01:51.480Z",
    "end": "2020-05-18T10:49:57.981Z",
    "duration": 2886501,
    "testsRegistered": 69,
    "passPercent": 78.68852459016394,
    "pendingPercent": 11.594202898550725,
    "other": 0,
    "hasOther": false,
    "skipped": 0,
    "hasSkipped": false
  },
  "results": [
    {
      "uuid": "42e93550-226f-4000-8b18-755a519f9dab",
      "title": "",
      "fullFile": "cypress\\integration\\happyPath\\ASTFullTest.spec.js",
      "file": "cypress\\integration\\happyPath\\ASTFullTest.spec.js",
      "beforeHooks": [],
      "afterHooks": [],
      "tests": [],
      "suites": [
        {
          "uuid": "82427da5-c791-4161-a823-91bd210f7c0b",
          "title": "AST Module Regression Test Suite",
          "fullFile": "",
          "file": "",
          "beforeHooks": [],
          "afterHooks": [],
          "tests": [
            {
              "title": "TC_1. Store Keeper: Material Receive.",
              "fullTitle": "AST Module Regression Test Suite TC_1. Store Keeper: Material Receive.",
              "timedOut": null,
              "duration": 0,
              "state": "pending",
              "speed": null,
              "pass": false,
              "fail": false,
              "pending": true,
              "context": null,
              "code": "",
              "err": {},
              "uuid": "4969e84e-b3b1-47df-a13c-adcfdce391c8",
              "parentUUID": "82427da5-c791-4161-a823-91bd210f7c0b",
              "isHook": false,
              "skipped": false
            },
            {
              "title": "TC_2. Store Admin: Inspector Assign for Material Receive.",
              "fullTitle": "AST Module Regression Test Suite TC_2. Store Admin: Inspector Assign for Material Receive.",
              "timedOut": null,
              "duration": 0,
              "state": "pending",
              "speed": null,
              "pass": false,
              "fail": false,
              "pending": true,
              "context": null,
              "code": "",
              "err": {},
              "uuid": "e76aa173-c0cd-4b30-bec4-cde4b7c04eb6",
              "parentUUID": "82427da5-c791-4161-a823-91bd210f7c0b",
              "isHook": false,
              "skipped": false
            },
            {
              "title": "TC_3. Inspector: Inspect for Material Receive.",
              "fullTitle": "AST Module Regression Test Suite TC_3. Inspector: Inspect for Material Receive.",
              "timedOut": null,
              "duration": 0,
              "state": "pending",
              "speed": null,
              "pass": false,
              "fail": false,
              "pending": true,
              "context": null,
              "code": "",
              "err": {},
              "uuid": "2c0e1690-39bb-4fda-9e70-cf50ea1418ca",
              "parentUUID": "82427da5-c791-4161-a823-91bd210f7c0b",
              "isHook": false,
              "skipped": false
            },
            {
              "title": "TC_4. Store Admin: Inspection Approval for Material Receive.",
              "fullTitle": "AST Module Regression Test Suite TC_4. Store Admin: Inspection Approval for Material Receive.",
              "timedOut": null,
              "duration": 0,
              "state": "pending",
              "speed": null,
              "pass": false,
              "fail": false,
              "pending": true,
              "context": null,
              "code": "",
              "err": {},
              "uuid": "039b2f51-2430-4257-90c7-f253faa6cf05",
              "parentUUID": "82427da5-c791-4161-a823-91bd210f7c0b",
              "isHook": false,
              "skipped": false
            },
            {
              "title": "TC_5. Store Keeper: Asset Tagging (Material Receive Asset).",
              "fullTitle": "AST Module Regression Test Suite TC_5. Store Keeper: Asset Tagging (Material Receive Asset).",
              "timedOut": null,
              "duration": 122478,
              "state": "passed",
              "speed": "slow",
              "pass": true,
              "fail": false,
              "pending": false,
              "context": null,
              "code": "var _this2 = this;\ncy.login(this.ast.storeKeeperID, this.ast.storeKeeperPassword);\ndashboardPage.getASTAvatar().click();\ncy.wait(3000);\nleftNavMenu.getDropDownMenu().contains('স্টোর কিপিং').click();\ncy.wait(1000);\nleftNavMenu.getAssetTaggingSubMenu().should('include.text', 'সম্পদ ট্যাগিং').click();\ncy.wait(3000);\nreceiveGoodsPage.getStoreNameTab().contains(this.ast.storeName).click(); //Select Store\ncy.wait(3000);\nreceiveGoodsPage.getCardHeader().should('include.text', 'ট্যাগিংয়ের জন্য সম্পদের তালিকা');\nreceiveGoodsPage.getCardRows().each(function ($el, index, $list) //Select the desired চালান নং\n{\n  var textChalanNo = $el.find('td.e-rowcell[aria-label]').text();\n  if (textChalanNo.includes(_this2.ast.chalanNo)) {\n    $el.find('td button mat-icon').click();\n  }\n});\ncy.wait(3000);\nreceiveGoodsPage.getCardHeader().should('include.text', 'সম্পদ ট্যাগ');\nreceiveGoodsPage.getSecondCardHeader().should('include.text', 'পণ্য সমূহ');\nassetTaggingPage.getSetTagsButton().click(); //Set tag button\ncy.wait(3000);\nassetTaggingPage.getTagInputField().clear().type(this.ast.assetTagNo).should('have.value', this.ast.assetTagNo);\ncy.wait(1000);\nassetTaggingPage.getTagInputField2().clear().type(this.ast.assetTagNo2).should('have.value', this.ast.assetTagNo2);\ncy.wait(1000);\nassetTaggingPage.getTagInputField3().clear().type(this.ast.assetTagNo3).should('have.value', this.ast.assetTagNo3);\ncy.wait(1000);\nassetTaggingPage.getTagInputField4().clear().type(this.ast.assetTagNo4).should('have.value', this.ast.assetTagNo4);\ncy.wait(1000);\nassetTaggingPage.getTagInputField5().clear().type(this.ast.assetTagNo5).should('have.value', this.ast.assetTagNo5);\ncy.wait(1000);\nassetTaggingPage.getTagInputField6().clear().type(this.ast.assetTagNo6).should('have.value', this.ast.assetTagNo6);\ncy.wait(1000);\nassetTaggingPage.getTagInputField7().clear().type(this.ast.assetTagNo7).should('have.value', this.ast.assetTagNo7);\ncy.wait(1000);\nassetTaggingPage.getTagInputField8().clear().type(this.ast.assetTagNo8).should('have.value', this.ast.assetTagNo8);\ncy.wait(1000);\nassetTaggingPage.getTagInputField9().clear().type(this.ast.assetTagNo9).should('have.value', this.ast.assetTagNo9);\ncy.wait(1000);\nassetTaggingPage.getTagInputField10().clear().type(this.ast.assetTagNo10).should('have.value', this.ast.assetTagNo10);\ncy.wait(1000);\nassetTaggingPage.getTagInputField11().clear().type(this.ast.assetTagNo11).should('have.value', this.ast.assetTagNo11);\ncy.wait(1000);\nassetTaggingPage.getLifeTimeInputField().type(this.ast.assetLifeTime).should('have.value', this.ast.assetLifeTime);\ncy.wait(1000);\nassetTaggingPage.getSecondLifeTimeInputField().click();\ncy.wait(2500);\nassetTaggingPage.getTagSaveButton().should('include.text', 'দাখিল করুন').click();\ncy.wait(2000);\nreceiveGoodsPage.getConfirmPopUpHeader().should('include.text', 'নিশ্চিত করুন');\nreceiveGoodsPage.getConfirmPopUpYesButton().should('include.text', 'হ্যাঁ').click();\ncy.wait(6000);",
              "err": {},
              "uuid": "75992a6d-00a7-4ee5-aa55-2ae7d777d1c9",
              "parentUUID": "82427da5-c791-4161-a823-91bd210f7c0b",
              "isHook": false,
              "skipped": false
            },
            {
              "title": "TC_6. Store Keeper: Direct in request and send for approval.",
              "fullTitle": "AST Module Regression Test Suite TC_6. Store Keeper: Direct in request and send for approval.",
              "timedOut": null,
              "duration": 0,
              "state": "pending",
              "speed": null,
              "pass": false,
              "fail": false,
              "pending": true,
              "context": null,
              "code": "",
              "err": {},
              "uuid": "ecb64bd8-2085-4bdc-872d-1617120adbdb",
              "parentUUID": "82427da5-c791-4161-a823-91bd210f7c0b",
              "isHook": false,
              "skipped": false
            },
            {
              "title": "TC_7. Store Admin: Inspector Assign for Direct In.",
              "fullTitle": "AST Module Regression Test Suite TC_7. Store Admin: Inspector Assign for Direct In.",
              "timedOut": null,
              "duration": 0,
              "state": "pending",
              "speed": null,
              "pass": false,
              "fail": false,
              "pending": true,
              "context": null,
              "code": "",
              "err": {},
              "uuid": "cf761056-1514-414f-bfd1-90430c520a98",
              "parentUUID": "82427da5-c791-4161-a823-91bd210f7c0b",
              "isHook": false,
              "skipped": false
            },
            {
              "title": "TC_8. Inspector: Inspect for Direct In.",
              "fullTitle": "AST Module Regression Test Suite TC_8. Inspector: Inspect for Direct In.",
              "timedOut": null,
              "duration": 0,
              "state": "pending",
              "speed": null,
              "pass": false,
              "fail": false,
              "pending": true,
              "context": null,
              "code": "",
              "err": {},
              "uuid": "49b5728f-c5b3-432b-8ee2-e3da5a81de6a",
              "parentUUID": "82427da5-c791-4161-a823-91bd210f7c0b",
              "isHook": false,
              "skipped": false
            },
            {
              "title": "TC_9. Store Admin: Inspection Approval for Direct In.",
              "fullTitle": "AST Module Regression Test Suite TC_9. Store Admin: Inspection Approval for Direct In.",
              "timedOut": null,
              "duration": 0,
              "state": "pending",
              "speed": null,
              "pass": false,
              "fail": false,
              "pending": true,
              "context": null,
              "code": "",
              "err": {},
              "uuid": "09baa566-0350-49e4-81e4-b52204aa21ca",
              "parentUUID": "82427da5-c791-4161-a823-91bd210f7c0b",
              "isHook": false,
              "skipped": false
            },
            {
              "title": "TC_10. Store Keeper: Asset Tagging (Direct In Asset).",
              "fullTitle": "AST Module Regression Test Suite TC_10. Store Keeper: Asset Tagging (Direct In Asset).",
              "timedOut": null,
              "duration": 51464,
              "state": "passed",
              "speed": "slow",
              "pass": true,
              "fail": false,
              "pending": false,
              "context": null,
              "code": "var _this4 = this;\ncy.login(this.ast.storeKeeperID, this.ast.storeKeeperPassword);\ndashboardPage.getASTAvatar().click();\ncy.wait(3000);\nleftNavMenu.getDropDownMenu().contains('স্টোর কিপিং').click();\ncy.wait(1000);\nleftNavMenu.getAssetTaggingSubMenu().should('include.text', 'সম্পদ ট্যাগিং').click();\ncy.wait(3000);\nreceiveGoodsPage.getStoreNameTab().contains(this.ast.storeName).click(); //Select Store\ncy.wait(3000);\nreceiveGoodsPage.getCardHeader().should('include.text', 'ট্যাগিংয়ের জন্য সম্পদের তালিকা');\nreceiveGoodsPage.getCardRows().each(function ($el, index, $list) //Select the desired রেফারেন্স নং\n{\n  var textChalanNo = $el.find('td.e-rowcell[aria-label]').text();\n  if (textChalanNo.includes(_this4.ast.DIReferenceNo)) {\n    $el.find('td button mat-icon').click();\n  }\n});\ncy.wait(3000);\nreceiveGoodsPage.getCardHeader().should('include.text', 'সম্পদ ট্যাগ');\nreceiveGoodsPage.getSecondCardHeader().should('include.text', 'পণ্য সমূহ');\nassetTaggingPage.getSetTagsButton().click(); //Set Tag Button\ncy.wait(3000);\nassetTaggingPage.getTagInputField().clear().type(this.ast.DIassetTagNo).should('have.value', this.ast.DIassetTagNo);\ncy.wait(2000);\nassetTaggingPage.getBookValueInputField().click().type(this.ast.DIassetBookValue).should('have.value', this.ast.DIassetBookValue);\ncy.wait(2000);\nassetTaggingPage.getLifeTimeInputFieldDI().type(this.ast.assetLifeTime).should('have.value', this.ast.assetLifeTime);\ncy.wait(1000); //assetTaggingPage.getSecondLifeTimeInputField().click()\n//cy.wait(2500)\nassetTaggingPage.getTagSaveButton().should('include.text', 'দাখিল করুন').click(); //re-use from Asset Tagging Page\ncy.wait(2000);\nreceiveGoodsPage.getConfirmPopUpHeader().should('include.text', 'নিশ্চিত করুন');\nreceiveGoodsPage.getConfirmPopUpYesButton().should('include.text', 'হ্যাঁ').click();\ncy.wait(6000);",
              "err": {},
              "uuid": "1739f6b5-ad15-4ee9-b7b9-cbbf4a052a12",
              "parentUUID": "82427da5-c791-4161-a823-91bd210f7c0b",
              "isHook": false,
              "skipped": false
            },
            {
              "title": "TC_11. Store Keeper: Direct Out Request and Send for Approval.",
              "fullTitle": "AST Module Regression Test Suite TC_11. Store Keeper: Direct Out Request and Send for Approval.",
              "timedOut": null,
              "duration": 52310,
              "state": "passed",
              "speed": "slow",
              "pass": true,
              "fail": false,
              "pending": false,
              "context": null,
              "code": "cy.login(this.ast.storeKeeperID, this.ast.storeKeeperPassword);\ndashboardPage.getASTAvatar().click();\ncy.wait(3000);\nleftNavMenu.getDropDownMenu().contains('স্টোর কিপিং').click();\ncy.wait(1000);\nleftNavMenu.getDirectOutSubMenu().should('include.text', 'সরাসরি প্রদান').click();\ncy.wait(3000);\nreceiveGoodsPage.getStoreNameTab().contains(this.ast.storeName).click(); //Select Store\ncy.wait(3000);\nreceiveGoodsPage.getCardHeader().should('include.text', 'বিদ্যমান অনুরোধসমূহ');\ndirectInPage.getAddButtonFirstStore().click(); //directInPage.getAddButtonSecondStore().click()      //Re-use from Direct In Page\ncy.wait(3000);\ndirectOutPage.getPostOfficeTypeField().should('have.attr', 'aria-label', 'ধরণ').click();\ninspectionUnassignedPage.getDropDownItem().contains(this.ast.DOOfficePostType).click();\ncy.wait(2000);\ndirectOutPage.getOfficeUniteField().should('have.attr', 'aria-label', 'শাখা').click();\ncy.wait(1000);\ninspectionUnassignedPage.getDropDownItem().contains(this.ast.OfficeUnit).click();\ncy.wait(2000);\ndirectOutPage.getPostField().should('have.attr', 'aria-label', 'পদবি').click();\ninspectionUnassignedPage.getDropDownItem().contains(this.ast.DOPostPerson).click();\ncy.wait(2000); //New Tag search pop-up code will added here\ndirectOutPage.getTagInputField().should('have.attr', 'placeholder', 'ট্যাগ দিন').click().type(this.ast.DIassetTagNo).should('have.value', this.ast.DIassetTagNo);\ncy.wait(2000);\ndirectOutPage.getAddItemButton().should('include.text', 'পণ্য যোগ করুন').click(); //Re-use from Receive Goods Page\ncy.wait(3000);\ndirectOutPage.getSendForApprovalButton().should('include.text', 'অনুমোদনের জন্য প্রেরণ').click(); //Re-use from Receive Goods Page\ncy.wait(2000);\nreceiveGoodsPage.getConfirmPopUpHeader().should('include.text', 'নিশ্চিত করুন');\nreceiveGoodsPage.getConfirmPopUpYesButton().should('include.text', 'হ্যাঁ').click();\ncy.wait(6000);",
              "err": {},
              "uuid": "a52eae22-8866-4f74-89d1-7495d8556703",
              "parentUUID": "82427da5-c791-4161-a823-91bd210f7c0b",
              "isHook": false,
              "skipped": false
            },
            {
              "title": "TC_12. Store Admin: Approves Direct Out with Proper Comments.",
              "fullTitle": "AST Module Regression Test Suite TC_12. Store Admin: Approves Direct Out with Proper Comments.",
              "timedOut": null,
              "duration": 37019,
              "state": "passed",
              "speed": "slow",
              "pass": true,
              "fail": false,
              "pending": false,
              "context": null,
              "code": "cy.login(this.ast.storeAdminID, this.ast.storeAdminPassword); //Select office code here if the user have multiple office \ndashboardPage.getASTAvatar().click();\ncy.wait(3000);\nleftNavMenu.getDropDownMenu().contains('অনুমোদন অপেক্ষমান').click();\ncy.wait(1000);\nleftNavMenu.getDirectOutSubMenuOfPendingApproval().should('include.text', 'সরাসরি প্রদান').click();\ncy.wait(3000);\nreceiveGoodsPage.getCardHeader().should('include.text', 'তালিকা');\ncy.inspection(this.ast.DOPostPerson); //Direct Out user Post\ncy.wait(3000);\ndirectOutPage.getDirectOutDetailsPageHeader().should('include.text', 'সরাসরি প্রদান বিস্তারিত');\ndirectOutPage.getDORemarksInputField().click().type(this.ast.ApprovalRemarks).should('have.value', this.ast.ApprovalRemarks);\ncy.wait(2000);\ninspectedPage.getCardFooterFourthButton().should('include.text', 'অনুমোদন করুন').click(); //Reuse from ReceiveGoods Page \ncy.wait(2000);\nreceiveGoodsPage.getConfirmPopUpHeader().should('include.text', 'নিশ্চিত করুন');\nreceiveGoodsPage.getConfirmPopUpYesButton().should('include.text', 'হ্যাঁ').click();\ncy.wait(6000);",
              "err": {},
              "uuid": "cd2308a9-d33d-4e75-9d94-2895e41f088f",
              "parentUUID": "82427da5-c791-4161-a823-91bd210f7c0b",
              "isHook": false,
              "skipped": false
            },
            {
              "title": "TC_13. AST User: Verify the User get the Item by Direct Out.",
              "fullTitle": "AST Module Regression Test Suite TC_13. AST User: Verify the User get the Item by Direct Out.",
              "timedOut": null,
              "duration": 16689,
              "state": "passed",
              "speed": "slow",
              "pass": true,
              "fail": false,
              "pending": false,
              "context": null,
              "code": "var _this5 = this;\ncy.login(this.ast.officeAdminID, this.ast.officeAdminPassword); //Select office code here if the user have multiple office \ndashboardPage.getASTAvatar().click();\ncy.wait(3000);\nleftNavMenu.getMyAssetMenu().should('include.text', 'আমার অধিকৃত সম্পদসমূহ').click();\ncy.wait(3000);\nreceiveGoodsPage.getCardHeader().should('include.text', 'আমার অধিকৃত সম্পদসমূহ');\nreceiveGoodsPage.getCardRows().each(function ($el, index, $list) //Select the desired Tag No\n{\n  var textAssetTagNo = $el.find('td.e-rowcell[aria-label]').text();\n  if (textAssetTagNo.includes(_this5.ast.DIassetTagNo)) {\n    var tagText = $el.find('td.e-rowcell[aria-label]').text();\n    expect(tagText.includes(_this5.ast.DIassetTagNo)).to.be[\"true\"];\n  }\n});\ncy.wait(2000);",
              "err": {},
              "uuid": "1e3d46f0-2933-484f-ad69-52310699fdf8",
              "parentUUID": "82427da5-c791-4161-a823-91bd210f7c0b",
              "isHook": false,
              "skipped": false
            },
            {
              "title": "TC_14. Asset user: Add Items for (Self) Requisition.",
              "fullTitle": "AST Module Regression Test Suite TC_14. Asset user: Add Items for (Self) Requisition.",
              "timedOut": null,
              "duration": 58657,
              "state": "passed",
              "speed": "slow",
              "pass": true,
              "fail": false,
              "pending": false,
              "context": null,
              "code": "var _this6 = this;\ncy.login(this.ast.officeAdminID, this.ast.officeAdminPassword); //Select office code here if the user have multiple office \ndashboardPage.getASTAvatar().click();\ncy.wait(3000);\nleftNavMenu.getRequisitionMenu().should('include.text', 'চাহিদা পত্র').click();\ncy.wait(3000);\nreceiveGoodsPage.getCardHeader().should('include.text', 'চাহিদা পত্র');\ndirectInPage.getAddButtonFirstStore().click(); // Re-use from Direct In Page (চাহিদা পত্র plus button)\ncy.wait(3000);\nreceiveGoodsPage.getCardHeader().should('include.text', 'চাহিদাপত্র তৈরি করুন');\nrequisitionPage.getReferenceNoField().should('have.attr', 'placeholder', 'রেফারেন্স নং').clear().type(this.ast.requisitionReferenceNo).should('have.value', this.ast.requisitionReferenceNo);\ncy.wait(2000);\nrequisitionPage.getJustificationField().should('have.value', 'দাপ্তরিক কাজে ব্যবহারের জন্য');\nrequisitionPage.getPurposeField().should('have.attr', 'aria-label', 'উদ্দেশ্য').click();\ninspectionUnassignedPage.getDropDownItem().contains(this.ast.requisitionPurpose).click();\ncy.wait(2000);\nrequisitionPage.getItemsButton().should('include.text', 'পণ্য সমূহ').click();\ncy.wait(3000);\nrequisitionPage.getItemsCategoryField().should('have.attr', 'aria-label', 'ক্যাটাগরি').click();\ninspectionUnassignedPage.getDropDownItem().contains(this.ast.ItemCategory).click();\ncy.wait(2000);\nrequisitionPage.getItemsSearchField().should('have.attr', 'placeholder', 'অনুসন্ধান করুন').type(this.ast.ItemGroup).type('{enter}');\ncy.wait(2000);\nreceiveGoodsPage.getCardRows().each(function ($el, index, $list) //Select the desired পণ্যের নাম\n{\n  var textItemGroup = $el.find('td.e-rowcell[aria-label]').text();\n  if (textItemGroup.includes(_this6.ast.ItemGroup)) {\n    $el.find('td button mat-icon:eq(1)').click();\n  }\n});\ncy.wait(3000);\ndirectInPage.getItemFeaturesHeader().should('include.text', 'বৈশিষ্ট্য');\ndirectInPage.getItemsDropDownField().click();\ninspectionUnassignedPage.getDropDownItem().contains(this.ast.ItemName).first().click();\ncy.wait(2000);\ndirectInPage.getAddFeaturesButton().should('include.text', 'বৈশিষ্ট্য যোগ করুন').click();\ncy.wait(3000);\nrequisitionPage.getQuantityInputBox().clear().type(this.ast.requisitionQuantity).should('have.value', this.ast.requisitionQuantity);\ncy.wait(1500);\ndirectInPage.getAddItemButton().click(); //Plus icon for add items\ncy.wait(2500);\ninspectedPage.getCardFooterFourthButton().should('include.text', 'প্রেরণ').click(); //Reuse from ReceiveGoods Page \ncy.wait(2000);\nreceiveGoodsPage.getConfirmPopUpHeader().should('include.text', 'নিশ্চিত করুন');\nreceiveGoodsPage.getConfirmPopUpYesButton().should('include.text', 'হ্যাঁ').click();\ncy.wait(6000);",
              "err": {},
              "uuid": "0563e1bc-5a7f-4587-b013-e1337c2e8e34",
              "parentUUID": "82427da5-c791-4161-a823-91bd210f7c0b",
              "isHook": false,
              "skipped": false
            },
            {
              "title": "TC_15. Store Admin: Requisition Approval of Asset User(Self) Requisition.",
              "fullTitle": "AST Module Regression Test Suite TC_15. Store Admin: Requisition Approval of Asset User(Self) Requisition.",
              "timedOut": null,
              "duration": 94922,
              "state": "passed",
              "speed": "slow",
              "pass": true,
              "fail": false,
              "pending": false,
              "context": null,
              "code": "var _this7 = this;\ncy.login(this.ast.storeAdminID, this.ast.storeAdminPassword); //Select office code here if the user have multiple office \ndashboardPage.getASTAvatar().click();\ncy.wait(3000);\nleftNavMenu.getDropDownMenu().contains('অনুমোদন অপেক্ষমান').click();\ncy.wait(1000);\nleftNavMenu.getRequisitionSubMenuOfPendingApproval().should('include.text', 'চাহিদা পত্র').click();\ncy.wait(3500);\nreceiveGoodsPage.getCardHeader().should('include.text', 'চাহিদা পত্র');\ncy.inspection(this.ast.requisitionReferenceNo); //Select রেফারেন্স নং\ncy.wait(3000);\nreceiveGoodsPage.getCardHeader().should('include.text', 'চাহিদা পত্র অনুমোদন');\nreceiveGoodsPage.getCardRows().each(function ($el, index, $list) //Select the desired পণ্যের Group\n{\n  var textItemGroup = $el.find('td.e-rowcell[aria-label]').text();\n  if (textItemGroup.includes(_this7.ast.ItemGroup)) {\n    $el.find('td button mat-icon:eq(0)').first().click();\n  }\n});\ncy.wait(4000);\nrequisitionPage.getUncheckDefaultItem().click({\n  force: true\n});\ncy.wait(500);\nrequisitionPage.getUncheckDefaultItem2().click({\n  force: true\n});\ncy.wait(500);\nrequisitionPage.getUncheckDefaultItem3().click({\n  force: true\n});\ncy.wait(500);\nrequisitionPage.getUncheckDefaultItem4().click({\n  force: true\n});\ncy.wait(500);\nrequisitionPage.getUncheckDefaultItem5().click({\n  force: true\n});\ncy.wait(500);\nrequisitionPage.getUncheckDefaultItem6().click({\n  force: true\n});\ncy.wait(500);\nrequisitionPage.getUncheckDefaultItem7().click({\n  force: true\n});\ncy.wait(500);\nrequisitionPage.getUncheckDefaultItem8().click({\n  force: true\n});\ncy.wait(500);\nrequisitionPage.getUncheckDefaultItem9().click({\n  force: true\n});\ncy.wait(500); //requisitionPage.getUncheckDefaultItem10().click({ force: true })\ncy.wait(2000);\ncy.selectItems(this.ast.assetTagNo);\ncy.wait(1000);\ncy.selectItems(this.ast.assetTagNo2);\ncy.wait(1000);\ncy.selectItems(this.ast.assetTagNo3);\ncy.wait(1000);\ncy.selectItems(this.ast.assetTagNo4);\ncy.wait(1000);\ncy.selectItems(this.ast.assetTagNo5);\ncy.wait(1000);\ncy.selectItems(this.ast.assetTagNo6);\ncy.wait(1000);\ncy.selectItems(this.ast.assetTagNo7);\ncy.wait(1000);\ncy.selectItems(this.ast.assetTagNo8);\ncy.wait(1000);\ncy.selectItems(this.ast.assetTagNo9);\ncy.wait(1000); //cy.selectItems(this.ast.assetTagNo10)\n//cy.wait(2000)\nrequisitionPage.getAddAssetButton().should('include.text', 'সম্পদ যোগ করুন').click();\ncy.wait(2000);\nrequisitionPage.getRemarkField().click().type(this.ast.ApprovalRemarks).should('have.value', this.ast.ApprovalRemarks);\ncy.wait(2000);\nrequisitionPage.getAddAssetButton().should('include.text', 'অনুমোদন করুন').click();\ncy.wait(2000);\nrequisitionPage.getConfirmPopupHeader().should('include.text', 'নিশ্চিত করুন');\nrequisitionPage.getCardFooterYesButton().should('include.text', 'হ্যাঁ').click();\ncy.wait(2000);\nrequisitionPage.getConfirmPopupHeader().should('include.text', 'অনুরোধ নিশ্চিতকরণ');\nrequisitionPage.getRemarksFieldOnConfirmCard().click().type(this.ast.ApprovalRemarks);\ncy.wait(2000);\nrequisitionPage.getCardFooterYesButton().should('include.text', 'সংরক্ষণ করুন').click();\ncy.wait(6000);",
              "err": {},
              "uuid": "821e5642-5972-4bd5-8144-b92fc8a738fe",
              "parentUUID": "82427da5-c791-4161-a823-91bd210f7c0b",
              "isHook": false,
              "skipped": false
            },
            {
              "title": "TC_16. Store Keeper: Issue Requisition Items for Asset User(Self) Requisition.",
              "fullTitle": "AST Module Regression Test Suite TC_16. Store Keeper: Issue Requisition Items for Asset User(Self) Requisition.",
              "timedOut": null,
              "duration": 33546,
              "state": "passed",
              "speed": "slow",
              "pass": true,
              "fail": false,
              "pending": false,
              "context": null,
              "code": "cy.login(this.ast.storeKeeperID, this.ast.storeKeeperPassword); //Select office code here if the user have multiple office \ndashboardPage.getASTAvatar().click();\ncy.wait(3000);\nleftNavMenu.getDropDownMenu().contains('স্টোর কিপিং').click();\ncy.wait(1000);\nleftNavMenu.getIssueLisrSubMenu().should('include.text', 'ইস্যু').click();\ncy.wait(3500);\nreceiveGoodsPage.getStoreNameTab().contains(this.ast.storeName).click();\ncy.wait(3000);\nreceiveGoodsPage.getCardHeader().should('include.text', 'ইস্যু তালিকা');\ncy.inspection(this.ast.requisitionReferenceNo); //Select গ্রাহক\ncy.wait(3000);\nreceiveGoodsPage.getCardHeader().should('include.text', 'ইস্যু');\nreceiveGoodsPage.getCardFooterFourthButton().should('include.text', 'দাখিল করুন').click();\ncy.wait(2000);\nreceiveGoodsPage.getConfirmPopUpHeader().should('include.text', 'নিশ্চিত করুন');\nreceiveGoodsPage.getConfirmPopUpYesButton().should('include.text', 'হ্যাঁ').click();\ncy.wait(6000);",
              "err": {},
              "uuid": "fa29d3c4-3853-4a23-9525-41b001d8e8de",
              "parentUUID": "82427da5-c791-4161-a823-91bd210f7c0b",
              "isHook": false,
              "skipped": false
            },
            {
              "title": "TC_17. AST User: Verify the User get the Item by Self Requisition.",
              "fullTitle": "AST Module Regression Test Suite TC_17. AST User: Verify the User get the Item by Self Requisition.",
              "timedOut": null,
              "duration": 16820,
              "state": "passed",
              "speed": "slow",
              "pass": true,
              "fail": false,
              "pending": false,
              "context": null,
              "code": "var _this8 = this;\ncy.login(this.ast.officeAdminID, this.ast.officeAdminPassword); //Select office code here if the user have multiple office \ndashboardPage.getASTAvatar().click();\ncy.wait(3000);\nleftNavMenu.getMyAssetMenu().should('include.text', 'আমার অধিকৃত সম্পদসমূহ').click();\ncy.wait(3000);\nreceiveGoodsPage.getCardHeader().should('include.text', 'আমার অধিকৃত সম্পদসমূহ');\nreceiveGoodsPage.getCardRows().each(function ($el, index, $list) //Select the desired Tag No\n{\n  var textAssetTagNo = $el.find('td.e-rowcell[aria-label]').text();\n  if (textAssetTagNo.includes(_this8.ast.assetTagNo)) {\n    var tagText = $el.find('td.e-rowcell[aria-label]').text();\n    expect(tagText.includes(_this8.ast.assetTagNo)).to.be[\"true\"];\n  }\n});\ncy.wait(2000);",
              "err": {},
              "uuid": "08512f00-df8d-4063-a812-e2ee1487eda7",
              "parentUUID": "82427da5-c791-4161-a823-91bd210f7c0b",
              "isHook": false,
              "skipped": false
            },
            {
              "title": "TC_18. Store Admin: Give Asset Return Request with Items (Request Return).",
              "fullTitle": "AST Module Regression Test Suite TC_18. Store Admin: Give Asset Return Request with Items (Request Return).",
              "timedOut": null,
              "duration": 61258,
              "state": "passed",
              "speed": "slow",
              "pass": true,
              "fail": false,
              "pending": false,
              "context": null,
              "code": "cy.login(this.ast.storeAdminID, this.ast.storeAdminPassword); //Select office code here if the user have multiple office \ndashboardPage.getASTAvatar().click();\ncy.wait(3000);\nleftNavMenu.getDropDownMenu().contains('ফেরৎ গ্রহণ').click();\ncy.wait(1000);\nleftNavMenu.getRequestReturnSubMenu().should('include.text', 'ফেরৎ অনুরোধ').click();\ncy.wait(3000);\nreceiveGoodsPage.getStoreNameTab().contains(this.ast.storeName).click(); //Select Store\ncy.wait(3000);\nreceiveGoodsPage.getCardHeader().should('include.text', 'ফেরতের জন্য অনুরোধের তালিকা');\ndirectInPage.getAddButtonFirstStore().click(); //Plus button\ncy.wait(2000);\nreceiveGoodsPage.getCardHeader().should('include.text', 'পোস্ট / অফিস ইউনিট নির্বাচন করুন');\ndirectOutPage.getPostOfficeTypeField().should('have.attr', 'aria-label', 'ধরণ').click();\ninspectionUnassignedPage.getDropDownItem().contains(this.ast.DOOfficePostType).click();\ncy.wait(2000);\ndirectOutPage.getOfficeUniteField().should('have.attr', 'aria-label', 'শাখা').click();\ncy.wait(1000);\ninspectionUnassignedPage.getDropDownItem().contains(this.ast.OfficeUnit).click();\ncy.wait(3000);\ndirectOutPage.getPostField().should('have.attr', 'aria-label', 'পদবি').click();\ninspectionUnassignedPage.getDropDownItem().contains(this.ast.DOPostPerson).click();\ncy.wait(2000);\ncy.selectItems(this.ast.assetTagNo);\ncy.wait(2000);\nrequestReturnPage.getCarrierField().should('have.attr', 'aria-label', 'বাহক').click();\ninspectionUnassignedPage.getDropDownItem().contains(this.ast.CarrierName).click();\ncy.wait(2000);\nreceiveGoodsPage.getCalendarIcon().click(); //Approximate Date\ncy.calendar(this.ast.chalanYear, this.ast.chalanMonth, this.ast.chalanDay);\nrequestReturnPage.getApproverField().should('have.attr', 'aria-label', 'অনুমোদনকারী').click();\ninspectionUnassignedPage.getDropDownItem().contains(this.ast.ApproverName).click();\ncy.wait(2000);\nrequestReturnPage.getCardFooterThirdButton().should('include.text', 'অনুমোদনের জন্য প্রেরণ').click(); //Reuse from ReceiveGoods Page \ncy.wait(2000);\nreceiveGoodsPage.getConfirmPopUpHeader().should('include.text', 'নিশ্চিত করুন');\nreceiveGoodsPage.getConfirmPopUpYesButton().should('include.text', 'হ্যাঁ').click();\ncy.wait(6000);",
              "err": {},
              "uuid": "8c5880a8-a093-424e-bc40-076e1661c335",
              "parentUUID": "82427da5-c791-4161-a823-91bd210f7c0b",
              "isHook": false,
              "skipped": false
            },
            {
              "title": "TC_19. Store Admin: Approved the Asset Return (Request Return)",
              "fullTitle": "AST Module Regression Test Suite TC_19. Store Admin: Approved the Asset Return (Request Return)",
              "timedOut": null,
              "duration": 28344,
              "state": "passed",
              "speed": "slow",
              "pass": true,
              "fail": false,
              "pending": false,
              "context": null,
              "code": "cy.login(this.ast.storeAdminID, this.ast.storeAdminPassword); //Select office code here if the user have multiple office \ndashboardPage.getASTAvatar().click();\ncy.wait(3000);\nleftNavMenu.getDropDownMenu().contains('অনুমোদন অপেক্ষমান').click();\ncy.wait(1000);\nleftNavMenu.getRequestApprovalSubMenu().should('include.text', 'ফেরত অনুরোধ').click();\ncy.wait(3000);\nreceiveGoodsPage.getCardHeader().should('include.text', 'অনুরোধসমূহের তালিকা');\ncy.inspection(this.ast.DOPostPerson); //ফেরতদাতা\ncy.wait(3000);\nreceiveGoodsPage.getCardHeader().should('include.text', 'সম্পদ ফেরৎ');\nrequestReturnPage.getApproveButton().should('include.text', 'অনুমোদন করুন').click(); //Reuse from ReceiveGoods Page \ncy.wait(1000);\nreceiveGoodsPage.getConfirmPopUpHeader().should('include.text', 'নিশ্চিত করুন');\nreceiveGoodsPage.getConfirmPopUpYesButton().should('include.text', 'হ্যাঁ').click();\ncy.wait(6000);",
              "err": {},
              "uuid": "709e768e-f6cf-461e-86d3-5fec7c176882",
              "parentUUID": "82427da5-c791-4161-a823-91bd210f7c0b",
              "isHook": false,
              "skipped": false
            },
            {
              "title": "TC_20. Store Keeper: Receive that Asset Return (Request Return) which was Requested by the Store Admin.",
              "fullTitle": "AST Module Regression Test Suite TC_20. Store Keeper: Receive that Asset Return (Request Return) which was Requested by the Store Admin.",
              "timedOut": null,
              "duration": 32548,
              "state": "passed",
              "speed": "slow",
              "pass": true,
              "fail": false,
              "pending": false,
              "context": null,
              "code": "cy.login(this.ast.storeKeeperID, this.ast.storeKeeperPassword); //Select office code here if the user have multiple office \ndashboardPage.getASTAvatar().click();\ncy.wait(3000);\nleftNavMenu.getDropDownMenu().contains('ফেরৎ গ্রহণ').click();\ncy.wait(1000);\nleftNavMenu.getRequestReceiveSubMenu().should('include.text', 'ফেরত গ্রহণ').click();\ncy.wait(3000);\nreceiveGoodsPage.getStoreNameTab().contains(this.ast.storeName).click();\ncy.wait(3000);\nreceiveGoodsPage.getCardHeader().should('include.text', 'ফেরতকৃত পণ্যের গ্রহণের তালিকা');\ncy.inspection(this.ast.DOPostPerson); //ফেরতদাতা \ncy.wait(3000);\nreceiveGoodsPage.getCardHeader().should('include.text', 'সম্পদ ফেরৎ');\nrequestReturnPage.getReciveButton().should('include.text', 'গ্রহণ').click(); //Reuse from ReceiveGoods Page \ncy.wait(1000);\nreceiveGoodsPage.getConfirmPopUpHeader().should('include.text', 'নিশ্চিত করুন');\nreceiveGoodsPage.getConfirmPopUpYesButton().should('include.text', 'হ্যাঁ').click();\ncy.wait(6000);",
              "err": {},
              "uuid": "503ea9be-b58e-44e2-a95e-54379e87fadd",
              "parentUUID": "82427da5-c791-4161-a823-91bd210f7c0b",
              "isHook": false,
              "skipped": false
            },
            {
              "title": "TC_21. Store Admin: Inspector Assign for Asset Return (Request Return).",
              "fullTitle": "AST Module Regression Test Suite TC_21. Store Admin: Inspector Assign for Asset Return (Request Return).",
              "timedOut": null,
              "duration": 44144,
              "state": "passed",
              "speed": "slow",
              "pass": true,
              "fail": false,
              "pending": false,
              "context": null,
              "code": "cy.login(this.ast.storeAdminID, this.ast.storeAdminPassword);\ndashboardPage.getASTAvatar().click();\ncy.wait(3000);\nleftNavMenu.getDropDownMenu().contains('ইন্সপেকশন').click();\ncy.wait(1000);\nleftNavMenu.getInspectionUnassignedSubMenu().should('include.text', 'পরিদর্শক নির্ধারণ').click();\ncy.wait(3000);\nreceiveGoodsPage.getStoreNameTab().contains(this.ast.storeName).click();\ncy.wait(3000);\nreceiveGoodsPage.getCardHeader().should('include.text', 'পরিদর্শক নির্ধারণ');\ncy.inspection(this.ast.ARPost); // Post পদবি\ncy.wait(3000);\nreceiveGoodsPage.getCardHeader().should('include.text', 'সম্পদ ফেরৎ');\nreceiveGoodsPage.getThirdCardHeader().should('include.text', 'ইন্সপেক্টর এসাইন করুন');\ninspectionUnassignedPage.getInspectorTypeField().should('have.attr', 'aria-label', 'পরিদর্শকের ধরণ').click();\ninspectionUnassignedPage.getDropDownItem().contains(this.ast.InspectorType).click();\ncy.wait(2000);\ninspectionUnassignedPage.getOfficeUnitField().should('have.attr', 'aria-label', 'শাখা').click();\ncy.wait(1000);\ninspectionUnassignedPage.getDropDownItem().contains(this.ast.OfficeUnit).click();\ncy.wait(2000);\ninspectionUnassignedPage.getInspectorField().should('have.attr', 'aria-label', 'পরিদর্শক').click();\ninspectionUnassignedPage.getDropDownItem().contains(this.ast.Inspector).click();\ncy.wait(2000);\nreceiveGoodsPage.getCardFooterFourthButton().should('include.text', 'প্রেরণ').click(); //Reuse from ReceiveGoods Page \ncy.wait(2000);\nreceiveGoodsPage.getConfirmPopUpHeader().should('include.text', 'নিশ্চিত করুন');\nreceiveGoodsPage.getConfirmPopUpYesButton().should('include.text', 'হ্যাঁ').click();\ncy.wait(6000);",
              "err": {},
              "uuid": "fc1da431-cba2-4f52-b7a0-7055268a6d37",
              "parentUUID": "82427da5-c791-4161-a823-91bd210f7c0b",
              "isHook": false,
              "skipped": false
            },
            {
              "title": "TC_22. Inspector: Inspect for Asset Return (Request Return).",
              "fullTitle": "AST Module Regression Test Suite TC_22. Inspector: Inspect for Asset Return (Request Return).",
              "timedOut": null,
              "duration": 36223,
              "state": "passed",
              "speed": "slow",
              "pass": true,
              "fail": false,
              "pending": false,
              "context": null,
              "code": "cy.login(this.ast.inspectorID, this.ast.inspectorPassword); //Select office if needed\ndashboardPage.getOfficePopUpHeader().should('include.text', 'অফিস/পদ নির্বাচন করুন');\ndashboardPage.getOfficeName().contains(this.ast.inspectorOffice).click();\ncy.wait(3000);\ndashboardPage.getASTAvatar().click();\ncy.wait(3000);\nleftNavMenu.getDropDownMenu().contains('ইন্সপেকশন').click();\ncy.wait(1000);\nleftNavMenu.getInspectionAssignedSubMenu().should('include.text', 'নির্ধারিত পরিদর্শন').click();\ncy.wait(3000);\nreceiveGoodsPage.getCardHeader().should('include.text', 'নির্ধারিত পরিদর্শন');\ncy.inspection(this.ast.ARPost); //Post / পদবি\ncy.wait(3000);\nreceiveGoodsPage.getCardHeader().should('include.text', 'ইন্সপেকশনের ফলাফল সেট করুন');\ninspectionAssignedPage.getRemarksFieldFirstStore().click().type(this.ast.InspectorRemarks).should('have.value', this.ast.InspectorRemarks);\ncy.wait(2000);\nreceiveGoodsPage.getCardFooterFourthButton().should('include.text', 'দাখিল করুন').click(); //Reuse from ReceiveGoods Page \ncy.wait(2000);\nreceiveGoodsPage.getConfirmPopUpHeader().should('include.text', 'নিশ্চিত করুন');\nreceiveGoodsPage.getConfirmPopUpYesButton().should('include.text', 'হ্যাঁ').click();\ncy.wait(6000);",
              "err": {},
              "uuid": "a9c7f480-cda4-4991-b02b-3f9408f5bb62",
              "parentUUID": "82427da5-c791-4161-a823-91bd210f7c0b",
              "isHook": false,
              "skipped": false
            },
            {
              "title": "TC_23. Store Admin: Inspection Approval for Asset Return (Request Return).",
              "fullTitle": "AST Module Regression Test Suite TC_23. Store Admin: Inspection Approval for Asset Return (Request Return).",
              "timedOut": null,
              "duration": 30069,
              "state": "passed",
              "speed": "slow",
              "pass": true,
              "fail": false,
              "pending": false,
              "context": null,
              "code": "cy.login(this.ast.storeAdminID, this.ast.storeAdminPassword); //Select office code here if the user have multiple office \ndashboardPage.getASTAvatar().click();\ncy.wait(3000);\nleftNavMenu.getDropDownMenu().contains('অনুমোদন অপেক্ষমান').click();\ncy.wait(1000);\nleftNavMenu.getInspectedSubMenu().should('include.text', 'পরিদর্শনকৃত').click();\ncy.wait(3000);\nreceiveGoodsPage.getStoreNameTab().contains(this.ast.storeName).click();\ncy.wait(2000);\nreceiveGoodsPage.getCardHeader().should('include.text', 'পরিদর্শনকৃত');\ncy.inspection(this.ast.ARPost); // Post / পদবি\ncy.wait(3000);\nreceiveGoodsPage.getCardHeader().should('include.text', 'প্রাপ্তিযোগ্য পরিমাণগুলি সেট করুন');\ninspectedPage.getCardFooterFourthButton().should('include.text', 'অনুমোদন করুন').click(); //Reuse from ReceiveGoods Page \n/*    cy.wait(1500)\n    \n    receiveGoodsPage.getConfirmPopUpHeader().should('include.text', 'নিশ্চিত করুন')\n    receiveGoodsPage.getConfirmPopUpYesButton().should('include.text', 'হ্যাঁ').click() \n    */\ncy.wait(6000);",
              "err": {},
              "uuid": "4b11e4e6-d2c2-4120-838b-22b1d94a03d5",
              "parentUUID": "82427da5-c791-4161-a823-91bd210f7c0b",
              "isHook": false,
              "skipped": false
            },
            {
              "title": "TC_24. Store Keeper: Verify the Item back to the Store after Asset Return (Request Return).",
              "fullTitle": "AST Module Regression Test Suite TC_24. Store Keeper: Verify the Item back to the Store after Asset Return (Request Return).",
              "timedOut": null,
              "duration": 25112,
              "state": "passed",
              "speed": "slow",
              "pass": true,
              "fail": false,
              "pending": false,
              "context": null,
              "code": "var _this9 = this;\ncy.login(this.ast.storeKeeperID, this.ast.storeKeeperPassword); //Select office code here if the user have multiple office \ndashboardPage.getASTAvatar().click();\ncy.wait(3000);\nleftNavMenu.getDropDownMenu().contains('রক্ষণাবেক্ষণ').click();\ncy.wait(1000);\nleftNavMenu.getRequestSubMenuOfMaintenance().should('include.text', 'অনুরোধ করুন').click();\ncy.wait(3000);\nreceiveGoodsPage.getStoreNameTab().contains(this.ast.storeName).click();\ncy.wait(5000);\nreceiveGoodsPage.getCardHeader().should('include.text', 'পণ্য সমূহ');\nreceiveGoodsPage.getCardRows().each(function ($el, index, $list) //Select the desired Tag No\n{\n  var textAssetTagNo = $el.find('td.e-rowcell[aria-label]').text();\n  if (textAssetTagNo.includes(_this9.ast.assetTagNo)) {\n    var tagText = $el.find('td.e-rowcell[aria-label]').text();\n    expect(tagText.includes(_this9.ast.assetTagNo)).to.be[\"true\"];\n  }\n});\ncy.wait(2000);",
              "err": {},
              "uuid": "951db220-969e-41ff-b30d-320e09bb5ff3",
              "parentUUID": "82427da5-c791-4161-a823-91bd210f7c0b",
              "isHook": false,
              "skipped": false
            },
            {
              "title": "TC_25. Store Keeper: Enter Assined Item Tag and Send for Inspection (Self Return).",
              "fullTitle": "AST Module Regression Test Suite TC_25. Store Keeper: Enter Assined Item Tag and Send for Inspection (Self Return).",
              "timedOut": null,
              "duration": 34812,
              "state": "passed",
              "speed": "slow",
              "pass": true,
              "fail": false,
              "pending": false,
              "context": null,
              "code": "cy.login(this.ast.storeKeeperID, this.ast.storeKeeperPassword); //Select office code here if the user have multiple office \ndashboardPage.getASTAvatar().click();\ncy.wait(3000);\nleftNavMenu.getDropDownMenu().contains('ফেরৎ গ্রহণ').click();\ncy.wait(1000);\nleftNavMenu.ReceiveTaggedItemsSubMenu().should('include.text', 'ট্যাগকৃত পণ্যসমূহ গ্রহণ').click();\ncy.wait(3000);\nreceiveGoodsPage.getStoreNameTab().contains(this.ast.storeName).click(); //Select Store\ncy.wait(2000);\nreceiveGoodsPage.getCardHeader().should('include.text', 'ট্যাগ');\nreceiveTaggedItemsPage.getTagInputFieldForFirstStore().should('have.attr', 'placeholder', 'ট্যাগ দিন').click().type(this.ast.assetTagNo2).should('have.value', this.ast.assetTagNo2);\ncy.wait(2000); //Tag Search pop-up code will added here\nreceiveTaggedItemsPage.getCardFooterThirdButton().should('include.text', 'পণ্য যোগ করুন').click();\ncy.wait(2000);\nreceiveTaggedItemsPage.getSendApproverButton().should('include.text', 'পরিদর্শনের জন্য প্রেরণ করুন').click(); //Send for Inspection button\ncy.wait(1500);\nreceiveGoodsPage.getConfirmPopUpHeader().should('include.text', 'নিশ্চিত করুন');\nreceiveGoodsPage.getConfirmPopUpYesButton().should('include.text', 'হ্যাঁ').click();\ncy.wait(6000);",
              "err": {},
              "uuid": "b0ebaf24-c8a7-46ee-87e2-21e3e5c23583",
              "parentUUID": "82427da5-c791-4161-a823-91bd210f7c0b",
              "isHook": false,
              "skipped": false
            },
            {
              "title": "TC_26. Store Admin: Inspector Assign for Asset Return (Self Return).",
              "fullTitle": "AST Module Regression Test Suite TC_26. Store Admin: Inspector Assign for Asset Return (Self Return).",
              "timedOut": null,
              "duration": 44414,
              "state": "passed",
              "speed": "slow",
              "pass": true,
              "fail": false,
              "pending": false,
              "context": null,
              "code": "cy.login(this.ast.storeAdminID, this.ast.storeAdminPassword);\ndashboardPage.getASTAvatar().click();\ncy.wait(3000);\nleftNavMenu.getDropDownMenu().contains('ইন্সপেকশন').click();\ncy.wait(1000);\nleftNavMenu.getInspectionUnassignedSubMenu().should('include.text', 'পরিদর্শক নির্ধারণ').click();\ncy.wait(3000);\nreceiveGoodsPage.getStoreNameTab().contains(this.ast.storeName).click();\ncy.wait(3000);\nreceiveGoodsPage.getCardHeader().should('include.text', 'পরিদর্শক নির্ধারণ');\ncy.inspection(this.ast.ARPost); // Post পদবি\ncy.wait(3000);\nreceiveGoodsPage.getCardHeader().should('include.text', 'সম্পদ ফেরৎ');\nreceiveGoodsPage.getThirdCardHeader().should('include.text', 'ইন্সপেক্টর এসাইন করুন');\ninspectionUnassignedPage.getInspectorTypeField().should('have.attr', 'aria-label', 'পরিদর্শকের ধরণ').click();\ninspectionUnassignedPage.getDropDownItem().contains(this.ast.InspectorType).click();\ncy.wait(2000);\ninspectionUnassignedPage.getOfficeUnitField().should('have.attr', 'aria-label', 'শাখা').click();\ncy.wait(1000);\ninspectionUnassignedPage.getDropDownItem().contains(this.ast.OfficeUnit).click();\ncy.wait(2000);\ninspectionUnassignedPage.getInspectorField().should('have.attr', 'aria-label', 'পরিদর্শক').click();\ninspectionUnassignedPage.getDropDownItem().contains(this.ast.Inspector).click();\ncy.wait(2000);\nreceiveGoodsPage.getCardFooterFourthButton().should('include.text', 'প্রেরণ').click(); //Reuse from ReceiveGoods Page \ncy.wait(2000);\nreceiveGoodsPage.getConfirmPopUpHeader().should('include.text', 'নিশ্চিত করুন');\nreceiveGoodsPage.getConfirmPopUpYesButton().should('include.text', 'হ্যাঁ').click();\ncy.wait(6000);",
              "err": {},
              "uuid": "7041af89-41b3-4124-93f9-f41121e72181",
              "parentUUID": "82427da5-c791-4161-a823-91bd210f7c0b",
              "isHook": false,
              "skipped": false
            },
            {
              "title": "TC_27. Inspector: Inspect for Asset Return (Self Return).",
              "fullTitle": "AST Module Regression Test Suite TC_27. Inspector: Inspect for Asset Return (Self Return).",
              "timedOut": null,
              "duration": 35884,
              "state": "passed",
              "speed": "slow",
              "pass": true,
              "fail": false,
              "pending": false,
              "context": null,
              "code": "cy.login(this.ast.inspectorID, this.ast.inspectorPassword); //Select office if needed\ndashboardPage.getOfficePopUpHeader().should('include.text', 'অফিস/পদ নির্বাচন করুন');\ndashboardPage.getOfficeName().contains(this.ast.inspectorOffice).click();\ncy.wait(3000);\ndashboardPage.getASTAvatar().click();\ncy.wait(3000);\nleftNavMenu.getDropDownMenu().contains('ইন্সপেকশন').click();\ncy.wait(1000);\nleftNavMenu.getInspectionAssignedSubMenu().should('include.text', 'নির্ধারিত পরিদর্শন').click();\ncy.wait(3000);\nreceiveGoodsPage.getCardHeader().should('include.text', 'নির্ধারিত পরিদর্শন');\ncy.inspection(this.ast.ARPost); //Post / পদবি\ncy.wait(3000);\nreceiveGoodsPage.getCardHeader().should('include.text', 'ইন্সপেকশনের ফলাফল সেট করুন');\ninspectionAssignedPage.getRemarksFieldFirstStore().click().type(this.ast.InspectorRemarks).should('have.value', this.ast.InspectorRemarks);\ncy.wait(2000);\nreceiveGoodsPage.getCardFooterFourthButton().should('include.text', 'দাখিল করুন').click(); //Reuse from ReceiveGoods Page \ncy.wait(2000);\nreceiveGoodsPage.getConfirmPopUpHeader().should('include.text', 'নিশ্চিত করুন');\nreceiveGoodsPage.getConfirmPopUpYesButton().should('include.text', 'হ্যাঁ').click();\ncy.wait(6000);",
              "err": {},
              "uuid": "26f73627-7b4e-4943-afa4-5a2069c9c1d5",
              "parentUUID": "82427da5-c791-4161-a823-91bd210f7c0b",
              "isHook": false,
              "skipped": false
            },
            {
              "title": "TC_28. Store Admin: Inspection Approval for Asset Return (Self Return).",
              "fullTitle": "AST Module Regression Test Suite TC_28. Store Admin: Inspection Approval for Asset Return (Self Return).",
              "timedOut": null,
              "duration": 30141,
              "state": "passed",
              "speed": "slow",
              "pass": true,
              "fail": false,
              "pending": false,
              "context": null,
              "code": "cy.login(this.ast.storeAdminID, this.ast.storeAdminPassword); //Select office code here if the user have multiple office \ndashboardPage.getASTAvatar().click();\ncy.wait(3000);\nleftNavMenu.getDropDownMenu().contains('অনুমোদন অপেক্ষমান').click();\ncy.wait(1000);\nleftNavMenu.getInspectedSubMenu().should('include.text', 'পরিদর্শনকৃত').click();\ncy.wait(3000);\nreceiveGoodsPage.getStoreNameTab().contains(this.ast.storeName).click();\ncy.wait(2000);\nreceiveGoodsPage.getCardHeader().should('include.text', 'পরিদর্শনকৃত');\ncy.inspection(this.ast.ARPost); // Post / পদবি\ncy.wait(3000);\nreceiveGoodsPage.getCardHeader().should('include.text', 'প্রাপ্তিযোগ্য পরিমাণগুলি সেট করুন');\ninspectedPage.getCardFooterFourthButton().should('include.text', 'অনুমোদন করুন').click(); //Reuse from ReceiveGoods Page \ncy.wait(6000);",
              "err": {},
              "uuid": "41da36fe-2a5a-4cb3-8c55-c0d3d2116afe",
              "parentUUID": "82427da5-c791-4161-a823-91bd210f7c0b",
              "isHook": false,
              "skipped": false
            },
            {
              "title": "TC_29. Store Keeper: Verify the Item back to the Store after Asset Return (Self Return).",
              "fullTitle": "AST Module Regression Test Suite TC_29. Store Keeper: Verify the Item back to the Store after Asset Return (Self Return).",
              "timedOut": null,
              "duration": 25139,
              "state": "passed",
              "speed": "slow",
              "pass": true,
              "fail": false,
              "pending": false,
              "context": null,
              "code": "var _this10 = this;\ncy.login(this.ast.storeKeeperID, this.ast.storeKeeperPassword); //Select office code here if the user have multiple office \ndashboardPage.getASTAvatar().click();\ncy.wait(3000);\nleftNavMenu.getDropDownMenu().contains('রক্ষণাবেক্ষণ').click();\ncy.wait(1000);\nleftNavMenu.getRequestSubMenuOfMaintenance().should('include.text', 'অনুরোধ করুন').click();\ncy.wait(3000);\nreceiveGoodsPage.getStoreNameTab().contains(this.ast.storeName).click();\ncy.wait(5000);\nreceiveGoodsPage.getCardHeader().should('include.text', 'পণ্য সমূহ');\nreceiveGoodsPage.getCardRows().each(function ($el, index, $list) //Select the desired Tag No\n{\n  var textAssetTagNo = $el.find('td.e-rowcell[aria-label]').text();\n  if (textAssetTagNo.includes(_this10.ast.assetTagNo2)) {\n    var tagText = $el.find('td.e-rowcell[aria-label]').text();\n    expect(tagText.includes(_this10.ast.assetTagNo2)).to.be[\"true\"];\n  }\n});\ncy.wait(2000);",
              "err": {},
              "uuid": "7b3043d0-7594-45a8-9208-25cd69694219",
              "parentUUID": "82427da5-c791-4161-a823-91bd210f7c0b",
              "isHook": false,
              "skipped": false
            },
            {
              "title": "TC_30. Store Keeper: Enter Assined Item Tag and Send for Maintenance (Inspection). TC",
              "fullTitle": "AST Module Regression Test Suite TC_30. Store Keeper: Enter Assined Item Tag and Send for Maintenance (Inspection). TC",
              "timedOut": null,
              "duration": 35103,
              "state": "passed",
              "speed": "slow",
              "pass": true,
              "fail": false,
              "pending": false,
              "context": null,
              "code": "cy.login(this.ast.storeKeeperID, this.ast.storeKeeperPassword); //Select office code here if the user have multiple office \ndashboardPage.getASTAvatar().click();\ncy.wait(3000);\nleftNavMenu.getDropDownMenu().contains('ফেরৎ গ্রহণ').click();\ncy.wait(1000);\nleftNavMenu.ReceiveTaggedItemsSubMenu().should('include.text', 'ট্যাগকৃত পণ্যসমূহ গ্রহণ').click();\ncy.wait(3000);\nreceiveGoodsPage.getStoreNameTab().contains(this.ast.storeName).click(); //Select Store\ncy.wait(2000);\nreceiveGoodsPage.getCardHeader().should('include.text', 'ট্যাগ');\nreceiveTaggedItemsPage.getTagInputFieldForFirstStore().should('have.attr', 'placeholder', 'ট্যাগ দিন').click().type(this.ast.assetTagNo3).should('have.value', this.ast.assetTagNo3);\ncy.wait(2000); //Tag Search pop-up code will added here\nreceiveTaggedItemsPage.getCardFooterThirdButton().should('include.text', 'পণ্য যোগ করুন').click();\ncy.wait(2000);\nreceiveTaggedItemsPage.getSendApproverButton().should('include.text', 'পরিদর্শনের জন্য প্রেরণ করুন').click(); //Send for Inspection button\ncy.wait(1500);\nreceiveGoodsPage.getConfirmPopUpHeader().should('include.text', 'নিশ্চিত করুন');\nreceiveGoodsPage.getConfirmPopUpYesButton().should('include.text', 'হ্যাঁ').click();\ncy.wait(6000);",
              "err": {},
              "uuid": "016065a9-23d1-409d-aff3-46573132eb67",
              "parentUUID": "82427da5-c791-4161-a823-91bd210f7c0b",
              "isHook": false,
              "skipped": false
            },
            {
              "title": "TC_31. Store Admin: Inspector Assign for Asset Maintenance (Inspection).",
              "fullTitle": "AST Module Regression Test Suite TC_31. Store Admin: Inspector Assign for Asset Maintenance (Inspection).",
              "timedOut": null,
              "duration": 44481,
              "state": "passed",
              "speed": "slow",
              "pass": true,
              "fail": false,
              "pending": false,
              "context": null,
              "code": "cy.login(this.ast.storeAdminID, this.ast.storeAdminPassword);\ndashboardPage.getASTAvatar().click();\ncy.wait(3000);\nleftNavMenu.getDropDownMenu().contains('ইন্সপেকশন').click();\ncy.wait(1000);\nleftNavMenu.getInspectionUnassignedSubMenu().should('include.text', 'পরিদর্শক নির্ধারণ').click();\ncy.wait(3000);\nreceiveGoodsPage.getStoreNameTab().contains(this.ast.storeName).click();\ncy.wait(3000);\nreceiveGoodsPage.getCardHeader().should('include.text', 'পরিদর্শক নির্ধারণ');\ncy.inspection(this.ast.ARPost); // Post পদবি\ncy.wait(3000);\nreceiveGoodsPage.getCardHeader().should('include.text', 'সম্পদ ফেরৎ');\nreceiveGoodsPage.getThirdCardHeader().should('include.text', 'ইন্সপেক্টর এসাইন করুন');\ninspectionUnassignedPage.getInspectorTypeField().should('have.attr', 'aria-label', 'পরিদর্শকের ধরণ').click();\ninspectionUnassignedPage.getDropDownItem().contains(this.ast.InspectorType).click();\ncy.wait(2000);\ninspectionUnassignedPage.getOfficeUnitField().should('have.attr', 'aria-label', 'শাখা').click();\ncy.wait(1000);\ninspectionUnassignedPage.getDropDownItem().contains(this.ast.OfficeUnit).click();\ncy.wait(2000);\ninspectionUnassignedPage.getInspectorField().should('have.attr', 'aria-label', 'পরিদর্শক').click();\ninspectionUnassignedPage.getDropDownItem().contains(this.ast.Inspector).click();\ncy.wait(2000);\nreceiveGoodsPage.getCardFooterFourthButton().should('include.text', 'প্রেরণ').click(); //Reuse from ReceiveGoods Page \ncy.wait(2000);\nreceiveGoodsPage.getConfirmPopUpHeader().should('include.text', 'নিশ্চিত করুন');\nreceiveGoodsPage.getConfirmPopUpYesButton().should('include.text', 'হ্যাঁ').click();\ncy.wait(6000);",
              "err": {},
              "uuid": "6d7afed4-c485-4b11-97e6-a9845d2eaac8",
              "parentUUID": "82427da5-c791-4161-a823-91bd210f7c0b",
              "isHook": false,
              "skipped": false
            },
            {
              "title": "TC_32. Inspector: Inspect Rejection for Asset Maintenance (Inspection).",
              "fullTitle": "AST Module Regression Test Suite TC_32. Inspector: Inspect Rejection for Asset Maintenance (Inspection).",
              "timedOut": null,
              "duration": 38227,
              "state": "passed",
              "speed": "slow",
              "pass": true,
              "fail": false,
              "pending": false,
              "context": null,
              "code": "cy.login(this.ast.inspectorID, this.ast.inspectorPassword); //Select office if needed\ndashboardPage.getOfficePopUpHeader().should('include.text', 'অফিস/পদ নির্বাচন করুন');\ndashboardPage.getOfficeName().contains(this.ast.inspectorOffice).click();\ncy.wait(3000);\ndashboardPage.getASTAvatar().click();\ncy.wait(3000);\nleftNavMenu.getDropDownMenu().contains('ইন্সপেকশন').click();\ncy.wait(1000);\nleftNavMenu.getInspectionAssignedSubMenu().should('include.text', 'নির্ধারিত পরিদর্শন').click();\ncy.wait(3000);\nreceiveGoodsPage.getCardHeader().should('include.text', 'নির্ধারিত পরিদর্শন');\ncy.inspection(this.ast.ARPost); //Post / পদবি\ncy.wait(3000);\nreceiveGoodsPage.getCardHeader().should('include.text', 'ইন্সপেকশনের ফলাফল সেট করুন');\n/*\nreceiveGoodsPage.getCardRows().each(($el, index, $list) =>     //Select the desired Tag for Uncheck\n{\n    const textTagNo=$el.find('td.e-rowcell[aria-label]').text()\n    if(textTagNo.includes(this.prc.assetTagNo3))                    \n    {\n        $el.find('td ejs-checkbox span').click()\n    }\n})  */\ninspectionAssignedPage.getAssetCheckBox().click({\n  force: true\n});\ncy.wait(2000);\ninspectionAssignedPage.getRemarksFieldFirstStore().click().type(this.ast.InspectorRemarks).should('have.value', this.ast.InspectorRemarks);\ncy.wait(2000);\ninspectionAssignedPage.getRejectButton().should('include.text', 'প্রত্যাখ্যান করুন').click(); //Reuse from ReceiveGoods Page \ncy.wait(2000);\nreceiveGoodsPage.getConfirmPopUpHeader().should('include.text', 'নিশ্চিত করুন');\nreceiveGoodsPage.getConfirmPopUpYesButton().should('include.text', 'হ্যাঁ').click();\ncy.wait(6000);",
              "err": {},
              "uuid": "2ecc4692-9455-43c4-9769-b62c8c5624b0",
              "parentUUID": "82427da5-c791-4161-a823-91bd210f7c0b",
              "isHook": false,
              "skipped": false
            },
            {
              "title": "TC_33. Store Admin: Reject at the inspected result for Asset Maintenance (Inspection).",
              "fullTitle": "AST Module Regression Test Suite TC_33. Store Admin: Reject at the inspected result for Asset Maintenance (Inspection).",
              "timedOut": null,
              "duration": 37241,
              "state": "passed",
              "speed": "slow",
              "pass": true,
              "fail": false,
              "pending": false,
              "context": null,
              "code": "cy.login(this.ast.storeAdminID, this.ast.storeAdminPassword); //Select office code here if the user have multiple office \ndashboardPage.getASTAvatar().click();\ncy.wait(3000);\nleftNavMenu.getDropDownMenu().contains('অনুমোদন অপেক্ষমান').click();\ncy.wait(1000);\nleftNavMenu.getInspectedSubMenu().should('include.text', 'পরিদর্শনকৃত').click();\ncy.wait(3000);\nreceiveGoodsPage.getStoreNameTab().contains(this.ast.storeName).click();\ncy.wait(2000);\nreceiveGoodsPage.getCardHeader().should('include.text', 'পরিদর্শনকৃত');\ncy.inspection(this.ast.ARPost); // Post / পদবি\ncy.wait(3000);\nreceiveGoodsPage.getCardHeader().should('include.text', 'প্রাপ্তিযোগ্য পরিমাণগুলি সেট করুন');\ninspectionAssignedPage.getRejectButton().should('include.text', 'প্রত্যাখ্যান করুন').click();\ncy.wait(3000);\ninspectedPage.getMaintenanceCost().type(this.ast.MaintenanceCost).should('have.value', this.ast.MaintenanceCost);\ncy.wait(2000);\ninspectedPage.getMaintenanceButton().should('include.text', 'রক্ষণাবেক্ষণ').click();\ncy.wait(6000);",
              "err": {},
              "uuid": "43096d7f-1199-4e4d-aa9a-21163d25373a",
              "parentUUID": "82427da5-c791-4161-a823-91bd210f7c0b",
              "isHook": false,
              "skipped": false
            },
            {
              "title": "TC_34. Maintenance Committee Head: Enter Remarks and Put Next Maintenance Date for Asset Maintenance (Inspection). TC",
              "fullTitle": "AST Module Regression Test Suite TC_34. Maintenance Committee Head: Enter Remarks and Put Next Maintenance Date for Asset Maintenance (Inspection). TC",
              "timedOut": null,
              "duration": 39407,
              "state": "passed",
              "speed": "slow",
              "pass": true,
              "fail": false,
              "pending": false,
              "context": null,
              "code": "cy.login(this.ast.committeeHeadID, this.ast.committeeHeadPassword); //Select office code here if the user have multiple office \ndashboardPage.getASTAvatar().click();\ncy.wait(3000);\nleftNavMenu.getDropDownMenu().contains('রক্ষণাবেক্ষণ').click();\ncy.wait(1000);\nleftNavMenu.getItemsSubMenuOfMaintenance().should('include.text', 'পণ্য সমূহ').click();\ncy.wait(3000);\nreceiveGoodsPage.getCardHeader().should('include.text', 'তালিকা');\ncy.inspection(this.ast.assetTagNo3); // Item Tag\ncy.wait(3000);\nreceiveGoodsPage.getCardHeader().should('include.text', 'ফলাফল');\nitemsMaintenancePage.getMaintenanceRemarksField().should('have.attr', 'placeholder', 'মন্তব্য').click().type(this.ast.MaintenanceRemarks).should('have.value', this.ast.MaintenanceRemarks);\ncy.wait(2000);\nitemsMaintenancePage.getCalendarIcon().click();\ncy.calendar(this.ast.chalanYear, this.ast.chalanMonth, this.ast.chalanDay);\nitemsMaintenancePage.getMaintenanceCostField().should('have.attr', 'placeholder', 'রক্ষণাবেক্ষণ খরচ').click().type(this.ast.MaintenanceCost).should('have.value', this.ast.MaintenanceCost);\ncy.wait(2000);\ninspectedPage.getCardFooterFourthButton().should('include.text', 'সংরক্ষণ করুন').click();\ncy.wait(2000);\nreceiveGoodsPage.getConfirmPopUpHeader().should('include.text', 'নিশ্চিত করুন');\nreceiveGoodsPage.getConfirmPopUpYesButton().should('include.text', 'হ্যাঁ').click();\ncy.wait(6000);",
              "err": {},
              "uuid": "b25c828c-204d-4a52-b125-147b44b41f8d",
              "parentUUID": "82427da5-c791-4161-a823-91bd210f7c0b",
              "isHook": false,
              "skipped": false
            },
            {
              "title": "TC_35. Store Keeper: Verify the Item back to the Store after Maintenance (Inspection).",
              "fullTitle": "AST Module Regression Test Suite TC_35. Store Keeper: Verify the Item back to the Store after Maintenance (Inspection).",
              "timedOut": null,
              "duration": 25068,
              "state": "passed",
              "speed": "slow",
              "pass": true,
              "fail": false,
              "pending": false,
              "context": null,
              "code": "var _this11 = this;\ncy.login(this.ast.storeKeeperID, this.ast.storeKeeperPassword); //Select office code here if the user have multiple office \ndashboardPage.getASTAvatar().click();\ncy.wait(3000);\nleftNavMenu.getDropDownMenu().contains('রক্ষণাবেক্ষণ').click();\ncy.wait(1000);\nleftNavMenu.getRequestSubMenuOfMaintenance().should('include.text', 'অনুরোধ করুন').click();\ncy.wait(3000);\nreceiveGoodsPage.getStoreNameTab().contains(this.ast.storeName).click();\ncy.wait(5000);\nreceiveGoodsPage.getCardHeader().should('include.text', 'পণ্য সমূহ');\nreceiveGoodsPage.getCardRows().each(function ($el, index, $list) //Select the desired Tag No\n{\n  var textAssetTagNo = $el.find('td.e-rowcell[aria-label]').text();\n  if (textAssetTagNo.includes(_this11.ast.assetTagNo3)) {\n    var tagText = $el.find('td.e-rowcell[aria-label]').text();\n    expect(tagText.includes(_this11.ast.assetTagNo3)).to.be[\"true\"];\n  }\n});\ncy.wait(2000);",
              "err": {},
              "uuid": "a59fcf32-ad5b-4dcf-be2c-6f4c4bb948b6",
              "parentUUID": "82427da5-c791-4161-a823-91bd210f7c0b",
              "isHook": false,
              "skipped": false
            },
            {
              "title": "TC_36. Store Keeper: Create Maintenance Request from Store Existing Item.",
              "fullTitle": "AST Module Regression Test Suite TC_36. Store Keeper: Create Maintenance Request from Store Existing Item.",
              "timedOut": null,
              "duration": 32061,
              "state": "passed",
              "speed": "slow",
              "pass": true,
              "fail": false,
              "pending": false,
              "context": null,
              "code": "cy.login(this.ast.storeKeeperID, this.ast.storeKeeperPassword); //Select office code here if the user have multiple office \ndashboardPage.getASTAvatar().click();\ncy.wait(3000);\nleftNavMenu.getDropDownMenu().contains('রক্ষণাবেক্ষণ').click();\ncy.wait(1000);\nleftNavMenu.getRequestSubMenuOfMaintenance().should('include.text', 'অনুরোধ করুন').click();\ncy.wait(3000);\nreceiveGoodsPage.getStoreNameTab().contains(this.ast.storeName).click(); //Select Store\ncy.wait(5000);\nreceiveGoodsPage.getCardHeader().should('include.text', 'পণ্য সমূহ');\ncy.visibleItems(this.ast.assetTagNo10); //Select the Tag no\ncy.wait(2000);\nreceiveGoodsPage.getConfirmPopUpHeader().should('include.text', 'নিশ্চিত করুন');\nreceiveGoodsPage.getConfirmPopUpYesButton().should('include.text', 'হ্যাঁ').click({\n  force: true\n});\ncy.wait(6000);",
              "err": {},
              "uuid": "7d038106-f42a-4457-a60c-92bcc95ae5b9",
              "parentUUID": "82427da5-c791-4161-a823-91bd210f7c0b",
              "isHook": false,
              "skipped": false
            },
            {
              "title": "TC_37. Maintenance Committee Head: Enter Remarks and Put Next Maintenance Date for Store Existing Item.",
              "fullTitle": "AST Module Regression Test Suite TC_37. Maintenance Committee Head: Enter Remarks and Put Next Maintenance Date for Store Existing Item.",
              "timedOut": null,
              "duration": 38841,
              "state": "passed",
              "speed": "slow",
              "pass": true,
              "fail": false,
              "pending": false,
              "context": null,
              "code": "cy.login(this.ast.committeeHeadID, this.ast.committeeHeadPassword); //Select office code here if the user have multiple office \ndashboardPage.getASTAvatar().click();\ncy.wait(3000);\nleftNavMenu.getDropDownMenu().contains('রক্ষণাবেক্ষণ').click();\ncy.wait(1000);\nleftNavMenu.getItemsSubMenuOfMaintenance().should('include.text', 'পণ্য সমূহ').click();\ncy.wait(3000);\nreceiveGoodsPage.getCardHeader().should('include.text', 'তালিকা');\ncy.inspection(this.ast.assetTagNo10); // Item Tag\ncy.wait(3000);\nreceiveGoodsPage.getCardHeader().should('include.text', 'ফলাফল');\nitemsMaintenancePage.getMaintenanceRemarksField().should('have.attr', 'placeholder', 'মন্তব্য').click().type(this.ast.MaintenanceRemarks).should('have.value', this.ast.MaintenanceRemarks);\ncy.wait(2000);\nitemsMaintenancePage.getCalendarIcon().click();\ncy.calendar(this.ast.chalanYear, this.ast.chalanMonth, this.ast.chalanDay);\nitemsMaintenancePage.getMaintenanceCostField().click().type(this.ast.MaintenanceCost);\ncy.wait(2000);\ninspectedPage.getCardFooterFourthButton().should('include.text', 'সংরক্ষণ করুন').click();\ncy.wait(2000);\nreceiveGoodsPage.getConfirmPopUpHeader().should('include.text', 'নিশ্চিত করুন');\nreceiveGoodsPage.getConfirmPopUpYesButton().should('include.text', 'হ্যাঁ').click();\ncy.wait(6000);",
              "err": {},
              "uuid": "0a9fdd43-bb99-47d0-bd4b-98f46d6954bf",
              "parentUUID": "82427da5-c791-4161-a823-91bd210f7c0b",
              "isHook": false,
              "skipped": false
            },
            {
              "title": "TC_38. AST User: Create Maintenance Request from My Assets.",
              "fullTitle": "AST Module Regression Test Suite TC_38. AST User: Create Maintenance Request from My Assets.",
              "timedOut": null,
              "duration": 21521,
              "state": "passed",
              "speed": "slow",
              "pass": true,
              "fail": false,
              "pending": false,
              "context": null,
              "code": "var _this12 = this;\ncy.login(this.ast.officeAdminID, this.ast.officeAdminPassword); //Select office code here if the user have multiple office \ndashboardPage.getASTAvatar().click();\ncy.wait(3000);\nleftNavMenu.getMyAssetMenu().should('include.text', 'আমার অধিকৃত সম্পদসমূহ').click();\ncy.wait(3000);\nreceiveGoodsPage.getCardHeader().should('include.text', 'আমার অধিকৃত সম্পদসমূহ');\nreceiveGoodsPage.getCardRows().each(function ($el, index, $list) //Select the desired Asset Tag\n{\n  var textReferenceNo = $el.find('td.e-rowcell[aria-label]').text();\n  if (textReferenceNo.includes(_this12.ast.assetTagNo4)) {\n    $el.find('td button mat-icon:eq(0)').click();\n  }\n});\ncy.wait(2000);\nreceiveGoodsPage.getConfirmPopUpHeader().should('include.text', 'নিশ্চিত করুন');\nreceiveGoodsPage.getConfirmPopUpYesButton().should('include.text', 'হ্যাঁ').click();\ncy.wait(6000);",
              "err": {},
              "uuid": "9c4a18f6-98fc-4e04-8a87-cc6c66730b94",
              "parentUUID": "82427da5-c791-4161-a823-91bd210f7c0b",
              "isHook": false,
              "skipped": false
            },
            {
              "title": "TC_39. Maintenance Committee Head: Enter Remarks and Put Next Maintenance Date for the Maintenance Request from User Side.",
              "fullTitle": "AST Module Regression Test Suite TC_39. Maintenance Committee Head: Enter Remarks and Put Next Maintenance Date for the Maintenance Request from User Side.",
              "timedOut": null,
              "duration": 39222,
              "state": "passed",
              "speed": "slow",
              "pass": true,
              "fail": false,
              "pending": false,
              "context": null,
              "code": "cy.login(this.ast.committeeHeadID, this.ast.committeeHeadPassword); //Select office code here if the user have multiple office \ndashboardPage.getASTAvatar().click();\ncy.wait(3000);\nleftNavMenu.getDropDownMenu().contains('রক্ষণাবেক্ষণ').click();\ncy.wait(1000);\nleftNavMenu.getItemsSubMenuOfMaintenance().should('include.text', 'পণ্য সমূহ').click();\ncy.wait(3000);\nreceiveGoodsPage.getCardHeader().should('include.text', 'তালিকা');\ncy.inspection(this.ast.assetTagNo4); // Item Tag\ncy.wait(3000);\nreceiveGoodsPage.getCardHeader().should('include.text', 'ফলাফল');\nitemsMaintenancePage.getMaintenanceRemarksField().should('have.attr', 'placeholder', 'মন্তব্য').click().type(this.ast.MaintenanceRemarks).should('have.value', this.ast.MaintenanceRemarks);\ncy.wait(2000);\nitemsMaintenancePage.getCalendarIcon().click();\ncy.calendar(this.ast.chalanYear, this.ast.chalanMonth, this.ast.chalanDay);\nitemsMaintenancePage.getMaintenanceCostField().click().type(this.ast.MaintenanceCost);\ncy.wait(2000);\ninspectedPage.getCardFooterFourthButton().should('include.text', 'সংরক্ষণ করুন').click();\ncy.wait(2000);\nreceiveGoodsPage.getConfirmPopUpHeader().should('include.text', 'নিশ্চিত করুন');\nreceiveGoodsPage.getConfirmPopUpYesButton().should('include.text', 'হ্যাঁ').click();\ncy.wait(6000);",
              "err": {},
              "uuid": "409c2078-ad27-4d18-b238-d0b5c9eb88d8",
              "parentUUID": "82427da5-c791-4161-a823-91bd210f7c0b",
              "isHook": false,
              "skipped": false
            },
            {
              "title": "TC_40. Store Admin: Give Asset Request Return for Disposal (From Asset Request Returned items).",
              "fullTitle": "AST Module Regression Test Suite TC_40. Store Admin: Give Asset Request Return for Disposal (From Asset Request Returned items).",
              "timedOut": null,
              "duration": 65955,
              "state": "passed",
              "speed": "slow",
              "pass": true,
              "fail": false,
              "pending": false,
              "context": null,
              "code": "cy.login(this.ast.storeAdminID, this.ast.storeAdminPassword); //Select office code here if the user have multiple office \ndashboardPage.getASTAvatar().click();\ncy.wait(3000);\nleftNavMenu.getDropDownMenu().contains('ফেরৎ গ্রহণ').click();\ncy.wait(1000);\nleftNavMenu.getRequestReturnSubMenu().should('include.text', 'ফেরৎ অনুরোধ').click();\ncy.wait(3000);\nreceiveGoodsPage.getStoreNameTab().contains(this.ast.storeName).click(); //Select Store\ncy.wait(3000);\nreceiveGoodsPage.getCardHeader().should('include.text', 'ফেরতের জন্য অনুরোধের তালিকা');\ndirectInPage.getAddButtonFirstStore().click(); //Plus button\ncy.wait(2000);\nreceiveGoodsPage.getCardHeader().should('include.text', 'পোস্ট / অফিস ইউনিট নির্বাচন করুন');\ndirectOutPage.getPostOfficeTypeField().should('have.attr', 'aria-label', 'ধরণ').click();\ninspectionUnassignedPage.getDropDownItem().contains(this.ast.DOOfficePostType).click();\ncy.wait(2000);\ndirectOutPage.getOfficeUniteField().should('have.attr', 'aria-label', 'শাখা').click();\ncy.wait(1000);\ninspectionUnassignedPage.getDropDownItem().contains(this.ast.OfficeUnit).click();\ncy.wait(3000);\ndirectOutPage.getPostField().should('have.attr', 'aria-label', 'পদবি').click();\ninspectionUnassignedPage.getDropDownItem().contains(this.ast.DOPostPerson).click();\ncy.wait(2000);\ncy.selectItems(this.ast.assetTagNo5);\ncy.wait(2000);\ncy.selectItems(this.ast.assetTagNo6);\ncy.wait(1500);\ncy.selectItems(this.ast.assetTagNo7);\ncy.wait(2000);\nrequestReturnPage.getCarrierField().should('have.attr', 'aria-label', 'বাহক').click();\ninspectionUnassignedPage.getDropDownItem().contains(this.ast.CarrierName).click();\ncy.wait(2000);\nreceiveGoodsPage.getCalendarIcon().click(); //Approximate Date\ncy.calendar(this.ast.chalanYear, this.ast.chalanMonth, this.ast.chalanDay);\nrequestReturnPage.getApproverField().should('have.attr', 'aria-label', 'অনুমোদনকারী').click();\ninspectionUnassignedPage.getDropDownItem().contains(this.ast.ApproverName).click();\ncy.wait(2000);\nrequestReturnPage.getCardFooterThirdButton().should('include.text', 'অনুমোদনের জন্য প্রেরণ').click(); //Reuse from ReceiveGoods Page \ncy.wait(2000);\nreceiveGoodsPage.getConfirmPopUpHeader().should('include.text', 'নিশ্চিত করুন');\nreceiveGoodsPage.getConfirmPopUpYesButton().should('include.text', 'হ্যাঁ').click();\ncy.wait(6000);",
              "err": {},
              "uuid": "e2851642-31c2-4e26-a694-422dae7eb65a",
              "parentUUID": "82427da5-c791-4161-a823-91bd210f7c0b",
              "isHook": false,
              "skipped": false
            },
            {
              "title": "TC_41. Store Admin: Approved the Asset Request Return for Disposal (From Asset Request Returned items).",
              "fullTitle": "AST Module Regression Test Suite TC_41. Store Admin: Approved the Asset Request Return for Disposal (From Asset Request Returned items).",
              "timedOut": null,
              "duration": 27904,
              "state": "passed",
              "speed": "slow",
              "pass": true,
              "fail": false,
              "pending": false,
              "context": null,
              "code": "cy.login(this.ast.storeAdminID, this.ast.storeAdminPassword); //Select office code here if the user have multiple office \ndashboardPage.getASTAvatar().click();\ncy.wait(3000);\nleftNavMenu.getDropDownMenu().contains('অনুমোদন অপেক্ষমান').click();\ncy.wait(1000);\nleftNavMenu.getRequestApprovalSubMenu().should('include.text', 'ফেরত অনুরোধ').click();\ncy.wait(3000);\nreceiveGoodsPage.getCardHeader().should('include.text', 'অনুরোধসমূহের তালিকা');\ncy.inspection(this.ast.DOPostPerson); //ফেরতদাতা\ncy.wait(3000);\nreceiveGoodsPage.getCardHeader().should('include.text', 'সম্পদ ফেরৎ');\nrequestReturnPage.getApproveButton().should('include.text', 'অনুমোদন করুন').click(); //Reuse from ReceiveGoods Page \ncy.wait(1000);\nreceiveGoodsPage.getConfirmPopUpHeader().should('include.text', 'নিশ্চিত করুন');\nreceiveGoodsPage.getConfirmPopUpYesButton().should('include.text', 'হ্যাঁ').click();\ncy.wait(6000);",
              "err": {},
              "uuid": "d3e1cab7-91c8-4465-a209-3f494273303f",
              "parentUUID": "82427da5-c791-4161-a823-91bd210f7c0b",
              "isHook": false,
              "skipped": false
            },
            {
              "title": "TC_42. Store Keeper : Receive that Asset Request Return for Disposal (From Asset Request Returned items).",
              "fullTitle": "AST Module Regression Test Suite TC_42. Store Keeper : Receive that Asset Request Return for Disposal (From Asset Request Returned items).",
              "timedOut": null,
              "duration": 32362,
              "state": "passed",
              "speed": "slow",
              "pass": true,
              "fail": false,
              "pending": false,
              "context": null,
              "code": "cy.login(this.ast.storeKeeperID, this.ast.storeKeeperPassword); //Select office code here if the user have multiple office \ndashboardPage.getASTAvatar().click();\ncy.wait(3000);\nleftNavMenu.getDropDownMenu().contains('ফেরৎ গ্রহণ').click();\ncy.wait(1000);\nleftNavMenu.getRequestReceiveSubMenu().should('include.text', 'ফেরত গ্রহণ').click();\ncy.wait(3000);\nreceiveGoodsPage.getStoreNameTab().contains(this.ast.storeName).click();\ncy.wait(3000);\nreceiveGoodsPage.getCardHeader().should('include.text', 'ফেরতকৃত পণ্যের গ্রহণের তালিকা');\ncy.inspection(this.ast.DOPostPerson); //ফেরতদাতা dynamicaly \ncy.wait(3000);\nreceiveGoodsPage.getCardHeader().should('include.text', 'সম্পদ ফেরৎ');\nrequestReturnPage.getReciveButton().should('include.text', 'গ্রহণ').click(); //Reuse from ReceiveGoods Page \ncy.wait(1000);\nreceiveGoodsPage.getConfirmPopUpHeader().should('include.text', 'নিশ্চিত করুন');\nreceiveGoodsPage.getConfirmPopUpYesButton().should('include.text', 'হ্যাঁ').click();\ncy.wait(6000);",
              "err": {},
              "uuid": "df5c166d-9a49-422c-8331-59fecef23cde",
[...]
                "diff": "- 'তালিকা'\n+ 'ফলাফল'\n"
              },
              "uuid": "15b97088-9518-430b-a73d-1e72b607d0c4",
              "parentUUID": "82427da5-c791-4161-a823-91bd210f7c0b",
              "isHook": false,
              "skipped": false
            },
            {
              "title": "TC_66. Store Keeper: Make Disposal Request (From Stores Existing Item).",
              "fullTitle": "AST Module Regression Test Suite TC_66. Store Keeper: Make Disposal Request (From Stores Existing Item).",
              "timedOut": null,
              "duration": 56461,
              "state": "failed",
              "speed": null,
              "pass": false,
              "fail": true,
              "pending": false,
              "context": null,
              "code": "cy.login(this.ast.storeKeeperID, this.ast.storeKeeperPassword); //Select office code here if the user have multiple office \ndashboardPage.getASTAvatar().click();\ncy.wait(3000);\nleftNavMenu.getDropDownMenu().contains('নিষ্পত্তিকরণ').click();\ncy.wait(1000);\nleftNavMenu.getDisposalRequestSubMenu().should('include.text', 'নিষ্পত্তিকরণের জন্য অনুরোধ').click();\ncy.wait(3000);\nreceiveGoodsPage.getStoreNameTab().contains(this.ast.storeName).click();\ncy.wait(2000);\nreceiveGoodsPage.getCardHeader().should('include.text', 'নিষ্পত্তিকরণের জন্য অনুরোধ');\ndisposalRequestPage.getJustificationField().should('have.attr', 'placeholder', 'ন্যায্যতা').click().type(this.ast.disposalJustificat).should('have.value', this.ast.disposalJustificat);\ncy.wait(2000);\ndisposalRequestPage.getDisposalCommitteeNameField().should('have.attr', 'aria-label', 'কমিটির নাম').click();\ninspectionUnassignedPage.getDropDownItem().contains(this.ast.disposalCommitteeName).click();\ncy.wait(2000);\ndisposalRequestPage.getUncheckAllItems().click({\n  multiple: true\n}); //Uncheck all items\ncy.wait(2000); //Selects Items\ncy.selectItems(this.ast.assetTagNo11);\ncy.wait(1000);\ndisposalRequestPage.getSendButton().should('include.text', 'প্রেরণ').click();\ncy.wait(2000);\nreceiveGoodsPage.getConfirmPopUpHeader().should('include.text', 'নিশ্চিত করুন');\nreceiveGoodsPage.getConfirmPopUpYesButton().should('include.text', 'হ্যাঁ').click();\ncy.wait(6000);",
              "err": {
                "message": "CypressError: Timed out retrying: `cy.click()` failed because this element is not visible:\n\n`<span class=\"e-icons e-frame e-check\" _ngcontent-naj-c4=\"\"></span>`\n\nThis element `<span.e-icons.e-frame.e-check>` is not visible because its parent `<div#e-content_0.e-item>` has CSS property: `display: none`\n\nFix this problem, or use `{force: true}` to disable error checking.\n\nhttps://on.cypress.io/element-cannot-be-interacted-with",
                "estack": "CypressError: Timed out retrying: `cy.click()` failed because this element is not visible:\n\n`<span class=\"e-icons e-frame e-check\" _ngcontent-naj-c4=\"\"></span>`\n\nThis element `<span.e-icons.e-frame.e-check>` is not visible because its parent `<div#e-content_0.e-item>` has CSS property: `display: none`\n\nFix this problem, or use `{force: true}` to disable error checking.\n\nhttps://on.cypress.io/element-cannot-be-interacted-with\n    at cypressErr (http://staging.grp.gov.bd/__cypress/runner/cypress_runner.js:146621:16)\n    at cypressErrByPath (http://staging.grp.gov.bd/__cypress/runner/cypress_runner.js:146630:10)\n    at Object.throwErrByPath (http://staging.grp.gov.bd/__cypress/runner/cypress_runner.js:146593:11)\n    at Object.ensureVisibility (http://staging.grp.gov.bd/__cypress/runner/cypress_runner.js:137599:24)\n    at runAllChecks (http://staging.grp.gov.bd/__cypress/runner/cypress_runner.js:127499:14)\n    at retryActionability (http://staging.grp.gov.bd/__cypress/runner/cypress_runner.js:127542:16)\n    at tryCatcher (http://staging.grp.gov.bd/__cypress/runner/cypress_runner.js:9065:23)\n    at Function.Promise.attempt.Promise.try (http://staging.grp.gov.bd/__cypress/runner/cypress_runner.js:6339:29)\n    at tryFn (http://staging.grp.gov.bd/__cypress/runner/cypress_runner.js:140680:21)\n    at whenStable (http://staging.grp.gov.bd/__cypress/runner/cypress_runner.js:140715:12)\n    at http://staging.grp.gov.bd/__cypress/runner/cypress_runner.js:140259:16\n    at tryCatcher (http://staging.grp.gov.bd/__cypress/runner/cypress_runner.js:9065:23)\n    at Promise._settlePromiseFromHandler (http://staging.grp.gov.bd/__cypress/runner/cypress_runner.js:7000:31)\n    at Promise._settlePromise (http://staging.grp.gov.bd/__cypress/runner/cypress_runner.js:7057:18)\n    at Promise._settlePromise0 (http://staging.grp.gov.bd/__cypress/runner/cypress_runner.js:7102:10)\n    at Promise._settlePromises (http://staging.grp.gov.bd/__cypress/runner/cypress_runner.js:7182:18)",
                "diff": null
              },
              "uuid": "8ae4022b-1c4b-41db-8e84-15dfd56d9efe",
              "parentUUID": "82427da5-c791-4161-a823-91bd210f7c0b",
              "isHook": false,
              "skipped": false
            },
            {
              "title": "TC_67. Disposal Committee Member: Decision on Disposal with Disposal Type and Cost for (From Stores Existing Item).",
              "fullTitle": "AST Module Regression Test Suite TC_67. Disposal Committee Member: Decision on Disposal with Disposal Type and Cost for (From Stores Existing Item).",
              "timedOut": null,
              "duration": 40623,
              "state": "failed",
              "speed": null,
              "pass": false,
              "fail": true,
              "pending": false,
              "context": null,
              "code": "cy.login(this.ast.DisCommitteeMemberID, this.ast.DisCommitteeMemberPassword); //Select office code here if the user have multiple office \ndashboardPage.getASTAvatar().click();\ncy.wait(3000);\nleftNavMenu.getDropDownMenu().contains('অনুমোদন অপেক্ষমান').click();\ncy.wait(1000);\nleftNavMenu.getDecisionOnDisposalSubMenu().should('include.text', 'নিষ্পত্তিকরণ সংক্রান্ত সিদ্ধান্ত').click();\ncy.wait(3000);\nreceiveGoodsPage.getCardHeader().should('include.text', 'অনুরোধকৃত নিষ্পত্তিকরণের তালিকা');\ncy.inspection(this.ast.disposalJustificat); // ন্যায্যতা\ncy.wait(3000);\nreceiveGoodsPage.getCardHeader().should('include.text', 'নিষ্পত্তিকরণ সংক্রান্ত সিদ্ধান্ত');\ndisposalRequestPage.getDisposalTypeField1().click({\n  force: true\n});\ndisposalRequestPage.getDropDownItem().contains(this.ast.disposalRequestType2).click();\ncy.wait(1000);\ndisposalRequestPage.getDisposalCost1().clear().type(this.ast.disposalCost).should('have.value', this.ast.disposalCost);\ncy.wait(1000);\ndisposalRequestPage.getDisposalRemark1().click().type(this.ast.disposalRemarks).should('have.value', this.ast.disposalRemarks);\ncy.wait(1000);\ndisposalRequestPage.getSaveButton().should('include.text', 'সংরক্ষণ করুন').click();\ncy.wait(2000);\nreceiveGoodsPage.getConfirmPopUpHeader().should('include.text', 'নিশ্চিত করুন');\nreceiveGoodsPage.getConfirmPopUpYesButton().should('include.text', 'হ্যাঁ').click();\ncy.wait(6000);",
              "err": {
                "message": "AssertionError: Timed out retrying: Expected to find element: `.card:visible .card-header mat-label:eq(0)`, but never found it.",
                "estack": "AssertionError: Timed out retrying: Expected to find element: `.card:visible .card-header mat-label:eq(0)`, but never found it.\n    at ensureExistence (http://staging.grp.gov.bd/__cypress/runner/cypress_runner.js:137673:32)\n    at Object.ensureElExistence (http://staging.grp.gov.bd/__cypress/runner/cypress_runner.js:137691:12)\n    at ensureExistence (http://staging.grp.gov.bd/__cypress/runner/cypress_runner.js:127867:23)\n    at onFailFn (http://staging.grp.gov.bd/__cypress/runner/cypress_runner.js:127905:9)\n    at tryCatcher (http://staging.grp.gov.bd/__cypress/runner/cypress_runner.js:9065:23)\n    at Promise._settlePromiseFromHandler (http://staging.grp.gov.bd/__cypress/runner/cypress_runner.js:7000:31)\n    at Promise._settlePromise (http://staging.grp.gov.bd/__cypress/runner/cypress_runner.js:7057:18)\n    at Promise._settlePromise0 (http://staging.grp.gov.bd/__cypress/runner/cypress_runner.js:7102:10)\n    at Promise._settlePromises (http://staging.grp.gov.bd/__cypress/runner/cypress_runner.js:7178:18)\n    at _drainQueueStep (http://staging.grp.gov.bd/__cypress/runner/cypress_runner.js:3772:12)\n    at _drainQueue (http://staging.grp.gov.bd/__cypress/runner/cypress_runner.js:3765:9)\n    at Async.../../node_modules/bluebird/js/release/async.js.Async._drainQueues (http://staging.grp.gov.bd/__cypress/runner/cypress_runner.js:3781:5)\n    at Async.drainQueues (http://staging.grp.gov.bd/__cypress/runner/cypress_runner.js:3651:14)",
                "diff": null
              },
              "uuid": "ff1da3c7-98d1-42b9-9bd2-ec361d5d640b",
              "parentUUID": "82427da5-c791-4161-a823-91bd210f7c0b",
              "isHook": false,
              "skipped": false
            },
            {
              "title": "TC_68. Store Admin: Approved Disposal Result (From Stores Existing Item).",
              "fullTitle": "AST Module Regression Test Suite TC_68. Store Admin: Approved Disposal Result (From Stores Existing Item).",
              "timedOut": null,
              "duration": 49253,
              "state": "failed",
              "speed": null,
              "pass": false,
              "fail": true,
              "pending": false,
              "context": null,
              "code": "cy.login(this.ast.storeAdminID, this.ast.storeAdminPassword); //Select office code here if the user have multiple office \ndashboardPage.getASTAvatar().click();\ncy.wait(3000);\nleftNavMenu.getDropDownMenu().contains('নিষ্পত্তিকরণ').click();\ncy.wait(1000);\nleftNavMenu.getDisposalResultSubMenu().should('include.text', 'নিষ্পত্তিকরণের ফলাফল').click();\ncy.wait(3000);\nreceiveGoodsPage.getStoreNameTab().contains(this.ast.storeName).click();\ncy.wait(2000);\nreceiveGoodsPage.getCardHeader().should('include.text', 'নিষ্পত্তিকরণের জন্য সম্পদ তালিকা');\ncy.inspection(this.ast.disposalJustificat); // ন্যায্যতা\ncy.wait(3000);\nreceiveGoodsPage.getCardHeader().should('include.text', 'নিষ্পত্তিকরণের ফলাফল');\ndisposalResultPage.getDisposalTypeTab().contains('Disposed').click();\ncy.wait(2000);\ndisposalResultPage.getDisposedAddButton().click();\ncy.wait(2000);\ndisposalResultPage.getDecidedRemark1().click().type(this.ast.disposalDecisionRemarks).should('have.value', this.ast.disposalDecisionRemarks);\ncy.wait(2000);\ndisposalResultPage.getSendButton().should('include.text', 'প্রেরণ').click();\ncy.wait(2000);\nreceiveGoodsPage.getConfirmPopUpHeader().should('include.text', 'নিশ্চিত করুন');\nreceiveGoodsPage.getConfirmPopUpYesButton().should('include.text', 'হ্যাঁ').click();\ncy.wait(6000);",
              "err": {
                "message": "AssertionError: Timed out retrying: expected '<mat-label>' to contain text 'নিষ্পত্তিকরণের ফলাফল', but the text was 'নিষ্পত্তিকরণের জন্য সম্পদ তালিকা'",
                "estack": "AssertionError: Timed out retrying: expected '<mat-label>' to contain text 'নিষ্পত্তিকরণের ফলাফল', but the text was 'নিষ্পত্তিকরণের জন্য সম্পদ তালিকা'\n    at applyChainer (http://staging.grp.gov.bd/__cypress/runner/cypress_runner.js:131898:32)\n    at http://staging.grp.gov.bd/__cypress/runner/cypress_runner.js:131940:16\n    at arrayReduce (http://staging.grp.gov.bd/__cypress/runner/cypress_runner.js:18578:21)\n    at Function.reduce (http://staging.grp.gov.bd/__cypress/runner/cypress_runner.js:27576:14)\n    at applyChainers (http://staging.grp.gov.bd/__cypress/runner/cypress_runner.js:131929:22)\n    at tryCatcher (http://staging.grp.gov.bd/__cypress/runner/cypress_runner.js:9065:23)\n    at Function.Promise.attempt.Promise.try (http://staging.grp.gov.bd/__cypress/runner/cypress_runner.js:6339:29)\n    at Context.shouldFn (http://staging.grp.gov.bd/__cypress/runner/cypress_runner.js:131946:26)\n    at Context.should (http://staging.grp.gov.bd/__cypress/runner/cypress_runner.js:131964:23)\n    at http://staging.grp.gov.bd/__cypress/runner/cypress_runner.js:127819:39\n    at assertions (http://staging.grp.gov.bd/__cypress/runner/cypress_runner.js:128079:14)\n    at tryCatcher (http://staging.grp.gov.bd/__cypress/runner/cypress_runner.js:9065:23)\n    at Object.gotValue (http://staging.grp.gov.bd/__cypress/runner/cypress_runner.js:8209:18)\n    at Object.gotAccum (http://staging.grp.gov.bd/__cypress/runner/cypress_runner.js:8196:25)\n    at Object.tryCatcher (http://staging.grp.gov.bd/__cypress/runner/cypress_runner.js:9065:23)\n    at Promise._settlePromiseFromHandler (http://staging.grp.gov.bd/__cypress/runner/cypress_runner.js:7000:31)",
                "diff": "- 'নিষ্পত্তিকরণের জন্য সম্পদ তালিকা'\n+ 'নিষ্পত্তিকরণের ফলাফল'\n"
              },
              "uuid": "16f6345f-b3d3-4fa0-9a4b-26a339e78576",
              "parentUUID": "82427da5-c791-4161-a823-91bd210f7c0b",
              "isHook": false,
              "skipped": false
            },
            {
              "title": "TC_69. Store Admin: Verify the Disposed Asset on the Report (From Stores Existing Item).",
              "fullTitle": "AST Module Regression Test Suite TC_69. Store Admin: Verify the Disposed Asset on the Report (From Stores Existing Item).",
              "timedOut": null,
              "duration": 59513,
              "state": "passed",
              "speed": "slow",
              "pass": true,
              "fail": false,
              "pending": false,
              "context": null,
              "code": "var _this17 = this;\ncy.login(this.ast.storeAdminID, this.ast.storeAdminPassword); //Select office code here if the user have multiple office \ndashboardPage.getASTAvatar().click();\ncy.wait(3000);\nleftNavMenu.getDropDownMenu().contains('রিপোর্টস').click();\ncy.wait(1000);\nleftNavMenu.getDisposedAssetSubMenu().should('include.text', 'নিস্পত্তিকৃত সম্পদ').click();\ncy.wait(3000);\nreportsPage.getPageHeaderText().should('include.text', 'নিস্পত্তিকৃত সম্পদ');\nreportsPage.getItemCategoryField().click();\ninspectionUnassignedPage.getDropDownItem().contains(this.ast.ItemCategory).click();\ncy.wait(2000);\nreportsPage.getItemGroupField().click();\ninspectionUnassignedPage.getDropDownItem().contains(this.ast.ItemGroup).click();\ncy.wait(2000);\nreportsPage.getStoreField().click();\ninspectionUnassignedPage.getDropDownItem().contains(this.ast.storeName).click();\ncy.wait(2000);\nreportsPage.getSearchButton().should('include.text', 'অনুসন্ধান করুন').click();\ncy.wait(4000);\nreceiveGoodsPage.getCardRows().each(function ($el, index, $list) //Select the desired Tag No\n{\n  var textAssetTagNo = $el.find('td.e-rowcell[aria-label]').text();\n  if (textAssetTagNo.includes(_this17.ast.assetTagNo11)) {\n    var tagText = $el.find('td.e-rowcell[aria-label]').text();\n    expect(tagText.includes(_this17.ast.assetTagNo11)).to.be[\"true\"];\n  }\n});\ncy.wait(3000);",
              "err": {},
              "uuid": "e0094f65-d663-4602-9acf-4fddb514bc43",
              "parentUUID": "82427da5-c791-4161-a823-91bd210f7c0b",
              "isHook": false,
              "skipped": false
            }
          ],
          "suites": [],
          "passes": [
            "75992a6d-00a7-4ee5-aa55-2ae7d777d1c9",
            "1739f6b5-ad15-4ee9-b7b9-cbbf4a052a12",
            "a52eae22-8866-4f74-89d1-7495d8556703",
            "cd2308a9-d33d-4e75-9d94-2895e41f088f",
            "1e3d46f0-2933-484f-ad69-52310699fdf8",
            "0563e1bc-5a7f-4587-b013-e1337c2e8e34",
            "821e5642-5972-4bd5-8144-b92fc8a738fe",
            "fa29d3c4-3853-4a23-9525-41b001d8e8de",
            "08512f00-df8d-4063-a812-e2ee1487eda7",
            "8c5880a8-a093-424e-bc40-076e1661c335",
            "709e768e-f6cf-461e-86d3-5fec7c176882",
            "503ea9be-b58e-44e2-a95e-54379e87fadd",
            "fc1da431-cba2-4f52-b7a0-7055268a6d37",
            "a9c7f480-cda4-4991-b02b-3f9408f5bb62",
            "4b11e4e6-d2c2-4120-838b-22b1d94a03d5",
            "951db220-969e-41ff-b30d-320e09bb5ff3",
            "b0ebaf24-c8a7-46ee-87e2-21e3e5c23583",
            "7041af89-41b3-4124-93f9-f41121e72181",
            "26f73627-7b4e-4943-afa4-5a2069c9c1d5",
            "41da36fe-2a5a-4cb3-8c55-c0d3d2116afe",
            "7b3043d0-7594-45a8-9208-25cd69694219",
            "016065a9-23d1-409d-aff3-46573132eb67",
            "6d7afed4-c485-4b11-97e6-a9845d2eaac8",
            "2ecc4692-9455-43c4-9769-b62c8c5624b0",
            "43096d7f-1199-4e4d-aa9a-21163d25373a",
            "b25c828c-204d-4a52-b125-147b44b41f8d",
            "a59fcf32-ad5b-4dcf-be2c-6f4c4bb948b6",
            "7d038106-f42a-4457-a60c-92bcc95ae5b9",
            "0a9fdd43-bb99-47d0-bd4b-98f46d6954bf",
            "9c4a18f6-98fc-4e04-8a87-cc6c66730b94",
            "409c2078-ad27-4d18-b238-d0b5c9eb88d8",
            "e2851642-31c2-4e26-a694-422dae7eb65a",
            "d3e1cab7-91c8-4465-a209-3f494273303f",
            "df5c166d-9a49-422c-8331-59fecef23cde",
            "7616fdc7-3e19-4f55-9bcf-31911691b762",
            "56c17913-2c9e-4348-9777-6e974f1f9dcc",
            "b91b99d9-4d38-47d5-9aa8-fb124e607ceb",
            "fda9b134-7cef-4bc3-8024-4598a24691e8",
            "77c8ce91-fd0e-4f08-a84b-8ef32092ce93",
            "698305a7-88a0-4b8a-b5b7-af2763752637",
            "0fd13cd4-4aa4-40ab-a8e1-e7042718e8c4",
            "07af3ede-a90c-490d-b9e2-1bc89bde049b",
            "1ab8ace9-7454-4872-8488-d7e3e7a0a9fe",
            "b9b483f3-a147-4db6-b166-7d33dd65bd53",
            "3c13e36c-3617-4565-b77c-8d0e9a379051",
            "f78036c5-a49a-4b0c-a408-16f8a01cab59",
            "0d323eb2-8919-4463-8edf-21633b5621ab",
            "e0094f65-d663-4602-9acf-4fddb514bc43"
          ],
          "failures": [
            "9ceed4e0-d702-4c61-bd90-907836a7e7af",
            "54bc11e1-4d42-4b91-8cdc-1a5dc366b4ad",
            "2df763a6-a2ac-44b9-be25-4bae790264bc",
            "9988fc6c-806e-413c-838b-e4394ae08570",
            "aaa940f8-9897-4b9a-87f6-13d4649ff52e",
            "531bd0e5-1104-4d92-81a2-f2b56b692512",
            "97e16843-a473-4e59-8ccb-dae3553791bd",
            "3b8b94b5-e540-4e49-ae27-ea4a3e028ee8",
            "99b95a71-3938-4856-bc26-3458c1f304aa",
            "15b97088-9518-430b-a73d-1e72b607d0c4",
            "8ae4022b-1c4b-41db-8e84-15dfd56d9efe",
            "ff1da3c7-98d1-42b9-9bd2-ec361d5d640b",
            "16f6345f-b3d3-4fa0-9a4b-26a339e78576"
          ],
          "pending": [
            "4969e84e-b3b1-47df-a13c-adcfdce391c8",
            "e76aa173-c0cd-4b30-bec4-cde4b7c04eb6",
            "2c0e1690-39bb-4fda-9e70-cf50ea1418ca",
            "039b2f51-2430-4257-90c7-f253faa6cf05",
            "ecb64bd8-2085-4bdc-872d-1617120adbdb",
            "cf761056-1514-414f-bfd1-90430c520a98",
            "49b5728f-c5b3-432b-8ee2-e3da5a81de6a",
            "09baa566-0350-49e4-81e4-b52204aa21ca"
          ],
          "skipped": [],
          "duration": 2516796,
          "root": false,
          "rootEmpty": false,
          "_timeout": 2000
        }
      ],
      "passes": [],
      "failures": [],
      "pending": [],
      "skipped": [],
      "duration": 0,
      "root": true,
      "rootEmpty": true,
      "_timeout": 2000
    }
  ],
  "meta": {
    "mocha": {
      "version": "7.0.1"
    },
    "mochawesome": {
      "options": {
        "quiet": false,
        "reportFilename": "mochawesome",
        "saveHtml": true,
        "saveJson": true,
        "consoleReporter": "spec",
        "useInlineDiffs": false,
        "code": true
      },
      "version": "5.0.0"
    },
    "marge": {
      "options": {},
      "version": "4.1.0"
    }
  }
}