{
  "stats": {
    "suites": 1,
    "tests": 28,
    "passes": 20,
    "pending": 8,
    "failures": 0,
    "start": "2020-06-04T05:48:19.954Z",
    "end": "2020-06-04T06:11:45.067Z",
    "duration": 1405113,
    "testsRegistered": 28,
    "passPercent": 100,
    "pendingPercent": 28.57142857142857,
    "other": 0,
    "hasOther": false,
    "skipped": 0,
    "hasSkipped": false
  },
  "results": [
    {
      "uuid": "9f88ff53-8377-4519-941a-e69e12753d3a",
      "title": "",
      "fullFile": "cypress\\integration\\happyPath\\PRCFullTest.spec.js",
      "file": "cypress\\integration\\happyPath\\PRCFullTest.spec.js",
      "beforeHooks": [],
      "afterHooks": [],
      "tests": [],
      "suites": [
        {
          "uuid": "3f2b0621-5614-4b21-88b2-5d2fafcdc209",
          "title": "PRC Module Regression Test Suite",
          "fullFile": "",
          "file": "",
          "beforeHooks": [],
          "afterHooks": [],
          "tests": [
            {
              "title": "TC_01. PE: Create Requisition Declaration.",
              "fullTitle": "PRC Module Regression Test Suite TC_01. PE: Create Requisition Declaration.",
              "timedOut": null,
              "duration": 59967,
              "state": "passed",
              "speed": "slow",
              "pass": true,
              "fail": false,
              "pending": false,
              "context": null,
              "code": "cy.login(this.prc.userNamePE, this.prc.passwordPE);\ndashboardPage.getPRCAvatar().click();\ncy.wait(3000);\nleftNavMenu.getDropDownMenu().contains('এপিপি').click({\n  force: true\n});\ncy.wait(1000);\nleftNavMenu.getDeclarationAPPSubMenu().should('include.text', 'চাহিদাপত্র ঘোষণা').click();\ncy.wait(3000);\nrequisitionDeclarationPage.getRequisitionPageHeader().should('include.text', 'চাহিদাপত্র ঘোষণা');\nrequisitionDeclarationPage.getAddRequisitionButton().should('include.text', 'add').click(); //Clicks plus button\ncy.wait(3000);\nrequisitionDeclarationPage.getRequisitionPageHeader().should('include.text', 'চাহিদাপত্র ঘোষণা');\nrequisitionDeclarationPage.getFiscalYearField().should('include.text', 'অর্থবছর').click();\nrequisitionDeclarationPage.getDropDownItem().contains(this.prc.requisitionFiscalYear).click();\ncy.wait(2000);\nrequisitionDeclarationPage.getStartDateField().click(); //শুরুর তারিখ\ncy.wait(1000);\ncy.calendar(this.prc.requisitionStartYear, this.prc.requisitionStartMonth, this.prc.requisitionStartDay);\ncy.wait(1000);\nrequisitionDeclarationPage.getEndDateField().click(); //শেষ তারিখ\ncy.wait(1000);\ncy.calendar(this.prc.requisitionEndYear, this.prc.requisitionEndMonth, this.prc.requisitionEndDay);\ncy.wait(1000);\nrequisitionDeclarationPage.getDescriptionField().should('have.attr', 'placeholder', 'বিবরণ').click().type(this.prc.requisitionDescription).should('have.value', this.prc.requisitionDescription);\ncy.wait(2000);\nrequisitionDeclarationPage.getSaveAndPublishButton().should('include.text', 'সংরক্ষণ ও প্রকাশ করুন').click();\ncy.wait(2000);\nrequisitionDeclarationPage.getConfirmationPageHeader().should('include.text', 'নিশ্চিতকরণ');\nrequisitionDeclarationPage.getConfirmationPageYesButton().should('include.text', 'হ্যাঁ').click();\ncy.wait(6000);",
              "err": {},
              "uuid": "58575721-89b7-4e09-8e34-c3495a82dbec",
              "parentUUID": "3f2b0621-5614-4b21-88b2-5d2fafcdc209",
              "isHook": false,
              "skipped": false
            },
            {
              "title": "TC_02. DE(First): Demand Submission for Goods.",
              "fullTitle": "PRC Module Regression Test Suite TC_02. DE(First): Demand Submission for Goods.",
              "timedOut": null,
              "duration": 71032,
              "state": "passed",
              "speed": "slow",
              "pass": true,
              "fail": false,
              "pending": false,
              "context": null,
              "code": "var _this = this;\ncy.login(this.prc.userNameDE1, this.prc.passwordDE1);\ndashboardPage.getPRCAvatar().click();\ncy.wait(3000);\nleftNavMenu.getDropDownMenu().contains('এপিপি').click({\n  force: true\n});\ncy.wait(1000);\nleftNavMenu.getRequisitionSubmissionAPPSubMenu().should('include.text', 'চাহিদাপত্র প্রেরণ').click();\ncy.wait(3000);\ndeclarationSubmissionPage.getDeclarationSubmissionPageHeader().should('include.text', 'চাহিদাপত্র প্রেরণের জন্য ঘোষণার তালিকা');\ncy.pagination(this.prc.Pagination); //Pagination\ndeclarationSubmissionPage.getTableRow().each(function ($el, index, $list) //Clicks the desired চাহিদাপত্র \n{\n  var textDeclaration = $el.find('td.e-rowcell').text();\n  if (textDeclaration.includes(_this.prc.requisitionDescription)) {\n    $el.find('td.e-rowcell button mat-icon').click();\n  }\n});\ncy.wait(3000);\ndeclarationSubmissionPage.getDeclarationSubmissionPageHeader().should('include.text', 'চাহিদাপত্র প্রেরণের তালিকা');\ndeclarationSubmissionPage.getAddRequisitionButton().should('include.text', 'চাহিদা যোগ করুন').click();\ncy.wait(3000);\ndeclarationSubmissionPage.getDeclarationSubmissionPageHeader().should('include.text', 'চাহিদা পত্রের পরিকল্পনায় যোগ করুন');\ndeclarationSubmissionPage.getAddRequirementButton().should('include.text', 'আইটেম যোগ করুন').click();\ncy.wait(3000);\ndeclarationSubmissionPage.getAddRequirementPopupHeader().should('include.text', 'নতুন আইটেম যোগ করুন (প্রাধিকারের বাহিরে)');\ndeclarationSubmissionPage.getAddRequirementTypeField().should('have.attr', 'aria-label', 'ধরণ').click();\nrequisitionDeclarationPage.getDropDownItem().contains(this.prc.requirementTypeGoods).click();\ncy.wait(2000);\ndeclarationSubmissionPage.getAddRequirementCategoryField().should('have.attr', 'aria-label', 'ক্যাটাগরি').click();\nrequisitionDeclarationPage.getDropDownItem().contains(this.prc.requirementCategoryGoods).click();\ncy.wait(2000);\ndeclarationSubmissionPage.getAddRequirementGroupField().should('have.attr', 'aria-label', 'গ্রুপ').click();\nrequisitionDeclarationPage.getDropDownItem().contains(this.prc.requirementGroupGoods).click();\ncy.wait(2000);\ndeclarationSubmissionPage.getAddRequirementNameField().should('have.attr', 'aria-label', 'নাম ').click();\nrequisitionDeclarationPage.getDropDownItem().contains(this.prc.requirementNameGoods).click();\ncy.wait(2000);\ndeclarationSubmissionPage.getAddRequirementQuantityField().should('have.attr', 'placeholder', 'পরিমাণ').click().type(this.prc.requirementQuantityGoods).should('have.value', this.prc.requirementQuantityGoods);\ncy.wait(2000);\ndeclarationSubmissionPage.getAddRequirementRemarksField().should('have.attr', 'placeholder', 'স্পেসিফিকেশন/মন্তব্য').click().type(this.prc.requirementRemarksGoods).should('have.value', this.prc.requirementRemarksGoods);\ncy.wait(2000);\ndeclarationSubmissionPage.getAddRequirementEstimatedCostField().should('have.attr', 'placeholder', 'আনুমানিক খরচ').click().type(this.prc.requirementEstimatedCostGoods).should('have.value', this.prc.requirementEstimatedCostGoods);\ncy.wait(2000);\ndeclarationSubmissionPage.getAddRequirementSaveField().should('include.text', 'সংরক্ষণ করুন').click();\ncy.wait(2000); //the locator same as চাহিদাপত্র page, So re-use it here\nrequisitionDeclarationPage.getSaveAndPublishButton().should('include.text', 'সংরক্ষন ও প্রেরণ করুন').click();\ncy.wait(2000);\nrequisitionDeclarationPage.getConfirmationPageHeader().should('include.text', 'নিশ্চিতকরণ');\nrequisitionDeclarationPage.getConfirmationPageYesButton().should('include.text', 'হ্যাঁ').click();\ncy.wait(6000);\nrequisitionDeclarationPage.getRequisitionPageHeader().should('include.text', 'চাহিদাপত্র প্রেরণের তালিকা');\nrequisitionDeclarationPage.getBackButton().should('include.text', 'পূর্বে').click();\ncy.wait(5000);",
              "err": {},
              "uuid": "e4549863-1a9a-45da-a858-28b252b815fc",
              "parentUUID": "3f2b0621-5614-4b21-88b2-5d2fafcdc209",
              "isHook": false,
              "skipped": false
            },
            {
              "title": "TC_03. DE-2: Demand Submission as a DE-2 for Service",
              "fullTitle": "PRC Module Regression Test Suite TC_03. DE-2: Demand Submission as a DE-2 for Service",
              "timedOut": null,
              "duration": 0,
              "state": "pending",
              "speed": null,
              "pass": false,
              "fail": false,
              "pending": true,
              "context": null,
              "code": "",
              "err": {},
              "uuid": "2278ed2d-5aba-43e9-99f4-f7eb2c672090",
              "parentUUID": "3f2b0621-5614-4b21-88b2-5d2fafcdc209",
              "isHook": false,
              "skipped": false
            },
            {
              "title": "TC_04. PE: Notifies DEs who have not submitted the requisition",
              "fullTitle": "PRC Module Regression Test Suite TC_04. PE: Notifies DEs who have not submitted the requisition",
              "timedOut": null,
              "duration": 42231,
              "state": "passed",
              "speed": "slow",
              "pass": true,
              "fail": false,
              "pending": false,
              "context": null,
              "code": "var _this3 = this;\ncy.login(this.prc.userNamePE, this.prc.passwordPE);\ndashboardPage.getPRCAvatar().click();\ncy.wait(3000);\nleftNavMenu.getDropDownMenu().contains('এপিপি').click({\n  force: true\n});\ncy.wait(1000);\nleftNavMenu.getDeclarationAPPSubMenu().should('include.text', 'চাহিদাপত্র ঘোষণা').click();\ncy.wait(3000);\nrequisitionDeclarationPage.getRequisitionPageHeader().should('include.text', 'চাহিদাপত্র ঘোষণা');\nrequisitionDeclarationPage.getFiscalYearField().should('include.text', 'অর্থবছর').click();\nrequisitionDeclarationPage.getDropDownItem().contains(this.prc.requisitionFiscalYear).click();\ncy.wait(3000);\ncy.pagination(this.prc.Pagination); //Pagination\ndeclarationSubmissionPage.getTableRow().each(function ($el, index, $list) //Clicks the desired চাহিদাপত্র ঘোষণা\n{\n  var textDeclaration = $el.find('td.e-rowcell').text();\n  if (textDeclaration.includes(_this3.prc.requisitionDescription)) {\n    $el.find('td.e-rowcell button mat-icon').click();\n  }\n});\ncy.wait(3000);\nrequisitionDeclarationPage.getNotifyHeader().should('include.text', 'পুনরায় অবহিত করার জন্য কর্মকর্তাদের তালিকা');\nrequisitionDeclarationPage.getSubmittedHeader().should('include.text', 'চাহিদা পত্র জমাদানকারী কর্মকর্তাদের তালিকা');\nrequisitionDeclarationPage.getNotifyAllCheckBox().click();\ncy.wait(1500);\nrequisitionDeclarationPage.getNotifyButton().should('include.text', 'অবহিত করুন').click();\ncy.wait(7000);",
              "err": {},
              "uuid": "e6bc6ba9-475b-44b8-a63f-0a87baa7e18b",
              "parentUUID": "3f2b0621-5614-4b21-88b2-5d2fafcdc209",
              "isHook": false,
              "skipped": false
            },
            {
              "title": "TC_05. PE: Extend Date of Requisition Declaration",
              "fullTitle": "PRC Module Regression Test Suite TC_05. PE: Extend Date of Requisition Declaration",
              "timedOut": null,
              "duration": 54517,
              "state": "passed",
              "speed": "slow",
              "pass": true,
              "fail": false,
              "pending": false,
              "context": null,
              "code": "var _this4 = this;\ncy.login(this.prc.userNamePE, this.prc.passwordPE);\ndashboardPage.getPRCAvatar().click();\ncy.wait(3000);\nleftNavMenu.getDropDownMenu().contains('এপিপি').click({\n  force: true\n});\ncy.wait(1000);\nleftNavMenu.getDeclarationAPPSubMenu().should('include.text', 'চাহিদাপত্র ঘোষণা').click();\ncy.wait(3000);\nrequisitionDeclarationPage.getRequisitionPageHeader().should('include.text', 'চাহিদাপত্র ঘোষণা');\nrequisitionDeclarationPage.getFiscalYearField().should('include.text', 'অর্থবছর').click();\nrequisitionDeclarationPage.getDropDownItem().contains(this.prc.requisitionFiscalYear).click();\ncy.wait(3000);\ncy.pagination(this.prc.Pagination); //Pagination\ndeclarationSubmissionPage.getTableRow().each(function ($el, index, $list) //Clicks the desired চাহিদাপত্র ঘোষণা\n{\n  var textDeclaration = $el.find('td.e-rowcell').text();\n  if (textDeclaration.includes(_this4.prc.requisitionDescription)) {\n    $el.find('td.e-rowcell button .fa-expand').click();\n  }\n});\ncy.wait(3000);\nrequisitionDeclarationPage.getRequisitionPageHeader().should('include.text', 'চাহিদাপত্র ঘোষণা হালনাগাদ করুন');\nrequisitionDeclarationPage.getEndDateField().click();\ncy.wait(1000);\ncy.calendar(this.prc.requisitionEndYear, this.prc.requisitionEndMonth, this.prc.requisitionExtendEndDay);\ncy.wait(1000);\nrequisitionDeclarationPage.getDescriptionField().type('{del}{selectall}{backspace}').type(this.prc.requisitionExtendDescription).should('have.value', this.prc.requisitionExtendDescription);\ncy.wait(2000);\nrequisitionDeclarationPage.getExtendEndSaveAndPublishButton().should('include.text', 'সংরক্ষণ ও প্রকাশ করুন').click();\ncy.wait(2000);\nrequisitionDeclarationPage.getConfirmationPageHeader().should('include.text', 'নিশ্চিতকরণ');\nrequisitionDeclarationPage.getConfirmationPageYesButton().should('include.text', 'হ্যাঁ').click();\ncy.wait(6000);",
              "err": {},
              "uuid": "a4a2ea7f-ee63-4822-bbae-603f1f76d637",
              "parentUUID": "3f2b0621-5614-4b21-88b2-5d2fafcdc209",
              "isHook": false,
              "skipped": false
            },
            {
              "title": "TC_06. pe: Close the Requisition Declaration",
              "fullTitle": "PRC Module Regression Test Suite TC_06. pe: Close the Requisition Declaration",
              "timedOut": null,
              "duration": 39498,
              "state": "passed",
              "speed": "slow",
              "pass": true,
              "fail": false,
              "pending": false,
              "context": null,
              "code": "var _this5 = this;\ncy.login(this.prc.userNamePE, this.prc.passwordPE);\ndashboardPage.getPRCAvatar().click();\ncy.wait(3000);\nleftNavMenu.getDropDownMenu().contains('এপিপি').click({\n  force: true\n});\ncy.wait(1000);\nleftNavMenu.getDeclarationAPPSubMenu().should('include.text', 'চাহিদাপত্র ঘোষণা').click();\ncy.wait(3000);\nrequisitionDeclarationPage.getRequisitionPageHeader().should('include.text', 'চাহিদাপত্র ঘোষণা');\nrequisitionDeclarationPage.getFiscalYearField().should('include.text', 'অর্থবছর').click();\nrequisitionDeclarationPage.getDropDownItem().contains(this.prc.requisitionFiscalYear).click();\ncy.wait(3000);\ncy.pagination(this.prc.Pagination); //Pagination\ndeclarationSubmissionPage.getTableRow().each(function ($el, index, $list) //Clicks the desired চাহিদাপত্র ঘোষণা\n{\n  var textDeclaration = $el.find('td.e-rowcell').text();\n  if (textDeclaration.includes(_this5.prc.requisitionExtendDescription)) {\n    $el.find('td.e-rowcell button .fa-lock').click();\n  }\n});\ncy.wait(3000);\nrequisitionDeclarationPage.getConfirmationPageHeader().should('include.text', 'নিশ্চিতকরণ');\nrequisitionDeclarationPage.getConfirmationPageYesButton().should('include.text', 'হ্যাঁ').click();\ncy.wait(7000);",
              "err": {},
              "uuid": "3a66918d-87f4-45ec-b48c-78a9faa90fab",
              "parentUUID": "3f2b0621-5614-4b21-88b2-5d2fafcdc209",
              "isHook": false,
              "skipped": false
            },
            {
              "title": "TC_07. PE: Consolidate Requisitions",
              "fullTitle": "PRC Module Regression Test Suite TC_07. PE: Consolidate Requisitions",
              "timedOut": null,
              "duration": 77306,
              "state": "passed",
              "speed": "slow",
              "pass": true,
              "fail": false,
              "pending": false,
              "context": null,
              "code": "var _this6 = this;\ncy.login(this.prc.userNamePE, this.prc.passwordPE);\ndashboardPage.getPRCAvatar().click();\ncy.wait(3000);\nleftNavMenu.getDropDownMenu().contains('এপিপি').click({\n  force: true\n});\ncy.wait(1000);\nleftNavMenu.getDeclarationAPPSubMenu().should('include.text', 'চাহিদাপত্র ঘোষণা').click();\ncy.wait(3000);\nrequisitionDeclarationPage.getRequisitionPageHeader().should('include.text', 'চাহিদাপত্র ঘোষণা');\nrequisitionDeclarationPage.getFiscalYearField().should('include.text', 'অর্থবছর').click();\nrequisitionDeclarationPage.getDropDownItem().contains(this.prc.requisitionFiscalYear).click();\ncy.wait(3000);\ncy.pagination(this.prc.Pagination); //Pagination\ndeclarationSubmissionPage.getTableRow().each(function ($el, index, $list) //Clicks the desired চাহিদাপত্র ঘোষণা\n{\n  var textDeclaration = $el.find('td.e-rowcell').text();\n  if (textDeclaration.includes(_this6.prc.requisitionExtendDescription)) {\n    $el.find('td.e-rowcell button mat-icon').click();\n  }\n});\ncy.wait(3000);\nrequisitionDeclarationPage.getRequisitionPageHeader().should('include.text', 'চাহিদাপত্র একত্রীকরণ তালিকা');\nrequisitionDeclarationPage.getPreviewSummaryReportButton().click();\ncy.wait(7000);\nrequisitionDeclarationPage.getPreviewSummaryReportClose().click();\ncy.wait(2000);\nrequisitionDeclarationPage.getConsolidateRequisitionsIcon().click();\ncy.wait(3000);\nrequisitionDeclarationPage.getRequisitionPageHeader().should('include.text', 'চাহিদাপত্র সংকলন তালিকা একীকরণ');\nrequisitionDeclarationPage.getPreviewOfReportButton().should('include.text', 'রিপোর্ট এর বিস্তারিত দেখুন').click();\ncy.wait(7000);\nrequisitionDeclarationPage.getPreviewSummaryReportClose().click();\ncy.wait(2000);\n/*\n    declarationSubmissionPage.getTableRow().each(($el, index, $list) =>     //Expanded the desired ক্যাটাগরি\n    {\n        const textDeclaration=$el.find('td.e-rowcell').text()\n        if(textDeclaration.includes(this.prc.requirementCategoryGoods))\n        {\n            $el.find('td.e-detailrowcollapse').click()\n        }\n    })\n    cy.wait(3000)\n    declarationSubmissionPage.getTableRow().each(($el, index, $list) =>     //Expanded the desired পণ্যের গ্রুপ\n    {\n        const textDeclaration=$el.find('td.e-rowcell[aria-label]').text()\n        if(textDeclaration.includes(this.prc.requirementGroupGoods))\n        {\n            $el.find('td.e-detailrowcollapse').click()\n        }\n    })\n    cy.wait(3000)\n    requisitionDeclarationPage.getEstimatedCostInputField().dblclick()\n    cy.wait(3000)\n    requisitionDeclarationPage.getEnterEstimatedCostInInputField().click().type(this.prc.requirementEstimatedCostGoods)\n    cy.wait(2000)\n*/\nrequisitionDeclarationPage.getEnterRemarksInInputField().click().type(this.prc.requirementRemarksGoods);\ncy.wait(2000); //requisitionDeclarationPage.getDemandSaveIcon().click()\n//cy.wait(3000)\nrequisitionDeclarationPage.getSaveAndPublishButton().should('include.text', 'দাখিল করুন').click();\ncy.wait(2000);\nrequisitionDeclarationPage.getConfirmationPageHeader().should('include.text', 'নিশ্চিতকরণ');\nrequisitionDeclarationPage.getConfirmationPageYesButton().should('include.text', 'হ্যাঁ').click();\ncy.wait(5000);\nrequisitionDeclarationPage.getRequisitionPageHeader().should('include.text', 'চাহিদাপত্র একত্রীকরণ তালিকা');\ncy.wait(7000);",
              "err": {},
              "uuid": "ec0cee8a-c20b-4be5-ba0f-20043f614f75",
              "parentUUID": "3f2b0621-5614-4b21-88b2-5d2fafcdc209",
              "isHook": false,
              "skipped": false
            },
            {
              "title": "TC_08. PE: Create APP (Works)",
              "fullTitle": "PRC Module Regression Test Suite TC_08. PE: Create APP (Works)",
              "timedOut": null,
              "duration": 38643,
              "state": "passed",
              "speed": "slow",
              "pass": true,
              "fail": false,
              "pending": false,
              "context": null,
              "code": "cy.login(this.prc.userNamePE, this.prc.passwordPE);\ndashboardPage.getPRCAvatar().click();\ncy.wait(3000);\nleftNavMenu.getDropDownMenu().contains('এপিপি').click({\n  force: true\n});\ncy.wait(1000);\nleftNavMenu.getPreparationAPPSubMenu().should('include.text', 'প্রস্তুত করুন').click();\ncy.wait(3000);\nrequisitionDeclarationPage.getRequisitionPageHeader().should('include.text', 'বার্ষিক প্রকিউরমেন্ট প্ল্যানের তালিকা');\naPPPreparationPage.getCreateNewAPPButton().should('include.text', 'add').click();\ncy.wait(3000);\nrequisitionDeclarationPage.getRequisitionPageHeader().should('include.text', 'নতুন বার্ষিক প্রকিউরমেন্ট প্ল্যান তৈরি করুন');\naPPPreparationPage.getProcurementNatureField().click();\nrequisitionDeclarationPage.getDropDownItem().contains(this.prc.procurementNatureWorks).click();\ncy.wait(1500);\naPPPreparationPage.getBudgetTypeField().click();\nrequisitionDeclarationPage.getDropDownItem().contains(this.prc.budgetTypeDevelopment).click();\ncy.wait(1500);\naPPPreparationPage.getFiscalYearField().click();\nrequisitionDeclarationPage.getDropDownItem().contains(this.prc.aPPFiscalYear).click();\ncy.wait(1500);\naPPPreparationPage.getAPPCodeField().should('have.attr', 'placeholder', 'এপিপি কোড').click().type(this.prc.aPPCodeWorks).should('have.value', this.prc.aPPCodeWorks);\ncy.wait(1500);\naPPPreparationPage.getSaveButton().should('include.text', 'সংরক্ষণ করুন').click();\ncy.wait(7000);",
              "err": {},
              "uuid": "647025db-e860-4a63-9ac0-6913e3e01cda",
              "parentUUID": "3f2b0621-5614-4b21-88b2-5d2fafcdc209",
              "isHook": false,
              "skipped": false
            },
            {
              "title": "TC_09. PE: Create APP (Goods)",
              "fullTitle": "PRC Module Regression Test Suite TC_09. PE: Create APP (Goods)",
              "timedOut": null,
              "duration": 0,
              "state": "pending",
              "speed": null,
              "pass": false,
              "fail": false,
              "pending": true,
              "context": null,
              "code": "",
              "err": {},
              "uuid": "f31eebea-0bec-4705-ad2d-bbb36d7f4709",
              "parentUUID": "3f2b0621-5614-4b21-88b2-5d2fafcdc209",
              "isHook": false,
              "skipped": false
            },
            {
              "title": "TC_10. PE: Add packages to an APP (Works)",
              "fullTitle": "PRC Module Regression Test Suite TC_10. PE: Add packages to an APP (Works)",
              "timedOut": null,
              "duration": 111339,
              "state": "passed",
              "speed": "slow",
              "pass": true,
              "fail": false,
              "pending": false,
              "context": null,
              "code": "var _this7 = this;\ncy.login(this.prc.userNamePE, this.prc.passwordPE);\ndashboardPage.getPRCAvatar().click();\ncy.wait(3000);\nleftNavMenu.getDropDownMenu().contains('এপিপি').click({\n  force: true\n});\ncy.wait(1000);\nleftNavMenu.getPreparationAPPSubMenu().should('include.text', 'প্রস্তুত করুন').click();\ncy.wait(3000);\nrequisitionDeclarationPage.getRequisitionPageHeader().should('include.text', 'বার্ষিক প্রকিউরমেন্ট প্ল্যানের তালিকা');\nrequisitionDeclarationPage.getFiscalYearField().click(); //অর্থবছর\nrequisitionDeclarationPage.getDropDownItem().contains(this.prc.aPPFiscalYear).click();\ncy.wait(3000);\ncy.pagination(this.prc.Pagination); //Pagination \ndeclarationSubmissionPage.getTableRow().each(function ($el, index, $list) //Select the desired APP for package Add\n{\n  var textAPPCode = $el.find('td.e-rowcell[aria-label]').text();\n  if (textAPPCode.includes(_this7.prc.aPPCodeWorks)) {\n    $el.find('td button mat-icon:eq(0)').click();\n  }\n});\ncy.wait(3500);\nrequisitionDeclarationPage.getNotifyHeader().should('include.text', 'বার্ষিক প্রকিউরমেন্ট প্ল্যানের (এপিপি) তথ্য');\nrequisitionDeclarationPage.getSubmittedHeader().should('include.text', 'প্যাকেজ যোগ করুন'); //aPPPackagePage.getAddRequirementButton().should('include.text', 'চাহিদা যোগ করুন').click()\n//cy.wait(3000)\naPPPackagePage.getPackageDescriptionField().should('have.attr', 'placeholder', 'প্যাকেজের বর্ণনা').click().type(this.prc.PackageDescription).should('have.value', this.prc.PackageDescription);\ncy.wait(2000);\naPPPackagePage.getPackageNoField().should('have.attr', 'placeholder', 'প্যাকেজ নং').click().type(this.prc.PackageNoWorks).should('have.value', this.prc.PackageNoWorks);\ncy.wait(2000);\naPPPackagePage.getPackageTypeField().should('have.class', 'mat-select').click();\nrequisitionDeclarationPage.getDropDownItem().contains(this.prc.PackageType).click();\ncy.wait(2000);\naPPPackagePage.getPackageQuantityField().should('have.attr', 'placeholder', 'পরিমাণ').click().type(this.prc.PackageQuantity).should('have.value', this.prc.PackageQuantity);\ncy.wait(2000);\naPPPackagePage.getPackageUnitField().should('have.class', 'mat-select').click();\nrequisitionDeclarationPage.getDropDownItem().contains(this.prc.PackageUnit).click();\ncy.wait(2000);\naPPPackagePage.getPackageEstimatedCostField().should('have.attr', 'placeholder', 'প্যাকেজের আনুমানিক খরচ').click().type(this.prc.PackageEstimatedCost).should('have.value', this.prc.PackageEstimatedCost);\ncy.wait(2000);\naPPPackagePage.getApprovingAuthorityField().should('have.class', 'mat-select').click();\nrequisitionDeclarationPage.getDropDownItem().contains(this.prc.ApprovingAuthority).click();\ncy.wait(2000);\naPPPackagePage.getProcurementTypeField().should('have.class', 'mat-select').click();\nrequisitionDeclarationPage.getDropDownItem().contains(this.prc.ProcurementType).click();\ncy.wait(2000);\naPPPackagePage.getProcurementMethodField().should('have.class', 'mat-select').click();\nrequisitionDeclarationPage.getDropDownItem().contains(this.prc.ProcurementMethod).click({\n  force: true\n});\ncy.wait(2000);\naPPPackagePage.getExpectedDateOfTenderAdvertisementField().click();\ncy.wait(1000);\ncy.calendar(this.prc.ProcurementYear, this.prc.ProcurementMonth, this.prc.ProcurementDay);\ncy.wait(1000);\naPPPackagePage.getDaysOfTenderSubmissionField().should('have.attr', 'placeholder', 'দরপত্র জমা দেওয়ার দিন').type('{del}{selectall}{backspace}').type(this.prc.DaysOfTenderSubmission).should('have.value', this.prc.DaysOfTenderSubmission);\ncy.wait(2000);\naPPPackagePage.getDaysOfTenderOpeningField().should('have.attr', 'placeholder', 'দরপত্র খোলার দিন').type('{del}{selectall}{backspace}').type(this.prc.DaysOfTenderOpening).should('have.value', this.prc.DaysOfTenderOpening);\ncy.wait(2000);\naPPPackagePage.getDaysOfTenderEvaluationField().should('have.attr', 'placeholder', 'দরপত্র মূল্যায়নের দিন').type('{del}{selectall}{backspace}').type(this.prc.DaysOfTenderEvaluation).should('have.value', this.prc.DaysOfTenderEvaluation);\ncy.wait(2000);\naPPPackagePage.getDaysOfApprovalForAwardOfContractField().should('have.attr', 'placeholder', 'চুক্তির পুরষ্কারের অনুমোদনের দিন').type('{del}{selectall}{backspace}').type(this.prc.DaysOfApprovalForAwardOfContract).should('have.value', this.prc.DaysOfApprovalForAwardOfContract);\ncy.wait(2000);\naPPPackagePage.getDaysOfTenderNOAField().should('have.attr', 'placeholder', 'এন.ও.এ দরপত্র ঘোষণার প্রত্যাশিত দিন').type('{del}{selectall}{backspace}').type(this.prc.DaysOfTenderNOAF).should('have.value', this.prc.DaysOfTenderNOAF);\ncy.wait(2000);\naPPPackagePage.getDaysOfSigningOfContractField().should('have.attr', 'placeholder', 'চুক্তি স্বাক্ষরের দিন').type('{del}{selectall}{backspace}').type(this.prc.DaysOfSigningOfContract).should('have.value', this.prc.DaysOfSigningOfContract);\ncy.wait(2000);\naPPPackagePage.getDaysOfCompletionOfContractField().should('have.attr', 'placeholder', 'চুক্তি সমাপ্তির দিন').type('{del}{selectall}{backspace}').type(this.prc.CompletionDayOfContract).should('have.value', this.prc.CompletionDayOfContract);\ncy.wait(3000);\naPPPackagePage.getRemarksField().should('have.attr', 'placeholder', 'মন্তব্য').click().type(this.prc.PackageRemark).should('have.value', this.prc.PackageRemark);\ncy.wait(2000);\naPPPreparationPage.getSaveButton().should('include.text', 'সংরক্ষণ করুন').click();\ncy.wait(2000);\nrequisitionDeclarationPage.getConfirmationPageHeader().should('include.text', 'নিশ্চিতকরণ');\nrequisitionDeclarationPage.getConfirmationPageYesButton().should('include.text', 'হ্যাঁ').click();\ncy.wait(7000);",
              "err": {},
              "uuid": "48ddfe29-2bf1-402d-b562-01e0fbccf79a",
              "parentUUID": "3f2b0621-5614-4b21-88b2-5d2fafcdc209",
              "isHook": false,
              "skipped": false
            },
            {
              "title": "TC_11. PE: Add packages to an APP (Goods)",
              "fullTitle": "PRC Module Regression Test Suite TC_11. PE: Add packages to an APP (Goods)",
              "timedOut": null,
              "duration": 0,
              "state": "pending",
              "speed": null,
              "pass": false,
              "fail": false,
              "pending": true,
              "context": null,
              "code": "",
              "err": {},
              "uuid": "ac032f73-ae3b-4d78-a6c7-182dac0a9567",
              "parentUUID": "3f2b0621-5614-4b21-88b2-5d2fafcdc209",
              "isHook": false,
              "skipped": false
            },
            {
              "title": "TC_12. PE: Create Lot to a Package for APP (Works)",
              "fullTitle": "PRC Module Regression Test Suite TC_12. PE: Create Lot to a Package for APP (Works)",
              "timedOut": null,
              "duration": 130737,
              "state": "passed",
              "speed": "slow",
              "pass": true,
              "fail": false,
              "pending": false,
              "context": null,
              "code": "var _this9 = this;\ncy.login(this.prc.userNamePE, this.prc.passwordPE);\ndashboardPage.getPRCAvatar().click();\ncy.wait(3000);\nleftNavMenu.getDropDownMenu().contains('এপিপি').click({\n  force: true\n});\ncy.wait(1000);\nleftNavMenu.getPreparationAPPSubMenu().should('include.text', 'প্রস্তুত করুন').click();\ncy.wait(3000);\nrequisitionDeclarationPage.getRequisitionPageHeader().should('include.text', 'বার্ষিক প্রকিউরমেন্ট প্ল্যানের তালিকা');\nrequisitionDeclarationPage.getFiscalYearField().click(); //অর্থবছর\nrequisitionDeclarationPage.getDropDownItem().contains(this.prc.aPPFiscalYear).click();\ncy.wait(3000);\ncy.pagination(this.prc.Pagination); //Pagination\ndeclarationSubmissionPage.getTableRow().each(function ($el, index, $list) //Select the desired APP for package Add\n{\n  var textAPPCode = $el.find('td.e-rowcell[aria-label]').text();\n  if (textAPPCode.includes(_this9.prc.aPPCodeWorks)) {\n    $el.find('td button mat-icon:eq(1)').click();\n  }\n});\ncy.wait(3500);\nrequisitionDeclarationPage.getNotifyHeader().should('include.text', 'বার্ষিক প্রকিউরমেন্ট প্ল্যান');\naPPPackagePage.getSearchHereButton().should('include.text', 'অনুসন্ধান করুন').click();\ncy.wait(3000);\naPPPackagePage.getSearchHereButton().should('include.text', 'অনুসন্ধান করুন').click();\ncy.wait(2500);\ndeclarationSubmissionPage.getTableRow().each(function ($el, index, $list) //Select the desired প্যাকেজ নং for package for Add Lot\n{\n  var textPackageNo = $el.find('td.e-rowcell[aria-label]').text();\n  if (textPackageNo.includes(_this9.prc.PackageNoWorks)) {\n    $el.find('td button .fa-plus').click();\n  }\n});\ncy.wait(4000);\nrequisitionDeclarationPage.getNotifyHeader().should('include.text', 'বার্ষিক প্রকিউরমেন্ট প্ল্যানের (এপিপি) তথ্য');\nrequisitionDeclarationPage.getSubmittedHeader().should('include.text', 'লট যোগ করুন'); //Locator almost same as Packages page, So re-use it here.\naPPPackagePage.getPackageDescriptionField().should('have.attr', 'placeholder', 'লটের বিবরন').click().type(this.prc.LotDescription).should('have.value', this.prc.LotDescription);\ncy.wait(2000);\naPPPackagePage.getPackageNoField().should('have.attr', 'placeholder', 'লট নং').click().type(this.prc.LotNoWorks).should('have.value', this.prc.LotNoWorks);\ncy.wait(2000);\naPPPackagePage.getPackageTypeField().should('have.class', 'mat-select').click();\nrequisitionDeclarationPage.getDropDownItem().contains(this.prc.PackageType).click();\ncy.wait(2000);\naPPPackagePage.getPackageQuantityField().should('have.attr', 'placeholder', 'পরিমাণ').click().type(this.prc.PackageQuantity).should('have.value', this.prc.PackageQuantity);\ncy.wait(2000);\naPPPackagePage.getPackageUnitField().should('have.class', 'mat-select').click();\nrequisitionDeclarationPage.getDropDownItem().contains(this.prc.PackageUnit).click();\ncy.wait(2000);\naPPPackagePage.getPackageEstimatedCostField().should('have.attr', 'placeholder', 'প্যাকেজের আনুমানিক খরচ').click().type(this.prc.LotEstimatedCost).should('have.value', this.prc.LotEstimatedCost);\ncy.wait(2000);\naPPPackagePage.getApprovingAuthorityField().should('have.class', 'mat-select').click();\nrequisitionDeclarationPage.getDropDownItem().contains(this.prc.ApprovingAuthority).click();\ncy.wait(2000);\naPPPackagePage.getProcurementTypeField().should('have.class', 'mat-select').click();\nrequisitionDeclarationPage.getDropDownItem().contains(this.prc.ProcurementType).click();\ncy.wait(2000);\naPPPackagePage.getProcurementMethodField().should('have.class', 'mat-select').click();\nrequisitionDeclarationPage.getDropDownItem().contains(this.prc.ProcurementMethod).click({\n  force: true\n});\ncy.wait(2000);\naPPPackagePage.getExpectedDateOfTenderAdvertisementField().click();\ncy.wait(1000);\ncy.calendar(this.prc.ProcurementYear, this.prc.ProcurementMonth, this.prc.ProcurementDay); //তারিখ\ncy.wait(1000);\naPPPackagePage.getDaysOfTenderSubmissionField().should('have.attr', 'placeholder', 'দরপত্র জমা দেওয়ার দিন').type('{del}{selectall}{backspace}').type(this.prc.DaysOfTenderSubmission).should('have.value', this.prc.DaysOfTenderSubmission);\ncy.wait(2000);\naPPPackagePage.getDaysOfTenderOpeningField().should('have.attr', 'placeholder', 'দরপত্র খোলার দিন').type('{del}{selectall}{backspace}').type(this.prc.DaysOfTenderOpening).should('have.value', this.prc.DaysOfTenderOpening);\ncy.wait(2000);\naPPPackagePage.getDaysOfTenderEvaluationField().should('have.attr', 'placeholder', 'দরপত্র মূল্যায়নের দিন').type('{del}{selectall}{backspace}').type(this.prc.DaysOfTenderEvaluation).should('have.value', this.prc.DaysOfTenderEvaluation);\ncy.wait(2000);\naPPPackagePage.getDaysOfApprovalForAwardOfContractField().should('have.attr', 'placeholder', 'চুক্তির পুরষ্কারের অনুমোদনের দিন').type('{del}{selectall}{backspace}').type(this.prc.DaysOfApprovalForAwardOfContract).should('have.value', this.prc.DaysOfApprovalForAwardOfContract);\ncy.wait(2000);\naPPPackagePage.getDaysOfTenderNOAField().should('have.attr', 'placeholder', 'এন.ও.এ দরপত্র ঘোষণার প্রত্যাশিত দিন').type('{del}{selectall}{backspace}').type(this.prc.DaysOfTenderNOAF).should('have.value', this.prc.DaysOfTenderNOAF);\ncy.wait(2000);\naPPPackagePage.getDaysOfSigningOfContractField().should('have.attr', 'placeholder', 'চুক্তি স্বাক্ষরের দিন').type('{del}{selectall}{backspace}').type(this.prc.DaysOfSigningOfContract).should('have.value', this.prc.DaysOfSigningOfContract);\ncy.wait(2000);\naPPPackagePage.getDaysOfCompletionOfContractField().should('have.attr', 'placeholder', 'চুক্তি সমাপ্তির দিন').type('{del}{selectall}{backspace}').type(this.prc.CompletionDayOfContract).should('have.value', this.prc.CompletionDayOfContract);\ncy.wait(3000);\naPPPackagePage.getRemarksField().should('have.attr', 'placeholder', 'মন্তব্য').click().type(this.prc.LotRemarks).should('have.value', this.prc.LotRemarks);\ncy.wait(2000);\naPPPreparationPage.getSaveButton().should('include.text', 'সংরক্ষণ করুন').click();\ncy.wait(2000);\nrequisitionDeclarationPage.getConfirmationPageHeader().should('include.text', 'নিশ্চিতকরণ');\nrequisitionDeclarationPage.getConfirmationPageYesButton().should('include.text', 'হ্যাঁ').click();\ncy.wait(7000);",
              "err": {},
              "uuid": "f24c325f-41b9-4c5b-ac7c-9b179a6a5bce",
              "parentUUID": "3f2b0621-5614-4b21-88b2-5d2fafcdc209",
              "isHook": false,
              "skipped": false
            },
            {
              "title": "TC_13. PE: Create Lot to a Package for APP (Goods)",
              "fullTitle": "PRC Module Regression Test Suite TC_13. PE: Create Lot to a Package for APP (Goods)",
              "timedOut": null,
              "duration": 0,
              "state": "pending",
              "speed": null,
              "pass": false,
              "fail": false,
              "pending": true,
              "context": null,
              "code": "",
              "err": {},
              "uuid": "d775cae2-9112-49b2-aaea-d0413ef1cac6",
              "parentUUID": "3f2b0621-5614-4b21-88b2-5d2fafcdc209",
              "isHook": false,
              "skipped": false
            },
            {
              "title": "TC_14. PE: Amendment the all package and lot using Economic code",
              "fullTitle": "PRC Module Regression Test Suite TC_14. PE: Amendment the all package and lot using Economic code",
              "timedOut": null,
              "duration": 56626,
              "state": "passed",
              "speed": "slow",
              "pass": true,
              "fail": false,
              "pending": false,
              "context": null,
              "code": "var _this11 = this;\ncy.login(this.prc.userNamePE, this.prc.passwordPE);\ndashboardPage.getPRCAvatar().click();\ncy.wait(3000);\nleftNavMenu.getDropDownMenu().contains('এপিপি').click({\n  force: true\n});\ncy.wait(1000);\nleftNavMenu.getPreparationAPPSubMenu().should('include.text', 'প্রস্তুত করুন').click();\ncy.wait(3000);\nrequisitionDeclarationPage.getRequisitionPageHeader().should('include.text', 'বার্ষিক প্রকিউরমেন্ট প্ল্যানের তালিকা');\nrequisitionDeclarationPage.getFiscalYearField().click(); //অর্থবছর\nrequisitionDeclarationPage.getDropDownItem().contains(this.prc.aPPFiscalYear).click();\ncy.wait(3000);\ncy.pagination(this.prc.Pagination); //Pagination\ndeclarationSubmissionPage.getTableRow().each(function ($el, index, $list) //Select the desired APP for View APP Details\n{\n  var textAPPCode = $el.find('td.e-rowcell[aria-label]').text();\n  if (textAPPCode.includes(_this11.prc.aPPCodeWorks)) {\n    $el.find('td button mat-icon:eq(1)').click();\n  }\n});\ncy.wait(5000);\nrequisitionDeclarationPage.getNotifyHeader().should('include.text', 'বার্ষিক প্রকিউরমেন্ট প্ল্যান');\ndeclarationSubmissionPage.getTableRow().each(function ($el, index, $list) //Select the desired package for Amendment\n{\n  var textLotNo = $el.find('td.e-rowcell[aria-label]').text();\n  if (textLotNo.includes(_this11.prc.LotNoWorks)) //it will package not not added Lot no\n    {\n      $el.find('td button mat-icon:eq(1)').click();\n    }\n});\ncy.wait(4000);\namendmentAPPPage.getAmendmentPageHeader().should('include.text', 'প্যাকেজের বর্ণনা');\namendmentAPPPage.getAddEconomicCodeButton().click();\ncy.wait(2000);\namendmentAPPPage.getAdSaveButton().should('include.text', 'সংরক্ষণ করুন').click();\ncy.wait(3000); //Second Lot \ndeclarationSubmissionPage.getTableRow().each(function ($el, index, $list) //Select the desired package for Amendment\n{\n  var textLotNo = $el.find('td.e-rowcell[aria-label]').text();\n  if (textLotNo.includes(_this11.prc.PackageDescription)) //it will package not not added Lot no\n    {\n      $el.find('td button mat-icon:eq(1)').click();\n    }\n});\ncy.wait(4000);\namendmentAPPPage.getAmendmentPageHeader().should('include.text', 'প্যাকেজের বর্ণনা');\namendmentAPPPage.getAddEconomicCodeButton().click();\ncy.wait(2000);\namendmentAPPPage.getAdSaveButton().should('include.text', 'সংরক্ষণ করুন').click();\ncy.wait(2000);",
              "err": {},
              "uuid": "7f569551-603c-4ac9-bee5-93b6b7afbc22",
              "parentUUID": "3f2b0621-5614-4b21-88b2-5d2fafcdc209",
              "isHook": false,
              "skipped": false
            },
            {
              "title": "TC_15. PE: Send APP (Works) to HOPE for Approval",
              "fullTitle": "PRC Module Regression Test Suite TC_15. PE: Send APP (Works) to HOPE for Approval",
              "timedOut": null,
              "duration": 62643,
              "state": "passed",
              "speed": "slow",
              "pass": true,
              "fail": false,
              "pending": false,
              "context": null,
              "code": "var _this12 = this;\ncy.login(this.prc.userNamePE, this.prc.passwordPE);\ndashboardPage.getPRCAvatar().click();\ncy.wait(3000);\nleftNavMenu.getDropDownMenu().contains('এপিপি').click({\n  force: true\n});\ncy.wait(1000);\nleftNavMenu.getPreparationAPPSubMenu().should('include.text', 'প্রস্তুত করুন').click();\ncy.wait(3000);\nrequisitionDeclarationPage.getRequisitionPageHeader().should('include.text', 'বার্ষিক প্রকিউরমেন্ট প্ল্যানের তালিকা');\nrequisitionDeclarationPage.getFiscalYearField().click(); //অর্থবছর\nrequisitionDeclarationPage.getDropDownItem().contains(this.prc.aPPFiscalYear).click();\ncy.wait(3000);\ncy.pagination(this.prc.Pagination); //Pagination\ndeclarationSubmissionPage.getTableRow().each(function ($el, index, $list) //Select the desired APP for View APP Details\n{\n  var textAPPCode = $el.find('td.e-rowcell[aria-label]').text();\n  if (textAPPCode.includes(_this12.prc.aPPCodeWorks)) {\n    $el.find('td button mat-icon:eq(1)').click();\n  }\n});\ncy.wait(5000);\nrequisitionDeclarationPage.getNotifyHeader().should('include.text', 'বার্ষিক প্রকিউরমেন্ট প্ল্যান');\naPPPreparationPage.getSaveButton().should('include.text', 'প্রেরণ করুন').click();\ncy.wait(4000);\naPPPackagePage.getOfficeField().should('have.attr', 'aria-label', 'অফিস').click();\nrequisitionDeclarationPage.getDropDownItem().contains(this.prc.OfficeName).click();\ncy.wait(2000);\naPPPackagePage.getHopeNameField().should('have.attr', 'placeholder', 'নাম').click().type(this.prc.HopeName).should('have.value', this.prc.HopeName);\ncy.wait(2000);\naPPPackagePage.getHopeSearchField().should('include.text', 'অনুসন্ধান করুন').click();\ncy.wait(3000);\naPPPackagePage.getHopePopUpRows().each(function ($el, index, $list) //Select the desired Hope name for assign APP\n{\n  var textHopeName = $el.find('td.e-rowcell[aria-label]').text();\n  if (textHopeName.includes(_this12.prc.HopeName)) {\n    $el.find('td button mat-icon').click();\n  }\n});\ncy.wait(2000); //requisitionDeclarationPage.getConfirmationPageHeader().should('include.text', 'নিশ্চিতকরণ')\nrequisitionDeclarationPage.getConfirmationPageYesButton().should('include.text', 'হ্যাঁ').click();\ncy.wait(7000);",
              "err": {},
              "uuid": "cf23eaa8-f8c4-4aa8-8367-d382e8411445",
              "parentUUID": "3f2b0621-5614-4b21-88b2-5d2fafcdc209",
              "isHook": false,
              "skipped": false
            },
            {
              "title": "TC_16. PE: Send APP (Goods) to HOPE for Approval",
              "fullTitle": "PRC Module Regression Test Suite TC_16. PE: Send APP (Goods) to HOPE for Approval",
              "timedOut": null,
              "duration": 0,
              "state": "pending",
              "speed": null,
              "pass": false,
              "fail": false,
              "pending": true,
              "context": null,
              "code": "",
              "err": {},
              "uuid": "a4c43788-4817-4c85-8c4c-e920e61a19f5",
              "parentUUID": "3f2b0621-5614-4b21-88b2-5d2fafcdc209",
              "isHook": false,
              "skipped": false
            },
            {
              "title": "TC_17. HOPE: Approve APP (Works)",
              "fullTitle": "PRC Module Regression Test Suite TC_17. HOPE: Approve APP (Works)",
              "timedOut": null,
              "duration": 43657,
              "state": "passed",
              "speed": "slow",
              "pass": true,
              "fail": false,
              "pending": false,
              "context": null,
              "code": "var _this14 = this;\ncy.login(this.prc.userNameHope, this.prc.passwordHope);\ndashboardPage.getPRCAvatar().click();\ncy.wait(3000);\nleftNavMenu.getDropDownMenu().contains('অনুমোদন অপেক্ষমান').click({\n  force: true\n});\ncy.wait(1000);\nleftNavMenu.getAPPSubMenu().should('include.text', 'এপিপি').click();\ncy.wait(3000);\nrequisitionDeclarationPage.getRequisitionPageHeader().should('include.text', 'অনুমোদন এর জন্য বার্ষিক ক্রয় পরিকল্পনার (এপিপি) তালিকা');\ncy.pagination(this.prc.Pagination); //Pagination\n//aPPApprovalPage.getSearchField().should('have.attr', 'placeholder', 'অনুসন্ধান করুন').click().type(this.prc.aPPCodeWorks)\n//cy.wait(3000)\ndeclarationSubmissionPage.getTableRow().each(function ($el, index, $list) //Select the desired APP for approval view page\n{\n  var textAPPCode = $el.find('td.e-rowcell[aria-label]').text();\n  if (textAPPCode.includes(_this14.prc.aPPCodeWorks)) {\n    $el.find('td button mat-icon:eq(0)').click();\n  }\n});\ncy.wait(4000);\nrequisitionDeclarationPage.getNotifyHeader().should('include.text', 'বার্ষিক প্রকিউরমেন্ট প্ল্যান');\ndeclarationSubmissionPage.getTableRow().each(function ($el, index, $list) //Select the desired APP for approval\n{\n  var textHopeName = $el.find('td.e-rowcell[aria-label]').text();\n  if (textHopeName.includes(_this14.prc.HopeName)) {\n    //$el.find('td button mat-icon:eq(0)').click()\n    $el.find('td button mat-icon').first().click();\n  }\n});\ncy.wait(4000);\naPPApprovalPage.getApproveCardHeader().should('include.text', 'অনুমোদন দিন');\naPPApprovalPage.getApproveButton().should('include.text', 'অনুমোদন দিন').click({\n  force: true\n});\ncy.wait(2000); //requisitionDeclarationPage.getConfirmationPageHeader().should('include.text', 'নিশ্চিতকরণ')\nrequisitionDeclarationPage.getConfirmationPageYesButton().should('include.text', 'হ্যাঁ').click();\ncy.wait(6000); //aPPApprovalPage.getClosePopUpButton().should('include.text', 'বন্ধ করুন').click({force: true})\n//cy.wait(5000)",
              "err": {},
              "uuid": "1516d6fa-8c04-40db-b6a6-1b8c72d7b140",
              "parentUUID": "3f2b0621-5614-4b21-88b2-5d2fafcdc209",
              "isHook": false,
              "skipped": false
            },
            {
              "title": "TC_18. HOPE: Approve APP (Goods)",
              "fullTitle": "PRC Module Regression Test Suite TC_18. HOPE: Approve APP (Goods)",
              "timedOut": null,
              "duration": 0,
              "state": "pending",
              "speed": null,
              "pass": false,
              "fail": false,
              "pending": true,
              "context": null,
              "code": "",
              "err": {},
              "uuid": "7340db86-827c-486a-8068-0b7c98b75798",
              "parentUUID": "3f2b0621-5614-4b21-88b2-5d2fafcdc209",
              "isHook": false,
              "skipped": false
            },
            {
              "title": "TC_19. PE: Verify the Approve APP Status",
              "fullTitle": "PRC Module Regression Test Suite TC_19. PE: Verify the Approve APP Status",
              "timedOut": null,
              "duration": 31216,
              "state": "passed",
              "speed": "slow",
              "pass": true,
              "fail": false,
              "pending": false,
              "context": null,
              "code": "var _this16 = this;\ncy.login(this.prc.userNamePE, this.prc.passwordPE);\ndashboardPage.getPRCAvatar().click();\ncy.wait(3000);\nleftNavMenu.getDropDownMenu().contains('এপিপি').click({\n  force: true\n});\ncy.wait(1000);\nleftNavMenu.getPreparationAPPSubMenu().should('include.text', 'প্রস্তুত করুন').click();\ncy.wait(3000);\nrequisitionDeclarationPage.getFiscalYearField().click(); //অর্থবছর\nrequisitionDeclarationPage.getDropDownItem().contains(this.prc.aPPFiscalYear).click();\ncy.wait(3000);\ncy.pagination(this.prc.Pagination); //Pagination\nrequisitionDeclarationPage.getRequisitionPageHeader().should('include.text', 'বার্ষিক প্রকিউরমেন্ট প্ল্যানের তালিকা');\ndeclarationSubmissionPage.getTableRow().each(function ($el, index, $list) //Select the desired APP for verify status\n{\n  var textAppCode = $el.find('td.e-rowcell[aria-label]').text();\n  if (textAppCode.includes(_this16.prc.aPPCodeWorks)) {\n    var testStatus = $el.find('td[aria-label=\"Approved column header স্ট্যাটাস\"]').text();\n    expect(testStatus.includes('Approved')).to.be[\"true\"];\n  }\n});\ncy.wait(4000);",
              "err": {},
              "uuid": "e53c8d68-2d68-476c-a80b-07ca9da18e54",
              "parentUUID": "3f2b0621-5614-4b21-88b2-5d2fafcdc209",
              "isHook": false,
              "skipped": false
            },
            {
              "title": "TC_20. PE: Revision of the approve APP",
              "fullTitle": "PRC Module Regression Test Suite TC_20. PE: Revision of the approve APP",
              "timedOut": null,
              "duration": 0,
              "state": "pending",
              "speed": null,
              "pass": false,
              "fail": false,
              "pending": true,
              "context": null,
              "code": "",
              "err": {},
              "uuid": "bef00833-a8da-4a63-b933-6e7ca5b89432",
              "parentUUID": "3f2b0621-5614-4b21-88b2-5d2fafcdc209",
              "isHook": false,
              "skipped": false
            },
            {
              "title": "TC_21. PE: Create OPM Through APP (Works)",
              "fullTitle": "PRC Module Regression Test Suite TC_21. PE: Create OPM Through APP (Works)",
              "timedOut": null,
              "duration": 125000,
              "state": "passed",
              "speed": "slow",
              "pass": true,
              "fail": false,
              "pending": false,
              "context": null,
              "code": "var _this18 = this;\ncy.login(this.prc.userNamePE, this.prc.passwordPE);\ndashboardPage.getPRCAvatar().click();\ncy.wait(3000);\nleftNavMenu.getDropDownMenu().contains('ওপিএম').click({\n  force: true\n});\ncy.wait(1000);\nleftNavMenu.getThroughAPPOPMSubMenu().contains('এপিপির মাধ্যমে').click();\ncy.wait(3000);\nrequisitionDeclarationPage.getNotifyHeader().should('include.text', 'অর্ডার প্রসেস ম্যানেজমেন্টের তালিকা');\noPMAPPDCPPage.getEntryOrderItemsPlusButton().click(); //অর্ডার প্রসেস ম্যানেজমেন্ট button\ncy.wait(3000);\nrequisitionDeclarationPage.getNotifyHeader().should('include.text', 'অর্ডার প্রসেস ম্যানেজমেন্ট');\noPMAPPDCPPage.getFiscalYearField().click(); //অর্থবছর \nrequisitionDeclarationPage.getDropDownItem().contains(this.prc.requisitionFiscalYear).click();\noPMAPPDCPPage.getCurrencyField().click(); //মুদ্রা \ncy.wait(1000);\nrequisitionDeclarationPage.getDropDownItem().contains(this.prc.DCPCurrency).click({\n  force: true\n});\ncy.wait(1000);\noPMAPPDCPPage.getVendorNameField().click(); //সরবরাহকারীর নাম\nrequisitionDeclarationPage.getDropDownItem().contains(this.prc.DCPVendorName).click();\ncy.wait(1000);\noPMAPPDCPPage.getDateCalendar().click(); //তারিখ\ncy.wait(1000);\ncy.calendar(this.prc.DCPYear, this.prc.DCPMonth, this.prc.DCPDate);\noPMAPPDCPPage.getReferenceNoField().click().should('have.attr', 'placeholder', 'রেফারেন্স নং').type(this.prc.OPMAPPReferenceNoWorks).should('have.value', this.prc.OPMAPPReferenceNoWorks); //রেফারেন্স নং\ncy.wait(1500);\noPMAPPDCPPage.getDescriptionField().should('have.attr', 'placeholder', 'বিবরণ').click().type(this.prc.DCPDescription).should('have.value', this.prc.DCPDescription); //বিবরণ \ncy.wait(1500);\noPMAPPDCPPage.getRemarksField().should('have.attr', 'placeholder', 'মন্তব্য').click().type(this.prc.DCPRemarks).should('have.value', this.prc.DCPRemarks); //মন্তব্য \ncy.wait(1500);\noPMAPPDCPPage.getPackageAPPButton().click();\ncy.wait(4000);\noPMAPPDCPPage.getPackageHeader().should('include.text', 'প্যাকেজ');\noPMAPPDCPPage.getPackageAPPCodeField().click();\nrequisitionDeclarationPage.getDropDownItem().contains(this.prc.aPPCodeWorks).click();\ncy.wait(2000);\noPMAPPDCPPage.getPackageProcurementMethodField().click();\nrequisitionDeclarationPage.getDropDownItem().contains(this.prc.ProcurementMethod).click();\ncy.wait(2000);\noPMAPPDCPPage.getPackageRow().each(function ($el, index, $list) //Select the desired package for added OPM\n{\n  var textPackageNo = $el.find('td.e-rowcell[aria-label]').text();\n  if (textPackageNo.includes(_this18.prc.PackageNoWorks)) {\n    $el.find('td label > .e-icons').click(); //cy.log(textPackageNo)\n  }\n});\ncy.wait(2000);\noPMAPPDCPPage.getPackageSaveButton().should('include.text', 'সংরক্ষণ করুন').click();\ncy.wait(2000);\noPMAPPDCPPage.getItemButton().click(); //  দ্রব্যাদি  button clicks\ncy.wait(4000); //আইটেম অনুসন্ধান pop-up\noPMAPPDCPPage.getPackageHeader().should('include.text', 'আইটেম অনুসন্ধান'); //oPMAPPDCPPage.getItemCategoryField().should('have.attr', 'aria-label', 'পণ্যের ধরণ').click()  // পণ্যের ধরণ field\n//requisitionDeclarationPage.getDropDownItem().contains(this.prc.DCPItemCategoryWorks).click()\n//cy.wait(1500)\noPMAPPDCPPage.getItemNameField().should('have.attr', 'placeholder', 'পণ্যের নাম').click().type(this.prc.DCPItemNameWorks).should('have.value', this.prc.DCPItemNameWorks); //পণ্যের নাম\ncy.wait(1000);\noPMAPPDCPPage.getSearchHereButton().should('include.text', 'অনুসন্ধান করুন').click(); //  এখানে অনুসন্ধান করুন button\ncy.wait(4000);\noPMAPPDCPPage.getQuantityInputField().first().click().type(this.prc.DCPItemQuantity).should('have.value', this.prc.DCPItemQuantity); //পরিমাণ\ncy.wait(2000); //oPMAPPDCPPage.getUnitField().first().click()  //একক\n//requisitionDeclarationPage.getDropDownItem().contains(this.prc.DCPItemUnit).click()\n//cy.wait(1000)\noPMAPPDCPPage.getUnitRateField().first().click().type(this.prc.DCPItemUnitRate).should('have.value', this.prc.DCPItemUnitRate); //প্রতি একক মূল্য\ncy.wait(1000);\noPMAPPDCPPage.getSearchItemRemarksField().first().click().type(this.prc.DCPItemRemarks).should('have.value', this.prc.DCPItemRemarks); //মন্তব্য\ncy.wait(1000);\noPMAPPDCPPage.getAddToListPlusIcon().first().should('have.class', 'material-icons').click(); // Add plus icon\ncy.wait(5000);\noPMAPPDCPPage.getCloseButton().should('have.text', 'বন্ধ করুন').click();\ncy.wait(2000);\noPMAPPDCPPage.getDiscountField().type('{del}{selectall}{backspace}').type(this.prc.DCPDiscount).should('have.value', this.prc.DCPDiscount); //ছাড়\ncy.wait(2000);\noPMAPPDCPPage.getVatField().type('{del}{selectall}{backspace}').type(this.prc.DCPVat).should('have.value', this.prc.DCPVat); //ভ্যাট\ncy.wait(2000);\noPMAPPDCPPage.getAitField().type('{del}{selectall}{backspace}').type(this.prc.DCPAit).should('have.value', this.prc.DCPAit); //এআইটি\ncy.wait(2000);\noPMAPPDCPPage.getSaveButton().should('include.text', 'সংরক্ষণ করুন').click();\ncy.wait(3000);\noPMAPPDCPPage.getPopupTitle().should('include.text', 'নিশ্চিতকরণ');\noPMAPPDCPPage.getYesButton().should('include.text', 'হ্যাঁ').click(); // হ্যাঁ button \ncy.wait(3000);\noPMAPPDCPPage.getPopupTitle().should('include.text', 'আপনি কি এই প্যাকেজ সমূহ লক করতে চান?');\noPMAPPDCPPage.getYesButton().should('include.text', 'হ্যাঁ').click(); // হ্যাঁ button on lock page\ncy.wait(6000);",
              "err": {},
              "uuid": "711576d8-1390-4f10-8d05-5d0f3790569b",
              "parentUUID": "3f2b0621-5614-4b21-88b2-5d2fafcdc209",
              "isHook": false,
              "skipped": false
            },
            {
              "title": "TC_22. PE: Create Payment Schedule for OPM Through APP (Works)",
              "fullTitle": "PRC Module Regression Test Suite TC_22. PE: Create Payment Schedule for OPM Through APP (Works)",
              "timedOut": null,
              "duration": 68146,
              "state": "passed",
              "speed": "slow",
              "pass": true,
              "fail": false,
              "pending": false,
              "context": null,
              "code": "var _this19 = this;\ncy.login(this.prc.userNamePE, this.prc.passwordPE);\ndashboardPage.getPRCAvatar().click();\ncy.wait(3000);\nleftNavMenu.getDropDownMenu().contains('ওপিএম').click({\n  force: true\n});\ncy.wait(1000);\nleftNavMenu.getThroughAPPOPMSubMenu().contains('এপিপির মাধ্যমে').click();\ncy.wait(3000);\nrequisitionDeclarationPage.getNotifyHeader().should('include.text', 'অর্ডার প্রসেস ম্যানেজমেন্টের তালিকা');\nrequisitionDeclarationPage.getFiscalYearField().click(); //অর্থবছর\nrequisitionDeclarationPage.getDropDownItem().contains(this.prc.aPPFiscalYear).click();\ncy.wait(3000);\ncy.pagination(this.prc.Pagination); //Pagination\ndeclarationSubmissionPage.getTableRow().each(function ($el, index, $list) //Select the desired reference no\n{\n  var textReferenceNo = $el.find('td.e-rowcell[aria-label]').text();\n  if (textReferenceNo.includes(_this19.prc.OPMAPPReferenceNoWorks)) {\n    //$el.find('td button mat-icon:eq(0)').click()\n    $el.find('td button mat-icon').first().click();\n  }\n});\ncy.wait(5000);\nrequisitionDeclarationPage.getNotifyHeader().should('include.text', 'অর্ডার প্রসেস ম্যানেজমেন্ট');\ndeclarationSubmissionPage.getTableRow().each(function ($el, index, $list) //Select the DCP Item Name Works\n{\n  var textDCPItemName = $el.find('td.e-rowcell[aria-label]').text();\n  if (textDCPItemName.includes(_this19.prc.DCPItemNameWorks)) {\n    $el.find('td button .fa-calendar').click();\n  }\n});\ncy.wait(4000);\nrequisitionDeclarationPage.getNotifyHeader().should('include.text', 'পেমেন্ট শিডিউল তালিকা');\noPMAPPDCPPage.getNewPaymentScheduleButton().click(); //New পেমেন্ট শিডিউল  button\ncy.wait(3000);\nrequisitionDeclarationPage.getNotifyHeader().should('include.text', 'পেমেন্ট শিডিউল তৈরি করুন');\noPMAPPDCPPage.getCompletionPercentageField().should('have.attr', 'placeholder', 'সমাপ্তির শতাংশ').click().type(this.prc.CompletionPercentage).should('have.value', this.prc.CompletionPercentage);\ncy.wait(2000);\noPMAPPDCPPage.getPaymentPercentageField().should('have.attr', 'placeholder', 'পরিশোধ শতাংশ').click().type(this.prc.PaymentPercentage).should('have.value', this.prc.PaymentPercentage);\ncy.wait(2000);\noPMAPPDCPPage.getDateCalendar().click(); //তারিখ\ncy.wait(1000);\ncy.calendar(this.prc.DCPYear, this.prc.DCPMonth, this.prc.EstimatedCompletionDate);\nrequisitionDeclarationPage.getSubmittedHeader().should('include.text', 'ডেলিভারেবলস সিলেক্ট করুন');\ndeclarationSubmissionPage.getTableRow().each(function ($el, index, $list) //ডেলিভারেবলস সিলেক্ট Works\n{\n  var textDeliverable = $el.find('td.e-rowcell[aria-label]').text();\n  if (textDeliverable.includes(_this19.prc.Deliverable)) {\n    $el.find('td label .e-frame').click();\n  }\n});\ncy.wait(4000);\noPMAPPDCPPage.getSaveButton().should('include.text', 'সংরক্ষণ করুন').click();\ncy.wait(200);\noPMAPPDCPPage.getPopupTitle().should('include.text', 'নিশ্চিতকরণ');\noPMAPPDCPPage.getYesButton().should('include.text', 'হ্যাঁ').click(); // হ্যাঁ button \ncy.wait(7000);",
              "err": {},
              "uuid": "e4dccc7e-2447-4d4d-a573-dc6e2859054e",
              "parentUUID": "3f2b0621-5614-4b21-88b2-5d2fafcdc209",
              "isHook": false,
              "skipped": false
            },
            {
              "title": "TC_23. PE: Create BOQ for Approved APP (Works)",
              "fullTitle": "PRC Module Regression Test Suite TC_23. PE: Create BOQ for Approved APP (Works)",
              "timedOut": null,
              "duration": 57081,
              "state": "passed",
              "speed": "slow",
              "pass": true,
              "fail": false,
              "pending": false,
              "context": null,
              "code": "var _this20 = this;\ncy.login(this.prc.userNamePE, this.prc.passwordPE);\ndashboardPage.getPRCAvatar().click();\ncy.wait(3000);\nleftNavMenu.getBOQMenu().contains('বিওকিউ').click();\ncy.wait(3000);\nrequisitionDeclarationPage.getNotifyHeader().should('include.text', 'বিওকিউ (কার্য) এর জন্য অর্ডার প্রসেস মানাজেমেন্টের তালিকা');\nrequisitionDeclarationPage.getFiscalYearField().click(); //অর্থবছর\nrequisitionDeclarationPage.getDropDownItem().contains(this.prc.aPPFiscalYear).click();\ncy.wait(3000);\ncy.pagination(this.prc.Pagination); //Pagination\ndeclarationSubmissionPage.getTableRow().each(function ($el, index, $list) //Select the desired reference no\n{\n  var textReferenceNo = $el.find('td.e-rowcell[aria-label]').text();\n  if (textReferenceNo.includes(_this20.prc.OPMAPPReferenceNoWorks)) {\n    $el.find('td button .fa-table').click();\n  }\n});\ncy.wait(4000);\nrequisitionDeclarationPage.getNotifyHeader().should('include.text', 'অর্ডার প্রসেস ম্যানেজমেন্টের সংক্ষিপ্ত বিবরণ');\nrequisitionDeclarationPage.getSubmittedHeader().should('include.text', 'বিওকিউ এর তালিকা');\noPMAPPDCPPage.getNewPaymentScheduleButton().click();\ncy.wait(3000);\nbOQPage.getBOQHeader().should('include.text', 'বিওকিউ  (কার্যের) প্রস্তুত করুন');\nbOQPage.getBOQReferenceNo().should('have.attr', 'placeholder', 'রেফারেন্স নং').click().type(this.prc.BOQReferenceNo).should('have.value', this.prc.BOQReferenceNo);\ncy.wait(2000);\noPMAPPDCPPage.getDateCalendar().click(); //বিওকিউর তারিখ \ncy.calendar(this.prc.DCPYear, this.prc.DCPMonth, this.prc.EstimatedCompletionDate);\nbOQPage.getBOQDescription().should('have.attr', 'placeholder', 'বিবরণ').click().type(this.prc.BOQDescription).should('have.value', this.prc.BOQDescription);\ncy.wait(2000);\nbOQPage.getBOQSaveButton().should('include.text', 'সংরক্ষণ করুন').click();\ncy.wait(6000);",
              "err": {},
              "uuid": "83f36643-ebce-48f2-9185-53569d85d7eb",
              "parentUUID": "3f2b0621-5614-4b21-88b2-5d2fafcdc209",
              "isHook": false,
              "skipped": false
            },
            {
              "title": "TC_24. PE: Job Progress and Completed payment schedule of each work for OPM Through APP (Works)",
              "fullTitle": "PRC Module Regression Test Suite TC_24. PE: Job Progress and Completed payment schedule of each work for OPM Through APP (Works)",
              "timedOut": null,
              "duration": 58585,
              "state": "passed",
              "speed": "slow",
              "pass": true,
              "fail": false,
              "pending": false,
              "context": null,
              "code": "var _this21 = this;\ncy.login(this.prc.userNamePE, this.prc.passwordPE);\ndashboardPage.getPRCAvatar().click();\ncy.wait(3000);\nleftNavMenu.getDropDownMenu().contains('বিল').click({\n  force: true\n});\ncy.wait(1000);\nleftNavMenu.getJobProgressBillSubMenu().should('include.text', 'কার্যের অগ্রগতি').click();\ncy.wait(3000);\nrequisitionDeclarationPage.getNotifyHeader().should('include.text', 'কার্যের অগ্রগতির জন্য প্রস্তুত অর্ডার প্রসেস ম্যানেজমেন্টের তালিকা');\nrequisitionDeclarationPage.getFiscalYearField().click(); //অর্থবছর\nrequisitionDeclarationPage.getDropDownItem().contains(this.prc.aPPFiscalYear).click();\ncy.wait(3000);\ncy.pagination(this.prc.Pagination); //Pagination\ndeclarationSubmissionPage.getTableRow().each(function ($el, index, $list) //Select the desired reference no\n{\n  var textReferenceNo = $el.find('td.e-rowcell[aria-label]').text();\n  if (textReferenceNo.includes(_this21.prc.OPMAPPReferenceNoWorks)) {\n    $el.find('td button mat-icon').click();\n  }\n});\ncy.wait(4000);\nrequisitionDeclarationPage.getNotifyHeader().should('include.text', 'অর্ডার প্রসেস ম্যানেজমেন্টের বিস্তারিত তথ্য');\ndeclarationSubmissionPage.getTableRow().each(function ($el, index, $list) //Select the DCP Item Name Works\n{\n  var textDCPItemName = $el.find('td.e-rowcell[aria-label]').text();\n  if (textDCPItemName.includes(_this21.prc.DCPItemNameWorks)) {\n    $el.find('td button .fa-calendar').click();\n  }\n});\ncy.wait(4000);\nrequisitionDeclarationPage.getNotifyHeader().should('include.text', 'পেমেন্ট শিডিউল তালিকা');\nbillPage.getAttachmentButton().should('include.text', 'সংযুক্তিসমূহ ').click();\ncy.wait(2000);\nbillPage.getAttachmentLabel().should('include.text', 'ফাইল নির্বাচন করুন');\nvar fileName = 'TestFile.pdf';\nbillPage.getAttachmentUploadButton().attachFile(fileName); //File Upload\ncy.wait(4000);\nbillPage.getCloseAttachmentCard().should('include.text', 'বন্ধ করুন').click();\ncy.wait(2000);\nbillPage.getFinishedButton().should('include.text', 'সমাপ্ত').click();\ncy.wait(2000);\nrequisitionDeclarationPage.getConfirmationPageHeader().should('include.text', 'নিশ্চিতকরণ');\nrequisitionDeclarationPage.getConfirmationPageYesButton().should('include.text', 'হ্যাঁ').click();\ncy.wait(7000);",
              "err": {},
              "uuid": "e946dbca-3dcf-4bd7-979d-c85143b31e8d",
              "parentUUID": "3f2b0621-5614-4b21-88b2-5d2fafcdc209",
              "isHook": false,
              "skipped": false
            },
            {
              "title": "TC_25. PE: Create Bill of each work for OPM Through APP (Works)",
              "fullTitle": "PRC Module Regression Test Suite TC_25. PE: Create Bill of each work for OPM Through APP (Works)",
              "timedOut": null,
              "duration": 124724,
              "state": "passed",
              "speed": "slow",
              "pass": true,
              "fail": false,
              "pending": false,
              "context": null,
              "code": "var _this22 = this;\ncy.login(this.prc.userNamePE, this.prc.passwordPE);\ndashboardPage.getPRCAvatar().click();\ncy.wait(3000);\nleftNavMenu.getDropDownMenu().contains('বিল').click({\n  force: true\n});\ncy.wait(1000);\nleftNavMenu.getPreparationBillSubMenu().contains('প্রস্তুত করুন').click();\ncy.wait(3000);\nrequisitionDeclarationPage.getNotifyHeader().should('include.text', 'বিলের জন্য প্রস্তুত অর্ডার প্রসেস ম্যানেজমেন্টের তালিকা');\nrequisitionDeclarationPage.getFiscalYearField().click(); //অর্থবছর\nrequisitionDeclarationPage.getDropDownItem().contains(this.prc.aPPFiscalYear).click();\ncy.wait(3000);\ncy.pagination(this.prc.Pagination); //Pagination\ndeclarationSubmissionPage.getTableRow().each(function ($el, index, $list) //Select the desired reference no\n{\n  var textReferenceNo = $el.find('td.e-rowcell[aria-label]').text();\n  if (textReferenceNo.includes(_this22.prc.OPMAPPReferenceNoWorks)) {\n    $el.find('td button .fa-money').click();\n  }\n});\ncy.wait(5000);\nrequisitionDeclarationPage.getNotifyHeader().should('include.text', 'অর্ডার প্রসেস ম্যানেজমেন্টের সংক্ষিপ্ত বিবরণ');\nrequisitionDeclarationPage.getSubmittedHeader().should('include.text', 'বিলের তালিকা');\nbillPage.getCreateBillButton().click(); //Create New Bill plus icon\ncy.wait(3000);\nbOQPage.getBOQHeader().should('include.text', 'বিল প্রস্তুত করুন');\nbOQPage.getBOQReferenceNo().should('have.attr', 'placeholder', 'রেফারেন্স নং').click().type(this.prc.BillReferenceNoWorks).should('have.value', this.prc.BillReferenceNoWorks);\ncy.wait(2000);\nbillPage.getBillDateField().click(); //বিলের তারিখ\ncy.calendar(this.prc.DCPYear, this.prc.DCPMonth, this.prc.EstimatedCompletionDate);\ncy.wait(1000);\nbillPage.getEconomicCodeField().click();\ncy.wait(1500);\nrequisitionDeclarationPage.getDropDownItem().contains(this.prc.EconomicCode).click({\n  force: true\n});\ncy.wait(2000);\nbOQPage.getBOQDescription().should('have.attr', 'placeholder', 'বিবরণ').click().type(this.prc.BillDescription).should('have.value', this.prc.BillDescription);\ncy.wait(2000);\nbOQPage.getBOQSaveButton().should('include.text', 'সংরক্ষণ করুন').click();\ncy.wait(5000);\nbillPage.getCustomButton().should('include.text', 'কাস্টম').click(); //কাস্টম button\ncy.wait(3000);\nbOQPage.getBOQHeader().should('include.text', 'বিলের বিস্তারিত যোগ করুন');\nbillPage.getEconomicCodeField().click();\ncy.wait(1500);\nrequisitionDeclarationPage.getDropDownItem().contains(this.prc.EconomicCode).click({\n  force: true\n});\ncy.wait(2000);\nbillPage.getAmountField().should('have.attr', 'placeholder', 'পরিমাণ').click().type(this.prc.CustomAmount).should('have.value', this.prc.CustomAmount);\ncy.wait(2000); //bOQPage.getBOQDescription().should('have.attr', 'placeholder', 'বিবরণ').click().type(this.prc.BillCustomAmountDescription).should('have.value', this.prc.BillCustomAmountDescription)\n//cy.wait(2000)\nbOQPage.getBOQSaveButton().should('include.text', 'সংরক্ষণ করুন').click();\ncy.wait(5000);\nbillPage.getAdditionButton().should('include.text', 'সংযোজন').click(); //সংযোজন button\ncy.wait(3000);\nbOQPage.getBOQHeader().should('include.text', 'সংযোজন যোগ করুন');\nbillPage.getEconomicCodeField().click();\ncy.wait(1500);\nrequisitionDeclarationPage.getDropDownItem().contains(this.prc.EconomicCode).click({\n  force: true\n});\ncy.wait(2000);\nbillPage.getAmountField().should('have.attr', 'placeholder', 'পরিমাণ').click().type(this.prc.NetAmount).should('have.value', this.prc.NetAmount);\ncy.wait(2000); //bOQPage.getBOQDescription().should('have.attr', 'placeholder', 'বিবরণ').click().type(this.prc.BillAdditionAmountDescription).should('have.value', this.prc.BillAdditionAmountDescription)\n//cy.wait(2000)\nbOQPage.getBOQSaveButton().should('include.text', 'সংরক্ষণ করুন').click();\ncy.wait(5000);\nbillPage.getBillAttachmentButton().should('include.text', 'সংযুক্তিসমূহ').click();\ncy.wait(3000);\nbillPage.getAttachmentLabel().should('include.text', 'ফাইল নির্বাচন করুন');\nvar fileName = 'TestFile.pdf';\nbillPage.getAttachmentUploadButton().attachFile(fileName); //File Upload\ncy.wait(5000);\nbillPage.getCloseAttachmentCard().should('include.text', 'বন্ধ করুন').click();\ncy.wait(2000);\nbillPage.getBackButton().should('include.text', 'পূর্বে').click();\ncy.wait(3000);\nbillPage.getBackButton().should('include.text', 'পূর্বে').click();\ncy.wait(4000);",
              "err": {},
              "uuid": "d0c6348b-6c4c-4bdb-9a3b-e145f2e14c6a",
              "parentUUID": "3f2b0621-5614-4b21-88b2-5d2fafcdc209",
              "isHook": false,
              "skipped": false
            },
            {
              "title": "TC_26. PE: View Prepared Bill of each work for OPM Through APP (Works)",
              "fullTitle": "PRC Module Regression Test Suite TC_26. PE: View Prepared Bill of each work for OPM Through APP (Works)",
              "timedOut": null,
              "duration": 34116,
              "state": "passed",
              "speed": "slow",
              "pass": true,
              "fail": false,
              "pending": false,
              "context": null,
              "code": "var _this23 = this;\ncy.login(this.prc.userNamePE, this.prc.passwordPE);\ndashboardPage.getPRCAvatar().click();\ncy.wait(3000);\nleftNavMenu.getDropDownMenu().contains('বিল').click({\n  force: true\n});\ncy.wait(1000);\nleftNavMenu.getPreparedBillSubMenu().should('include.text', 'প্রস্তুতকৃত বিল').click();\ncy.wait(3000);\nrequisitionDeclarationPage.getNotifyHeader().should('include.text', 'বিলকৃত অর্ডার প্রসেস ম্যানেজমেন্টের তালিকা');\nrequisitionDeclarationPage.getFiscalYearField().click(); //অর্থবছর\nrequisitionDeclarationPage.getDropDownItem().contains(this.prc.aPPFiscalYear).click();\ncy.wait(3000);\ncy.pagination(this.prc.Pagination); //Pagination\ndeclarationSubmissionPage.getTableRow().each(function ($el, index, $list) //Select the desired reference no\n{\n  var textReferenceNo = $el.find('td.e-rowcell[aria-label]').text();\n  if (textReferenceNo.includes(_this23.prc.OPMAPPReferenceNoWorks)) {\n    var testStatus = $el.find('td[aria-label=\"COMPLETE column header অবস্থা\"]').text();\n    expect(testStatus.includes('COMPLETE')).to.be[\"true\"];\n  }\n});\ncy.wait(4000);",
              "err": {},
              "uuid": "08a41d82-d2a3-471c-acf7-cc8224852098",
              "parentUUID": "3f2b0621-5614-4b21-88b2-5d2fafcdc209",
              "isHook": false,
              "skipped": false
            },
            {
              "title": "TC_27. PE: Create OPM Through APP (Goods)",
              "fullTitle": "PRC Module Regression Test Suite TC_27. PE: Create OPM Through APP (Goods)",
              "timedOut": null,
              "duration": 0,
              "state": "pending",
              "speed": null,
              "pass": false,
              "fail": false,
              "pending": true,
              "context": null,
              "code": "",
              "err": {},
              "uuid": "3c796039-8cf5-4262-8e93-9522945cb968",
              "parentUUID": "3f2b0621-5614-4b21-88b2-5d2fafcdc209",
              "isHook": false,
              "skipped": false
            },
            {
              "title": "TC_28. PE: Create OPM Through DCP. TC",
              "fullTitle": "PRC Module Regression Test Suite TC_28. PE: Create OPM Through DCP. TC",
              "timedOut": null,
              "duration": 110708,
              "state": "passed",
              "speed": "slow",
              "pass": true,
              "fail": false,
              "pending": false,
              "context": null,
              "code": "cy.login(this.prc.userNamePE, this.prc.passwordPE);\ndashboardPage.getPRCAvatar().click();\ncy.wait(3000);\nleftNavMenu.getDropDownMenu().contains('ওপিএম').click({\n  force: true\n});\ncy.wait(1000);\nleftNavMenu.getDCPOPMSubMenu().contains('ডিসিপি').click();\ncy.wait(3000);\nrequisitionDeclarationPage.getNotifyHeader().should('include.text', 'অর্ডার প্রসেস ম্যানেজমেন্টের তালিকা');\noPMAPPDCPPage.getEntryOrderItemsPlusButton().click(); //অর্ডার প্রসেস ম্যানেজমেন্ট button\ncy.wait(3000);\nrequisitionDeclarationPage.getNotifyHeader().should('include.text', 'অর্ডার প্রসেস ম্যানেজমেন্ট');\noPMAPPDCPPage.getFiscalYearField().click(); //অর্থবছর \nrequisitionDeclarationPage.getDropDownItem().contains(this.prc.requisitionFiscalYear).click();\noPMAPPDCPPage.getCurrencyField().click(); //মুদ্রা \ncy.wait(1000);\nrequisitionDeclarationPage.getDropDownItem().contains(this.prc.DCPCurrency).click({\n  force: true\n});\ncy.wait(1000);\noPMAPPDCPPage.getVendorNameField().click(); //সরবরাহকারীর নাম\nrequisitionDeclarationPage.getDropDownItem().contains(this.prc.DCPVendorName).click();\ncy.wait(1000);\noPMAPPDCPPage.getDateCalendar().click(); //তারিখ\ncy.wait(1000);\ncy.calendar(this.prc.DCPYear, this.prc.DCPMonth, this.prc.DCPDate);\noPMAPPDCPPage.getReferenceNoField().click().should('have.attr', 'placeholder', 'রেফারেন্স নং').type(this.prc.DCPReferenceNo).should('have.value', this.prc.DCPReferenceNo); //রেফারেন্স নং\ncy.wait(1500);\noPMAPPDCPPage.getDescriptionField().should('have.attr', 'placeholder', 'বিবরণ').click().type(this.prc.DCPDescription).should('have.value', this.prc.DCPDescription); //বিবরণ \ncy.wait(1500);\noPMAPPDCPPage.getRemarksField().should('have.attr', 'placeholder', 'মন্তব্য').click().type(this.prc.DCPRemarks).should('have.value', this.prc.DCPRemarks); //মন্তব্য \ncy.wait(1500);\noPMAPPDCPPage.getItemButton().click(); //  দ্রব্যাদি  button clicks\ncy.wait(4000); //আইটেম অনুসন্ধান pop-up\noPMAPPDCPPage.getPackageHeader().should('include.text', 'আইটেম অনুসন্ধান');\noPMAPPDCPPage.getItemCategoryField().should('have.attr', 'aria-label', 'পণ্যের ধরণ').click(); // পণ্যের ধরণ field\nrequisitionDeclarationPage.getDropDownItem().contains(this.prc.DCPItemCategoryGoods).click();\ncy.wait(1500);\noPMAPPDCPPage.getItemNameField().should('have.attr', 'placeholder', 'পণ্যের নাম').click().type(this.prc.DCPItemNameGoods).should('have.value', this.prc.DCPItemNameGoods); //পণ্যের নাম\ncy.wait(1000);\noPMAPPDCPPage.getSearchHereButton().should('include.text', 'অনুসন্ধান করুন').click(); //  এখানে অনুসন্ধান করুন button\ncy.wait(2000);\noPMAPPDCPPage.getQuantityInputField().first().click().type(this.prc.DCPItemQuantity).should('have.value', this.prc.DCPItemQuantity); //পরিমাণ\ncy.wait(2000); //oPMAPPDCPPage.getUnitField().first().click()  //একক\n//requisitionDeclarationPage.getDropDownItem().contains(this.prc.DCPItemUnit).click()\n//cy.wait(1000)\noPMAPPDCPPage.getUnitRateField().first().click().type(this.prc.DCPItemUnitRate).should('have.value', this.prc.DCPItemUnitRate); //প্রতি একক মূল্য\ncy.wait(1000);\noPMAPPDCPPage.getSearchItemRemarksField().first().click().type(this.prc.DCPItemRemarks).should('have.value', this.prc.DCPItemRemarks); //মন্তব্য\ncy.wait(1000);\noPMAPPDCPPage.getAddToListPlusIcon().first().should('have.class', 'material-icons').click(); // Add plus icon\ncy.wait(5000);\noPMAPPDCPPage.getCloseButton().should('have.text', 'বন্ধ করুন').click();\ncy.wait(2000);\noPMAPPDCPPage.getDiscountField().type('{del}{selectall}{backspace}').type(this.prc.DCPDiscount).should('have.value', this.prc.DCPDiscount); //ছাড়\ncy.wait(2000);\noPMAPPDCPPage.getVatField().type('{del}{selectall}{backspace}').type(this.prc.DCPVat).should('have.value', this.prc.DCPVat); //ভ্যাট\ncy.wait(2000);\noPMAPPDCPPage.getAitField().type('{del}{selectall}{backspace}').type(this.prc.DCPAit).should('have.value', this.prc.DCPAit); //এআইটি\ncy.wait(2000);\noPMAPPDCPPage.getSaveButton().should('include.text', 'সংরক্ষণ করুন').click();\ncy.wait(3000);\noPMAPPDCPPage.getPopupTitle().should('include.text', 'নিশ্চিতকরণ');\noPMAPPDCPPage.getYesButton().should('include.text', 'হ্যাঁ').click(); // হ্যাঁ button \n/* \ncy.wait(3000)\noPMAPPDCPPage.getPopupTitle().should('include.text', 'আপনি কি এই প্যাকেজ সমূহ লক করতে চান?')\noPMAPPDCPPage.getYesButton().should('include.text', 'হ্যাঁ').click()   // হ্যাঁ button on lock page\n*/\ncy.wait(6000);",
              "err": {},
              "uuid": "50efeb2f-fc1d-4392-b70d-776b78ed0813",
              "parentUUID": "3f2b0621-5614-4b21-88b2-5d2fafcdc209",
              "isHook": false,
              "skipped": false
            }
          ],
          "suites": [],
          "passes": [
            "58575721-89b7-4e09-8e34-c3495a82dbec",
            "e4549863-1a9a-45da-a858-28b252b815fc",
            "e6bc6ba9-475b-44b8-a63f-0a87baa7e18b",
            "a4a2ea7f-ee63-4822-bbae-603f1f76d637",
            "3a66918d-87f4-45ec-b48c-78a9faa90fab",
            "ec0cee8a-c20b-4be5-ba0f-20043f614f75",
            "647025db-e860-4a63-9ac0-6913e3e01cda",
            "48ddfe29-2bf1-402d-b562-01e0fbccf79a",
            "f24c325f-41b9-4c5b-ac7c-9b179a6a5bce",
            "7f569551-603c-4ac9-bee5-93b6b7afbc22",
            "cf23eaa8-f8c4-4aa8-8367-d382e8411445",
            "1516d6fa-8c04-40db-b6a6-1b8c72d7b140",
            "e53c8d68-2d68-476c-a80b-07ca9da18e54",
            "711576d8-1390-4f10-8d05-5d0f3790569b",
            "e4dccc7e-2447-4d4d-a573-dc6e2859054e",
            "83f36643-ebce-48f2-9185-53569d85d7eb",
            "e946dbca-3dcf-4bd7-979d-c85143b31e8d",
            "d0c6348b-6c4c-4bdb-9a3b-e145f2e14c6a",
            "08a41d82-d2a3-471c-acf7-cc8224852098",
            "50efeb2f-fc1d-4392-b70d-776b78ed0813"
          ],
          "failures": [],
          "pending": [
            "2278ed2d-5aba-43e9-99f4-f7eb2c672090",
            "f31eebea-0bec-4705-ad2d-bbb36d7f4709",
            "ac032f73-ae3b-4d78-a6c7-182dac0a9567",
            "d775cae2-9112-49b2-aaea-d0413ef1cac6",
            "a4c43788-4817-4c85-8c4c-e920e61a19f5",
            "7340db86-827c-486a-8068-0b7c98b75798",
            "bef00833-a8da-4a63-b933-6e7ca5b89432",
            "3c796039-8cf5-4262-8e93-9522945cb968"
          ],
          "skipped": [],
          "duration": 1397772,
          "root": false,
          "rootEmpty": false,
          "_timeout": 2000
        }
      ],
      "passes": [],
      "failures": [],
      "pending": [],
      "skipped": [],
      "duration": 0,
      "root": true,
      "rootEmpty": true,
      "_timeout": 2000
    }
  ],
  "meta": {
    "mocha": {
      "version": "7.0.1"
    },
    "mochawesome": {
      "options": {
        "quiet": false,
        "reportFilename": "mochawesome",
        "saveHtml": true,
        "saveJson": true,
        "consoleReporter": "spec",
        "useInlineDiffs": false,
        "code": true
      },
      "version": "5.0.0"
    },
    "marge": {
      "options": {},
      "version": "4.1.0"
    }
  }
}