{
  "stats": {
    "suites": 1,
    "tests": 64,
    "passes": 41,
    "pending": 0,
    "failures": 23,
    "start": "2020-05-10T06:50:03.859Z",
    "end": "2020-05-10T08:06:31.668Z",
    "duration": 4587809,
    "testsRegistered": 64,
    "passPercent": 64.0625,
    "pendingPercent": 0,
    "other": 0,
    "hasOther": false,
    "skipped": 0,
    "hasSkipped": false
  },
  "results": [
    {
      "uuid": "2fd16bec-e8fc-4346-9e2c-330d9c504c00",
      "title": "",
      "fullFile": "cypress\\integration\\happyPath\\ASTFullTest.spec.js",
      "file": "cypress\\integration\\happyPath\\ASTFullTest.spec.js",
      "beforeHooks": [],
      "afterHooks": [],
      "tests": [],
      "suites": [
        {
          "uuid": "3e1b596e-17e0-42eb-8c18-01a4ebe89b32",
          "title": "AST Module Regression Test Suite",
          "fullFile": "",
          "file": "",
          "beforeHooks": [],
          "afterHooks": [],
          "tests": [
            {
              "title": "TC_1. Store Keeper: Material Receive.",
              "fullTitle": "AST Module Regression Test Suite TC_1. Store Keeper: Material Receive.",
              "timedOut": null,
              "duration": 48191,
              "state": "passed",
              "speed": "slow",
              "pass": true,
              "fail": false,
              "pending": false,
              "context": null,
              "code": "var _this = this;\ncy.login(this.ast.storeKeeperID, this.ast.storeKeeperPassword);\ndashboardPage.getASTAvatar().click();\ncy.wait(3000);\nleftNavMenu.getDropDownMenu().contains('স্টোর কিপিং').click();\ncy.wait(1000);\nleftNavMenu.getDropDownMenu().contains('অর্ডার সমূহ').click();\ncy.wait(1000);\nleftNavMenu.getReceiveGoodsSubMenu().contains('পণ্য গ্রহণ').click();\ncy.wait(3000);\nreceiveGoodsPage.getStoreNameTab().contains(this.ast.storeName).click();\ncy.wait(3000);\nreceiveGoodsPage.getCardHeader().should('include.text', 'পারচেজ অর্ডারের তালিকা');\nreceiveGoodsPage.getCardRows().each(function ($el, index, $list) //Select the desired প্রকিউরমেন্ট রেফারেন্স নং\n{\n  var textReferenceNo = $el.find('td.e-rowcell[aria-label]').text();\n  if (textReferenceNo.includes(_this.prc.DCPReferenceNo)) {\n    $el.find('td button mat-icon').click();\n  }\n});\ncy.wait(3000); //receiveGoodsPage.getCardHeader().should('include.text', 'ম্যাটেরিয়াল রিসেপশন তৈরি করুন')\n//receiveGoodsPage.getThirdCardHeader().should('include.text', 'চালানের তথ্য প্রবেশ করুন')\nreceiveGoodsPage.getChalanNoInputField().should('have.attr', 'placeholder', 'চালান নং').click().type(this.ast.chalanNo).should('have.value', this.ast.chalanNo);\ncy.wait(2000);\nreceiveGoodsPage.getCalendarIcon().click(); //চালানের তারিখ\ncy.wait(1000);\ncy.calendar(this.ast.chalanYear, this.ast.chalanMonth, this.ast.chalanDay);\nreceiveGoodsPage.getCardFooterFourthButton().should('include.text', 'গ্রহণ এবং ইন্সপেকশনের জন্য প্রেরণ করুন').click();\ncy.wait(2000);\nreceiveGoodsPage.getConfirmPopUpHeader().should('include.text', 'নিশ্চিত করুন');\nreceiveGoodsPage.getConfirmPopUpYesButton().should('include.text', 'হ্যাঁ').click();\ncy.wait(6000);",
              "err": {},
              "uuid": "5dabf315-75ee-45ae-8a02-e82c938393f7",
              "parentUUID": "3e1b596e-17e0-42eb-8c18-01a4ebe89b32",
              "isHook": false,
              "skipped": false
            },
            {
              "title": "TC_2. Store Admin: Inspector Assign for Material Receive.",
              "fullTitle": "AST Module Regression Test Suite TC_2. Store Admin: Inspector Assign for Material Receive.",
              "timedOut": null,
              "duration": 44684,
              "state": "passed",
              "speed": "slow",
              "pass": true,
              "fail": false,
              "pending": false,
              "context": null,
              "code": "cy.login(this.ast.storeAdminID, this.ast.storeAdminPassword);\ndashboardPage.getASTAvatar().click();\ncy.wait(3000);\nleftNavMenu.getDropDownMenu().contains('ইন্সপেকশন').click();\ncy.wait(1000);\nleftNavMenu.getInspectionUnassignedSubMenu().should('include.text', 'পরিদর্শক নির্ধারণ').click();\ncy.wait(3000);\nreceiveGoodsPage.getStoreNameTab().contains(this.ast.storeName).click();\ncy.wait(3000);\nreceiveGoodsPage.getCardHeader().should('include.text', 'পরিদর্শক নির্ধারণ');\ncy.inspection(this.ast.chalanNo); //চালান নং\ncy.wait(3000); //receiveGoodsPage.getCardHeader().should('include.text', 'ম্যাটেরিয়াল রিসেপশন')\n//receiveGoodsPage.getSecondCardHeader().should('include.text', 'ম্যাটেরিয়াল রিসেপশন')   //When Store is seconde index (SQA)\n//receiveGoodsPage.getThirdCardHeader().should('include.text', 'ইন্সপেক্টর এসাইন করুন')\nreceiveGoodsPage.getFourthCardHeader().should('include.text', 'ইন্সপেক্টর এসাইন করুন'); //When Store is seconde index(SQA)\ninspectionUnassignedPage.getInspectorTypeField().should('have.attr', 'aria-label', 'পরিদর্শকের ধরণ').click();\ninspectionUnassignedPage.getDropDownItem().contains(this.ast.InspectorType).click();\ncy.wait(2000);\ninspectionUnassignedPage.getOfficeUnitField().should('have.attr', 'aria-label', 'শাখা').click();\ncy.wait(1000);\ninspectionUnassignedPage.getDropDownItem().contains(this.ast.OfficeUnit).click();\ncy.wait(2000);\ninspectionUnassignedPage.getInspectorField().should('have.attr', 'aria-label', 'পরিদর্শক').click();\ninspectionUnassignedPage.getDropDownItem().contains(this.ast.Inspector).click();\ncy.wait(2000);\nreceiveGoodsPage.getCardFooterFourthButton().should('include.text', 'প্রেরণ').click(); //Reuse from ReceiveGoods Page \ncy.wait(2000);\nreceiveGoodsPage.getConfirmPopUpHeader().should('include.text', 'নিশ্চিত করুন');\nreceiveGoodsPage.getConfirmPopUpYesButton().should('include.text', 'হ্যাঁ').click();\ncy.wait(6000);",
              "err": {},
              "uuid": "2682681b-924b-4def-8553-5c83f12a855d",
              "parentUUID": "3e1b596e-17e0-42eb-8c18-01a4ebe89b32",
              "isHook": false,
              "skipped": false
            },
            {
              "title": "TC_3. Inspector: Inspect for Material Receive.",
              "fullTitle": "AST Module Regression Test Suite TC_3. Inspector: Inspect for Material Receive.",
              "timedOut": null,
              "duration": 32815,
              "state": "passed",
              "speed": "slow",
              "pass": true,
              "fail": false,
              "pending": false,
              "context": null,
              "code": "cy.login(this.ast.inspectorID, this.ast.inspectorPassword);\n/*\n//Select office if needed\ndashboardPage.getOfficePopUpHeader().should('include.text', 'অফিস/পদ নির্বাচন করুন')\ndashboardPage.getOfficeName().contains(this.ast.inspectorOffice).click()\ncy.wait(3000)\n*/\ndashboardPage.getASTAvatar().click();\ncy.wait(3000);\nleftNavMenu.getDropDownMenu().contains('ইন্সপেকশন').click();\ncy.wait(1000);\nleftNavMenu.getInspectionAssignedSubMenu().should('include.text', 'নির্ধারিত পরিদর্শন').click();\ncy.wait(3000);\nreceiveGoodsPage.getCardHeader().should('include.text', 'নির্ধারিত পরিদর্শন');\ncy.inspection(this.ast.chalanNo); //চালান নং\ncy.wait(3000);\nreceiveGoodsPage.getCardHeader().should('include.text', 'ইন্সপেকশনের ফলাফল সেট করুন');\ninspectionAssignedPage.getRemarksField().click().type(this.ast.InspectorRemarks).should('have.value', this.ast.InspectorRemarks);\ncy.wait(2000);\n/*\nconst fileName = 'TestFile.pdf';\ninspectionAssignedPage.getQCReportButton().attachFile(fileName);      //File Upload\ncy.wait(4000)\n*/\nreceiveGoodsPage.getCardFooterFourthButton().should('include.text', 'দাখিল করুন').click(); //Reuse from ReceiveGoods Page \ncy.wait(2000);\nreceiveGoodsPage.getConfirmPopUpHeader().should('include.text', 'নিশ্চিত করুন');\nreceiveGoodsPage.getConfirmPopUpYesButton().should('include.text', 'হ্যাঁ').click();\ncy.wait(6000);",
              "err": {},
              "uuid": "0af88f07-8402-46eb-b23c-b1c4d6368529",
              "parentUUID": "3e1b596e-17e0-42eb-8c18-01a4ebe89b32",
              "isHook": false,
              "skipped": false
            },
            {
              "title": "TC_4. Store Admin: Inspection Approval for Material Receive.",
              "fullTitle": "AST Module Regression Test Suite TC_4. Store Admin: Inspection Approval for Material Receive.",
              "timedOut": null,
              "duration": 32638,
              "state": "passed",
              "speed": "slow",
              "pass": true,
              "fail": false,
              "pending": false,
              "context": null,
              "code": "cy.login(this.ast.storeAdminID, this.ast.storeAdminPassword); //Select office code here if the user have multiple office \ndashboardPage.getASTAvatar().click();\ncy.wait(3000);\nleftNavMenu.getDropDownMenu().contains('অনুমোদন অপেক্ষমান').click();\ncy.wait(1000);\nleftNavMenu.getInspectedSubMenu().should('include.text', 'পরিদর্শনকৃত').click();\ncy.wait(3000);\nreceiveGoodsPage.getStoreNameTab().contains(this.ast.storeName).click();\ncy.wait(2000);\nreceiveGoodsPage.getCardHeader().should('include.text', 'পরিদর্শনকৃত');\ncy.inspection(this.ast.chalanNo); //চালান নং\ncy.wait(3000); //receiveGoodsPage.getCardHeader().should('include.text', 'প্রাপ্তিযোগ্য পরিমাণগুলি সেট করুন')\nreceiveGoodsPage.getSecondCardHeader().should('include.text', 'প্রাপ্তিযোগ্য পরিমাণগুলি সেট করুন'); //When Store is seconde index (SQA)\ninspectedPage.getCardFooterFourthButton().should('include.text', 'অনুমোদন করুন').click(); //Reuse from ReceiveGoods Page \ncy.wait(2000);\nreceiveGoodsPage.getConfirmPopUpHeader().should('include.text', 'নিশ্চিত করুন');\nreceiveGoodsPage.getConfirmPopUpYesButton().should('include.text', 'হ্যাঁ').click();\ncy.wait(6000);",
              "err": {},
              "uuid": "180c4271-90c7-45cf-9661-ee33a93157a2",
              "parentUUID": "3e1b596e-17e0-42eb-8c18-01a4ebe89b32",
              "isHook": false,
              "skipped": false
            },
            {
              "title": "TC_5. Store Keeper: Asset Tagging (Material Receive Asset).",
              "fullTitle": "AST Module Regression Test Suite TC_5. Store Keeper: Asset Tagging (Material Receive Asset).",
              "timedOut": null,
              "duration": 109854,
              "state": "passed",
              "speed": "slow",
              "pass": true,
              "fail": false,
              "pending": false,
              "context": null,
              "code": "var _this2 = this;\ncy.login(this.ast.storeKeeperID, this.ast.storeKeeperPassword);\ndashboardPage.getASTAvatar().click();\ncy.wait(3000);\nleftNavMenu.getDropDownMenu().contains('স্টোর কিপিং').click();\ncy.wait(1000);\nleftNavMenu.getAssetTaggingSubMenu().should('include.text', 'সম্পদ ট্যাগিং').click();\ncy.wait(3000);\nreceiveGoodsPage.getStoreNameTab().contains(this.ast.storeName).click(); //Select Store\ncy.wait(3000);\nreceiveGoodsPage.getCardHeader().should('include.text', 'ট্যাগিংয়ের জন্য সম্পদের তালিকা');\nreceiveGoodsPage.getCardRows().each(function ($el, index, $list) //Select the desired চালান নং\n{\n  var textChalanNo = $el.find('td.e-rowcell[aria-label]').text();\n  if (textChalanNo.includes(_this2.ast.chalanNo)) {\n    $el.find('td button mat-icon').click();\n  }\n});\ncy.wait(3000); //receiveGoodsPage.getCardHeader().should('include.text', 'সম্পদ ট্যাগ')\n//receiveGoodsPage.getSecondCardHeader().should('include.text', 'সম্পদ ট্যাগ')   //When Store is seconde index (SQA)\n//receiveGoodsPage.getThirdCardHeader().should('include.text', 'পণ্য সমূহ')\nassetTaggingPage.getSetTagsButton().click();\ncy.wait(3000);\nassetTaggingPage.getTagInputField().clear().type(this.ast.assetTagNo).should('have.value', this.ast.assetTagNo);\ncy.wait(1000);\nassetTaggingPage.getTagInputField2().clear().type(this.ast.assetTagNo2).should('have.value', this.ast.assetTagNo2);\ncy.wait(1000);\nassetTaggingPage.getTagInputField3().clear().type(this.ast.assetTagNo3).should('have.value', this.ast.assetTagNo3);\ncy.wait(1000);\nassetTaggingPage.getTagInputField4().clear().type(this.ast.assetTagNo4).should('have.value', this.ast.assetTagNo4);\ncy.wait(1000);\nassetTaggingPage.getTagInputField5().clear().type(this.ast.assetTagNo5).should('have.value', this.ast.assetTagNo5);\ncy.wait(1000);\nassetTaggingPage.getTagInputField6().clear().type(this.ast.assetTagNo6).should('have.value', this.ast.assetTagNo6);\ncy.wait(1000);\nassetTaggingPage.getTagInputField7().clear().type(this.ast.assetTagNo7).should('have.value', this.ast.assetTagNo7);\ncy.wait(1000);\nassetTaggingPage.getTagInputField8().clear().type(this.ast.assetTagNo8).should('have.value', this.ast.assetTagNo8);\ncy.wait(1000);\nassetTaggingPage.getTagInputField9().clear().type(this.ast.assetTagNo9).should('have.value', this.ast.assetTagNo9);\ncy.wait(1000);\nassetTaggingPage.getTagInputField10().clear().type(this.ast.assetTagNo10).should('have.value', this.ast.assetTagNo10);\ncy.wait(1000);\nassetTaggingPage.getLifeTimeInputField().type(this.ast.assetLifeTime).should('have.value', this.ast.assetLifeTime);\ncy.wait(1000);\nassetTaggingPage.getSecondLifeTimeInputField().click();\ncy.wait(2500);\nreceiveGoodsPage.getCardFooterFourthButton().should('include.text', 'দাখিল করুন').click();\ncy.wait(2000);\nreceiveGoodsPage.getConfirmPopUpHeader().should('include.text', 'নিশ্চিত করুন');\nreceiveGoodsPage.getConfirmPopUpYesButton().should('include.text', 'হ্যাঁ').click();\ncy.wait(6000);",
              "err": {},
              "uuid": "35f9c3c9-4af1-4ec5-bebb-7f4ac2a2205a",
              "parentUUID": "3e1b596e-17e0-42eb-8c18-01a4ebe89b32",
              "isHook": false,
              "skipped": false
            },
            {
              "title": "TC_6. Store Keeper: Direct in request and send for approval.",
              "fullTitle": "AST Module Regression Test Suite TC_6. Store Keeper: Direct in request and send for approval.",
              "timedOut": null,
              "duration": 29614,
              "state": "failed",
              "speed": null,
              "pass": false,
              "fail": true,
              "pending": false,
              "context": null,
              "code": "var _this3 = this;\ncy.login(this.ast.storeKeeperID, this.ast.storeKeeperPassword);\ndashboardPage.getASTAvatar().click();\ncy.wait(3000);\nleftNavMenu.getDropDownMenu().contains('স্টোর কিপিং').click();\ncy.wait(1000);\nleftNavMenu.getDirectInSubMenu().should('include.text', 'সরাসরি গ্রহণ').click();\ncy.wait(3000);\nreceiveGoodsPage.getStoreNameTab().contains(this.ast.storeName).click(); //Select Store\ncy.wait(3000);\nreceiveGoodsPage.getCardHeader().should('include.text', 'বিদ্যমান সরাসরি গ্রহণ'); //directInPage.getAddButtonFirstStore().click()     //For First Store\ndirectInPage.getAddButtonSecondStore().click(); //receiveGoodsPage.getCardHeader().should('include.text', 'সরাসরি গ্রহণ তৈরি করুন')     //For First Store\n//receiveGoodsPage.getSecondCardHeader().should('include.text', 'সরাসরি গ্রহণ তৈরি করুন')\ndirectInPage.getReferenceNoField().should('have.attr', 'placeholder', 'রেফারেন্স নং').clear().type(this.ast.DIReferenceNo).should('have.value', this.ast.DIReferenceNo);\ncy.wait(2000);\ndirectInPage.getReceptionTypeField().should('have.attr', 'placeholder', 'গ্রহণের ধরণ').click().type(this.ast.DIReceptionType).should('have.value', this.ast.DIReceptionType);\ncy.wait(2000);\ndirectInPage.getJustificationField().should('have.attr', 'placeholder', 'ন্যায্যতা').click().type(this.ast.DIJustification).should('have.value', this.ast.DIJustification);\ncy.wait(2000); //directInPage.getAddItemPlusButtonForFirstStore().click()     //পণ্য যোগ করুন \ndirectInPage.getAddItemPlusButtonForSecondStore().click();\ncy.wait(3000);\ndirectInPage.getItemCategoryField().should('have.attr', 'aria-label', 'ক্যাটাগরি').click();\ninspectionUnassignedPage.getDropDownItem().contains(this.ast.ItemCategory).click();\ncy.wait(2000);\nreceiveGoodsPage.getCardRows().each(function ($el, index, $list) //Select the desired পণ্যের নাম\n{\n  var textItemName = $el.find('td.e-rowcell[aria-label]').text();\n  if (textItemName.includes(_this3.ast.ItemGroup)) {\n    $el.find('td button mat-icon:eq(1)').first().click();\n  }\n});\ncy.wait(3000);\ndirectInPage.getItemFeaturesHeader().should('include.text', 'বৈশিষ্ট্য');\ndirectInPage.getItemsDropDownField().click();\ninspectionUnassignedPage.getDropDownItem().contains(this.ast.ItemName).first().click();\ncy.wait(2000);\ndirectInPage.getAddFeaturesButton().should('include.text', 'বৈশিষ্ট্য যোগ করুন').click();\ncy.wait(2000);\ndirectInPage.getAddItemButton().click();\ncy.wait(2000);\nreceiveGoodsPage.getCardFooterFourthButton().should('include.text', 'প্রেরণ').click();\ncy.wait(2000);\nreceiveGoodsPage.getConfirmPopUpHeader().should('include.text', 'নিশ্চিত করুন');\nreceiveGoodsPage.getConfirmPopUpYesButton().should('include.text', 'হ্যাঁ').click();\ncy.wait(6000);",
              "err": {
                "message": "AssertionError: Timed out retrying: expected '<input#mat-slide-toggle-1-input.mat-slide-toggle-input.cdk-visually-hidden>' to have attribute 'placeholder'",
                "estack": "AssertionError: Timed out retrying: expected '<input#mat-slide-toggle-1-input.mat-slide-toggle-input.cdk-visually-hidden>' to have attribute 'placeholder'\n    at applyChainer (http://sqa.grp.gov.bd/__cypress/runner/cypress_runner.js:131898:32)\n    at http://sqa.grp.gov.bd/__cypress/runner/cypress_runner.js:131940:16\n    at arrayReduce (http://sqa.grp.gov.bd/__cypress/runner/cypress_runner.js:18578:21)\n    at Function.reduce (http://sqa.grp.gov.bd/__cypress/runner/cypress_runner.js:27576:14)\n    at applyChainers (http://sqa.grp.gov.bd/__cypress/runner/cypress_runner.js:131929:22)\n    at tryCatcher (http://sqa.grp.gov.bd/__cypress/runner/cypress_runner.js:9065:23)\n    at Function.Promise.attempt.Promise.try (http://sqa.grp.gov.bd/__cypress/runner/cypress_runner.js:6339:29)\n    at Context.shouldFn (http://sqa.grp.gov.bd/__cypress/runner/cypress_runner.js:131946:26)\n    at Context.should (http://sqa.grp.gov.bd/__cypress/runner/cypress_runner.js:131964:23)\n    at http://sqa.grp.gov.bd/__cypress/runner/cypress_runner.js:127819:39\n    at assertions (http://sqa.grp.gov.bd/__cypress/runner/cypress_runner.js:128079:14)\n    at tryCatcher (http://sqa.grp.gov.bd/__cypress/runner/cypress_runner.js:9065:23)\n    at Object.gotValue (http://sqa.grp.gov.bd/__cypress/runner/cypress_runner.js:8209:18)\n    at Object.gotAccum (http://sqa.grp.gov.bd/__cypress/runner/cypress_runner.js:8196:25)\n    at Object.tryCatcher (http://sqa.grp.gov.bd/__cypress/runner/cypress_runner.js:9065:23)\n    at Promise._settlePromiseFromHandler (http://sqa.grp.gov.bd/__cypress/runner/cypress_runner.js:7000:31)",
                "diff": null
              },
              "uuid": "0f474f74-e8e1-4ae3-bd4f-6b1f84709ada",
              "parentUUID": "3e1b596e-17e0-42eb-8c18-01a4ebe89b32",
              "isHook": false,
              "skipped": false
            },
            {
              "title": "TC_7. Store Admin: Inspector Assign for Direct In.",
              "fullTitle": "AST Module Regression Test Suite TC_7. Store Admin: Inspector Assign for Direct In.",
              "timedOut": null,
              "duration": 33848,
              "state": "failed",
              "speed": null,
              "pass": false,
              "fail": true,
              "pending": false,
              "context": null,
              "code": "cy.login(this.ast.storeAdminID, this.ast.storeAdminPassword);\ndashboardPage.getASTAvatar().click();\ncy.wait(3000);\nleftNavMenu.getDropDownMenu().contains('ইন্সপেকশন').click();\ncy.wait(1000);\nleftNavMenu.getInspectionUnassignedSubMenu().should('include.text', 'পরিদর্শক নির্ধারণ').click();\ncy.wait(3000);\nreceiveGoodsPage.getStoreNameTab().contains(this.ast.storeName).click();\ncy.wait(3000);\nreceiveGoodsPage.getCardHeader().should('include.text', 'পরিদর্শক নির্ধারণ');\ncy.inspection(this.ast.DIReferenceNo); //রেফারেন্স নং\ncy.wait(3000); //receiveGoodsPage.getCardHeader().should('include.text', 'সরাসরি গ্রহণ')\n//receiveGoodsPage.getSecondCardHeader().should('include.text', 'সরাসরি গ্রহণ')   //When Store is seconde index (SQA)\n//receiveGoodsPage.getThirdCardHeader().should('include.text', 'ইন্সপেক্টর এসাইন করুন')\n//receiveGoodsPage.getFourthCardHeader().should('include.text', 'ইন্সপেক্টর এসাইন করুন')     //When Store is seconde index(SQA)\ninspectionUnassignedPage.getInspectorTypeField().should('have.attr', 'aria-label', 'পরিদর্শকের ধরণ').click();\ninspectionUnassignedPage.getDropDownItem().contains(this.ast.InspectorType).click();\ncy.wait(2000);\ninspectionUnassignedPage.getOfficeUnitField().should('have.attr', 'aria-label', 'শাখা').click();\ninspectionUnassignedPage.getDropDownItem().contains(this.ast.OfficeUnit).click();\ncy.wait(2000);\ninspectionUnassignedPage.getInspectorField().should('have.attr', 'aria-label', 'পরিদর্শক').click();\ninspectionUnassignedPage.getDropDownItem().contains(this.ast.Inspector).click();\ncy.wait(2000);\nreceiveGoodsPage.getCardFooterFourthButton().should('include.text', 'প্রেরণ').click(); //Reuse from ReceiveGoods Page \ncy.wait(2000);\nreceiveGoodsPage.getConfirmPopUpHeader().should('include.text', 'নিশ্চিত করুন');\nreceiveGoodsPage.getConfirmPopUpYesButton().should('include.text', 'হ্যাঁ').click();\ncy.wait(6000);",
              "err": {
                "message": "AssertionError: Timed out retrying: Expected to find element: `.card-body mat-select:eq(0)`, but never found it.",
                "estack": "AssertionError: Timed out retrying: Expected to find element: `.card-body mat-select:eq(0)`, but never found it.\n    at ensureExistence (http://sqa.grp.gov.bd/__cypress/runner/cypress_runner.js:137673:32)\n    at Object.ensureElExistence (http://sqa.grp.gov.bd/__cypress/runner/cypress_runner.js:137691:12)\n    at ensureExistence (http://sqa.grp.gov.bd/__cypress/runner/cypress_runner.js:127867:23)\n    at onFailFn (http://sqa.grp.gov.bd/__cypress/runner/cypress_runner.js:127905:9)\n    at tryCatcher (http://sqa.grp.gov.bd/__cypress/runner/cypress_runner.js:9065:23)\n    at Promise._settlePromiseFromHandler (http://sqa.grp.gov.bd/__cypress/runner/cypress_runner.js:7000:31)\n    at Promise._settlePromise (http://sqa.grp.gov.bd/__cypress/runner/cypress_runner.js:7057:18)\n    at Promise._settlePromise0 (http://sqa.grp.gov.bd/__cypress/runner/cypress_runner.js:7102:10)\n    at Promise._settlePromises (http://sqa.grp.gov.bd/__cypress/runner/cypress_runner.js:7178:18)\n    at _drainQueueStep (http://sqa.grp.gov.bd/__cypress/runner/cypress_runner.js:3772:12)\n    at _drainQueue (http://sqa.grp.gov.bd/__cypress/runner/cypress_runner.js:3765:9)\n    at Async.../../node_modules/bluebird/js/release/async.js.Async._drainQueues (http://sqa.grp.gov.bd/__cypress/runner/cypress_runner.js:3781:5)\n    at Async.drainQueues (http://sqa.grp.gov.bd/__cypress/runner/cypress_runner.js:3651:14)",
                "diff": null
              },
              "uuid": "25483b0d-f1d6-4122-aefe-622dd019c333",
              "parentUUID": "3e1b596e-17e0-42eb-8c18-01a4ebe89b32",
              "isHook": false,
              "skipped": false
            },
            {
              "title": "TC_8. Inspector: Inspect for Direct In.",
              "fullTitle": "AST Module Regression Test Suite TC_8. Inspector: Inspect for Direct In.",
              "timedOut": null,
              "duration": 29169,
              "state": "failed",
              "speed": null,
              "pass": false,
              "fail": true,
              "pending": false,
              "context": null,
              "code": "cy.login(this.ast.inspectorID, this.ast.inspectorPassword);\n/*\n//Select office if needed\ndashboardPage.getOfficePopUpHeader().should('include.text', 'অফিস/পদ নির্বাচন করুন')\ndashboardPage.getOfficeName().contains(this.ast.inspectorOffice).click()\ncy.wait(3000)\n*/\ndashboardPage.getASTAvatar().click();\ncy.wait(3000);\nleftNavMenu.getDropDownMenu().contains('ইন্সপেকশন').click();\ncy.wait(1000);\nleftNavMenu.getInspectionAssignedSubMenu().should('include.text', 'নির্ধারিত পরিদর্শন').click();\ncy.wait(3000);\nreceiveGoodsPage.getCardHeader().should('include.text', 'নির্ধারিত পরিদর্শন');\ncy.inspection(this.ast.DIReferenceNo); //রেফারেন্স নং\ncy.wait(3000);\nreceiveGoodsPage.getCardHeader().should('include.text', 'ইন্সপেকশনের ফলাফল সেট করুন');\ninspectionAssignedPage.getRemarksField().click().type(this.ast.InspectorRemarks).should('have.value', this.ast.InspectorRemarks);\ncy.wait(2000);\n/*\nconst fileName = 'TestFile.pdf';\ninspectionAssignedPage.getQCReportButton().attachFile(fileName);      //File Upload\ncy.wait(4000)\n*/\nreceiveGoodsPage.getCardFooterFourthButton().should('include.text', 'দাখিল করুন').click(); //Reuse from ReceiveGoods Page \ncy.wait(2000);\nreceiveGoodsPage.getConfirmPopUpHeader().should('include.text', 'নিশ্চিত করুন');\nreceiveGoodsPage.getConfirmPopUpYesButton().should('include.text', 'হ্যাঁ').click();\ncy.wait(6000);",
              "err": {
                "message": "AssertionError: Timed out retrying: expected '<mat-label>' to contain text 'ইন্সপেকশনের ফলাফল সেট করুন', but the text was 'নির্ধারিত পরিদর্শন'",
                "estack": "AssertionError: Timed out retrying: expected '<mat-label>' to contain text 'ইন্সপেকশনের ফলাফল সেট করুন', but the text was 'নির্ধারিত পরিদর্শন'\n    at applyChainer (http://sqa.grp.gov.bd/__cypress/runner/cypress_runner.js:131898:32)\n    at http://sqa.grp.gov.bd/__cypress/runner/cypress_runner.js:131940:16\n    at arrayReduce (http://sqa.grp.gov.bd/__cypress/runner/cypress_runner.js:18578:21)\n    at Function.reduce (http://sqa.grp.gov.bd/__cypress/runner/cypress_runner.js:27576:14)\n    at applyChainers (http://sqa.grp.gov.bd/__cypress/runner/cypress_runner.js:131929:22)\n    at tryCatcher (http://sqa.grp.gov.bd/__cypress/runner/cypress_runner.js:9065:23)\n    at Function.Promise.attempt.Promise.try (http://sqa.grp.gov.bd/__cypress/runner/cypress_runner.js:6339:29)\n    at Context.shouldFn (http://sqa.grp.gov.bd/__cypress/runner/cypress_runner.js:131946:26)\n    at Context.should (http://sqa.grp.gov.bd/__cypress/runner/cypress_runner.js:131964:23)\n    at http://sqa.grp.gov.bd/__cypress/runner/cypress_runner.js:127819:39\n    at assertions (http://sqa.grp.gov.bd/__cypress/runner/cypress_runner.js:128079:14)\n    at tryCatcher (http://sqa.grp.gov.bd/__cypress/runner/cypress_runner.js:9065:23)\n    at Object.gotValue (http://sqa.grp.gov.bd/__cypress/runner/cypress_runner.js:8209:18)\n    at Object.gotAccum (http://sqa.grp.gov.bd/__cypress/runner/cypress_runner.js:8196:25)\n    at Object.tryCatcher (http://sqa.grp.gov.bd/__cypress/runner/cypress_runner.js:9065:23)\n    at Promise._settlePromiseFromHandler (http://sqa.grp.gov.bd/__cypress/runner/cypress_runner.js:7000:31)",
                "diff": "- 'নির্ধারিত পরিদর্শন'\n+ 'ইন্সপেকশনের ফলাফল সেট করুন'\n"
              },
              "uuid": "c9db9ace-2147-4bb1-8b1d-e84c87d57b6e",
              "parentUUID": "3e1b596e-17e0-42eb-8c18-01a4ebe89b32",
              "isHook": false,
              "skipped": false
            },
            {
              "title": "TC_9. Store Admin: Inspection Approval for Direct In.",
              "fullTitle": "AST Module Regression Test Suite TC_9. Store Admin: Inspection Approval for Direct In.",
              "timedOut": null,
              "duration": 35288,
              "state": "failed",
              "speed": null,
              "pass": false,
              "fail": true,
              "pending": false,
              "context": null,
              "code": "cy.login(this.ast.storeAdminID, this.ast.storeAdminPassword); //Select office code here if the user have multiple office \ndashboardPage.getASTAvatar().click();\ncy.wait(3000);\nleftNavMenu.getDropDownMenu().contains('অনুমোদন অপেক্ষমান').click();\ncy.wait(1000);\nleftNavMenu.getInspectedSubMenu().should('include.text', 'পরিদর্শনকৃত').click();\ncy.wait(3000);\nreceiveGoodsPage.getStoreNameTab().contains(this.ast.storeName).click();\ncy.wait(2000);\nreceiveGoodsPage.getCardHeader().should('include.text', 'পরিদর্শনকৃত');\ncy.inspection(this.ast.DIReferenceNo); //রেফারেন্স নং\ncy.wait(3000); //receiveGoodsPage.getCardHeader().should('include.text', 'প্রাপ্তিযোগ্য পরিমাণগুলি সেট করুন')\n//receiveGoodsPage.getSecondCardHeader().should('include.text', 'প্রাপ্তিযোগ্য পরিমাণগুলি সেট করুন')   //When Store is seconde index (SQA)\ninspectedPage.getCardFooterFourthButton().should('include.text', 'অনুমোদন করুন').click(); //Reuse from ReceiveGoods Page \ncy.wait(2000);\nreceiveGoodsPage.getConfirmPopUpHeader().should('include.text', 'নিশ্চিত করুন');\nreceiveGoodsPage.getConfirmPopUpYesButton().should('include.text', 'হ্যাঁ').click();\ncy.wait(6000);",
              "err": {
                "message": "AssertionError: Timed out retrying: Expected to find element: `.card-footer button:eq(3)`, but never found it.",
                "estack": "AssertionError: Timed out retrying: Expected to find element: `.card-footer button:eq(3)`, but never found it.\n    at ensureExistence (http://sqa.grp.gov.bd/__cypress/runner/cypress_runner.js:137673:32)\n    at Object.ensureElExistence (http://sqa.grp.gov.bd/__cypress/runner/cypress_runner.js:137691:12)\n    at ensureExistence (http://sqa.grp.gov.bd/__cypress/runner/cypress_runner.js:127867:23)\n    at onFailFn (http://sqa.grp.gov.bd/__cypress/runner/cypress_runner.js:127905:9)\n    at tryCatcher (http://sqa.grp.gov.bd/__cypress/runner/cypress_runner.js:9065:23)\n    at Promise._settlePromiseFromHandler (http://sqa.grp.gov.bd/__cypress/runner/cypress_runner.js:7000:31)\n    at Promise._settlePromise (http://sqa.grp.gov.bd/__cypress/runner/cypress_runner.js:7057:18)\n    at Promise._settlePromise0 (http://sqa.grp.gov.bd/__cypress/runner/cypress_runner.js:7102:10)\n    at Promise._settlePromises (http://sqa.grp.gov.bd/__cypress/runner/cypress_runner.js:7178:18)\n    at _drainQueueStep (http://sqa.grp.gov.bd/__cypress/runner/cypress_runner.js:3772:12)\n    at _drainQueue (http://sqa.grp.gov.bd/__cypress/runner/cypress_runner.js:3765:9)\n    at Async.../../node_modules/bluebird/js/release/async.js.Async._drainQueues (http://sqa.grp.gov.bd/__cypress/runner/cypress_runner.js:3781:5)\n    at Async.drainQueues (http://sqa.grp.gov.bd/__cypress/runner/cypress_runner.js:3651:14)",
                "diff": null
              },
              "uuid": "fb72e670-d558-4ce1-8aee-a9877f08adc3",
              "parentUUID": "3e1b596e-17e0-42eb-8c18-01a4ebe89b32",
              "isHook": false,
              "skipped": false
            },
            {
              "title": "TC_10. Store Keeper: Asset Tagging (Direct In Asset).",
              "fullTitle": "AST Module Regression Test Suite TC_10. Store Keeper: Asset Tagging (Direct In Asset).",
              "timedOut": null,
              "duration": 28956,
              "state": "failed",
              "speed": null,
              "pass": false,
              "fail": true,
              "pending": false,
              "context": null,
              "code": "var _this4 = this;\ncy.login(this.ast.storeKeeperID, this.ast.storeKeeperPassword);\ndashboardPage.getASTAvatar().click();\ncy.wait(3000);\nleftNavMenu.getDropDownMenu().contains('স্টোর কিপিং').click();\ncy.wait(1000);\nleftNavMenu.getAssetTaggingSubMenu().should('include.text', 'সম্পদ ট্যাগিং').click();\ncy.wait(3000);\nreceiveGoodsPage.getStoreNameTab().contains(this.ast.storeName).click(); //Select Store\ncy.wait(3000);\nreceiveGoodsPage.getCardHeader().should('include.text', 'ট্যাগিংয়ের জন্য সম্পদের তালিকা');\nreceiveGoodsPage.getCardRows().each(function ($el, index, $list) //Select the desired রেফারেন্স নং\n{\n  var textChalanNo = $el.find('td.e-rowcell[aria-label]').text();\n  if (textChalanNo.includes(_this4.ast.DIReferenceNo)) {\n    $el.find('td button mat-icon').click();\n  }\n});\ncy.wait(3000); //receiveGoodsPage.getCardHeader().should('include.text', 'সম্পদ ট্যাগ')\n//receiveGoodsPage.getSecondCardHeader().should('include.text', 'সম্পদ ট্যাগ')   //When Store is seconde index (SQA)\n//receiveGoodsPage.getThirdCardHeader().should('include.text', 'পণ্য সমূহ')\nassetTaggingPage.getSetTagsButton().click(); //Set Tag Button\ncy.wait(3000);\nassetTaggingPage.getTagInputField().clear().type(this.ast.DIassetTagNo).should('have.value', this.ast.DIassetTagNo);\ncy.wait(2000);\nassetTaggingPage.getBookValueInputField().click().type(this.ast.DIassetBookValue).should('have.value', this.ast.DIassetBookValue);\ncy.wait(2000);\nassetTaggingPage.getLifeTimeInputFieldDI().type(this.ast.assetLifeTime).should('have.value', this.ast.assetLifeTime);\ncy.wait(1000); //assetTaggingPage.getSecondLifeTimeInputField().click()\n//cy.wait(2500)\nreceiveGoodsPage.getCardFooterFourthButton().should('include.text', 'দাখিল করুন').click();\ncy.wait(2000);\nreceiveGoodsPage.getConfirmPopUpHeader().should('include.text', 'নিশ্চিত করুন');\nreceiveGoodsPage.getConfirmPopUpYesButton().should('include.text', 'হ্যাঁ').click();\ncy.wait(6000);",
              "err": {
                "message": "CypressError: `cy.click()` can only be called on a single element. Your subject contained 12 elements. Pass `{ multiple: true }` if you want to serially click each element.\n\nhttps://on.cypress.io/click",
                "estack": "CypressError: `cy.click()` can only be called on a single element. Your subject contained 12 elements. Pass `{ multiple: true }` if you want to serially click each element.\n\nhttps://on.cypress.io/click\n    at cypressErr (http://sqa.grp.gov.bd/__cypress/runner/cypress_runner.js:146621:16)\n    at cypressErrByPath (http://sqa.grp.gov.bd/__cypress/runner/cypress_runner.js:146630:10)\n    at Object.throwErrByPath (http://sqa.grp.gov.bd/__cypress/runner/cypress_runner.js:146593:11)\n    at mouseAction (http://sqa.grp.gov.bd/__cypress/runner/cypress_runner.js:129370:17)\n    at Context.click (http://sqa.grp.gov.bd/__cypress/runner/cypress_runner.js:129513:14)\n    at Context.<anonymous> (http://sqa.grp.gov.bd/__cypress/runner/cypress_runner.js:144927:21)\n    at http://sqa.grp.gov.bd/__cypress/runner/cypress_runner.js:144402:33\n    at tryCatcher (http://sqa.grp.gov.bd/__cypress/runner/cypress_runner.js:9065:23)\n    at Promise._settlePromiseFromHandler (http://sqa.grp.gov.bd/__cypress/runner/cypress_runner.js:7000:31)\n    at Promise._settlePromise (http://sqa.grp.gov.bd/__cypress/runner/cypress_runner.js:7057:18)\n    at Promise._settlePromiseCtx (http://sqa.grp.gov.bd/__cypress/runner/cypress_runner.js:7094:10)\n    at _drainQueueStep (http://sqa.grp.gov.bd/__cypress/runner/cypress_runner.js:3776:12)\n    at _drainQueue (http://sqa.grp.gov.bd/__cypress/runner/cypress_runner.js:3765:9)\n    at Async.../../node_modules/bluebird/js/release/async.js.Async._drainQueues (http://sqa.grp.gov.bd/__cypress/runner/cypress_runner.js:3781:5)\n    at Async.drainQueues (http://sqa.grp.gov.bd/__cypress/runner/cypress_runner.js:3651:14)",
                "diff": null
              },
              "uuid": "8c05c5c1-4688-4d1f-b31e-2da2f09a3d94",
              "parentUUID": "3e1b596e-17e0-42eb-8c18-01a4ebe89b32",
              "isHook": false,
              "skipped": false
            },
            {
              "title": "TC_11. Store Keeper: Direct Out Request and Send for Approval.",
              "fullTitle": "AST Module Regression Test Suite TC_11. Store Keeper: Direct Out Request and Send for Approval.",
              "timedOut": null,
              "duration": 61720,
              "state": "failed",
              "speed": null,
              "pass": false,
              "fail": true,
              "pending": false,
              "context": null,
              "code": "cy.login(this.ast.storeKeeperID, this.ast.storeKeeperPassword);\ndashboardPage.getASTAvatar().click();\ncy.wait(3000);\nleftNavMenu.getDropDownMenu().contains('স্টোর কিপিং').click();\ncy.wait(1000);\nleftNavMenu.getDirectOutSubMenu().should('include.text', 'সরাসরি প্রদান').click();\ncy.wait(3000);\nreceiveGoodsPage.getStoreNameTab().contains(this.ast.storeName).click(); //Select Store\ncy.wait(3000);\nreceiveGoodsPage.getCardHeader().should('include.text', 'বিদ্যমান অনুরোধসমূহ'); //directInPage.getAddButtonFirstStore().click()\ndirectInPage.getAddButtonSecondStore().click(); //Re-use from Direct In Page\ncy.wait(3000);\ndirectOutPage.getPostOfficeTypeField().should('have.attr', 'aria-label', 'ধরণ').click();\ninspectionUnassignedPage.getDropDownItem().contains(this.ast.DOOfficePostType).click();\ncy.wait(2000);\ndirectOutPage.getOfficeUniteField().should('have.attr', 'aria-label', 'শাখা').click();\ncy.wait(1000);\ninspectionUnassignedPage.getDropDownItem().contains(this.ast.OfficeUnit).click();\ncy.wait(2000);\ndirectOutPage.getPostField().should('have.attr', 'aria-label', 'পদবি').click();\ninspectionUnassignedPage.getDropDownItem().contains(this.ast.DOPostPerson).click();\ncy.wait(2000); //New Tag search pop-up code will added here\ndirectOutPage.getTagInputField().should('have.attr', 'placeholder', 'ট্যাগ দিন').click().type(this.ast.DIassetTagNo).should('have.value', this.ast.DIassetTagNo);\ncy.wait(2000);\nreceiveGoodsPage.getCardFooterFourthButton().should('include.text', 'পণ্য যোগ করুন').click(); //Re-use from Receive Goods Page\ncy.wait(3000);\nreceiveGoodsPage.getCardFooterFifthButton().should('include.text', 'অনুমোদনের জন্য প্রেরণ').click(); //Re-use from Receive Goods Page\ncy.wait(2000);\nreceiveGoodsPage.getConfirmPopUpHeader().should('include.text', 'নিশ্চিত করুন');\nreceiveGoodsPage.getConfirmPopUpYesButton().should('include.text', 'হ্যাঁ').click();\ncy.wait(6000);",
              "err": {
                "message": "AssertionError: Timed out retrying: Expected to find element: `.card-footer button:eq(4)`, but never found it.",
                "estack": "AssertionError: Timed out retrying: Expected to find element: `.card-footer button:eq(4)`, but never found it.\n    at ensureExistence (http://sqa.grp.gov.bd/__cypress/runner/cypress_runner.js:137673:32)\n    at Object.ensureElExistence (http://sqa.grp.gov.bd/__cypress/runner/cypress_runner.js:137691:12)\n    at ensureExistence (http://sqa.grp.gov.bd/__cypress/runner/cypress_runner.js:127867:23)\n    at onFailFn (http://sqa.grp.gov.bd/__cypress/runner/cypress_runner.js:127905:9)\n    at tryCatcher (http://sqa.grp.gov.bd/__cypress/runner/cypress_runner.js:9065:23)\n    at Promise._settlePromiseFromHandler (http://sqa.grp.gov.bd/__cypress/runner/cypress_runner.js:7000:31)\n    at Promise._settlePromise (http://sqa.grp.gov.bd/__cypress/runner/cypress_runner.js:7057:18)\n    at Promise._settlePromise0 (http://sqa.grp.gov.bd/__cypress/runner/cypress_runner.js:7102:10)\n    at Promise._settlePromises (http://sqa.grp.gov.bd/__cypress/runner/cypress_runner.js:7178:18)\n    at _drainQueueStep (http://sqa.grp.gov.bd/__cypress/runner/cypress_runner.js:3772:12)\n    at _drainQueue (http://sqa.grp.gov.bd/__cypress/runner/cypress_runner.js:3765:9)\n    at Async.../../node_modules/bluebird/js/release/async.js.Async._drainQueues (http://sqa.grp.gov.bd/__cypress/runner/cypress_runner.js:3781:5)\n    at Async.drainQueues (http://sqa.grp.gov.bd/__cypress/runner/cypress_runner.js:3651:14)",
                "diff": null
              },
              "uuid": "40750e17-463f-41ae-8a8b-3d53e3a47586",
              "parentUUID": "3e1b596e-17e0-42eb-8c18-01a4ebe89b32",
              "isHook": false,
              "skipped": false
            },
            {
              "title": "TC_12. Store Admin: Approves Direct Out with Proper Comments.",
              "fullTitle": "AST Module Regression Test Suite TC_12. Store Admin: Approves Direct Out with Proper Comments.",
              "timedOut": null,
              "duration": 36122,
              "state": "failed",
              "speed": null,
              "pass": false,
              "fail": true,
              "pending": false,
              "context": null,
              "code": "cy.login(this.ast.storeAdminID, this.ast.storeAdminPassword); //Select office code here if the user have multiple office \ndashboardPage.getASTAvatar().click();\ncy.wait(3000);\nleftNavMenu.getDropDownMenu().contains('অনুমোদন অপেক্ষমান').click();\ncy.wait(1000);\nleftNavMenu.getDirectOutSubMenuOfPendingApproval().should('include.text', 'সরাসরি প্রদান').click();\ncy.wait(3000);\nreceiveGoodsPage.getCardHeader().should('include.text', 'তালিকা');\ncy.inspection(this.ast.DOPostPerson); //Direct Out user Post\ncy.wait(3000);\ndirectOutPage.getDirectOutDetailsPageHeader().should('include.text', 'সরাসরি প্রদান বিস্তারিত');\ndirectOutPage.getDORemarksInputField().click().type(this.ast.ApprovalRemarks).should('have.value', this.ast.ApprovalRemarks);\ncy.wait(2000);\ninspectedPage.getCardFooterFifthButton().should('include.text', 'অনুমোদন করুন').click(); //Reuse from ReceiveGoods Page \ncy.wait(2000);\nreceiveGoodsPage.getConfirmPopUpHeader().should('include.text', 'নিশ্চিত করুন');\nreceiveGoodsPage.getConfirmPopUpYesButton().should('include.text', 'হ্যাঁ').click();\ncy.wait(6000);",
              "err": {
                "message": "AssertionError: Timed out retrying: Expected to find element: `.card-header h5`, but never found it.",
                "estack": "AssertionError: Timed out retrying: Expected to find element: `.card-header h5`, but never found it.\n    at ensureExistence (http://sqa.grp.gov.bd/__cypress/runner/cypress_runner.js:137673:32)\n    at Object.ensureElExistence (http://sqa.grp.gov.bd/__cypress/runner/cypress_runner.js:137691:12)\n    at ensureExistence (http://sqa.grp.gov.bd/__cypress/runner/cypress_runner.js:127867:23)\n    at onFailFn (http://sqa.grp.gov.bd/__cypress/runner/cypress_runner.js:127905:9)\n    at tryCatcher (http://sqa.grp.gov.bd/__cypress/runner/cypress_runner.js:9065:23)\n    at Promise._settlePromiseFromHandler (http://sqa.grp.gov.bd/__cypress/runner/cypress_runner.js:7000:31)\n    at Promise._settlePromise (http://sqa.grp.gov.bd/__cypress/runner/cypress_runner.js:7057:18)\n    at Promise._settlePromise0 (http://sqa.grp.gov.bd/__cypress/runner/cypress_runner.js:7102:10)\n    at Promise._settlePromises (http://sqa.grp.gov.bd/__cypress/runner/cypress_runner.js:7178:18)\n    at _drainQueueStep (http://sqa.grp.gov.bd/__cypress/runner/cypress_runner.js:3772:12)\n    at _drainQueue (http://sqa.grp.gov.bd/__cypress/runner/cypress_runner.js:3765:9)\n    at Async.../../node_modules/bluebird/js/release/async.js.Async._drainQueues (http://sqa.grp.gov.bd/__cypress/runner/cypress_runner.js:3781:5)\n    at Async.drainQueues (http://sqa.grp.gov.bd/__cypress/runner/cypress_runner.js:3651:14)",
                "diff": null
              },
              "uuid": "37138278-5f3a-4aa7-81f2-81b1519f8ccd",
              "parentUUID": "3e1b596e-17e0-42eb-8c18-01a4ebe89b32",
              "isHook": false,
              "skipped": false
            },
            {
              "title": "TC_13. Asset user: Add Items for (Self) Requisition.",
              "fullTitle": "AST Module Regression Test Suite TC_13. Asset user: Add Items for (Self) Requisition.",
              "timedOut": null,
              "duration": 72179,
              "state": "passed",
              "speed": "slow",
              "pass": true,
              "fail": false,
              "pending": false,
              "context": null,
              "code": "var _this5 = this;\ncy.login(this.ast.officeAdminID, this.ast.officeAdminPassword); //Select office code here if the user have multiple office \ndashboardPage.getASTAvatar().click();\ncy.wait(3000);\nleftNavMenu.getRequisitionMenu().should('include.text', 'চাহিদা পত্র').click();\ncy.wait(3000);\nreceiveGoodsPage.getCardHeader().should('include.text', 'চাহিদা পত্র');\ndirectInPage.getAddButtonFirstStore().click(); // Re-use from Direct In Page (চাহিদা পত্র plus button)\ncy.wait(3000);\nreceiveGoodsPage.getCardHeader().should('include.text', 'চাহিদাপত্র তৈরি করুন');\nrequisitionPage.getReferenceNoField().should('have.attr', 'placeholder', 'রেফারেন্স নং').clear().type(this.ast.requisitionReferenceNo).should('have.value', this.ast.requisitionReferenceNo);\ncy.wait(2000);\nrequisitionPage.getJustificationField().should('have.value', 'দাপ্তরিক কাজে ব্যবহারের জন্য');\nrequisitionPage.getPurposeField().should('have.attr', 'aria-label', 'উদ্দেশ্য').click();\ninspectionUnassignedPage.getDropDownItem().contains(this.ast.requisitionPurpose).click();\ncy.wait(2000);\nrequisitionPage.getItemsButton().should('include.text', 'পণ্য সমূহ').click();\ncy.wait(3000);\nrequisitionPage.getItemsCategoryField().should('have.attr', 'aria-label', 'ক্যাটাগরি').click();\ninspectionUnassignedPage.getDropDownItem().contains(this.ast.ItemCategory).click();\ncy.wait(2000);\nreceiveGoodsPage.getCardRows().each(function ($el, index, $list) //Select the desired পণ্যের নাম\n{\n  var textItemGroup = $el.find('td.e-rowcell[aria-label]').text();\n  if (textItemGroup.includes(_this5.ast.ItemGroup)) {\n    $el.find('td button mat-icon:eq(1)').first().click();\n  }\n});\ncy.wait(3000);\ndirectInPage.getItemFeaturesHeader().should('include.text', 'বৈশিষ্ট্য');\ndirectInPage.getItemsDropDownField().click();\ninspectionUnassignedPage.getDropDownItem().contains(this.ast.ItemName).first().click();\ncy.wait(2000);\ndirectInPage.getAddFeaturesButton().should('include.text', 'বৈশিষ্ট্য যোগ করুন').click();\ncy.wait(2000);\nrequisitionPage.getQuantityInputBox().clear().type(this.ast.requisitionQuantity).should('have.value', this.ast.requisitionQuantity);\ncy.wait(1500);\ndirectInPage.getAddItemButton().first().click(); //Plus icon for add items\ncy.wait(2000);\ninspectedPage.getCardFooterFifthButton().should('include.text', 'প্রেরণ').click(); //Reuse from ReceiveGoods Page \ncy.wait(2000);\nreceiveGoodsPage.getConfirmPopUpHeader().should('include.text', 'নিশ্চিত করুন');\nreceiveGoodsPage.getConfirmPopUpYesButton().should('include.text', 'হ্যাঁ').click();\ncy.wait(6000);",
              "err": {},
              "uuid": "b7d5ae10-13c1-410d-8dcf-262590173248",
              "parentUUID": "3e1b596e-17e0-42eb-8c18-01a4ebe89b32",
              "isHook": false,
              "skipped": false
            },
            {
              "title": "TC_14. Store Admin: Requisition Approval of Asset User(Self) Requisition.",
              "fullTitle": "AST Module Regression Test Suite TC_14. Store Admin: Requisition Approval of Asset User(Self) Requisition.",
              "timedOut": null,
              "duration": 99912,
              "state": "passed",
              "speed": "slow",
              "pass": true,
              "fail": false,
              "pending": false,
              "context": null,
              "code": "var _this6 = this;\ncy.login(this.ast.storeAdminID, this.ast.storeAdminPassword); //Select office code here if the user have multiple office \ndashboardPage.getASTAvatar().click();\ncy.wait(3000);\nleftNavMenu.getDropDownMenu().contains('অনুমোদন অপেক্ষমান').click();\ncy.wait(1000);\nleftNavMenu.getRequisitionSubMenuOfPendingApproval().should('include.text', 'চাহিদা পত্র').click();\ncy.wait(3500);\nreceiveGoodsPage.getCardHeader().should('include.text', 'চাহিদা পত্র');\ncy.inspection(this.ast.DOPostPerson); //Select গ্রাহক\ncy.wait(3000);\nreceiveGoodsPage.getCardHeader().should('include.text', 'চাহিদা পত্র অনুমোদন');\nreceiveGoodsPage.getCardRows().each(function ($el, index, $list) //Select the desired পণ্যের নাম\n{\n  var textItemGroup = $el.find('td.e-rowcell[aria-label]').text();\n  if (textItemGroup.includes(_this6.ast.ItemGroup)) {\n    $el.find('td button mat-icon:eq(0)').first().click();\n  }\n});\ncy.wait(4000);\nrequisitionPage.getUncheckDefaultItem().click({\n  force: true\n});\nrequisitionPage.getUncheckDefaultItem2().click({\n  force: true\n});\nrequisitionPage.getUncheckDefaultItem3().click({\n  force: true\n});\nrequisitionPage.getUncheckDefaultItem4().click({\n  force: true\n});\nrequisitionPage.getUncheckDefaultItem5().click({\n  force: true\n});\nrequisitionPage.getUncheckDefaultItem6().click({\n  force: true\n});\nrequisitionPage.getUncheckDefaultItem7().click({\n  force: true\n}); //requisitionPage.getUncheckDefaultItem8().click({ force: true })\n//requisitionPage.getUncheckDefaultItem9().click({ force: true })\n//requisitionPage.getUncheckDefaultItem10().click({ force: true })\ncy.wait(2000);\ncy.selectItems(this.ast.assetTagNo);\ncy.wait(1000);\ncy.selectItems(this.ast.assetTagNo2);\ncy.wait(1000);\ncy.selectItems(this.ast.assetTagNo3);\ncy.wait(1000);\ncy.selectItems(this.ast.assetTagNo4);\ncy.wait(1000);\ncy.selectItems(this.ast.assetTagNo5);\ncy.wait(1000);\ncy.selectItems(this.ast.assetTagNo6);\ncy.wait(1000);\ncy.selectItems(this.ast.assetTagNo7);\ncy.wait(1000);\n/*    cy.selectItems(this.ast.assetTagNo8)\n    cy.wait(1000)\n    cy.selectItems(this.ast.assetTagNo9)\n    cy.wait(1000)\n    cy.selectItems(this.ast.assetTagNo10)\n    cy.wait(2000)\n*/\nrequisitionPage.getAddAssetButton().should('include.text', 'সম্পদ যোগ করুন').click();\ncy.wait(2000);\nrequisitionPage.getRemarkField().click().type(this.ast.ApprovalRemarks).should('have.value', this.ast.ApprovalRemarks);\ncy.wait(2000);\nrequisitionPage.getCardFooterSixthButton().should('include.text', 'অনুমোদন করুন').click();\ncy.wait(2000);\nrequisitionPage.getConfirmPopupHeader().should('include.text', 'নিশ্চিত করুন');\nrequisitionPage.getCardFooterYesButton().should('include.text', 'হ্যাঁ').click();\ncy.wait(2000);\nrequisitionPage.getConfirmPopupHeader().should('include.text', 'অনুরোধ নিশ্চিতকরণ');\nrequisitionPage.getRemarksFieldOnConfirmCard().click().type(this.ast.ApprovalRemarks);\ncy.wait(2000);\nrequisitionPage.getCardFooterYesButton().should('include.text', 'সংরক্ষণ করুন').click();\ncy.wait(6000);",
              "err": {},
              "uuid": "58450f6f-5e99-43d2-bab9-c69f3b217255",
              "parentUUID": "3e1b596e-17e0-42eb-8c18-01a4ebe89b32",
              "isHook": false,
              "skipped": false
            },
            {
              "title": "TC_15. Store Keeper: Issue Requisition Items for Asset User(Self) Requisition.",
              "fullTitle": "AST Module Regression Test Suite TC_15. Store Keeper: Issue Requisition Items for Asset User(Self) Requisition.",
              "timedOut": null,
              "duration": 44894,
              "state": "passed",
              "speed": "slow",
              "pass": true,
              "fail": false,
              "pending": false,
              "context": null,
              "code": "cy.login(this.ast.storeKeeperID, this.ast.storeKeeperPassword); //Select office code here if the user have multiple office \ndashboardPage.getASTAvatar().click();\ncy.wait(3000);\nleftNavMenu.getDropDownMenu().contains('স্টোর কিপিং').click();\ncy.wait(1000);\nleftNavMenu.getIssueLisrSubMenu().should('include.text', 'ইস্যু').click();\ncy.wait(3500);\nreceiveGoodsPage.getStoreNameTab().contains(this.ast.storeName).click();\ncy.wait(3000);\nreceiveGoodsPage.getCardHeader().should('include.text', 'ইস্যু তালিকা');\ncy.inspection(this.ast.DOPostPerson); //Select গ্রাহক\ncy.wait(3000); //receiveGoodsPage.getCardHeader().should('include.text', 'পণ্য সমূহ')\nreceiveGoodsPage.getCardFooterFourthButton().should('include.text', 'দাখিল করুন').click();\ncy.wait(2000);\nreceiveGoodsPage.getConfirmPopUpHeader().should('include.text', 'নিশ্চিত করুন');\nreceiveGoodsPage.getConfirmPopUpYesButton().should('include.text', 'হ্যাঁ').click();\ncy.wait(6000);",
              "err": {},
              "uuid": "13a4374f-6523-47df-9dac-35aa7547419c",
              "parentUUID": "3e1b596e-17e0-42eb-8c18-01a4ebe89b32",
              "isHook": false,
              "skipped": false
            },
            {
              "title": "TC_16. Store Admin: Give Asset Return Request with Items (Request Return).",
              "fullTitle": "AST Module Regression Test Suite TC_16. Store Admin: Give Asset Return Request with Items (Request Return).",
              "timedOut": null,
              "duration": 82090,
              "state": "passed",
              "speed": "slow",
              "pass": true,
              "fail": false,
              "pending": false,
              "context": null,
              "code": "cy.login(this.ast.storeAdminID, this.ast.storeAdminPassword); //Select office code here if the user have multiple office \ndashboardPage.getASTAvatar().click();\ncy.wait(3000);\nleftNavMenu.getDropDownMenu().contains('ফেরৎ গ্রহণ').click();\ncy.wait(1000);\nleftNavMenu.getRequestReturnSubMenu().should('include.text', 'ফেরৎ অনুরোধ').click();\ncy.wait(3000);\nreceiveGoodsPage.getStoreNameTab().contains(this.ast.storeName).click(); //Select Store\ncy.wait(3000);\nreceiveGoodsPage.getCardHeader().should('include.text', 'ফেরতের জন্য অনুরোধের তালিকা'); //directInPage.getAddButtonFirstStore().click()   //Plus button\ndirectInPage.getAddButtonSecondStore().click();\ncy.wait(2000); //receiveGoodsPage.getCardHeader().should('include.text', 'পোস্ট / অফিস ইউনিট নির্বাচন করুন')\ndirectOutPage.getPostOfficeTypeField().should('have.attr', 'aria-label', 'ধরণ').click();\ninspectionUnassignedPage.getDropDownItem().contains(this.ast.DOOfficePostType).click();\ncy.wait(2000);\ndirectOutPage.getOfficeUniteField().should('have.attr', 'aria-label', 'শাখা').click();\ncy.wait(1000);\ninspectionUnassignedPage.getDropDownItem().contains(this.ast.OfficeUnit).click();\ncy.wait(3000);\ndirectOutPage.getPostField().should('have.attr', 'aria-label', 'পদবি').click();\ninspectionUnassignedPage.getDropDownItem().contains(this.ast.DOPostPerson).click();\ncy.wait(2000);\ncy.selectItems(this.ast.assetTagNo);\ncy.wait(2000);\nrequestReturnPage.getCarrierField().should('have.attr', 'aria-label', 'বাহক').click();\ninspectionUnassignedPage.getDropDownItem().contains(this.ast.CarrierName).click();\ncy.wait(2000);\nreceiveGoodsPage.getCalendarIcon().click(); //Approximate Date\ncy.calendar(this.ast.chalanYear, this.ast.chalanMonth, this.ast.chalanDay);\nrequestReturnPage.getApproverField().should('have.attr', 'aria-label', 'অনুমোদনকারী').click();\ninspectionUnassignedPage.getDropDownItem().contains(this.ast.ApproverName).click();\ncy.wait(2000);\nrequestReturnPage.getCardFooterThirdButton().should('include.text', 'অনুমোদনের জন্য প্রেরণ').click(); //Reuse from ReceiveGoods Page \ncy.wait(2000);\nreceiveGoodsPage.getConfirmPopUpHeader().should('include.text', 'নিশ্চিত করুন');\nreceiveGoodsPage.getConfirmPopUpYesButton().should('include.text', 'হ্যাঁ').click();\ncy.wait(6000);",
              "err": {},
              "uuid": "5f6be6cc-cf6d-4788-9923-d2695ec3e129",
              "parentUUID": "3e1b596e-17e0-42eb-8c18-01a4ebe89b32",
              "isHook": false,
              "skipped": false
            },
            {
              "title": "TC_17. Store Admin: Approved the Asset Return (Request Return)",
              "fullTitle": "AST Module Regression Test Suite TC_17. Store Admin: Approved the Asset Return (Request Return)",
              "timedOut": null,
              "duration": 39711,
              "state": "passed",
              "speed": "slow",
              "pass": true,
              "fail": false,
              "pending": false,
              "context": null,
              "code": "cy.login(this.ast.storeAdminID, this.ast.storeAdminPassword); //Select office code here if the user have multiple office \ndashboardPage.getASTAvatar().click();\ncy.wait(3000);\nleftNavMenu.getDropDownMenu().contains('অনুমোদন অপেক্ষমান').click();\ncy.wait(1000);\nleftNavMenu.getRequestApprovalSubMenu().should('include.text', 'ফেরত অনুরোধ').click();\ncy.wait(3000);\nreceiveGoodsPage.getCardHeader().should('include.text', 'অনুরোধসমূহের তালিকা');\ncy.inspection(this.ast.DOPostPerson); //ফেরতদাতা\ncy.wait(3000);\nreceiveGoodsPage.getCardHeader().should('include.text', 'সম্পদ ফেরৎ');\nrequestReturnPage.getApproveButton().should('include.text', 'অনুমোদন করুন').click(); //Reuse from ReceiveGoods Page \ncy.wait(1000);\nreceiveGoodsPage.getConfirmPopUpHeader().should('include.text', 'নিশ্চিত করুন');\nreceiveGoodsPage.getConfirmPopUpYesButton().should('include.text', 'হ্যাঁ').click();\ncy.wait(6000);",
              "err": {},
              "uuid": "206676d8-c9c0-492b-8d4b-6cf40e9fba50",
              "parentUUID": "3e1b596e-17e0-42eb-8c18-01a4ebe89b32",
              "isHook": false,
              "skipped": false
            },
            {
              "title": "TC_18. Store Keeper: Receive that Asset Return (Request Return) which was Requested by the Store Admin.",
              "fullTitle": "AST Module Regression Test Suite TC_18. Store Keeper: Receive that Asset Return (Request Return) which was Requested by the Store Admin.",
              "timedOut": null,
              "duration": 43193,
              "state": "passed",
              "speed": "slow",
              "pass": true,
              "fail": false,
              "pending": false,
              "context": null,
              "code": "cy.login(this.ast.storeKeeperID, this.ast.storeKeeperPassword); //Select office code here if the user have multiple office \ndashboardPage.getASTAvatar().click();\ncy.wait(3000);\nleftNavMenu.getDropDownMenu().contains('ফেরৎ গ্রহণ').click();\ncy.wait(1000);\nleftNavMenu.getRequestReceiveSubMenu().should('include.text', 'ফেরত গ্রহণ').click();\ncy.wait(3000);\nreceiveGoodsPage.getStoreNameTab().contains(this.ast.storeName).click();\ncy.wait(3000); //receiveGoodsPage.getCardHeader().should('include.text', 'অনুরোধসমূহের তালিকা')\ncy.inspection(this.ast.DOPostPerson); //ফেরতদাতা \n//requestReturnPage.getEnterEyeButton().last().click()\ncy.wait(3000); //receiveGoodsPage.getCardHeader().should('include.text', 'সম্পদ ফেরৎ')\nrequestReturnPage.getReciveButton().should('include.text', 'গ্রহণ').click(); //Reuse from ReceiveGoods Page \ncy.wait(1000);\nreceiveGoodsPage.getConfirmPopUpHeader().should('include.text', 'নিশ্চিত করুন');\nreceiveGoodsPage.getConfirmPopUpYesButton().should('include.text', 'হ্যাঁ').click();\ncy.wait(6000);",
              "err": {},
              "uuid": "de39cf10-e449-4c04-89ac-70a39193b3da",
              "parentUUID": "3e1b596e-17e0-42eb-8c18-01a4ebe89b32",
              "isHook": false,
              "skipped": false
            },
            {
              "title": "TC_19. Store Admin: Inspector Assign for Asset Return (Request Return).",
              "fullTitle": "AST Module Regression Test Suite TC_19. Store Admin: Inspector Assign for Asset Return (Request Return).",
              "timedOut": null,
              "duration": 60746,
              "state": "passed",
              "speed": "slow",
              "pass": true,
              "fail": false,
              "pending": false,
              "context": null,
              "code": "cy.login(this.ast.storeAdminID, this.ast.storeAdminPassword);\ndashboardPage.getASTAvatar().click();\ncy.wait(3000);\nleftNavMenu.getDropDownMenu().contains('ইন্সপেকশন').click();\ncy.wait(1000);\nleftNavMenu.getInspectionUnassignedSubMenu().should('include.text', 'পরিদর্শক নির্ধারণ').click();\ncy.wait(3000);\nreceiveGoodsPage.getStoreNameTab().contains(this.ast.storeName).click();\ncy.wait(3000);\nreceiveGoodsPage.getCardHeader().should('include.text', 'পরিদর্শক নির্ধারণ');\ncy.inspection(this.ast.ARPost); // Post পদবি\ncy.wait(3000); //receiveGoodsPage.getCardHeader().should('include.text', 'সম্পদ ফেরৎ')\n//receiveGoodsPage.getSecondCardHeader().should('include.text', 'সম্পদ ফেরৎ')   //When Store is seconde index (SQA)\n//receiveGoodsPage.getThirdCardHeader().should('include.text', 'ইন্সপেক্টর এসাইন করুন')\n//receiveGoodsPage.getFourthCardHeader().should('include.text', 'ইন্সপেক্টর এসাইন করুন')     //When Store is seconde index(SQA)\ninspectionUnassignedPage.getInspectorTypeField().should('have.attr', 'aria-label', 'পরিদর্শকের ধরণ').click();\ninspectionUnassignedPage.getDropDownItem().contains(this.ast.InspectorType).click();\ncy.wait(2000);\ninspectionUnassignedPage.getOfficeUnitField().should('have.attr', 'aria-label', 'শাখা').click();\ncy.wait(1000);\ninspectionUnassignedPage.getDropDownItem().contains(this.ast.OfficeUnit).click();\ncy.wait(2000);\ninspectionUnassignedPage.getInspectorField().should('have.attr', 'aria-label', 'পরিদর্শক').click();\ninspectionUnassignedPage.getDropDownItem().contains(this.ast.Inspector).click();\ncy.wait(2000);\nreceiveGoodsPage.getCardFooterFourthButton().should('include.text', 'প্রেরণ').click(); //Reuse from ReceiveGoods Page \ncy.wait(2000);\nreceiveGoodsPage.getConfirmPopUpHeader().should('include.text', 'নিশ্চিত করুন');\nreceiveGoodsPage.getConfirmPopUpYesButton().should('include.text', 'হ্যাঁ').click();\ncy.wait(6000);",
              "err": {},
              "uuid": "2caa1808-13d2-4ed9-9547-ef774769b995",
              "parentUUID": "3e1b596e-17e0-42eb-8c18-01a4ebe89b32",
              "isHook": false,
              "skipped": false
            },
            {
              "title": "TC_20. Inspector: Inspect for Asset Return (Request Return).",
              "fullTitle": "AST Module Regression Test Suite TC_20. Inspector: Inspect for Asset Return (Request Return).",
              "timedOut": null,
              "duration": 44220,
              "state": "passed",
              "speed": "slow",
              "pass": true,
              "fail": false,
              "pending": false,
              "context": null,
              "code": "cy.login(this.ast.inspectorID, this.ast.inspectorPassword);\n/*\n//Select office if needed\ndashboardPage.getOfficePopUpHeader().should('include.text', 'অফিস/পদ নির্বাচন করুন')\ndashboardPage.getOfficeName().contains(this.ast.inspectorOffice).click()\ncy.wait(3000)\n*/\ndashboardPage.getASTAvatar().click();\ncy.wait(3000);\nleftNavMenu.getDropDownMenu().contains('ইন্সপেকশন').click();\ncy.wait(1000);\nleftNavMenu.getInspectionAssignedSubMenu().should('include.text', 'নির্ধারিত পরিদর্শন').click();\ncy.wait(3000);\nreceiveGoodsPage.getCardHeader().should('include.text', 'নির্ধারিত পরিদর্শন');\ncy.inspection(this.ast.ARPost); //Post / পদবি\ncy.wait(3000);\nreceiveGoodsPage.getCardHeader().should('include.text', 'ইন্সপেকশনের ফলাফল সেট করুন');\ninspectionAssignedPage.getRemarksFieldFirstStore().click().type(this.ast.InspectorRemarks).should('have.value', this.ast.InspectorRemarks);\ncy.wait(2000);\nreceiveGoodsPage.getCardFooterFourthButton().should('include.text', 'দাখিল করুন').click(); //Reuse from ReceiveGoods Page \ncy.wait(2000);\nreceiveGoodsPage.getConfirmPopUpHeader().should('include.text', 'নিশ্চিত করুন');\nreceiveGoodsPage.getConfirmPopUpYesButton().should('include.text', 'হ্যাঁ').click();\ncy.wait(6000);",
              "err": {},
              "uuid": "d228071e-c238-457d-b5d9-f60c65ba806e",
              "parentUUID": "3e1b596e-17e0-42eb-8c18-01a4ebe89b32",
              "isHook": false,
              "skipped": false
            },
            {
              "title": "TC_21. Store Admin: Inspection Approval for Asset Return (Request Return).",
              "fullTitle": "AST Module Regression Test Suite TC_21. Store Admin: Inspection Approval for Asset Return (Request Return).",
              "timedOut": null,
              "duration": 42664,
              "state": "passed",
              "speed": "slow",
              "pass": true,
              "fail": false,
              "pending": false,
              "context": null,
              "code": "cy.login(this.ast.storeAdminID, this.ast.storeAdminPassword); //Select office code here if the user have multiple office \ndashboardPage.getASTAvatar().click();\ncy.wait(3000);\nleftNavMenu.getDropDownMenu().contains('অনুমোদন অপেক্ষমান').click();\ncy.wait(1000);\nleftNavMenu.getInspectedSubMenu().should('include.text', 'পরিদর্শনকৃত').click();\ncy.wait(3000);\nreceiveGoodsPage.getStoreNameTab().contains(this.ast.storeName).click();\ncy.wait(2000);\nreceiveGoodsPage.getCardHeader().should('include.text', 'পরিদর্শনকৃত');\ncy.inspection(this.ast.ARPost); // Post / পদবি\ncy.wait(3000); //receiveGoodsPage.getCardHeader().should('include.text', 'প্রাপ্তিযোগ্য পরিমাণগুলি সেট করুন')\n//receiveGoodsPage.getSecondCardHeader().should('include.text', 'প্রাপ্তিযোগ্য পরিমাণগুলি সেট করুন')   //When Store is seconde index (SQA)\ninspectedPage.getCardFooterFourthButton().should('include.text', 'অনুমোদন করুন').click(); //Reuse from ReceiveGoods Page \n/*    cy.wait(1500)\n    \n    receiveGoodsPage.getConfirmPopUpHeader().should('include.text', 'নিশ্চিত করুন')\n    receiveGoodsPage.getConfirmPopUpYesButton().should('include.text', 'হ্যাঁ').click() \n    */\ncy.wait(6000);",
              "err": {},
              "uuid": "2e909b78-4418-423a-8e93-2373640d415d",
              "parentUUID": "3e1b596e-17e0-42eb-8c18-01a4ebe89b32",
              "isHook": false,
              "skipped": false
            },
            {
              "title": "TC_22. Store Keeper: Enter Assined Item Tag and Send for Inspection (Self Return).",
              "fullTitle": "AST Module Regression Test Suite TC_22. Store Keeper: Enter Assined Item Tag and Send for Inspection (Self Return).",
              "timedOut": null,
              "duration": 48272,
              "state": "passed",
              "speed": "slow",
              "pass": true,
              "fail": false,
              "pending": false,
              "context": null,
              "code": "cy.login(this.ast.storeKeeperID, this.ast.storeKeeperPassword); //Select office code here if the user have multiple office \ndashboardPage.getASTAvatar().click();\ncy.wait(3000);\nleftNavMenu.getDropDownMenu().contains('ফেরৎ গ্রহণ').click();\ncy.wait(1000);\nleftNavMenu.ReceiveTaggedItemsSubMenu().should('include.text', 'ট্যাগকৃত পণ্যসমূহ গ্রহণ').click();\ncy.wait(3000);\nreceiveGoodsPage.getStoreNameTab().contains(this.ast.storeName).click(); //Select Store\ncy.wait(2000); //receiveGoodsPage.getCardHeader().should('include.text', 'ট্যাগ')\n//receiveTaggedItemsPage.getTagInputFieldForFirstStore().should('have.attr', 'placeholder', 'ট্যাগ দিন').click().type(this.ast.assetTagNo2).should('have.value', this.ast.assetTagNo2)\nreceiveTaggedItemsPage.getTagInputFieldForSecondStore().should('have.attr', 'placeholder', 'ট্যাগ দিন').click().type(this.ast.assetTagNo2).should('have.value', this.ast.assetTagNo2); //For Second store\ncy.wait(2000); //Tag Search pop-up code will added here\n//receiveTaggedItemsPage.getCardFooterThirdButton().should('include.text', 'পণ্য যোগ করুন').click()\nreceiveGoodsPage.getCardFooterFourthButton().should('include.text', 'পণ্য যোগ করুন').click(); //for second store\ncy.wait(2000); //receiveGoodsPage.getCardFooterFourthButton().should('include.text', 'পরিদর্শনের জন্য প্রেরণ করুন').click()    //Send for Inspection button\nreceiveGoodsPage.getCardFooterFifthButton().should('include.text', 'পরিদর্শনের জন্য প্রেরণ করুন').click(); //for second store\ncy.wait(1500);\nreceiveGoodsPage.getConfirmPopUpHeader().should('include.text', 'নিশ্চিত করুন');\nreceiveGoodsPage.getConfirmPopUpYesButton().should('include.text', 'হ্যাঁ').click();\ncy.wait(6000);",
              "err": {},
              "uuid": "415353ab-6e57-4cd1-979a-b760a01681f0",
              "parentUUID": "3e1b596e-17e0-42eb-8c18-01a4ebe89b32",
              "isHook": false,
              "skipped": false
            },
            {
              "title": "TC_23. Store Admin: Inspector Assign for Asset Return (Self Return).",
              "fullTitle": "AST Module Regression Test Suite TC_23. Store Admin: Inspector Assign for Asset Return (Self Return).",
              "timedOut": null,
              "duration": 61166,
              "state": "passed",
              "speed": "slow",
              "pass": true,
              "fail": false,
              "pending": false,
              "context": null,
              "code": "cy.login(this.ast.storeAdminID, this.ast.storeAdminPassword);\ndashboardPage.getASTAvatar().click();\ncy.wait(3000);\nleftNavMenu.getDropDownMenu().contains('ইন্সপেকশন').click();\ncy.wait(1000);\nleftNavMenu.getInspectionUnassignedSubMenu().should('include.text', 'পরিদর্শক নির্ধারণ').click();\ncy.wait(3000);\nreceiveGoodsPage.getStoreNameTab().contains(this.ast.storeName).click();\ncy.wait(3000);\nreceiveGoodsPage.getCardHeader().should('include.text', 'পরিদর্শক নির্ধারণ');\ncy.inspection(this.ast.ARPost); // Post পদবি\ncy.wait(3000); //receiveGoodsPage.getCardHeader().should('include.text', 'সম্পদ ফেরৎ')\n//receiveGoodsPage.getSecondCardHeader().should('include.text', 'সম্পদ ফেরৎ')   //When Store is seconde index (SQA)\n//receiveGoodsPage.getThirdCardHeader().should('include.text', 'ইন্সপেক্টর এসাইন করুন')\n//receiveGoodsPage.getFourthCardHeader().should('include.text', 'ইন্সপেক্টর এসাইন করুন')     //When Store is seconde index(SQA)\ninspectionUnassignedPage.getInspectorTypeField().should('have.attr', 'aria-label', 'পরিদর্শকের ধরণ').click();\ninspectionUnassignedPage.getDropDownItem().contains(this.ast.InspectorType).click();\ncy.wait(2000);\ninspectionUnassignedPage.getOfficeUnitField().should('have.attr', 'aria-label', 'শাখা').click();\ncy.wait(1000);\ninspectionUnassignedPage.getDropDownItem().contains(this.ast.OfficeUnit).click();\ncy.wait(2000);\ninspectionUnassignedPage.getInspectorField().should('have.attr', 'aria-label', 'পরিদর্শক').click();\ninspectionUnassignedPage.getDropDownItem().contains(this.ast.Inspector).click();\ncy.wait(2000);\nreceiveGoodsPage.getCardFooterFourthButton().should('include.text', 'প্রেরণ').click(); //Reuse from ReceiveGoods Page \ncy.wait(2000);\nreceiveGoodsPage.getConfirmPopUpHeader().should('include.text', 'নিশ্চিত করুন');\nreceiveGoodsPage.getConfirmPopUpYesButton().should('include.text', 'হ্যাঁ').click();\ncy.wait(6000);",
              "err": {},
              "uuid": "0c1dd6ec-3db6-462f-b039-650b2dc55ab6",
              "parentUUID": "3e1b596e-17e0-42eb-8c18-01a4ebe89b32",
              "isHook": false,
              "skipped": false
            },
            {
              "title": "TC_24. Inspector: Inspect for Asset Return (Self Return).",
              "fullTitle": "AST Module Regression Test Suite TC_24. Inspector: Inspect for Asset Return (Self Return).",
              "timedOut": null,
              "duration": 44179,
              "state": "passed",
              "speed": "slow",
              "pass": true,
              "fail": false,
              "pending": false,
              "context": null,
              "code": "cy.login(this.ast.inspectorID, this.ast.inspectorPassword);\n/*\n//Select office if needed\ndashboardPage.getOfficePopUpHeader().should('include.text', 'অফিস/পদ নির্বাচন করুন')\ndashboardPage.getOfficeName().contains(this.ast.inspectorOffice).click()\ncy.wait(3000)\n*/\ndashboardPage.getASTAvatar().click();\ncy.wait(3000);\nleftNavMenu.getDropDownMenu().contains('ইন্সপেকশন').click();\ncy.wait(1000);\nleftNavMenu.getInspectionAssignedSubMenu().should('include.text', 'নির্ধারিত পরিদর্শন').click();\ncy.wait(3000);\nreceiveGoodsPage.getCardHeader().should('include.text', 'নির্ধারিত পরিদর্শন');\ncy.inspection(this.ast.ARPost); //Post / পদবি\ncy.wait(3000);\nreceiveGoodsPage.getCardHeader().should('include.text', 'ইন্সপেকশনের ফলাফল সেট করুন');\ninspectionAssignedPage.getRemarksFieldFirstStore().click().type(this.ast.InspectorRemarks).should('have.value', this.ast.InspectorRemarks);\ncy.wait(2000);\nreceiveGoodsPage.getCardFooterFourthButton().should('include.text', 'দাখিল করুন').click(); //Reuse from ReceiveGoods Page \ncy.wait(2000);\nreceiveGoodsPage.getConfirmPopUpHeader().should('include.text', 'নিশ্চিত করুন');\nreceiveGoodsPage.getConfirmPopUpYesButton().should('include.text', 'হ্যাঁ').click();\ncy.wait(6000);",
              "err": {},
              "uuid": "26382695-355a-4cb6-ae17-d1816183f634",
              "parentUUID": "3e1b596e-17e0-42eb-8c18-01a4ebe89b32",
              "isHook": false,
              "skipped": false
            },
            {
              "title": "TC_25. Store Admin: Inspection Approval for Asset Return (Self Return).",
              "fullTitle": "AST Module Regression Test Suite TC_25. Store Admin: Inspection Approval for Asset Return (Self Return).",
              "timedOut": null,
              "duration": 42072,
              "state": "passed",
              "speed": "slow",
              "pass": true,
              "fail": false,
              "pending": false,
              "context": null,
              "code": "cy.login(this.ast.storeAdminID, this.ast.storeAdminPassword); //Select office code here if the user have multiple office \ndashboardPage.getASTAvatar().click();\ncy.wait(3000);\nleftNavMenu.getDropDownMenu().contains('অনুমোদন অপেক্ষমান').click();\ncy.wait(1000);\nleftNavMenu.getInspectedSubMenu().should('include.text', 'পরিদর্শনকৃত').click();\ncy.wait(3000);\nreceiveGoodsPage.getStoreNameTab().contains(this.ast.storeName).click();\ncy.wait(2000);\nreceiveGoodsPage.getCardHeader().should('include.text', 'পরিদর্শনকৃত');\ncy.inspection(this.ast.ARPost); // Post / পদবি\ncy.wait(3000); //receiveGoodsPage.getCardHeader().should('include.text', 'প্রাপ্তিযোগ্য পরিমাণগুলি সেট করুন')\n//receiveGoodsPage.getSecondCardHeader().should('include.text', 'প্রাপ্তিযোগ্য পরিমাণগুলি সেট করুন')   //When Store is seconde index (SQA)\ninspectedPage.getCardFooterFourthButton().should('include.text', 'অনুমোদন করুন').click(); //Reuse from ReceiveGoods Page \n/*    cy.wait(1500)\n    \n    receiveGoodsPage.getConfirmPopUpHeader().should('include.text', 'নিশ্চিত করুন')\n    receiveGoodsPage.getConfirmPopUpYesButton().should('include.text', 'হ্যাঁ').click() \n    */\ncy.wait(6000);",
              "err": {},
              "uuid": "ae728cfe-acba-4d29-a565-a98417e612db",
              "parentUUID": "3e1b596e-17e0-42eb-8c18-01a4ebe89b32",
              "isHook": false,
              "skipped": false
            },
            {
              "title": "TC_26. Store Keeper: Enter Assined Item Tag and Send for Maintenance (Inspection). TC",
              "fullTitle": "AST Module Regression Test Suite TC_26. Store Keeper: Enter Assined Item Tag and Send for Maintenance (Inspection). TC",
              "timedOut": null,
              "duration": 55406,
              "state": "passed",
              "speed": "slow",
              "pass": true,
              "fail": false,
              "pending": false,
              "context": null,
              "code": "cy.login(this.ast.storeKeeperID, this.ast.storeKeeperPassword); //Select office code here if the user have multiple office \ndashboardPage.getASTAvatar().click();\ncy.wait(3000);\nleftNavMenu.getDropDownMenu().contains('ফেরৎ গ্রহণ').click();\ncy.wait(1000);\nleftNavMenu.ReceiveTaggedItemsSubMenu().should('include.text', 'ট্যাগকৃত পণ্যসমূহ গ্রহণ').click();\ncy.wait(3000);\nreceiveGoodsPage.getStoreNameTab().contains(this.ast.storeName).click(); //Select Store\ncy.wait(2000); //receiveGoodsPage.getCardHeader().should('include.text', 'ট্যাগ')\n//receiveTaggedItemsPage.getTagInputFieldForFirstStore().should('have.attr', 'placeholder', 'ট্যাগ দিন').click().type(this.ast.assetTagNo2).should('have.value', this.ast.assetTagNo2)\nreceiveTaggedItemsPage.getTagInputFieldForSecondStore().should('have.attr', 'placeholder', 'ট্যাগ দিন').click().type(this.ast.assetTagNo3).should('have.value', this.ast.assetTagNo3); //For Second store\ncy.wait(2000); //Tag Search pop-up code will added here\n//receiveTaggedItemsPage.getCardFooterThirdButton().should('include.text', 'পণ্য যোগ করুন').click()\nreceiveGoodsPage.getCardFooterFourthButton().should('include.text', 'পণ্য যোগ করুন').click(); //for second store\ncy.wait(2000); //receiveGoodsPage.getCardFooterFourthButton().should('include.text', 'পরিদর্শনের জন্য প্রেরণ করুন').click()    //Send for Inspection button\nreceiveGoodsPage.getCardFooterFifthButton().should('include.text', 'পরিদর্শনের জন্য প্রেরণ করুন').click(); //for second store\ncy.wait(1500);\nreceiveGoodsPage.getConfirmPopUpHeader().should('include.text', 'নিশ্চিত করুন');\nreceiveGoodsPage.getConfirmPopUpYesButton().should('include.text', 'হ্যাঁ').click();\ncy.wait(6000);",
              "err": {},
              "uuid": "72997f87-bef1-40a4-b584-a58e5dde4a8d",
              "parentUUID": "3e1b596e-17e0-42eb-8c18-01a4ebe89b32",
              "isHook": false,
              "skipped": false
            },
            {
              "title": "TC_27. Store Admin: Inspector Assign for Asset Maintenance (Inspection).",
              "fullTitle": "AST Module Regression Test Suite TC_27. Store Admin: Inspector Assign for Asset Maintenance (Inspection).",
              "timedOut": null,
              "duration": 68352,
              "state": "passed",
              "speed": "slow",
              "pass": true,
              "fail": false,
              "pending": false,
              "context": null,
              "code": "cy.login(this.ast.storeAdminID, this.ast.storeAdminPassword);\ndashboardPage.getASTAvatar().click();\ncy.wait(3000);\nleftNavMenu.getDropDownMenu().contains('ইন্সপেকশন').click();\ncy.wait(1000);\nleftNavMenu.getInspectionUnassignedSubMenu().should('include.text', 'পরিদর্শক নির্ধারণ').click();\ncy.wait(3000);\nreceiveGoodsPage.getStoreNameTab().contains(this.ast.storeName).click();\ncy.wait(3000);\nreceiveGoodsPage.getCardHeader().should('include.text', 'পরিদর্শক নির্ধারণ');\ncy.inspection(this.ast.ARPost); // Post পদবি\ncy.wait(3000); //receiveGoodsPage.getCardHeader().should('include.text', 'সম্পদ ফেরৎ')\n//receiveGoodsPage.getSecondCardHeader().should('include.text', 'সম্পদ ফেরৎ')   //When Store is seconde index (SQA)\n//receiveGoodsPage.getThirdCardHeader().should('include.text', 'ইন্সপেক্টর এসাইন করুন')\n//receiveGoodsPage.getFourthCardHeader().should('include.text', 'ইন্সপেক্টর এসাইন করুন')     //When Store is seconde index(SQA)\ninspectionUnassignedPage.getInspectorTypeField().should('have.attr', 'aria-label', 'পরিদর্শকের ধরণ').click();\ninspectionUnassignedPage.getDropDownItem().contains(this.ast.InspectorType).click();\ncy.wait(2000);\ninspectionUnassignedPage.getOfficeUnitField().should('have.attr', 'aria-label', 'শাখা').click();\ncy.wait(1000);\ninspectionUnassignedPage.getDropDownItem().contains(this.ast.OfficeUnit).click();\ncy.wait(2000);\ninspectionUnassignedPage.getInspectorField().should('have.attr', 'aria-label', 'পরিদর্শক').click();\ninspectionUnassignedPage.getDropDownItem().contains(this.ast.Inspector).click();\ncy.wait(2000);\nreceiveGoodsPage.getCardFooterFourthButton().should('include.text', 'প্রেরণ').click(); //Reuse from ReceiveGoods Page \ncy.wait(2000);\nreceiveGoodsPage.getConfirmPopUpHeader().should('include.text', 'নিশ্চিত করুন');\nreceiveGoodsPage.getConfirmPopUpYesButton().should('include.text', 'হ্যাঁ').click();\ncy.wait(6000);",
              "err": {},
              "uuid": "6464cd23-8c17-4b31-b522-c76ff4b1921e",
              "parentUUID": "3e1b596e-17e0-42eb-8c18-01a4ebe89b32",
              "isHook": false,
              "skipped": false
            },
            {
              "title": "TC_28. Inspector: Inspect Rejection for Asset Maintenance (Inspection).",
              "fullTitle": "AST Module Regression Test Suite TC_28. Inspector: Inspect Rejection for Asset Maintenance (Inspection).",
              "timedOut": null,
              "duration": 42048,
              "state": "failed",
              "speed": null,
              "pass": false,
              "fail": true,
              "pending": false,
              "context": null,
[...]
              "err": {},
              "uuid": "63dc5f6e-61e7-45ff-a9da-e00bd04ddd94",
              "parentUUID": "3e1b596e-17e0-42eb-8c18-01a4ebe89b32",
              "isHook": false,
              "skipped": false
            },
            {
              "title": "TC_61. Store Keeper: Make Disposal Request (From Stores Existing Item).",
              "fullTitle": "AST Module Regression Test Suite TC_61. Store Keeper: Make Disposal Request (From Stores Existing Item).",
              "timedOut": null,
              "duration": 91917,
              "state": "failed",
              "speed": null,
              "pass": false,
              "fail": true,
              "pending": false,
              "context": null,
              "code": "cy.login(this.ast.storeKeeperID, this.ast.storeKeeperPassword); //Select office code here if the user have multiple office \ndashboardPage.getASTAvatar().click();\ncy.wait(3000);\nleftNavMenu.getDropDownMenu().contains('নিষ্পত্তিকরণ').click();\ncy.wait(1000);\nleftNavMenu.getDisposalRequestSubMenu().should('include.text', 'নিষ্পত্তিকরণের জন্য অনুরোধ').click();\ncy.wait(3000);\nreceiveGoodsPage.getStoreNameTab().contains(this.ast.storeName).click();\ncy.wait(2000);\nreceiveGoodsPage.getCardHeader().should('include.text', 'নিষ্পত্তিকরণের জন্য অনুরোধ');\ndisposalRequestPage.getJustificationField().should('have.attr', 'placeholder', 'ন্যায্যতা').click().type(this.ast.disposalJustificat).should('have.value', this.ast.disposalJustificat);\ncy.wait(2000);\ndisposalRequestPage.getDisposalCommitteeNameField().should('have.attr', 'aria-label', 'কমিটির নাম').click();\ninspectionUnassignedPage.getDropDownItem().contains(this.ast.disposalCommitteeName).click();\ncy.wait(2000);\ndisposalRequestPage.getUncheckAllItems().click({\n  multiple: true\n}); //Uncheck all items\ncy.wait(2000); //Selects Items\ncy.selectItems(this.ast.assetTagNo8);\ncy.wait(1000);\ndisposalRequestPage.getSendButton().should('include.text', 'প্রেরণ').click();\ncy.wait(2000);\nreceiveGoodsPage.getConfirmPopUpHeader().should('include.text', 'নিশ্চিত করুন');\nreceiveGoodsPage.getConfirmPopUpYesButton().should('include.text', 'হ্যাঁ').click();\ncy.wait(6000);",
              "err": {
                "message": "CypressError: Timed out retrying: `cy.click()` failed because this element is `disabled`:\n\n`<button class=\"btn btn-pill btn-block btn-success col-4 ng-star-inserted\" type=\"button\" disabled=\"\">...</button>`\n\nFix this problem, or use `{force: true}` to disable error checking.\n\nhttps://on.cypress.io/element-cannot-be-interacted-with",
                "estack": "CypressError: Timed out retrying: `cy.click()` failed because this element is `disabled`:\n\n`<button class=\"btn btn-pill btn-block btn-success col-4 ng-star-inserted\" type=\"button\" disabled=\"\">...</button>`\n\nFix this problem, or use `{force: true}` to disable error checking.\n\nhttps://on.cypress.io/element-cannot-be-interacted-with\n    at cypressErr (http://sqa.grp.gov.bd/__cypress/runner/cypress_runner.js:146621:16)\n    at cypressErrByPath (http://sqa.grp.gov.bd/__cypress/runner/cypress_runner.js:146630:10)\n    at Object.throwErrByPath (http://sqa.grp.gov.bd/__cypress/runner/cypress_runner.js:146593:11)\n    at Object.ensureNotDisabled (http://sqa.grp.gov.bd/__cypress/runner/cypress_runner.js:137570:24)\n    at runAllChecks (http://sqa.grp.gov.bd/__cypress/runner/cypress_runner.js:127486:14)\n    at retryActionability (http://sqa.grp.gov.bd/__cypress/runner/cypress_runner.js:127542:16)\n    at tryCatcher (http://sqa.grp.gov.bd/__cypress/runner/cypress_runner.js:9065:23)\n    at Function.Promise.attempt.Promise.try (http://sqa.grp.gov.bd/__cypress/runner/cypress_runner.js:6339:29)\n    at tryFn (http://sqa.grp.gov.bd/__cypress/runner/cypress_runner.js:140680:21)\n    at whenStable (http://sqa.grp.gov.bd/__cypress/runner/cypress_runner.js:140715:12)\n    at http://sqa.grp.gov.bd/__cypress/runner/cypress_runner.js:140259:16\n    at tryCatcher (http://sqa.grp.gov.bd/__cypress/runner/cypress_runner.js:9065:23)\n    at Promise._settlePromiseFromHandler (http://sqa.grp.gov.bd/__cypress/runner/cypress_runner.js:7000:31)\n    at Promise._settlePromise (http://sqa.grp.gov.bd/__cypress/runner/cypress_runner.js:7057:18)\n    at Promise._settlePromise0 (http://sqa.grp.gov.bd/__cypress/runner/cypress_runner.js:7102:10)\n    at Promise._settlePromises (http://sqa.grp.gov.bd/__cypress/runner/cypress_runner.js:7182:18)",
                "diff": null
              },
              "uuid": "a428d027-475d-46ba-9065-5ac04ada2f12",
              "parentUUID": "3e1b596e-17e0-42eb-8c18-01a4ebe89b32",
              "isHook": false,
              "skipped": false
            },
            {
              "title": "TC_62. Disposal Committee Member: Decision on Disposal with Disposal Type and Cost for (From Stores Existing Item).",
              "fullTitle": "AST Module Regression Test Suite TC_62. Disposal Committee Member: Decision on Disposal with Disposal Type and Cost for (From Stores Existing Item).",
              "timedOut": null,
              "duration": 65425,
              "state": "failed",
              "speed": null,
              "pass": false,
              "fail": true,
              "pending": false,
              "context": null,
              "code": "cy.login(this.ast.DisCommitteeMemberID, this.ast.DisCommitteeMemberPassword); //Select office code here if the user have multiple office \ndashboardPage.getASTAvatar().click();\ncy.wait(3000);\nleftNavMenu.getDropDownMenu().contains('অনুমোদন অপেক্ষমান').click();\ncy.wait(1000);\nleftNavMenu.getDecisionOnDisposalSubMenu().should('include.text', 'নিষ্পত্তিকরণ সংক্রান্ত সিদ্ধান্ত').click();\ncy.wait(3000);\nreceiveGoodsPage.getCardHeader().should('include.text', 'অনুরোধকৃত নিষ্পত্তিকরণের তালিকা');\ncy.inspection(this.ast.disposalJustificat); // ন্যায্যতা\ncy.wait(3000);\nreceiveGoodsPage.getCardHeader().should('include.text', 'নিষ্পত্তিকরণ সংক্রান্ত সিদ্ধান্ত');\ndisposalRequestPage.getDisposalTypeField1().click({\n  force: true\n});\ndisposalRequestPage.getDropDownItem().contains(this.ast.disposalRequestType2).click();\ncy.wait(1000);\ndisposalRequestPage.getDisposalCost1().clear().type(this.ast.disposalCost).should('have.value', this.ast.disposalCost);\ncy.wait(1000);\ndisposalRequestPage.getDisposalRemark1().click().type(this.ast.disposalRemarks).should('have.value', this.ast.disposalRemarks);\ncy.wait(1000);\ndisposalRequestPage.getSaveButton().should('include.text', 'সংরক্ষণ করুন').click();\ncy.wait(2000);\nreceiveGoodsPage.getConfirmPopUpHeader().should('include.text', 'নিশ্চিত করুন');\nreceiveGoodsPage.getConfirmPopUpYesButton().should('include.text', 'হ্যাঁ').click();\ncy.wait(6000);",
              "err": {
                "message": "AssertionError: Timed out retrying: expected '<mat-label>' to contain text 'নিষ্পত্তিকরণ সংক্রান্ত সিদ্ধান্ত', but the text was 'অনুরোধকৃত নিষ্পত্তিকরণের তালিকা'",
                "estack": "AssertionError: Timed out retrying: expected '<mat-label>' to contain text 'নিষ্পত্তিকরণ সংক্রান্ত সিদ্ধান্ত', but the text was 'অনুরোধকৃত নিষ্পত্তিকরণের তালিকা'\n    at applyChainer (http://sqa.grp.gov.bd/__cypress/runner/cypress_runner.js:131898:32)\n    at http://sqa.grp.gov.bd/__cypress/runner/cypress_runner.js:131940:16\n    at arrayReduce (http://sqa.grp.gov.bd/__cypress/runner/cypress_runner.js:18578:21)\n    at Function.reduce (http://sqa.grp.gov.bd/__cypress/runner/cypress_runner.js:27576:14)\n    at applyChainers (http://sqa.grp.gov.bd/__cypress/runner/cypress_runner.js:131929:22)\n    at tryCatcher (http://sqa.grp.gov.bd/__cypress/runner/cypress_runner.js:9065:23)\n    at Function.Promise.attempt.Promise.try (http://sqa.grp.gov.bd/__cypress/runner/cypress_runner.js:6339:29)\n    at Context.shouldFn (http://sqa.grp.gov.bd/__cypress/runner/cypress_runner.js:131946:26)\n    at Context.should (http://sqa.grp.gov.bd/__cypress/runner/cypress_runner.js:131964:23)\n    at http://sqa.grp.gov.bd/__cypress/runner/cypress_runner.js:127819:39\n    at assertions (http://sqa.grp.gov.bd/__cypress/runner/cypress_runner.js:128079:14)\n    at tryCatcher (http://sqa.grp.gov.bd/__cypress/runner/cypress_runner.js:9065:23)\n    at Object.gotValue (http://sqa.grp.gov.bd/__cypress/runner/cypress_runner.js:8209:18)\n    at Object.gotAccum (http://sqa.grp.gov.bd/__cypress/runner/cypress_runner.js:8196:25)\n    at Object.tryCatcher (http://sqa.grp.gov.bd/__cypress/runner/cypress_runner.js:9065:23)\n    at Promise._settlePromiseFromHandler (http://sqa.grp.gov.bd/__cypress/runner/cypress_runner.js:7000:31)",
                "diff": "- 'অনুরোধকৃত নিষ্পত্তিকরণের তালিকা'\n+ 'নিষ্পত্তিকরণ সংক্রান্ত সিদ্ধান্ত'\n"
              },
              "uuid": "d949a11a-e5ca-46d4-87b5-a612c6970b71",
              "parentUUID": "3e1b596e-17e0-42eb-8c18-01a4ebe89b32",
              "isHook": false,
              "skipped": false
            },
            {
              "title": "TC_63. Store Admin: Approved Disposal Result (From Stores Existing Item).",
              "fullTitle": "AST Module Regression Test Suite TC_63. Store Admin: Approved Disposal Result (From Stores Existing Item).",
              "timedOut": null,
              "duration": 74942,
              "state": "failed",
              "speed": null,
              "pass": false,
              "fail": true,
              "pending": false,
              "context": null,
              "code": "cy.login(this.ast.storeAdminID, this.ast.storeAdminPassword); //Select office code here if the user have multiple office \ndashboardPage.getASTAvatar().click();\ncy.wait(3000);\nleftNavMenu.getDropDownMenu().contains('নিষ্পত্তিকরণ').click();\ncy.wait(1000);\nleftNavMenu.getDisposalResultSubMenu().should('include.text', 'নিষ্পত্তিকরণের ফলাফল').click();\ncy.wait(3000);\nreceiveGoodsPage.getStoreNameTab().contains(this.ast.storeName).click();\ncy.wait(2000);\nreceiveGoodsPage.getCardHeader().should('include.text', 'নিষ্পত্তিকরণের জন্য সম্পদ তালিকা');\ncy.inspection(this.ast.disposalJustificat); // ন্যায্যতা\ncy.wait(3000); //receiveGoodsPage.getCardHeader().should('include.text', 'ডিসপোজালের ফলাফল')\ndisposalResultPage.getDisposalTypeTab().contains('Disposed').click();\ncy.wait(2000);\ndisposalResultPage.getDisposedAddButton().click();\ncy.wait(2000);\ndisposalResultPage.getDecidedRemark1().click().type(this.ast.disposalDecisionRemarks).should('have.value', this.ast.disposalDecisionRemarks);\ncy.wait(2000);\ndisposalResultPage.getSixthSendButton().should('include.text', 'প্রেরণ').click();\ncy.wait(2000);\nreceiveGoodsPage.getConfirmPopUpHeader().should('include.text', 'নিশ্চিত করুন');\nreceiveGoodsPage.getConfirmPopUpYesButton().should('include.text', 'হ্যাঁ').click();\ncy.wait(6000);",
              "err": {
                "message": "AssertionError: Timed out retrying: Expected to find element: `.card-body div .e-tab-text`, but never found it.",
                "estack": "AssertionError: Timed out retrying: Expected to find element: `.card-body div .e-tab-text`, but never found it.\n    at ensureExistence (http://sqa.grp.gov.bd/__cypress/runner/cypress_runner.js:137673:32)\n    at Object.ensureElExistence (http://sqa.grp.gov.bd/__cypress/runner/cypress_runner.js:137691:12)\n    at ensureExistence (http://sqa.grp.gov.bd/__cypress/runner/cypress_runner.js:127867:23)\n    at onFailFn (http://sqa.grp.gov.bd/__cypress/runner/cypress_runner.js:127905:9)\n    at tryCatcher (http://sqa.grp.gov.bd/__cypress/runner/cypress_runner.js:9065:23)\n    at Promise._settlePromiseFromHandler (http://sqa.grp.gov.bd/__cypress/runner/cypress_runner.js:7000:31)\n    at Promise._settlePromise (http://sqa.grp.gov.bd/__cypress/runner/cypress_runner.js:7057:18)\n    at Promise._settlePromise0 (http://sqa.grp.gov.bd/__cypress/runner/cypress_runner.js:7102:10)\n    at Promise._settlePromises (http://sqa.grp.gov.bd/__cypress/runner/cypress_runner.js:7178:18)\n    at _drainQueueStep (http://sqa.grp.gov.bd/__cypress/runner/cypress_runner.js:3772:12)\n    at _drainQueue (http://sqa.grp.gov.bd/__cypress/runner/cypress_runner.js:3765:9)\n    at Async.../../node_modules/bluebird/js/release/async.js.Async._drainQueues (http://sqa.grp.gov.bd/__cypress/runner/cypress_runner.js:3781:5)\n    at Async.drainQueues (http://sqa.grp.gov.bd/__cypress/runner/cypress_runner.js:3651:14)",
                "diff": null
              },
              "uuid": "e77846e2-20af-4b3f-9b3f-c68a7d825266",
              "parentUUID": "3e1b596e-17e0-42eb-8c18-01a4ebe89b32",
              "isHook": false,
              "skipped": false
            },
            {
              "title": "TC_64. Store Admin: Verify the Disposed Asset on the Report (From Stores Existing Item).",
              "fullTitle": "AST Module Regression Test Suite TC_64. Store Admin: Verify the Disposed Asset on the Report (From Stores Existing Item).",
              "timedOut": null,
              "duration": 89860,
              "state": "passed",
              "speed": "slow",
              "pass": true,
              "fail": false,
              "pending": false,
              "context": null,
              "code": "var _this12 = this;\ncy.login(this.ast.storeAdminID, this.ast.storeAdminPassword); //Select office code here if the user have multiple office \ndashboardPage.getASTAvatar().click();\ncy.wait(3000);\nleftNavMenu.getDropDownMenu().contains('রিপোর্টস').click();\ncy.wait(1000);\nleftNavMenu.getDisposedAssetSubMenu().should('include.text', 'নিস্পত্তিকৃত সম্পদ').click();\ncy.wait(3000);\nreportsPage.getPageHeaderText().should('include.text', 'নিস্পত্তিকৃত সম্পদ');\nreportsPage.getItemCategoryField().click();\ninspectionUnassignedPage.getDropDownItem().contains(this.ast.ItemCategory).click();\ncy.wait(2000);\nreportsPage.getItemGroupField().click();\ninspectionUnassignedPage.getDropDownItem().contains(this.ast.ItemGroup).click();\ncy.wait(2000);\nreportsPage.getStoreField().click();\ninspectionUnassignedPage.getDropDownItem().contains(this.ast.storeName).click();\ncy.wait(2000);\nreportsPage.getSearchButton().should('include.text', 'অনুসন্ধান করুন').click();\ncy.wait(4000);\nreceiveGoodsPage.getCardRows().each(function ($el, index, $list) //Select the desired Tag No\n{\n  var textAssetTagNo = $el.find('td.e-rowcell[aria-label]').text();\n  if (textAssetTagNo.includes(_this12.ast.assetTagNo8)) {\n    var tagText = $el.find('td.e-rowcell[aria-label]').text();\n    expect(tagText.includes(_this12.ast.assetTagNo8)).to.be[\"true\"];\n  }\n});\ncy.wait(3000);",
              "err": {},
              "uuid": "5a07dd60-7ced-4300-804b-787be7bb9688",
              "parentUUID": "3e1b596e-17e0-42eb-8c18-01a4ebe89b32",
              "isHook": false,
              "skipped": false
            }
          ],
          "suites": [],
          "passes": [
            "5dabf315-75ee-45ae-8a02-e82c938393f7",
            "2682681b-924b-4def-8553-5c83f12a855d",
            "0af88f07-8402-46eb-b23c-b1c4d6368529",
            "180c4271-90c7-45cf-9661-ee33a93157a2",
            "35f9c3c9-4af1-4ec5-bebb-7f4ac2a2205a",
            "b7d5ae10-13c1-410d-8dcf-262590173248",
            "58450f6f-5e99-43d2-bab9-c69f3b217255",
            "13a4374f-6523-47df-9dac-35aa7547419c",
            "5f6be6cc-cf6d-4788-9923-d2695ec3e129",
            "206676d8-c9c0-492b-8d4b-6cf40e9fba50",
            "de39cf10-e449-4c04-89ac-70a39193b3da",
            "2caa1808-13d2-4ed9-9547-ef774769b995",
            "d228071e-c238-457d-b5d9-f60c65ba806e",
            "2e909b78-4418-423a-8e93-2373640d415d",
            "415353ab-6e57-4cd1-979a-b760a01681f0",
            "0c1dd6ec-3db6-462f-b039-650b2dc55ab6",
            "26382695-355a-4cb6-ae17-d1816183f634",
            "ae728cfe-acba-4d29-a565-a98417e612db",
            "72997f87-bef1-40a4-b584-a58e5dde4a8d",
            "6464cd23-8c17-4b31-b522-c76ff4b1921e",
            "f67bad8f-8133-42fc-993b-d9c04ae03280",
            "cc438510-3089-433e-99d1-278bf21fee4e",
            "80626659-f517-4222-8102-2ad4c654fd98",
            "8da0b57d-cafb-4917-a62f-73ec7236316f",
            "973dc8c4-5352-4330-a851-84f500bdb404",
            "225e06e6-6153-496a-b385-2f2c5ab92373",
            "81e96acb-e7fd-431b-bf7d-0daffd271f8e",
            "e5d5cf7a-20b3-436b-a39a-b8cb1cd2a552",
            "03c70ab0-f829-4541-9a92-be49e0c3c0b4",
            "e212c7fc-1a36-4094-ab32-6a9ecd988391",
            "1452baff-a630-4688-ae46-c9d1935de9e6",
            "60aee7c7-a8ff-427f-a335-92e99184d540",
            "5067fa49-ba25-414e-9f77-7abe9a789d2a",
            "f32f2418-c420-438a-8f00-8498caaf9d8f",
            "c40bb88c-1d78-42e1-85ce-6084b345f9ba",
            "7439f9a7-3fbc-455a-b134-3f87d7beca29",
            "a2d2ebe5-f9ae-48c2-b2d2-ec204fda7f00",
            "c8e44f9b-3b7b-48bd-b8a0-3e709e826bf9",
            "19e7b333-ef28-4377-b31f-cfe0e350a565",
            "63dc5f6e-61e7-45ff-a9da-e00bd04ddd94",
            "5a07dd60-7ced-4300-804b-787be7bb9688"
          ],
          "failures": [
            "0f474f74-e8e1-4ae3-bd4f-6b1f84709ada",
            "25483b0d-f1d6-4122-aefe-622dd019c333",
            "c9db9ace-2147-4bb1-8b1d-e84c87d57b6e",
            "fb72e670-d558-4ce1-8aee-a9877f08adc3",
            "8c05c5c1-4688-4d1f-b31e-2da2f09a3d94",
            "40750e17-463f-41ae-8a8b-3d53e3a47586",
            "37138278-5f3a-4aa7-81f2-81b1519f8ccd",
            "5ac68ae6-c39e-4313-9d67-4032f2fe0f4d",
            "0bf1b9c6-0541-4fee-8165-bdb160c5e5c2",
            "8d5d2375-8ef3-4247-8a81-af8a5b01e5de",
            "3ed5441f-ce91-4e83-98ce-2c6dde9f3f3f",
            "47243616-1197-45d4-9276-3c923446ba10",
            "4de0fc2e-a5a7-4213-9b52-da7c8f22155f",
            "087c3b50-47fd-43e2-bbb5-43c3e38a58bf",
            "ed0b935f-f9ec-4d62-aa64-a107393d66d8",
            "f357554c-b545-45e2-8f42-43a129eb4854",
            "ddb57183-8a9b-404d-a83a-e98297c7db82",
            "11309061-5091-422d-a983-e049e4b2a0c2",
            "ede97d39-a2a8-495b-b4cf-74cb38f4929a",
            "601aac6c-a39a-4ef4-aa0c-32c9caa1fc9b",
            "a428d027-475d-46ba-9065-5ac04ada2f12",
            "d949a11a-e5ca-46d4-87b5-a612c6970b71",
            "e77846e2-20af-4b3f-9b3f-c68a7d825266"
          ],
          "pending": [],
          "skipped": [],
          "duration": 3979048,
          "root": false,
          "rootEmpty": false,
          "_timeout": 2000
        }
      ],
      "passes": [],
      "failures": [],
      "pending": [],
      "skipped": [],
      "duration": 0,
      "root": true,
      "rootEmpty": true,
      "_timeout": 2000
    }
  ],
  "meta": {
    "mocha": {
      "version": "7.0.1"
    },
    "mochawesome": {
      "options": {
        "quiet": false,
        "reportFilename": "mochawesome",
        "saveHtml": true,
        "saveJson": true,
        "consoleReporter": "spec",
        "useInlineDiffs": false,
        "code": true
      },
      "version": "5.0.0"
    },
    "marge": {
      "options": {},
      "version": "4.1.0"
    }
  }
}