{
  "stats": {
    "suites": 1,
    "tests": 10,
    "passes": 3,
    "pending": 0,
    "failures": 7,
    "start": "2020-07-14T16:23:53.389Z",
    "end": "2020-07-14T16:30:48.106Z",
    "duration": 414717,
    "testsRegistered": 10,
    "passPercent": 30,
    "pendingPercent": 0,
    "other": 0,
    "hasOther": false,
    "skipped": 0,
    "hasSkipped": false
  },
  "results": [
    {
      "uuid": "61296316-dc74-42d5-acbc-78921aa685d8",
      "title": "",
      "fullFile": "cypress\\integration\\happyPath\\ASTFullTest.spec.js",
      "file": "cypress\\integration\\happyPath\\ASTFullTest.spec.js",
      "beforeHooks": [],
      "afterHooks": [],
      "tests": [],
      "suites": [
        {
          "uuid": "075d0e55-da94-4094-81f0-2506fe2e0043",
          "title": "AST Module (Sprint 8) Regression Test Suite",
          "fullFile": "",
          "file": "",
          "beforeHooks": [],
          "afterHooks": [],
          "tests": [
            {
              "title": "TC_1. Store Admin: Vehicle Add.",
              "fullTitle": "AST Module (Sprint 8) Regression Test Suite TC_1. Store Admin: Vehicle Add.",
              "timedOut": null,
              "duration": 23524,
              "state": "failed",
              "speed": null,
              "pass": false,
              "fail": true,
              "pending": false,
              "context": null,
              "code": "var _this18 = this;\ncy.login(this.ast.storeAdminID, this.ast.storeAdminPassword);\ndashboardPage.getASTAvatar().click();\ncy.wait(3000);\nleftNavMenu.getDropDownMenu().contains('যানবাহন').click();\ncy.wait(1000);\nleftNavMenu.getAddVehicleSubMenu().contains('যানবাহন যোগ').click();\ncy.wait(3000);\nreceiveGoodsPage.getCardHeader().should('include.text', 'যানবাহন তালিকা');\nvehicleAddPage.getAddVehicleButton().click();\ncy.wait(2000);\nreceiveGoodsPage.getCardHeader().should('include.text', 'যানবাহন যোগ');\nvehicleAddPage.getVehicleReferenceNoField().should('have.attr', 'placeholder', 'রেফারেন্স নং').clear().type(this.ast.VehicleReferenceNo).should('have.value', this.ast.VehicleReferenceNo);\ncy.wait(2000);\nvehicleAddPage.getVehicleItemButton().click();\ncy.wait(2000);\n/*\n    vehicleAddPage.getVehicleCategoryField().should('have.attr', 'aria-label', 'ক্যাটাগরি').click()\n    inspectionUnassignedPage.getDropDownItem().contains(this.ast.VehicleCategory).click()\n    cy.wait(2000)\n*/\n//vehicleAddPage.getSearchField().should('have.attr', 'placeholder', 'অনুসন্ধান করুন').type(this.ast.VehicleGroup).type({enter})\n//cy.wait(2000)\nreceiveGoodsPage.getCardRows().each(function ($el, index, $list) //Select the desired পণ্যের নাম\n{\n  var textItemGroup = $el.find('td.e-rowcell[aria-label]').text();\n  if (textItemGroup.includes(_this18.ast.VehicleGroup)) {\n    $el.find('td button mat-icon:eq(1)').click();\n  }\n});\ncy.wait(3000);\ndirectInPage.getItemFeaturesHeader().should('include.text', 'বৈশিষ্ট্য');\nvehicleAddPage.getVehicleDropDownField().click();\ninspectionUnassignedPage.getDropDownItem().contains(this.ast.VehicleItemName).click();\ncy.wait(2000);\ndirectInPage.getAddFeaturesButton().should('include.text', 'বৈশিষ্ট্য যোগ করুন').click();\ncy.wait(2000); //requisitionPage.getQuantityInputBox().clear().type(this.ast.VehicleRequisitionQuantity).should('have.value', this.ast.VehicleRequisitionQuantity)\n//cy.wait(1500)\ndirectInPage.getAddItemButton().first().click(); //Plus icon for add items\ncy.wait(2000);\nvehicleAddPage.getVehicleLicenseNumberField().click().type(this.ast.VehicleLicenseNumber).should('have.value', this.ast.VehicleLicenseNumber);\ncy.wait(2000);\nvehicleAddPage.getVehicleRentField().should('have.value', 'No'); //vehicleAddPage.getVehicleRegistrationNoField().click().type(this.ast.VehicleRegistrationNo).should('have.value', this.ast.VehicleRegistrationNo)\n//cy.wait(2000)\nvehicleAddPage.getVehicleSaveButton().should('include.text', 'সংরক্ষণ করুন').click();\nvehicleAddPage.getReceiveButton().should('include.text', 'গ্রহণ').click();\nreceiveGoodsPage.getConfirmPopUpHeader().should('include.text', 'নিশ্চিত করুন');\nreceiveGoodsPage.getConfirmPopUpYesButton().should('include.text', 'হ্যাঁ').click();\ncy.wait(6000);",
              "err": {
                "message": "AssertionError: Timed out retrying: Expected to find content: 'যানবাহন যোগ' within the element: <a.nav-link> but never did.",
                "estack": "AssertionError: Timed out retrying: Expected to find content: 'যানবাহন যোগ' within the element: <a.nav-link> but never did.\n    at Context.eval (http://staging.grp.gov.bd/__cypress/tests?p=cypress\\integration\\happyPath\\ASTFullTest.spec.js:2578:40)",
                "diff": null
              },
              "uuid": "aec31fc0-96ea-44f1-b4a2-becd1437a210",
              "parentUUID": "075d0e55-da94-4094-81f0-2506fe2e0043",
              "isHook": false,
              "skipped": false
            },
            {
              "title": "TC_2. Asset User: Vehicle Requisition.",
              "fullTitle": "AST Module (Sprint 8) Regression Test Suite TC_2. Asset User: Vehicle Requisition.",
              "timedOut": null,
              "duration": 64897,
              "state": "passed",
              "speed": "slow",
              "pass": true,
              "fail": false,
              "pending": false,
              "context": null,
              "code": "var _this19 = this;\ncy.login(this.ast.officeAdminID, this.ast.officeAdminPassword); //Select office if needed\ndashboardPage.getOfficePopUpHeader().should('include.text', 'অফিস/পদ নির্বাচন করুন');\ndashboardPage.getOfficeName().contains(this.ast.AdminOffice).click();\ncy.wait(3000);\ndashboardPage.getASTAvatar().click();\ncy.wait(3000);\nleftNavMenu.getDropDownMenu().contains('যানবাহন').click();\ncy.wait(1000);\nleftNavMenu.getDropDownMenu().contains('যানবাহনের চাহিদাপত্র').click();\ncy.wait(500);\nleftNavMenu.getCreateVehicleRequisitionSubMenu().contains('তৈরি করুন').click();\ncy.wait(3000);\nreceiveGoodsPage.getCardHeader().should('include.text', 'বিদ্যমান অনুরোধসমূহ');\nvehicleAddPage.getAddVehicleButton().click(); //Re-use from vehicle add page\ncy.wait(2000);\nreceiveGoodsPage.getCardHeader().should('include.text', 'যানবাহনের চাহিদাপত্র');\nvehicleAddPage.getVehicleReferenceNoField().should('have.attr', 'placeholder', 'রেফারেন্স নং').clear().type(this.ast.VehicleRequisitionReferenceNo).should('have.value', this.ast.VehicleRequisitionReferenceNo); //Re-use from vehicle add page\ncy.wait(2000);\nvehicleRequisitionPage.getPurposeField().should('have.attr', 'aria-label', 'উদ্দেশ্য').click();\ninspectionUnassignedPage.getDropDownItem().contains(this.ast.requisitionPurpose).click();\ncy.wait(1500);\nvehicleRequisitionPage.getDistanceField().should('have.attr', 'placeholder', 'আনুমানিক কত কিলোমিটার চলবে ').click().type(this.ast.ApproximateKM).should('have.value', this.ast.ApproximateKM);\ncy.wait(2000);\nvehicleRequisitionPage.getVehicleJustificationField().should('have.attr', 'placeholder', 'ভ্রমণের বিবরণ ও কারণ ').should('have.value', 'দাপ্তরিক কাজে ব্যবহারের জন্য');\nvehicleRequisitionPage.getReportingPlaceField().should('have.attr', 'placeholder', 'রিপোর্টিং স্থান').click().type(this.ast.ReportingPlace).should('have.value', this.ast.ReportingPlace);\ncy.wait(2000);\nvehicleRequisitionPage.getStartTimeCalendarIcon().click(); //শুরুর সময়\ncy.vehicleRequisitionCalendar(this.ast.VehicleRequisitionStartYear, this.ast.VehicleRequisitionStartMonth, this.ast.VehicleRequisitionStartDay);\nvehicleRequisitionPage.getEndTimeCalendarIcon().click(); //শেষের সময়\ncy.vehicleRequisitionCalendar(this.ast.VehicleRequisitionStartYear, this.ast.VehicleRequisitionStartMonth, this.ast.VehicleRequisitionEndDay);\nvehicleRequisitionPage.getArrivalTimeCalendarIcon().click(); //গাড়ি ছাড়িবার আনুমানিক সময়\ncy.vehicleRequisitionCalendar(this.ast.VehicleRequisitionStartYear, this.ast.VehicleRequisitionStartMonth, this.ast.VehicleRequisitionStartDay);\nvehicleAddPage.getAddVehicleButton().click(); //Re-use from vehicle add page for যানবাহনসমূহ\ncy.wait(2000);\nreceiveGoodsPage.getCardRows().each(function ($el, index, $list) //Select the desired পণ্যের নাম\n{\n  var textItemGroup = $el.find('td.e-rowcell[aria-label]').text();\n  if (textItemGroup.includes(_this19.ast.VehicleGroup)) {\n    $el.find('td button mat-icon').first().click();\n  }\n});\ncy.wait(2000);\nvehicleAddPage.getReceiveButton().should('include.text', 'প্রেরণ').click();\nreceiveGoodsPage.getConfirmPopUpHeader().should('include.text', 'নিশ্চিত করুন');\nreceiveGoodsPage.getConfirmPopUpYesButton().should('include.text', 'হ্যাঁ').click();\ncy.wait(6000);",
              "err": {},
              "uuid": "1f872a18-1a27-47be-a57f-70b187ca0a6f",
              "parentUUID": "075d0e55-da94-4094-81f0-2506fe2e0043",
              "isHook": false,
              "skipped": false
            },
            {
              "title": "TC_3. Store Admin: Vehicle requisition approval.",
              "fullTitle": "AST Module (Sprint 8) Regression Test Suite TC_3. Store Admin: Vehicle requisition approval.",
              "timedOut": null,
              "duration": 37347,
              "state": "failed",
              "speed": null,
              "pass": false,
              "fail": true,
              "pending": false,
              "context": null,
              "code": "var _this20 = this;\ncy.login(this.ast.storeAdminID, this.ast.storeAdminPassword);\ndashboardPage.getASTAvatar().click();\ncy.wait(3000);\nleftNavMenu.getDropDownMenu().contains('অনুমোদন অপেক্ষমান').click();\ncy.wait(1000);\nleftNavMenu.getVehicleRequisitionSubMenu().contains('যানবাহনের চাহিদাপত্র').click();\ncy.wait(3000);\nreceiveGoodsPage.getCardHeader().should('include.text', 'যানবাহনের চাহিদাপত্র');\ncy.ASTPagination(this.prc.Pagination); //Pagination\nreceiveGoodsPage.getCardRows().each(function ($el, index, $list) //Select the desired পণ্যের নাম\n{\n  var textItemGroup = $el.find('td.e-rowcell[aria-label]').text();\n  if (textItemGroup.includes(_this20.ast.VehicleRequisitionReferenceNo)) {\n    $el.find('td button mat-icon').click();\n  }\n});\ncy.wait(3000);\nreceiveGoodsPage.getCardHeader().should('include.text', 'চাহিদা পত্র অনুমোদন');\nreceiveGoodsPage.getCardRows().each(function ($el, index, $list) //Select the desired পণ্যের Group\n{\n  var textItemGroup = $el.find('td.e-rowcell[aria-label]').text();\n  if (textItemGroup.includes(_this20.ast.VehicleGroup)) {\n    $el.find('td button mat-icon:eq(0)').first().click();\n  }\n});\ncy.wait(3000); //vehicleRequisitionPage.getUncheckDefaultItem().click({ force: true })\n//cy.wait(1000)\nvehicleRequisitionPage.getVehicleSearchField().should('have.attr', 'placeholder', 'অনুসন্ধান করুন').type(this.ast.VehicleLicenseNumber).type('{enter}');\ncy.wait(2000); //cy.selectItems(this.ast.VehicleLicenseNumber)\n//cy.wait(1000)\nrequisitionPage.getAddAssetButton().should('include.text', 'যানবাহন যোগ').click();\ncy.wait(2000);\nrequisitionPage.getRemarkField().click().type(this.ast.ApprovalRemarks).should('have.value', this.ast.ApprovalRemarks);\ncy.wait(2000);\nrequisitionPage.getAddAssetButton().should('include.text', 'অনুমোদন করুন').click();\ncy.wait(2000);\nreceiveGoodsPage.getConfirmPopUpHeader().should('include.text', 'নিশ্চিত করুন');\nreceiveGoodsPage.getConfirmPopUpYesButton().should('include.text', 'হ্যাঁ').click();\ncy.wait(6000);",
              "err": {
                "message": "AssertionError: Timed out retrying: expected '<mat-label>' to contain text 'চাহিদা পত্র অনুমোদন', but the text was 'যানবাহনের চাহিদাপত্র '",
                "estack": "AssertionError: Timed out retrying: expected '<mat-label>' to contain text 'চাহিদা পত্র অনুমোদন', but the text was 'যানবাহনের চাহিদাপত্র '\n    at Context.eval (http://staging.grp.gov.bd/__cypress/tests?p=cypress\\integration\\happyPath\\ASTFullTest.spec.js:2709:38)",
                "diff": "- 'যানবাহনের চাহিদাপত্র '\n+ 'চাহিদা পত্র অনুমোদন'\n"
              },
              "uuid": "374745af-2d36-4036-8aa5-901d884380bf",
              "parentUUID": "075d0e55-da94-4094-81f0-2506fe2e0043",
              "isHook": false,
              "skipped": false
            },
            {
              "title": "TC_4. Store Keeper: Issue the Vehicle.",
              "fullTitle": "AST Module (Sprint 8) Regression Test Suite TC_4. Store Keeper: Issue the Vehicle.",
              "timedOut": null,
              "duration": 37335,
              "state": "failed",
              "speed": null,
              "pass": false,
              "fail": true,
              "pending": false,
              "context": null,
              "code": "var _this21 = this;\ncy.login(this.ast.storeKeeperID, this.ast.storeKeeperPassword);\ndashboardPage.getASTAvatar().click();\ncy.wait(3000);\nleftNavMenu.getDropDownMenu().contains('যানবাহন').click();\ncy.wait(1000);\nleftNavMenu.getVehicleIssueSubMenu().contains('ইস্যু').click();\ncy.wait(3000);\nreceiveGoodsPage.getCardHeader().should('include.text', 'ইস্যু তালিকা');\ncy.ASTPagination(this.prc.Pagination); //Pagination\nreceiveGoodsPage.getCardRows().each(function ($el, index, $list) //Select the desired পণ্যের নাম\n{\n  var textItemGroup = $el.find('td.e-rowcell[aria-label]').text();\n  if (textItemGroup.includes(_this21.ast.VehicleRequisitionReferenceNo)) {\n    $el.find('td button mat-icon').click();\n  }\n});\ncy.wait(3000);\nreceiveGoodsPage.getCardHeader().should('include.text', 'যানবাহন ইস্যু');\nrequisitionPage.getAddAssetButton().should('include.text', 'দাখিল করুন').click();\ncy.wait(2000);\nreceiveGoodsPage.getConfirmPopUpHeader().should('include.text', 'নিশ্চিত করুন');\nreceiveGoodsPage.getConfirmPopUpYesButton().should('include.text', 'হ্যাঁ').click();\ncy.wait(6000);",
              "err": {
                "message": "AssertionError: Timed out retrying: expected '<mat-label>' to contain text 'যানবাহন ইস্যু', but the text was 'ইস্যু তালিকা'",
                "estack": "AssertionError: Timed out retrying: expected '<mat-label>' to contain text 'যানবাহন ইস্যু', but the text was 'ইস্যু তালিকা'\n    at Context.eval (http://staging.grp.gov.bd/__cypress/tests?p=cypress\\integration\\happyPath\\ASTFullTest.spec.js:2758:38)",
                "diff": "- 'ইস্যু তালিকা'\n+ 'যানবাহন ইস্যু'\n"
              },
              "uuid": "14a02281-21b3-4285-8992-b7ce2f00aaee",
              "parentUUID": "075d0e55-da94-4094-81f0-2506fe2e0043",
              "isHook": false,
              "skipped": false
            },
            {
              "title": "TC_5. Asset User: See the Vehicle Requisition, which Issued or rejected.",
              "fullTitle": "AST Module (Sprint 8) Regression Test Suite TC_5. Asset User: See the Vehicle Requisition, which Issued or rejected.",
              "timedOut": null,
              "duration": 33902,
              "state": "passed",
              "speed": "slow",
              "pass": true,
              "fail": false,
              "pending": false,
              "context": null,
              "code": "var _this22 = this;\ncy.login(this.ast.officeAdminID, this.ast.officeAdminPassword); //Select office if needed\ndashboardPage.getOfficePopUpHeader().should('include.text', 'অফিস/পদ নির্বাচন করুন');\ndashboardPage.getOfficeName().contains(this.ast.AdminOffice).click();\ncy.wait(3000);\ndashboardPage.getASTAvatar().click();\ncy.wait(3000);\nleftNavMenu.getDropDownMenu().contains('যানবাহন').click();\ncy.wait(1000);\nleftNavMenu.getDropDownMenu().contains('যানবাহনের চাহিদাপত্র').click();\ncy.wait(500);\nleftNavMenu.getCompletedRequestsSubMenu().contains('সমাপ্ত অনুরোধসমূহ').click();\ncy.wait(3000);\nreceiveGoodsPage.getCardHeader().should('include.text', 'অনুমোদিত/বাতিলকৃত অনুরোধসমূহ');\ncy.ASTPagination(this.prc.Pagination); //Pagination\ncy.get('tr td:nth-child(2)').each(function ($e1, index, $list) {\n  var ReferenceNoText = $e1.text();\n  if (ReferenceNoText.includes(_this22.ast.VehicleRequisitionReferenceNo)) {\n    cy.get('tr td:nth-child(2)').eq(index).next().then(function (status) {\n      var statusText = status.text();\n      expect(statusText).to.equal('ISSUED');\n    });\n  }\n});\ncy.wait(2000);",
              "err": {},
              "uuid": "df084022-db20-49d7-b058-5096fe23f828",
              "parentUUID": "075d0e55-da94-4094-81f0-2506fe2e0043",
              "isHook": false,
              "skipped": false
            },
            {
              "title": "TC_6. Store Keeper: Return the Issued Vehicle to Pool Store.",
              "fullTitle": "AST Module (Sprint 8) Regression Test Suite TC_6. Store Keeper: Return the Issued Vehicle to Pool Store.",
              "timedOut": null,
              "duration": 29483,
              "state": "failed",
              "speed": null,
              "pass": false,
              "fail": true,
              "pending": false,
              "context": null,
              "code": "cy.login(this.ast.storeKeeperID, this.ast.storeKeeperPassword);\ndashboardPage.getASTAvatar().click();\ncy.wait(3000);\nleftNavMenu.getDropDownMenu().contains('যানবাহন').click();\ncy.wait(1000);\nleftNavMenu.getReturnVehicleSubMenu().contains('ফেরৎ গ্রহণ').click();\ncy.wait(3000);\nreceiveGoodsPage.getCardHeader().should('include.text', 'রেজিষ্ট্রেশন নম্বর দিন');\nvehicleRequisitionPage.getLicenseNumberField().should('have.attr', 'aria-label', 'রেজিষ্ট্রেশন নম্বর').click();\ninspectionUnassignedPage.getDropDownItem().contains(this.ast.VehicleLicenseNumber).click();\ncy.wait(2000);\nrequisitionPage.getAddAssetButton().should('include.text', 'যানবাহন যোগ').click();\ncy.wait(2000);\nvehicleRequisitionPage.getReciveButton().should('include.text', 'গ্রহণ').click();\ncy.wait(2000);\nreceiveGoodsPage.getConfirmPopUpHeader().should('include.text', 'নিশ্চিত করুন');\nreceiveGoodsPage.getConfirmPopUpYesButton().should('include.text', 'হ্যাঁ').click();\ncy.wait(6000);",
              "err": {
                "message": "AssertionError: Timed out retrying: Expected to find content: 'Auto-Kha-Dhaka-Metro-0013' within the element: [ <span.mat-option-text>, 3 more... ] but never did.",
                "estack": "AssertionError: Timed out retrying: Expected to find content: 'Auto-Kha-Dhaka-Metro-0013' within the element: [ <span.mat-option-text>, 3 more... ] but never did.\n    at Context.eval (http://staging.grp.gov.bd/__cypress/tests?p=cypress\\integration\\happyPath\\ASTFullTest.spec.js:2808:48)",
                "diff": null
              },
              "uuid": "cc58dac2-bf22-4e49-abf4-71e834268875",
              "parentUUID": "075d0e55-da94-4094-81f0-2506fe2e0043",
              "isHook": false,
              "skipped": false
            },
            {
              "title": "TC_7. Store Admin: Verify the Vehicle Issuable Upon Return",
              "fullTitle": "AST Module (Sprint 8) Regression Test Suite TC_7. Store Admin: Verify the Vehicle Issuable Upon Return",
              "timedOut": null,
              "duration": 33240,
              "state": "passed",
              "speed": "slow",
              "pass": true,
              "fail": false,
              "pending": false,
              "context": null,
              "code": "var _this23 = this;\ncy.login(this.ast.storeAdminID, this.ast.storeAdminPassword);\ndashboardPage.getASTAvatar().click();\ncy.wait(3000);\nleftNavMenu.getDropDownMenu().contains('যানবাহন').click();\ncy.wait(1000);\nleftNavMenu.getVehicleListSubMenu().should('include.text', 'যানবাহন তালিকা').click();\ncy.wait(3000);\nreceiveGoodsPage.getCardHeader().should('include.text', 'যানবাহন তালিকা');\ncy.ASTPagination(this.prc.Pagination); //Pagination\ncy.get('tr td:nth-child(2)').each(function ($e1, index, $list) {\n  var LicenseNoText = $e1.text();\n  if (LicenseNoText.includes(_this23.ast.VehicleLicenseNumber)) {\n    cy.get('tr td:nth-child(2)').eq(index).next().next().next().then(function (issuable) {\n      var issuableText = issuable.text();\n      expect(issuableText).to.equal('হ্যাঁ');\n    });\n  }\n});\ncy.wait(2000);",
              "err": {},
              "uuid": "0c49c26c-8e13-48be-9625-2f39f59010d6",
              "parentUUID": "075d0e55-da94-4094-81f0-2506fe2e0043",
              "isHook": false,
              "skipped": false
            },
            {
              "title": "TC_8. Store Admin: Vehicle Case Entry",
              "fullTitle": "AST Module (Sprint 8) Regression Test Suite TC_8. Store Admin: Vehicle Case Entry",
              "timedOut": null,
              "duration": 29531,
              "state": "failed",
              "speed": null,
              "pass": false,
              "fail": true,
              "pending": false,
              "context": null,
              "code": "cy.login(this.ast.storeAdminID, this.ast.storeAdminPassword);\ndashboardPage.getASTAvatar().click();\ncy.wait(3000);\nleftNavMenu.getDropDownMenu().contains('যানবাহন').click();\ncy.wait(1000);\nleftNavMenu.getDropDownMenu().contains('যানবাহন মামলা').click();\ncy.wait(1000);\nleftNavMenu.getVehicleCaseSubMenu().contains('তৈরি করুন').click();\ncy.wait(3000);\nreceiveGoodsPage.getCardHeader().should('include.text', 'বিদ্যমান মামলাগুলো');\nvehicleAddPage.getAddVehicleButton().click();\ncy.wait(2000);\nreceiveGoodsPage.getCardHeader().should('include.text', 'যানবাহনের মামলা তৈরি করুন');\nvehicleAddPage.getVehicleReferenceNoField().should('have.attr', 'placeholder', 'রেফারেন্স নং').clear().type(this.ast.VehicleCaseReferenceNo).should('have.value', this.ast.VehicleCaseReferenceNo);\ncy.wait(2000);\nvehicleCasePage.getVehicleField().should('have.attr', 'aria-label', 'যানবাহন').click();\ninspectionUnassignedPage.getDropDownItem().contains(this.ast.VehicleLicenseNumber).click();\ncy.wait(2000);\nvehicleCasePage.getDriverField().should('have.attr', 'placeholder', 'ড্রাইভার').type(this.ast.VehicleDeiverName).should('have.value', this.ast.VehicleDeiverName);\ncy.wait(2000);\nvehicleCasePage.getLocationField().should('have.attr', 'placeholder', 'স্থান').type(this.ast.Thana).should('have.value', this.ast.Thana);\ncy.wait(2000);\nvehicleCasePage.getJustificationField().should('have.attr', 'placeholder', 'কারন').type(this.ast.CaseJustification).should('have.value', this.ast.CaseJustification);\ncy.wait(2000);\nvehicleCasePage.getFineField().should('have.attr', 'placeholder', 'জরিমানার পরিমান').type(this.ast.CaseFineAmount).should('have.value', this.ast.CaseFineAmount);\ncy.wait(2000);\nvehicleAddPage.getReceiveButton().should('include.text', 'প্রেরণ করুন').click();\nreceiveGoodsPage.getConfirmPopUpHeader().should('include.text', 'নিশ্চিত করুন');\nreceiveGoodsPage.getConfirmPopUpYesButton().should('include.text', 'হ্যাঁ').click();\ncy.wait(6000);",
              "err": {
                "message": "AssertionError: Timed out retrying: Expected to find content: 'তৈরি করুন' within the element: [ <a.nav-link>, 1 more... ] but never did.",
                "estack": "AssertionError: Timed out retrying: Expected to find content: 'তৈরি করুন' within the element: [ <a.nav-link>, 1 more... ] but never did.\n    at Context.eval (http://staging.grp.gov.bd/__cypress/tests?p=cypress\\integration\\happyPath\\ASTFullTest.spec.js:2853:41)",
                "diff": null
              },
              "uuid": "9c66b89d-d099-4c06-a385-ac6c7709a3c3",
              "parentUUID": "075d0e55-da94-4094-81f0-2506fe2e0043",
              "isHook": false,
              "skipped": false
            },
            {
              "title": "TC_9. Store Admin: Completed the Vehicle Case.",
              "fullTitle": "AST Module (Sprint 8) Regression Test Suite TC_9. Store Admin: Completed the Vehicle Case.",
              "timedOut": null,
              "duration": 31110,
              "state": "failed",
              "speed": null,
              "pass": false,
              "fail": true,
              "pending": false,
              "context": null,
              "code": "var _this24 = this;\ncy.login(this.ast.storeAdminID, this.ast.storeAdminPassword);\ndashboardPage.getASTAvatar().click();\ncy.wait(3000);\nleftNavMenu.getDropDownMenu().contains('যানবাহন').click();\ncy.wait(1000);\nleftNavMenu.getDropDownMenu().contains('যানবাহন মামলা').click();\ncy.wait(1000);\nleftNavMenu.getVehicleCaseSubMenu().contains('তৈরি করুন').click();\ncy.wait(3000);\nreceiveGoodsPage.getCardHeader().should('include.text', 'বিদ্যমান মামলাগুলো');\ncy.ASTPagination(this.prc.Pagination); //Pagination\nreceiveGoodsPage.getCardRows().each(function ($el, index, $list) //Select the desired পণ্যের নাম\n{\n  var licenseText = $el.find('td.e-rowcell[aria-label]').text();\n  if (licenseText.includes(_this24.ast.VehicleCaseReferenceNo)) {\n    $el.find('td button mat-icon:eq(1)').click();\n  }\n});\ncy.wait(6000);\nreceiveGoodsPage.getCardHeader().should('include.text', 'যানবাহন মামলা সমাপ্তকরণ');\nvehicleCasePage.getActionField().should('have.attr', 'placeholder', 'কার্যক্রম').type(this.ast.Actions).should('have.value', this.ast.Actions);\ncy.wait(2000);\nvehicleAddPage.getReceiveButton().should('include.text', 'সমাপ্ত').click();\nreceiveGoodsPage.getConfirmPopUpHeader().should('include.text', 'নিশ্চিত করুন');\nreceiveGoodsPage.getConfirmPopUpYesButton().should('include.text', 'হ্যাঁ').click();\ncy.wait(6000);",
              "err": {
                "message": "AssertionError: Timed out retrying: Expected to find content: 'তৈরি করুন' within the element: [ <a.nav-link>, 1 more... ] but never did.",
                "estack": "AssertionError: Timed out retrying: Expected to find content: 'তৈরি করুন' within the element: [ <a.nav-link>, 1 more... ] but never did.\n    at Context.eval (http://staging.grp.gov.bd/__cypress/tests?p=cypress\\integration\\happyPath\\ASTFullTest.spec.js:2888:41)",
                "diff": null
              },
              "uuid": "a4c2730b-09e2-47b8-8818-bf35c1c26980",
              "parentUUID": "075d0e55-da94-4094-81f0-2506fe2e0043",
              "isHook": false,
              "skipped": false
            },
            {
              "title": "TC_10. Store Admin: Verify the Completed Case",
              "fullTitle": "AST Module (Sprint 8) Regression Test Suite TC_10. Store Admin: Verify the Completed Case",
              "timedOut": null,
              "duration": 32923,
              "state": "failed",
              "speed": null,
              "pass": false,
              "fail": true,
              "pending": false,
              "context": null,
              "code": "var _this25 = this;\ncy.login(this.ast.storeAdminID, this.ast.storeAdminPassword);\ndashboardPage.getASTAvatar().click();\ncy.wait(3000);\nleftNavMenu.getDropDownMenu().contains('যানবাহন').click();\ncy.wait(1000);\nleftNavMenu.getDropDownMenu().contains('যানবাহন মামলা').click();\ncy.wait(1000);\nleftNavMenu.getCompletedCasesSubMenu().should('include.text', 'সমাপ্ত মামলাগুলো').click();\ncy.wait(3000);\nreceiveGoodsPage.getCardHeader().should('include.text', 'সমাপ্ত মামলাগুলো');\ncy.ASTPagination(this.prc.Pagination); //Pagination\ncy.get('tr td:nth-child(2)').each(function ($e1, index, $list) {\n  var caseTeferenceNoText = $e1.text();\n  if (caseTeferenceNoText.includes(_this25.ast.VehicleCaseReferenceNo)) {\n    cy.get('tr td:nth-child(2)').eq(index).next().next().then(function (caseReference) {\n      var caseReferenceText = caseReference.text();\n      expect(caseReferenceText).to.equal('COMPLETED');\n    });\n  }\n});\ncy.wait(2000);",
              "err": {
                "message": "AssertionError: Timed out retrying: expected '<a.nav-link>' to contain text 'সমাপ্ত মামলাগুলো', but the text was 'সমাপ্ত মামলাসমূহ'",
                "estack": "AssertionError: Timed out retrying: expected '<a.nav-link>' to contain text 'সমাপ্ত মামলাগুলো', but the text was 'সমাপ্ত মামলাসমূহ'\n    at Context.eval (http://staging.grp.gov.bd/__cypress/tests?p=cypress\\integration\\happyPath\\ASTFullTest.spec.js:2921:44)",
                "diff": "- 'সমাপ্ত মামলাসমূহ'\n+ 'সমাপ্ত মামলাগুলো'\n"
              },
              "uuid": "1b34f4f8-6842-45a6-a940-cc444c5841db",
              "parentUUID": "075d0e55-da94-4094-81f0-2506fe2e0043",
              "isHook": false,
              "skipped": false
            }
          ],
          "suites": [],
          "passes": [
            "1f872a18-1a27-47be-a57f-70b187ca0a6f",
            "df084022-db20-49d7-b058-5096fe23f828",
            "0c49c26c-8e13-48be-9625-2f39f59010d6"
          ],
          "failures": [
            "aec31fc0-96ea-44f1-b4a2-becd1437a210",
            "374745af-2d36-4036-8aa5-901d884380bf",
            "14a02281-21b3-4285-8992-b7ce2f00aaee",
            "cc58dac2-bf22-4e49-abf4-71e834268875",
            "9c66b89d-d099-4c06-a385-ac6c7709a3c3",
            "a4c2730b-09e2-47b8-8818-bf35c1c26980",
            "1b34f4f8-6842-45a6-a940-cc444c5841db"
          ],
          "pending": [],
          "skipped": [],
          "duration": 353292,
          "root": false,
          "rootEmpty": false,
          "_timeout": 2000
        }
      ],
      "passes": [],
      "failures": [],
      "pending": [],
      "skipped": [],
      "duration": 0,
      "root": true,
      "rootEmpty": true,
      "_timeout": 2000
    }
  ],
  "meta": {
    "mocha": {
      "version": "7.0.1"
    },
    "mochawesome": {
      "options": {
        "quiet": false,
        "reportFilename": "mochawesome",
        "saveHtml": true,
        "saveJson": true,
        "consoleReporter": "spec",
        "useInlineDiffs": false,
        "code": true
      },
      "version": "5.0.0"
    },
    "marge": {
      "options": null,
      "version": "4.1.0"
    }
  }
}