{
  "stats": {
    "suites": 1,
    "tests": 69,
    "passes": 57,
    "pending": 0,
    "failures": 12,
    "start": "2020-07-08T11:38:20.077Z",
    "end": "2020-07-08T12:51:56.440Z",
    "duration": 4416363,
    "testsRegistered": 69,
    "passPercent": 82.6086956521739,
    "pendingPercent": 0,
    "other": 0,
    "hasOther": false,
    "skipped": 0,
    "hasSkipped": false
  },
  "results": [
    {
      "uuid": "a73bc578-379d-4e6f-b185-b605a56d8e03",
      "title": "",
      "fullFile": "cypress\\integration\\happyPath\\ASTFullTest.spec.js",
      "file": "cypress\\integration\\happyPath\\ASTFullTest.spec.js",
      "beforeHooks": [],
      "afterHooks": [],
      "tests": [],
      "suites": [
        {
          "uuid": "05679793-34e7-47c7-a798-2320a9016e29",
          "title": "AST Module Regression Test Suite",
          "fullFile": "",
          "file": "",
          "beforeHooks": [],
          "afterHooks": [],
          "tests": [
            {
              "title": "TC_1. Store Keeper: Material Receive.",
              "fullTitle": "AST Module Regression Test Suite TC_1. Store Keeper: Material Receive.",
              "timedOut": null,
              "duration": 57810,
              "state": "passed",
              "speed": "slow",
              "pass": true,
              "fail": false,
              "pending": false,
              "context": null,
              "code": "var _this = this;\ncy.login(this.ast.storeKeeperID, this.ast.storeKeeperPassword);\ndashboardPage.getASTAvatar().click();\ncy.wait(3000);\nleftNavMenu.getDropDownMenu().contains('স্টোর কিপিং').click();\ncy.wait(1000);\nleftNavMenu.getDropDownMenu().contains('অর্ডার সমূহ').click();\ncy.wait(1000);\nleftNavMenu.getReceiveGoodsSubMenu().contains('পণ্য গ্রহণ').click();\ncy.wait(3000);\nreceiveGoodsPage.getStoreNameTab().contains(this.ast.storeName).click();\ncy.wait(3000);\nreceiveGoodsPage.getCardHeader().should('include.text', 'পারচেজ অর্ডারের তালিকা');\ncy.ASTPagination(this.prc.Pagination); //Pagination\nreceiveGoodsPage.getCardRows().each(function ($el, index, $list) //Select the desired প্রকিউরমেন্ট রেফারেন্স নং\n{\n  var textReferenceNo = $el.find('td.e-rowcell[aria-label]').text();\n  if (textReferenceNo.includes(_this.prc.DCPReferenceNo)) {\n    $el.find('td button mat-icon').click();\n  }\n});\ncy.wait(3000); //receiveGoodsPage.getCardHeader().should('include.text', 'ম্যাটেরিয়াল রিসেপশন তৈরি করুন')\n//receiveGoodsPage.getThirdCardHeader().should('include.text', 'চালানের তথ্য প্রবেশ করুন')\nreceiveGoodsPage.getChalanNoInputField().should('have.attr', 'placeholder', 'চালান নং').click().type(this.ast.chalanNo).should('have.value', this.ast.chalanNo);\ncy.wait(2000);\nreceiveGoodsPage.getCalendarIcon().click(); //চালানের তারিখ\ncy.wait(1000);\ncy.calendar(this.ast.chalanYear, this.ast.chalanMonth, this.ast.chalanDay);\nreceiveGoodsPage.getCardFooterFourthButton().should('include.text', 'গ্রহণ এবং ইন্সপেকশনের জন্য প্রেরণ করুন').click();\ncy.wait(2000);\nreceiveGoodsPage.getConfirmPopUpHeader().should('include.text', 'নিশ্চিত করুন');\nreceiveGoodsPage.getConfirmPopUpYesButton().should('include.text', 'হ্যাঁ').click();\ncy.wait(6000);",
              "err": {},
              "uuid": "f697be1b-e7af-45ae-aed7-dcdcceca8cac",
              "parentUUID": "05679793-34e7-47c7-a798-2320a9016e29",
              "isHook": false,
              "skipped": false
            },
            {
              "title": "TC_2. Store Admin: Inspector Assign for Material Receive.",
              "fullTitle": "AST Module Regression Test Suite TC_2. Store Admin: Inspector Assign for Material Receive.",
              "timedOut": null,
              "duration": 54986,
              "state": "passed",
              "speed": "slow",
              "pass": true,
              "fail": false,
              "pending": false,
              "context": null,
              "code": "cy.login(this.ast.storeAdminID, this.ast.storeAdminPassword);\ndashboardPage.getASTAvatar().click();\ncy.wait(3000);\nleftNavMenu.getDropDownMenu().contains('ইন্সপেকশন').click();\ncy.wait(1000);\nleftNavMenu.getInspectionUnassignedSubMenu().should('include.text', 'পরিদর্শক নির্ধারণ').click();\ncy.wait(3000);\nreceiveGoodsPage.getStoreNameTab().contains(this.ast.storeName).click();\ncy.wait(3000);\nreceiveGoodsPage.getCardHeader().should('include.text', 'পরিদর্শক নির্ধারণ');\ncy.ASTPagination(this.prc.Pagination); //Pagination\ncy.inspection(this.ast.chalanNo); //চালান নং\ncy.wait(3000);\nreceiveGoodsPage.getCardHeader().should('include.text', 'ম্যাটেরিয়াল রিসেপশন');\nreceiveGoodsPage.getThirdCardHeader().should('include.text', 'ইন্সপেক্টর এসাইন করুন');\ninspectionUnassignedPage.getInspectorTypeField().should('have.attr', 'aria-label', 'পরিদর্শকের ধরণ').click();\ninspectionUnassignedPage.getDropDownItem().contains(this.ast.InspectorType).click();\ncy.wait(2000);\ninspectionUnassignedPage.getOfficeUnitField().should('have.attr', 'aria-label', 'শাখা').click();\ncy.wait(1000);\ninspectionUnassignedPage.getDropDownItem().contains(this.ast.OfficeUnit).click();\ncy.wait(2000);\ninspectionUnassignedPage.getInspectorField().should('have.attr', 'aria-label', 'পরিদর্শক').click();\ninspectionUnassignedPage.getDropDownItem().contains(this.ast.Inspector).click();\ncy.wait(2000);\nreceiveGoodsPage.getCardFooterFourthButton().should('include.text', 'প্রেরণ').click(); //Reuse from ReceiveGoods Page \ncy.wait(2000);\nreceiveGoodsPage.getConfirmPopUpHeader().should('include.text', 'নিশ্চিত করুন');\nreceiveGoodsPage.getConfirmPopUpYesButton().should('include.text', 'হ্যাঁ').click();\ncy.wait(6000);",
              "err": {},
              "uuid": "35083603-466c-4dac-b51c-506be72ffc33",
              "parentUUID": "05679793-34e7-47c7-a798-2320a9016e29",
              "isHook": false,
              "skipped": false
            },
            {
              "title": "TC_3. Inspector: Inspect for Material Receive.",
              "fullTitle": "AST Module Regression Test Suite TC_3. Inspector: Inspect for Material Receive.",
              "timedOut": null,
              "duration": 39506,
              "state": "passed",
              "speed": "slow",
              "pass": true,
              "fail": false,
              "pending": false,
              "context": null,
              "code": "cy.login(this.ast.inspectorID, this.ast.inspectorPassword);\n/*    \n    //Select office if needed\n    dashboardPage.getOfficePopUpHeader().should('include.text', 'অফিস/পদ নির্বাচন করুন')\n    dashboardPage.getOfficeName().contains(this.ast.inspectorOffice).click()\n    cy.wait(3000)    \n*/\ndashboardPage.getASTAvatar().click();\ncy.wait(3000);\nleftNavMenu.getDropDownMenu().contains('ইন্সপেকশন').click();\ncy.wait(1000);\nleftNavMenu.getInspectionAssignedSubMenu().should('include.text', 'নির্ধারিত পরিদর্শন').click();\ncy.wait(3000);\nreceiveGoodsPage.getCardHeader().should('include.text', 'নির্ধারিত পরিদর্শন');\ncy.ASTPagination(this.prc.Pagination); //Pagination\ncy.inspection(this.ast.chalanNo); //চালান নং\ncy.wait(3000);\nreceiveGoodsPage.getCardHeader().should('include.text', 'ইন্সপেকশনের ফলাফল সেট করুন');\ninspectionAssignedPage.getRemarksField().click().type(this.ast.InspectorRemarks).should('have.value', this.ast.InspectorRemarks);\ncy.wait(2000);\n/*\nconst fileName = 'TestFile.pdf';\ninspectionAssignedPage.getQCReportButton().attachFile(fileName);      //File Upload\ncy.wait(4000)\n*/\nreceiveGoodsPage.getCardFooterFourthButton().should('include.text', 'দাখিল করুন').click(); //Reuse from ReceiveGoods Page \ncy.wait(2000);\nreceiveGoodsPage.getConfirmPopUpHeader().should('include.text', 'নিশ্চিত করুন');\nreceiveGoodsPage.getConfirmPopUpYesButton().should('include.text', 'হ্যাঁ').click();\ncy.wait(6000);",
              "err": {},
              "uuid": "e195602e-828e-4e61-b301-33a987347084",
              "parentUUID": "05679793-34e7-47c7-a798-2320a9016e29",
              "isHook": false,
              "skipped": false
            },
            {
              "title": "TC_4. Store Admin: Inspection Approval for Material Receive.",
              "fullTitle": "AST Module Regression Test Suite TC_4. Store Admin: Inspection Approval for Material Receive.",
              "timedOut": null,
              "duration": 42143,
              "state": "passed",
              "speed": "slow",
              "pass": true,
              "fail": false,
              "pending": false,
              "context": null,
              "code": "cy.login(this.ast.storeAdminID, this.ast.storeAdminPassword); //Select office code here if the user have multiple office \ndashboardPage.getASTAvatar().click();\ncy.wait(3000);\nleftNavMenu.getDropDownMenu().contains('অনুমোদন অপেক্ষমান').click();\ncy.wait(1000);\nleftNavMenu.getInspectedSubMenu().should('include.text', 'পরিদর্শনকৃত').click();\ncy.wait(3000);\nreceiveGoodsPage.getStoreNameTab().contains(this.ast.storeName).click();\ncy.wait(2000);\nreceiveGoodsPage.getCardHeader().should('include.text', 'পরিদর্শনকৃত');\ncy.ASTPagination(this.prc.Pagination); //Pagination\ncy.inspection(this.ast.chalanNo); //চালান নং\ncy.wait(3000);\nreceiveGoodsPage.getCardHeader().should('include.text', 'প্রাপ্তিযোগ্য পরিমাণগুলি সেট করুন');\ninspectedPage.getCardFooterFourthButton().should('include.text', 'অনুমোদন করুন').click(); //Reuse from inspected Page  \ncy.wait(2000);\nreceiveGoodsPage.getConfirmPopUpHeader().should('include.text', 'নিশ্চিত করুন');\nreceiveGoodsPage.getConfirmPopUpYesButton().should('include.text', 'হ্যাঁ').click();\ncy.wait(6000);",
              "err": {},
              "uuid": "8b60f1b5-ae8f-48a0-aedb-710224322ada",
              "parentUUID": "05679793-34e7-47c7-a798-2320a9016e29",
              "isHook": false,
              "skipped": false
            },
            {
              "title": "TC_5. Store Keeper: Asset Tagging (Material Receive Asset).",
              "fullTitle": "AST Module Regression Test Suite TC_5. Store Keeper: Asset Tagging (Material Receive Asset).",
              "timedOut": null,
              "duration": 133469,
              "state": "passed",
              "speed": "slow",
              "pass": true,
              "fail": false,
              "pending": false,
              "context": null,
              "code": "var _this2 = this;\ncy.login(this.ast.storeKeeperID, this.ast.storeKeeperPassword);\ndashboardPage.getASTAvatar().click();\ncy.wait(3000);\nleftNavMenu.getDropDownMenu().contains('স্টোর কিপিং').click();\ncy.wait(1000);\nleftNavMenu.getAssetTaggingSubMenu().should('include.text', 'সম্পদ ট্যাগিং').click();\ncy.wait(3000);\nreceiveGoodsPage.getStoreNameTab().contains(this.ast.storeName).click(); //Select Store\ncy.wait(3000);\nreceiveGoodsPage.getCardHeader().should('include.text', 'ট্যাগিংয়ের জন্য সম্পদের তালিকা');\ncy.ASTPagination(this.prc.Pagination); //Pagination\nreceiveGoodsPage.getCardRows().each(function ($el, index, $list) //Select the desired চালান নং\n{\n  var textChalanNo = $el.find('td.e-rowcell[aria-label]').text();\n  if (textChalanNo.includes(_this2.ast.chalanNo)) {\n    $el.find('td button mat-icon').click();\n  }\n});\ncy.wait(3000);\nreceiveGoodsPage.getCardHeader().should('include.text', 'সম্পদ ট্যাগ');\nreceiveGoodsPage.getSecondCardHeader().should('include.text', 'পণ্যসমূহ');\nassetTaggingPage.getSetTagsButton().click(); //Set tag button\ncy.wait(3000);\nassetTaggingPage.getTagInputField().clear().type(this.ast.assetTagNo).should('have.value', this.ast.assetTagNo);\ncy.wait(1000);\nassetTaggingPage.getTagInputField2().clear().type(this.ast.assetTagNo2).should('have.value', this.ast.assetTagNo2);\ncy.wait(1000);\nassetTaggingPage.getTagInputField3().clear().type(this.ast.assetTagNo3).should('have.value', this.ast.assetTagNo3);\ncy.wait(1000);\nassetTaggingPage.getTagInputField4().clear().type(this.ast.assetTagNo4).should('have.value', this.ast.assetTagNo4);\ncy.wait(1000);\nassetTaggingPage.getTagInputField5().clear().type(this.ast.assetTagNo5).should('have.value', this.ast.assetTagNo5);\ncy.wait(1000);\nassetTaggingPage.getTagInputField6().clear().type(this.ast.assetTagNo6).should('have.value', this.ast.assetTagNo6);\ncy.wait(1000);\nassetTaggingPage.getTagInputField7().clear().type(this.ast.assetTagNo7).should('have.value', this.ast.assetTagNo7);\ncy.wait(1000);\nassetTaggingPage.getTagInputField8().clear().type(this.ast.assetTagNo8).should('have.value', this.ast.assetTagNo8);\ncy.wait(1000);\nassetTaggingPage.getTagInputField9().clear().type(this.ast.assetTagNo9).should('have.value', this.ast.assetTagNo9);\ncy.wait(1000);\nassetTaggingPage.getTagInputField10().clear().type(this.ast.assetTagNo10).should('have.value', this.ast.assetTagNo10);\ncy.wait(1000);\nassetTaggingPage.getTagInputField11().clear().type(this.ast.assetTagNo11).should('have.value', this.ast.assetTagNo11);\ncy.wait(1000);\nassetTaggingPage.getLifeTimeInputField().type(this.ast.assetLifeTime).should('have.value', this.ast.assetLifeTime);\ncy.wait(1000);\nassetTaggingPage.getSecondLifeTimeInputField().click();\ncy.wait(2000);\nassetTaggingPage.getRoomNumberInputField().type(this.ast.assetRoomNumber).should('have.value', this.ast.assetRoomNumber);\ncy.wait(1000);\nassetTaggingPage.getSecondLifeTimeInputField().click();\ncy.wait(2000);\nassetTaggingPage.getTagSaveButton().should('include.text', 'দাখিল করুন').click();\ncy.wait(2500);\nreceiveGoodsPage.getConfirmPopUpHeader().should('include.text', 'নিশ্চিত করুন');\nreceiveGoodsPage.getConfirmPopUpYesButton().should('include.text', 'হ্যাঁ').click();\ncy.wait(6000);",
              "err": {},
              "uuid": "b0d05dc9-ea08-4114-a2d8-41fcaa132f65",
              "parentUUID": "05679793-34e7-47c7-a798-2320a9016e29",
              "isHook": false,
              "skipped": false
            },
            {
              "title": "TC_6. Store Keeper: Direct in request and send for approval.",
              "fullTitle": "AST Module Regression Test Suite TC_6. Store Keeper: Direct in request and send for approval.",
              "timedOut": null,
              "duration": 69135,
              "state": "passed",
              "speed": "slow",
              "pass": true,
              "fail": false,
              "pending": false,
              "context": null,
              "code": "var _this3 = this;\ncy.login(this.ast.storeKeeperID, this.ast.storeKeeperPassword);\ndashboardPage.getASTAvatar().click();\ncy.wait(3000);\nleftNavMenu.getDropDownMenu().contains('স্টোর কিপিং').click();\ncy.wait(1000);\nleftNavMenu.getDirectInSubMenu().should('include.text', 'সরাসরি গ্রহণ').click();\ncy.wait(3000);\nreceiveGoodsPage.getStoreNameTab().contains(this.ast.storeName).click(); //Select Store\ncy.wait(3000);\nreceiveGoodsPage.getCardHeader().should('include.text', 'বিদ্যমান সরাসরি গ্রহণ'); //cy.ASTPagination(this.prc.Pagination) //Pagination\ndirectInPage.getAddButtonFirstStore().click();\nreceiveGoodsPage.getCardHeader().should('include.text', 'সরাসরি গ্রহণ তৈরি করুন');\ndirectInPage.getReferenceNoField().should('have.attr', 'placeholder', 'রেফারেন্স নং').clear().type(this.ast.DIReferenceNo).should('have.value', this.ast.DIReferenceNo);\ncy.wait(2000);\ndirectInPage.getReceptionTypeField().should('have.attr', 'placeholder', 'গ্রহণের ধরণ').click().type(this.ast.DIReceptionType).should('have.value', this.ast.DIReceptionType);\ncy.wait(2000);\ndirectInPage.getJustificationField().should('have.attr', 'placeholder', 'ন্যায্যতা').click().type(this.ast.DIJustification).should('have.value', this.ast.DIJustification);\ncy.wait(2000);\ndirectInPage.getAddItemPlusButtonForFirstStore().click(); //পণ্য যোগ করুন \ncy.wait(3000);\ndirectInPage.getItemCategoryField().should('have.attr', 'aria-label', 'ক্যাটাগরি').click();\ninspectionUnassignedPage.getDropDownItem().contains(this.ast.ItemCategory).click();\ncy.wait(2000);\nreceiveGoodsPage.getCardRows().each(function ($el, index, $list) //Select the desired পণ্যের নাম\n{\n  var textItemName = $el.find('td.e-rowcell[aria-label]').text();\n  if (textItemName.includes(_this3.ast.ItemGroup)) {\n    $el.find('td button mat-icon:eq(0)').first().click();\n  }\n});\ncy.wait(3000);\ndirectInPage.getItemFeaturesHeader().should('include.text', 'বৈশিষ্ট্য');\ndirectInPage.getItemsDropDownField().click();\ninspectionUnassignedPage.getDropDownItem().contains(this.ast.ItemName).first().click();\ncy.wait(2000);\ndirectInPage.getAddFeaturesButton().should('include.text', 'বৈশিষ্ট্য যোগ করুন').click();\ncy.wait(2000);\ndirectInPage.getAddItemButton().click();\ncy.wait(2000);\nreceiveGoodsPage.getCardFooterFourthButton().should('include.text', 'প্রেরণ').click();\ncy.wait(2000);\nreceiveGoodsPage.getConfirmPopUpHeader().should('include.text', 'নিশ্চিত করুন');\nreceiveGoodsPage.getConfirmPopUpYesButton().should('include.text', 'হ্যাঁ').click();\ncy.wait(6000);",
              "err": {},
              "uuid": "75740be9-dbd9-4826-b76f-7ab97ead9658",
              "parentUUID": "05679793-34e7-47c7-a798-2320a9016e29",
              "isHook": false,
              "skipped": false
            },
            {
              "title": "TC_7. Store Admin: Inspector Assign for Direct In.",
              "fullTitle": "AST Module Regression Test Suite TC_7. Store Admin: Inspector Assign for Direct In.",
              "timedOut": null,
              "duration": 57214,
              "state": "passed",
              "speed": "slow",
              "pass": true,
              "fail": false,
              "pending": false,
              "context": null,
              "code": "cy.login(this.ast.storeAdminID, this.ast.storeAdminPassword);\ndashboardPage.getASTAvatar().click();\ncy.wait(3000);\nleftNavMenu.getDropDownMenu().contains('ইন্সপেকশন').click();\ncy.wait(1000);\nleftNavMenu.getInspectionUnassignedSubMenu().should('include.text', 'পরিদর্শক নির্ধারণ').click();\ncy.wait(3000);\nreceiveGoodsPage.getStoreNameTab().contains(this.ast.storeName).click();\ncy.wait(3000);\nreceiveGoodsPage.getCardHeader().should('include.text', 'পরিদর্শক নির্ধারণ');\ncy.ASTPagination(this.prc.Pagination); //Pagination\ncy.inspection(this.ast.DIReferenceNo); //রেফারেন্স নং\ncy.wait(3000);\nreceiveGoodsPage.getCardHeader().should('include.text', 'সরাসরি গ্রহণ');\nreceiveGoodsPage.getThirdCardHeader().should('include.text', 'ইন্সপেক্টর এসাইন করুন');\ninspectionUnassignedPage.getInspectorTypeField().should('have.attr', 'aria-label', 'পরিদর্শকের ধরণ').click();\ninspectionUnassignedPage.getDropDownItem().contains(this.ast.InspectorType).click();\ncy.wait(2000);\ninspectionUnassignedPage.getOfficeUnitField().should('have.attr', 'aria-label', 'শাখা').click();\ninspectionUnassignedPage.getDropDownItem().contains(this.ast.OfficeUnit).click();\ncy.wait(2000);\ninspectionUnassignedPage.getInspectorField().should('have.attr', 'aria-label', 'পরিদর্শক').click();\ninspectionUnassignedPage.getDropDownItem().contains(this.ast.Inspector).click();\ncy.wait(2000);\nreceiveGoodsPage.getCardFooterFourthButton().should('include.text', 'প্রেরণ').click(); //Reuse from ReceiveGoods Page \ncy.wait(2000);\nreceiveGoodsPage.getConfirmPopUpHeader().should('include.text', 'নিশ্চিত করুন');\nreceiveGoodsPage.getConfirmPopUpYesButton().should('include.text', 'হ্যাঁ').click();\ncy.wait(6000);",
              "err": {},
              "uuid": "b652bfb5-2b91-4d76-9264-15b2a0466b45",
              "parentUUID": "05679793-34e7-47c7-a798-2320a9016e29",
              "isHook": false,
              "skipped": false
            },
            {
              "title": "TC_8. Inspector: Inspect for Direct In.",
              "fullTitle": "AST Module Regression Test Suite TC_8. Inspector: Inspect for Direct In.",
              "timedOut": null,
              "duration": 40793,
              "state": "passed",
              "speed": "slow",
              "pass": true,
              "fail": false,
              "pending": false,
              "context": null,
              "code": "cy.login(this.ast.inspectorID, this.ast.inspectorPassword);\n/*    \n    //Select office if needed\n    dashboardPage.getOfficePopUpHeader().should('include.text', 'অফিস/পদ নির্বাচন করুন')\n    dashboardPage.getOfficeName().contains(this.ast.inspectorOffice).click()\n    cy.wait(3000)  \n*/\ndashboardPage.getASTAvatar().click();\ncy.wait(3000);\nleftNavMenu.getDropDownMenu().contains('ইন্সপেকশন').click();\ncy.wait(1000);\nleftNavMenu.getInspectionAssignedSubMenu().should('include.text', 'নির্ধারিত পরিদর্শন').click();\ncy.wait(3000);\nreceiveGoodsPage.getCardHeader().should('include.text', 'নির্ধারিত পরিদর্শন');\ncy.ASTPagination(this.prc.Pagination); //Pagination\ncy.inspection(this.ast.DIReferenceNo); //রেফারেন্স নং\ncy.wait(3000);\nreceiveGoodsPage.getCardHeader().should('include.text', 'ইন্সপেকশনের ফলাফল সেট করুন');\ninspectionAssignedPage.getRemarksField().click().type(this.ast.InspectorRemarks).should('have.value', this.ast.InspectorRemarks);\ncy.wait(2000);\n/*\nconst fileName = 'TestFile.pdf';\ninspectionAssignedPage.getQCReportButton().attachFile(fileName);      //File Upload\ncy.wait(4000)\n*/\nreceiveGoodsPage.getCardFooterFourthButton().should('include.text', 'দাখিল করুন').click(); //Reuse from ReceiveGoods Page \ncy.wait(2000);\nreceiveGoodsPage.getConfirmPopUpHeader().should('include.text', 'নিশ্চিত করুন');\nreceiveGoodsPage.getConfirmPopUpYesButton().should('include.text', 'হ্যাঁ').click();\ncy.wait(6000);",
              "err": {},
              "uuid": "bfb128ec-7520-4220-bc5b-69e76f24b7f7",
              "parentUUID": "05679793-34e7-47c7-a798-2320a9016e29",
              "isHook": false,
              "skipped": false
            },
            {
              "title": "TC_9. Store Admin: Inspection Approval for Direct In.",
              "fullTitle": "AST Module Regression Test Suite TC_9. Store Admin: Inspection Approval for Direct In.",
              "timedOut": null,
              "duration": 43716,
              "state": "passed",
              "speed": "slow",
              "pass": true,
              "fail": false,
              "pending": false,
              "context": null,
              "code": "cy.login(this.ast.storeAdminID, this.ast.storeAdminPassword); //Select office code here if the user have multiple office \ndashboardPage.getASTAvatar().click();\ncy.wait(3000);\nleftNavMenu.getDropDownMenu().contains('অনুমোদন অপেক্ষমান').click();\ncy.wait(1000);\nleftNavMenu.getInspectedSubMenu().should('include.text', 'পরিদর্শনকৃত').click();\ncy.wait(3000);\nreceiveGoodsPage.getStoreNameTab().contains(this.ast.storeName).click();\ncy.wait(2000);\nreceiveGoodsPage.getCardHeader().should('include.text', 'পরিদর্শনকৃত');\ncy.ASTPagination(this.prc.Pagination); //Pagination\ncy.inspection(this.ast.DIReferenceNo); //রেফারেন্স নং\ncy.wait(3000);\nreceiveGoodsPage.getCardHeader().should('include.text', 'প্রাপ্তিযোগ্য পরিমাণগুলি সেট করুন');\ninspectedPage.getCardFooterFourthButton().should('include.text', 'অনুমোদন করুন').click(); //Reuse from ReceiveGoods Page \ncy.wait(2000);\nreceiveGoodsPage.getConfirmPopUpHeader().should('include.text', 'নিশ্চিত করুন');\nreceiveGoodsPage.getConfirmPopUpYesButton().should('include.text', 'হ্যাঁ').click();\ncy.wait(6000);",
              "err": {},
              "uuid": "79388c31-e76f-4080-8e9a-7b52df08a7bf",
              "parentUUID": "05679793-34e7-47c7-a798-2320a9016e29",
              "isHook": false,
              "skipped": false
            },
            {
              "title": "TC_10. Store Keeper: Asset Tagging (Direct In Asset).",
              "fullTitle": "AST Module Regression Test Suite TC_10. Store Keeper: Asset Tagging (Direct In Asset).",
              "timedOut": null,
              "duration": 66704,
              "state": "passed",
              "speed": "slow",
              "pass": true,
              "fail": false,
              "pending": false,
              "context": null,
              "code": "var _this4 = this;\ncy.login(this.ast.storeKeeperID, this.ast.storeKeeperPassword);\ndashboardPage.getASTAvatar().click();\ncy.wait(3000);\nleftNavMenu.getDropDownMenu().contains('স্টোর কিপিং').click();\ncy.wait(1000);\nleftNavMenu.getAssetTaggingSubMenu().should('include.text', 'সম্পদ ট্যাগিং').click();\ncy.wait(3000);\nreceiveGoodsPage.getStoreNameTab().contains(this.ast.storeName).click(); //Select Store\ncy.wait(3000);\nreceiveGoodsPage.getCardHeader().should('include.text', 'ট্যাগিংয়ের জন্য সম্পদের তালিকা');\ncy.ASTPagination(this.prc.Pagination); //Pagination\nreceiveGoodsPage.getCardRows().each(function ($el, index, $list) //Select the desired রেফারেন্স নং\n{\n  var textChalanNo = $el.find('td.e-rowcell[aria-label]').text();\n  if (textChalanNo.includes(_this4.ast.DIReferenceNo)) {\n    $el.find('td button mat-icon').click();\n  }\n});\ncy.wait(3000);\nreceiveGoodsPage.getCardHeader().should('include.text', 'সম্পদ ট্যাগ');\nreceiveGoodsPage.getSecondCardHeader().should('include.text', 'পণ্যসমূহ');\nassetTaggingPage.getSetTagsButton().click(); //Set Tag Button\ncy.wait(3000);\nassetTaggingPage.getTagInputField().clear().type(this.ast.DIassetTagNo).should('have.value', this.ast.DIassetTagNo);\ncy.wait(2000);\nassetTaggingPage.getBookValueInputField().click().type(this.ast.DIassetBookValue).should('have.value', this.ast.DIassetBookValue);\ncy.wait(2000);\nassetTaggingPage.getLifeTimeInputField().type(this.ast.assetLifeTime).should('have.value', this.ast.assetLifeTime);\ncy.wait(1000);\nassetTaggingPage.getRoomNumberInputField().type(this.ast.assetRoomNumber).should('have.value', this.ast.assetRoomNumber);\ncy.wait(2000);\nassetTaggingPage.getLifeTimeInputField().click();\ncy.wait(1000);\nassetTaggingPage.getTagSaveButton().should('include.text', 'দাখিল করুন').click(); //re-use from Asset Tagging Page\ncy.wait(2000);\nreceiveGoodsPage.getConfirmPopUpHeader().should('include.text', 'নিশ্চিত করুন');\nreceiveGoodsPage.getConfirmPopUpYesButton().should('include.text', 'হ্যাঁ').click();\ncy.wait(6000);",
              "err": {},
              "uuid": "72863de7-02b4-4921-b501-262c675d47f6",
              "parentUUID": "05679793-34e7-47c7-a798-2320a9016e29",
              "isHook": false,
              "skipped": false
            },
            {
              "title": "TC_11. Store Keeper: Direct Out Request and Send for Approval.",
              "fullTitle": "AST Module Regression Test Suite TC_11. Store Keeper: Direct Out Request and Send for Approval.",
              "timedOut": null,
              "duration": 56006,
              "state": "passed",
              "speed": "slow",
              "pass": true,
              "fail": false,
              "pending": false,
              "context": null,
              "code": "cy.login(this.ast.storeKeeperID, this.ast.storeKeeperPassword);\ndashboardPage.getASTAvatar().click();\ncy.wait(3000);\nleftNavMenu.getDropDownMenu().contains('স্টোর কিপিং').click();\ncy.wait(1000);\nleftNavMenu.getDirectOutSubMenu().should('include.text', 'সরাসরি প্রদান').click();\ncy.wait(3000);\nreceiveGoodsPage.getStoreNameTab().contains(this.ast.storeName).click(); //Select Store\ncy.wait(3000);\nreceiveGoodsPage.getCardHeader().should('include.text', 'বিদ্যমান অনুরোধসমূহ'); //cy.ASTPagination(this.prc.Pagination) //Pagination\ndirectInPage.getAddButtonFirstStore().click();\ncy.wait(3000);\ndirectOutPage.getPostOfficeTypeField().should('have.attr', 'aria-label', 'ধরণ').click();\ninspectionUnassignedPage.getDropDownItem().contains(this.ast.DOOfficePostType).click();\ncy.wait(2000);\ndirectOutPage.getOfficeUniteField().should('have.attr', 'aria-label', 'শাখা').click();\ncy.wait(1000);\ninspectionUnassignedPage.getDropDownItem().contains(this.ast.OfficeUnit).click();\ncy.wait(2000);\ndirectOutPage.getPostField().should('have.attr', 'aria-label', 'পদবি').click();\ninspectionUnassignedPage.getDropDownItem().contains(this.ast.DOPostPerson).click();\ncy.wait(2000); //New Tag search pop-up code will added here\ndirectOutPage.getTagInputField().should('have.attr', 'placeholder', 'ট্যাগ দিন').click().type(this.ast.DIassetTagNo).should('have.value', this.ast.DIassetTagNo);\ncy.wait(2000);\ndirectOutPage.getAddItemButton().should('include.text', 'পণ্য যোগ করুন').click(); //Re-use from Receive Goods Page\ncy.wait(3000);\ndirectOutPage.getSendForApprovalButton().should('include.text', 'অনুমোদনের জন্য প্রেরণ').click(); //Re-use from Receive Goods Page\ncy.wait(2000);\nreceiveGoodsPage.getConfirmPopUpHeader().should('include.text', 'নিশ্চিত করুন');\nreceiveGoodsPage.getConfirmPopUpYesButton().should('include.text', 'হ্যাঁ').click();\ncy.wait(6000);",
              "err": {},
              "uuid": "945cf48d-0099-4fdf-9b56-f064fe824223",
              "parentUUID": "05679793-34e7-47c7-a798-2320a9016e29",
              "isHook": false,
              "skipped": false
            },
            {
              "title": "TC_12. Store Admin: Approves Direct Out with Proper Comments.",
              "fullTitle": "AST Module Regression Test Suite TC_12. Store Admin: Approves Direct Out with Proper Comments.",
              "timedOut": null,
              "duration": 49671,
              "state": "passed",
              "speed": "slow",
              "pass": true,
              "fail": false,
              "pending": false,
              "context": null,
              "code": "cy.login(this.ast.storeAdminID, this.ast.storeAdminPassword); //Select office code here if the user have multiple office \ndashboardPage.getASTAvatar().click();\ncy.wait(3000);\nleftNavMenu.getDropDownMenu().contains('অনুমোদন অপেক্ষমান').click();\ncy.wait(1000);\nleftNavMenu.getDirectOutSubMenuOfPendingApproval().should('include.text', 'সরাসরি প্রদান').click();\ncy.wait(3000);\nreceiveGoodsPage.getCardHeader().should('include.text', 'তালিকা');\ncy.ASTPagination(this.prc.Pagination); //Pagination\ncy.inspection(this.ast.DOPostPerson); //Direct Out user Post\ncy.wait(3000);\ndirectOutPage.getDirectOutDetailsPageHeader().should('include.text', 'সরাসরি প্রদান বিস্তারিত');\ndirectOutPage.getDORemarksInputField().click().type(this.ast.ApprovalRemarks).should('have.value', this.ast.ApprovalRemarks);\ncy.wait(2000);\ninspectedPage.getCardFooterFourthButton().should('include.text', 'অনুমোদন করুন').click(); //Reuse from ReceiveGoods Page \ncy.wait(2000);\nreceiveGoodsPage.getConfirmPopUpHeader().should('include.text', 'নিশ্চিত করুন');\nreceiveGoodsPage.getConfirmPopUpYesButton().should('include.text', 'হ্যাঁ').click();\ncy.wait(6000);",
              "err": {},
              "uuid": "21f0f2df-de29-41cd-acfd-f1494af3ebd1",
              "parentUUID": "05679793-34e7-47c7-a798-2320a9016e29",
              "isHook": false,
              "skipped": false
            },
            {
              "title": "TC_13. AST User: Verify the User get the Item by Direct Out.",
              "fullTitle": "AST Module Regression Test Suite TC_13. AST User: Verify the User get the Item by Direct Out.",
              "timedOut": null,
              "duration": 24062,
              "state": "passed",
              "speed": "slow",
              "pass": true,
              "fail": false,
              "pending": false,
              "context": null,
              "code": "var _this5 = this;\ncy.login(this.ast.officeAdminID, this.ast.officeAdminPassword); //Select office code here if the user have multiple office \ndashboardPage.getASTAvatar().click();\ncy.wait(3000);\nleftNavMenu.getMyAssetMenu().should('include.text', 'আমার অধিকৃত সম্পদসমূহ').click();\ncy.wait(3000);\nreceiveGoodsPage.getCardHeader().should('include.text', 'আমার অধিকৃত সম্পদসমূহ');\ncy.ASTPagination(this.prc.Pagination); //Pagination\nreceiveGoodsPage.getCardRows().each(function ($el, index, $list) //Select the desired Tag No\n{\n  var textAssetTagNo = $el.find('td.e-rowcell[aria-label]').text();\n  if (textAssetTagNo.includes(_this5.ast.DIassetTagNo)) {\n    var tagText = $el.find('td.e-rowcell[aria-label]').text();\n    expect(tagText.includes(_this5.ast.DIassetTagNo)).to.be[\"true\"];\n  }\n});\ncy.wait(2000);",
              "err": {},
              "uuid": "f2f69262-44a6-4bab-bf38-284e4d186c2d",
              "parentUUID": "05679793-34e7-47c7-a798-2320a9016e29",
              "isHook": false,
              "skipped": false
            },
            {
              "title": "TC_14. Asset user: Add Items for (Self) Requisition.",
              "fullTitle": "AST Module Regression Test Suite TC_14. Asset user: Add Items for (Self) Requisition.",
              "timedOut": null,
              "duration": 62928,
              "state": "passed",
              "speed": "slow",
              "pass": true,
              "fail": false,
              "pending": false,
              "context": null,
              "code": "var _this6 = this;\ncy.login(this.ast.officeAdminID, this.ast.officeAdminPassword); //Select office code here if the user have multiple office \ndashboardPage.getASTAvatar().click();\ncy.wait(3000);\nleftNavMenu.getRequisitionMenu().should('include.text', 'চাহিদা পত্র').click();\ncy.wait(3000);\nreceiveGoodsPage.getCardHeader().should('include.text', 'চাহিদা পত্র');\ndirectInPage.getAddButtonFirstStore().click(); // Re-use from Direct In Page (চাহিদা পত্র plus button)\ncy.wait(3000);\nreceiveGoodsPage.getCardHeader().should('include.text', 'চাহিদাপত্র তৈরি করুন');\nrequisitionPage.getReferenceNoField().should('have.attr', 'placeholder', 'রেফারেন্স নং').clear().type(this.ast.requisitionReferenceNo).should('have.value', this.ast.requisitionReferenceNo);\ncy.wait(2000);\nrequisitionPage.getJustificationField().should('have.value', 'দাপ্তরিক কাজে ব্যবহারের জন্য');\nrequisitionPage.getPurposeField().should('have.attr', 'aria-label', 'উদ্দেশ্য').click();\ninspectionUnassignedPage.getDropDownItem().contains(this.ast.requisitionPurpose).click();\ncy.wait(2000);\nrequisitionPage.getItemsButton().should('include.text', 'পণ্যসমূহ').click();\ncy.wait(3000);\nrequisitionPage.getItemsCategoryField().should('have.attr', 'aria-label', 'ক্যাটাগরি').click();\ninspectionUnassignedPage.getDropDownItem().contains(this.ast.ItemCategory).click();\ncy.wait(2000);\nrequisitionPage.getItemsSearchField().should('have.attr', 'placeholder', 'অনুসন্ধান করুন').type(this.ast.ItemGroup).type('{enter}');\ncy.wait(2000);\nreceiveGoodsPage.getCardRows().each(function ($el, index, $list) //Select the desired পণ্যের নাম\n{\n  var textItemGroup = $el.find('td.e-rowcell[aria-label]').text();\n  if (textItemGroup.includes(_this6.ast.ItemGroup)) {\n    $el.find('td button mat-icon:eq(1)').click();\n  }\n});\ncy.wait(3000);\ndirectInPage.getItemFeaturesHeader().should('include.text', 'বৈশিষ্ট্য');\ndirectInPage.getItemsDropDownField().click();\ninspectionUnassignedPage.getDropDownItem().contains(this.ast.ItemName).first().click();\ncy.wait(2000);\ndirectInPage.getAddFeaturesButton().should('include.text', 'বৈশিষ্ট্য যোগ করুন').click();\ncy.wait(3000);\nrequisitionPage.getQuantityInputBox().clear().type(this.ast.requisitionQuantity).should('have.value', this.ast.requisitionQuantity);\ncy.wait(1500);\ndirectInPage.getAddItemButton().click(); //Plus icon for add items\ncy.wait(2500);\ninspectedPage.getCardFooterFourthButton().should('include.text', 'প্রেরণ').click(); //Reuse from ReceiveGoods Page \ncy.wait(2000);\nreceiveGoodsPage.getConfirmPopUpHeader().should('include.text', 'নিশ্চিত করুন');\nreceiveGoodsPage.getConfirmPopUpYesButton().should('include.text', 'হ্যাঁ').click();\ncy.wait(6000);",
              "err": {},
              "uuid": "e7c479e8-309a-4a2b-843c-c4ec7993bc0a",
              "parentUUID": "05679793-34e7-47c7-a798-2320a9016e29",
              "isHook": false,
              "skipped": false
            },
            {
              "title": "TC_15. Store Admin: Requisition Approval of Asset User(Self) Requisition.",
              "fullTitle": "AST Module Regression Test Suite TC_15. Store Admin: Requisition Approval of Asset User(Self) Requisition.",
              "timedOut": null,
              "duration": 110308,
              "state": "passed",
              "speed": "slow",
              "pass": true,
              "fail": false,
              "pending": false,
              "context": null,
              "code": "var _this7 = this;\ncy.login(this.ast.storeAdminID, this.ast.storeAdminPassword); //Select office code here if the user have multiple office \ndashboardPage.getASTAvatar().click();\ncy.wait(3000);\nleftNavMenu.getDropDownMenu().contains('অনুমোদন অপেক্ষমান').click();\ncy.wait(1000);\nleftNavMenu.getRequisitionSubMenuOfPendingApproval().should('include.text', 'চাহিদা পত্র').click();\ncy.wait(3500);\nreceiveGoodsPage.getCardHeader().should('include.text', 'চাহিদা পত্র');\ncy.ASTPagination(this.prc.Pagination); //Pagination\ncy.inspection(this.ast.requisitionReferenceNo); //Select রেফারেন্স নং\ncy.wait(3000);\nreceiveGoodsPage.getCardHeader().should('include.text', 'চাহিদা পত্র অনুমোদন');\nreceiveGoodsPage.getCardRows().each(function ($el, index, $list) //Select the desired পণ্যের Group\n{\n  var textItemGroup = $el.find('td.e-rowcell[aria-label]').text();\n  if (textItemGroup.includes(_this7.ast.ItemGroup)) {\n    $el.find('td button mat-icon:eq(0)').first().click();\n  }\n});\ncy.wait(4000);\nrequisitionPage.getUncheckDefaultItem().click({\n  force: true\n});\ncy.wait(500);\nrequisitionPage.getUncheckDefaultItem2().click({\n  force: true\n});\ncy.wait(500);\nrequisitionPage.getUncheckDefaultItem3().click({\n  force: true\n});\ncy.wait(500);\nrequisitionPage.getUncheckDefaultItem4().click({\n  force: true\n});\ncy.wait(500);\nrequisitionPage.getUncheckDefaultItem5().click({\n  force: true\n});\ncy.wait(500);\nrequisitionPage.getUncheckDefaultItem6().click({\n  force: true\n});\ncy.wait(500);\nrequisitionPage.getUncheckDefaultItem7().click({\n  force: true\n});\ncy.wait(500);\nrequisitionPage.getUncheckDefaultItem8().click({\n  force: true\n});\ncy.wait(500);\nrequisitionPage.getUncheckDefaultItem9().click({\n  force: true\n});\ncy.wait(500); //requisitionPage.getUncheckDefaultItem10().click({ force: true })\ncy.wait(2000);\ncy.selectItems(this.ast.assetTagNo);\ncy.wait(1000);\ncy.selectItems(this.ast.assetTagNo2);\ncy.wait(1000);\ncy.selectItems(this.ast.assetTagNo3);\ncy.wait(1000);\ncy.selectItems(this.ast.assetTagNo4);\ncy.wait(1000);\ncy.selectItems(this.ast.assetTagNo5);\ncy.wait(1000);\ncy.selectItems(this.ast.assetTagNo6);\ncy.wait(1000);\ncy.selectItems(this.ast.assetTagNo7);\ncy.wait(1000);\ncy.selectItems(this.ast.assetTagNo8);\ncy.wait(1000);\ncy.selectItems(this.ast.assetTagNo9);\ncy.wait(2000); //cy.selectItems(this.ast.assetTagNo10)\n//cy.wait(2000)\nrequisitionPage.getAddAssetButton().should('include.text', 'সম্পদ যোগ করুন').click();\ncy.wait(2000);\nrequisitionPage.getRemarkField().click().type(this.ast.ApprovalRemarks).should('have.value', this.ast.ApprovalRemarks);\ncy.wait(2000);\nrequisitionPage.getAddAssetButton().should('include.text', 'অনুমোদন করুন').click();\ncy.wait(2000);\nrequisitionPage.getConfirmPopupHeader().should('include.text', 'নিশ্চিত করুন');\nrequisitionPage.getCardFooterYesButton().should('include.text', 'হ্যাঁ').click();\ncy.wait(2000);\nrequisitionPage.getConfirmPopupHeader().should('include.text', 'অনুরোধ নিশ্চিতকরণ');\nrequisitionPage.getRemarksFieldOnConfirmCard().click().type(this.ast.ApprovalRemarks);\ncy.wait(2000);\nrequisitionPage.getCardFooterYesButton().should('include.text', 'সংরক্ষণ করুন').click();\ncy.wait(6000);",
              "err": {},
              "uuid": "bcf23686-bccd-49fb-82e4-698adf7bf45d",
              "parentUUID": "05679793-34e7-47c7-a798-2320a9016e29",
              "isHook": false,
              "skipped": false
            },
            {
              "title": "TC_16. Store Keeper: Issue Requisition Items for Asset User(Self) Requisition.",
              "fullTitle": "AST Module Regression Test Suite TC_16. Store Keeper: Issue Requisition Items for Asset User(Self) Requisition.",
              "timedOut": null,
              "duration": 42446,
              "state": "passed",
              "speed": "slow",
              "pass": true,
              "fail": false,
              "pending": false,
              "context": null,
              "code": "cy.login(this.ast.storeKeeperID, this.ast.storeKeeperPassword); //Select office code here if the user have multiple office \ndashboardPage.getASTAvatar().click();\ncy.wait(3000);\nleftNavMenu.getDropDownMenu().contains('স্টোর কিপিং').click();\ncy.wait(1000);\nleftNavMenu.getIssueLisrSubMenu().should('include.text', 'ইস্যু').click();\ncy.wait(3500);\nreceiveGoodsPage.getStoreNameTab().contains(this.ast.storeName).click();\ncy.wait(3000);\nreceiveGoodsPage.getCardHeader().should('include.text', 'ইস্যু তালিকা');\ncy.ASTPagination(this.prc.Pagination); //Pagination\ncy.inspection(this.ast.requisitionReferenceNo); //Select রেফারেন্স নং\ncy.wait(3000);\nreceiveGoodsPage.getCardHeader().should('include.text', 'ইস্যু');\nreceiveGoodsPage.getCardFooterFourthButton().should('include.text', 'দাখিল করুন').click();\ncy.wait(2000);\nreceiveGoodsPage.getConfirmPopUpHeader().should('include.text', 'নিশ্চিত করুন');\nreceiveGoodsPage.getConfirmPopUpYesButton().should('include.text', 'হ্যাঁ').click();\ncy.wait(6000);",
              "err": {},
              "uuid": "ce3f2014-23fa-4446-bd97-94fa7a99c700",
              "parentUUID": "05679793-34e7-47c7-a798-2320a9016e29",
              "isHook": false,
              "skipped": false
            },
            {
              "title": "TC_17. AST User: Verify the User get the Item by Self Requisition.",
              "fullTitle": "AST Module Regression Test Suite TC_17. AST User: Verify the User get the Item by Self Requisition.",
              "timedOut": null,
              "duration": 24487,
              "state": "passed",
              "speed": "slow",
              "pass": true,
              "fail": false,
              "pending": false,
              "context": null,
              "code": "var _this8 = this;\ncy.login(this.ast.officeAdminID, this.ast.officeAdminPassword); //Select office code here if the user have multiple office \ndashboardPage.getASTAvatar().click();\ncy.wait(3000);\nleftNavMenu.getMyAssetMenu().should('include.text', 'আমার অধিকৃত সম্পদসমূহ').click();\ncy.wait(3000);\nreceiveGoodsPage.getCardHeader().should('include.text', 'আমার অধিকৃত সম্পদসমূহ');\ncy.ASTPagination(this.prc.Pagination); //Pagination\nreceiveGoodsPage.getCardRows().each(function ($el, index, $list) //Select the desired Tag No\n{\n  var textAssetTagNo = $el.find('td.e-rowcell[aria-label]').text();\n  if (textAssetTagNo.includes(_this8.ast.assetTagNo)) {\n    var tagText = $el.find('td.e-rowcell[aria-label]').text();\n    expect(tagText.includes(_this8.ast.assetTagNo)).to.be[\"true\"];\n  }\n});\ncy.wait(2000);",
              "err": {},
              "uuid": "f9eeaee0-555c-481d-99ae-e50e77330a08",
              "parentUUID": "05679793-34e7-47c7-a798-2320a9016e29",
              "isHook": false,
              "skipped": false
            },
            {
              "title": "TC_18. Store Admin: Give Asset Return Request with Items (Request Return).",
              "fullTitle": "AST Module Regression Test Suite TC_18. Store Admin: Give Asset Return Request with Items (Request Return).",
              "timedOut": null,
              "duration": 69464,
              "state": "passed",
              "speed": "slow",
              "pass": true,
              "fail": false,
              "pending": false,
              "context": null,
              "code": "cy.login(this.ast.storeAdminID, this.ast.storeAdminPassword); //Select office code here if the user have multiple office \ndashboardPage.getASTAvatar().click();\ncy.wait(3000);\nleftNavMenu.getDropDownMenu().contains('ফেরৎ গ্রহণ').click();\ncy.wait(1000);\nleftNavMenu.getRequestReturnSubMenu().should('include.text', 'ফেরৎ অনুরোধ').click();\ncy.wait(3000);\nreceiveGoodsPage.getStoreNameTab().contains(this.ast.storeName).click(); //Select Store\ncy.wait(3000);\nreceiveGoodsPage.getCardHeader().should('include.text', 'ফেরতের জন্য অনুরোধের তালিকা');\ndirectInPage.getAddButtonFirstStore().click(); //Plus button\ncy.wait(2000);\nreceiveGoodsPage.getCardHeader().should('include.text', 'পোস্ট / অফিস ইউনিট নির্বাচন করুন');\ndirectOutPage.getPostOfficeTypeField().should('have.attr', 'aria-label', 'ধরণ').click();\ninspectionUnassignedPage.getDropDownItem().contains(this.ast.DOOfficePostType).click();\ncy.wait(2000);\ndirectOutPage.getOfficeUniteField().should('have.attr', 'aria-label', 'শাখা').click();\ncy.wait(1000);\ninspectionUnassignedPage.getDropDownItem().contains(this.ast.OfficeUnit).click();\ncy.wait(3000);\ndirectOutPage.getPostField().should('have.attr', 'aria-label', 'পদবি').click();\ninspectionUnassignedPage.getDropDownItem().contains(this.ast.DOPostPerson).click();\ncy.wait(2000);\ncy.selectItems(this.ast.assetTagNo);\ncy.wait(2000);\nrequestReturnPage.getCarrierField().should('have.attr', 'aria-label', 'বাহক').click();\ninspectionUnassignedPage.getDropDownItem().contains(this.ast.CarrierName).click();\ncy.wait(2000);\nreceiveGoodsPage.getCalendarIcon().click(); //Approximate Date\ncy.calendar(this.ast.chalanYear, this.ast.chalanMonth, this.ast.chalanDay);\nrequestReturnPage.getApproverField().should('have.attr', 'aria-label', 'অনুমোদনকারী').click();\ninspectionUnassignedPage.getDropDownItem().contains(this.ast.ApproverName).click();\ncy.wait(2000);\nrequestReturnPage.getCardFooterThirdButton().should('include.text', 'অনুমোদনের জন্য প্রেরণ').click(); //Reuse from ReceiveGoods Page \ncy.wait(2000);\nreceiveGoodsPage.getConfirmPopUpHeader().should('include.text', 'নিশ্চিত করুন');\nreceiveGoodsPage.getConfirmPopUpYesButton().should('include.text', 'হ্যাঁ').click();\ncy.wait(6000);",
              "err": {},
              "uuid": "38422927-dfb2-45b7-9c6c-070e8c45e29b",
              "parentUUID": "05679793-34e7-47c7-a798-2320a9016e29",
              "isHook": false,
              "skipped": false
            },
            {
              "title": "TC_19. Store Admin: Approved the Asset Return (Request Return)",
              "fullTitle": "AST Module Regression Test Suite TC_19. Store Admin: Approved the Asset Return (Request Return)",
              "timedOut": null,
              "duration": 36301,
              "state": "passed",
              "speed": "slow",
              "pass": true,
              "fail": false,
              "pending": false,
              "context": null,
              "code": "cy.login(this.ast.storeAdminID, this.ast.storeAdminPassword); //Select office code here if the user have multiple office \ndashboardPage.getASTAvatar().click();\ncy.wait(3000);\nleftNavMenu.getDropDownMenu().contains('অনুমোদন অপেক্ষমান').click();\ncy.wait(1000);\nleftNavMenu.getRequestApprovalSubMenu().should('include.text', 'ফেরৎ অনুরোধ').click();\ncy.wait(3000);\nreceiveGoodsPage.getCardHeader().should('include.text', 'অনুরোধসমূহের তালিকা');\ncy.ASTPagination(this.prc.Pagination); //Pagination\ncy.inspection(this.ast.DOPostPerson); //ফেরতদাতা\ncy.wait(3000);\nreceiveGoodsPage.getCardHeader().should('include.text', 'সম্পদ ফেরৎ');\nrequestReturnPage.getApproveButton().should('include.text', 'অনুমোদন করুন').click(); //Reuse from ReceiveGoods Page \ncy.wait(1000);\nreceiveGoodsPage.getConfirmPopUpHeader().should('include.text', 'নিশ্চিত করুন');\nreceiveGoodsPage.getConfirmPopUpYesButton().should('include.text', 'হ্যাঁ').click();\ncy.wait(6000);",
              "err": {},
              "uuid": "ccd9af07-e4d7-4134-8778-1a20f4c3414e",
              "parentUUID": "05679793-34e7-47c7-a798-2320a9016e29",
              "isHook": false,
              "skipped": false
            },
            {
              "title": "TC_20. Store Keeper: Receive that Asset Return (Request Return) which was Requested by the Store Admin.",
              "fullTitle": "AST Module Regression Test Suite TC_20. Store Keeper: Receive that Asset Return (Request Return) which was Requested by the Store Admin.",
              "timedOut": null,
              "duration": 41806,
              "state": "passed",
              "speed": "slow",
              "pass": true,
              "fail": false,
              "pending": false,
              "context": null,
              "code": "cy.login(this.ast.storeKeeperID, this.ast.storeKeeperPassword); //Select office code here if the user have multiple office \ndashboardPage.getASTAvatar().click();\ncy.wait(3000);\nleftNavMenu.getDropDownMenu().contains('ফেরৎ গ্রহণ').click();\ncy.wait(1000);\nleftNavMenu.getRequestReceiveSubMenu().should('include.text', 'ফেরত গ্রহণ').click();\ncy.wait(3000);\nreceiveGoodsPage.getStoreNameTab().contains(this.ast.storeName).click();\ncy.wait(3000);\nreceiveGoodsPage.getCardHeader().should('include.text', 'ফেরৎকৃত পণ্যের গ্রহণের তালিকা');\ncy.ASTPagination(this.prc.Pagination); //Pagination\ncy.inspection(this.ast.DOPostPerson); //ফেরতদাতা \ncy.wait(3000);\nreceiveGoodsPage.getCardHeader().should('include.text', 'সম্পদ ফেরৎ');\nrequestReturnPage.getReciveButton().should('include.text', 'গ্রহণ').click(); //Reuse from ReceiveGoods Page \ncy.wait(1000);\nreceiveGoodsPage.getConfirmPopUpHeader().should('include.text', 'নিশ্চিত করুন');\nreceiveGoodsPage.getConfirmPopUpYesButton().should('include.text', 'হ্যাঁ').click();\ncy.wait(6000);",
              "err": {},
              "uuid": "a5373951-293c-4eaa-8792-67af704d2661",
              "parentUUID": "05679793-34e7-47c7-a798-2320a9016e29",
              "isHook": false,
              "skipped": false
            },
            {
              "title": "TC_21. Store Admin: Inspector Assign for Asset Return (Request Return).",
              "fullTitle": "AST Module Regression Test Suite TC_21. Store Admin: Inspector Assign for Asset Return (Request Return).",
              "timedOut": null,
              "duration": 49613,
              "state": "passed",
              "speed": "slow",
              "pass": true,
              "fail": false,
              "pending": false,
              "context": null,
              "code": "cy.login(this.ast.storeAdminID, this.ast.storeAdminPassword);\ndashboardPage.getASTAvatar().click();\ncy.wait(3000);\nleftNavMenu.getDropDownMenu().contains('ইন্সপেকশন').click();\ncy.wait(1000);\nleftNavMenu.getInspectionUnassignedSubMenu().should('include.text', 'পরিদর্শক নির্ধারণ').click();\ncy.wait(3000);\nreceiveGoodsPage.getStoreNameTab().contains(this.ast.storeName).click();\ncy.wait(3000);\nreceiveGoodsPage.getCardHeader().should('include.text', 'পরিদর্শক নির্ধারণ');\ncy.inspection(this.ast.ARPost); // Post পদবি\ncy.wait(3000);\nreceiveGoodsPage.getCardHeader().should('include.text', 'সম্পদ ফেরৎ');\nreceiveGoodsPage.getThirdCardHeader().should('include.text', 'ইন্সপেক্টর এসাইন করুন');\ninspectionUnassignedPage.getInspectorTypeField().should('have.attr', 'aria-label', 'পরিদর্শকের ধরণ').click();\ninspectionUnassignedPage.getDropDownItem().contains(this.ast.InspectorType).click();\ncy.wait(2000);\ninspectionUnassignedPage.getOfficeUnitField().should('have.attr', 'aria-label', 'শাখা').click();\ncy.wait(1000);\ninspectionUnassignedPage.getDropDownItem().contains(this.ast.OfficeUnit).click();\ncy.wait(2000);\ninspectionUnassignedPage.getInspectorField().should('have.attr', 'aria-label', 'পরিদর্শক').click();\ninspectionUnassignedPage.getDropDownItem().contains(this.ast.Inspector).click();\ncy.wait(2000);\nreceiveGoodsPage.getCardFooterFourthButton().should('include.text', 'প্রেরণ').click(); //Reuse from ReceiveGoods Page \ncy.wait(2000);\nreceiveGoodsPage.getConfirmPopUpHeader().should('include.text', 'নিশ্চিত করুন');\nreceiveGoodsPage.getConfirmPopUpYesButton().should('include.text', 'হ্যাঁ').click();\ncy.wait(6000);",
              "err": {},
              "uuid": "d25b73e4-498c-4155-8263-f4bd705c6a0f",
              "parentUUID": "05679793-34e7-47c7-a798-2320a9016e29",
              "isHook": false,
              "skipped": false
            },
            {
              "title": "TC_22. Inspector: Inspect for Asset Return (Request Return).",
              "fullTitle": "AST Module Regression Test Suite TC_22. Inspector: Inspect for Asset Return (Request Return).",
              "timedOut": null,
              "duration": 40795,
              "state": "passed",
              "speed": "slow",
              "pass": true,
              "fail": false,
              "pending": false,
              "context": null,
              "code": "cy.login(this.ast.inspectorID, this.ast.inspectorPassword);\n/*  \n    //Select office if needed\n    dashboardPage.getOfficePopUpHeader().should('include.text', 'অফিস/পদ নির্বাচন করুন')\n    dashboardPage.getOfficeName().contains(this.ast.inspectorOffice).click()\n    cy.wait(3000)  \n*/\ndashboardPage.getASTAvatar().click();\ncy.wait(3000);\nleftNavMenu.getDropDownMenu().contains('ইন্সপেকশন').click();\ncy.wait(1000);\nleftNavMenu.getInspectionAssignedSubMenu().should('include.text', 'নির্ধারিত পরিদর্শন').click();\ncy.wait(3000);\nreceiveGoodsPage.getCardHeader().should('include.text', 'নির্ধারিত পরিদর্শন');\ncy.ASTPagination(this.prc.Pagination); //Pagination\ncy.inspection(this.ast.ARPost); //Post / পদবি\ncy.wait(3000);\nreceiveGoodsPage.getCardHeader().should('include.text', 'ইন্সপেকশনের ফলাফল সেট করুন');\ninspectionAssignedPage.getRemarksField().click().type(this.ast.InspectorRemarks).should('have.value', this.ast.InspectorRemarks);\ncy.wait(2000);\nreceiveGoodsPage.getCardFooterFourthButton().should('include.text', 'দাখিল করুন').click(); //Reuse from ReceiveGoods Page \ncy.wait(2000);\nreceiveGoodsPage.getConfirmPopUpHeader().should('include.text', 'নিশ্চিত করুন');\nreceiveGoodsPage.getConfirmPopUpYesButton().should('include.text', 'হ্যাঁ').click();\ncy.wait(6000);",
              "err": {},
              "uuid": "1e715ee6-a3ab-407d-956e-8130dd4e8e2e",
              "parentUUID": "05679793-34e7-47c7-a798-2320a9016e29",
              "isHook": false,
              "skipped": false
            },
            {
              "title": "TC_23. Store Admin: Inspection Approval for Asset Return (Request Return).",
              "fullTitle": "AST Module Regression Test Suite TC_23. Store Admin: Inspection Approval for Asset Return (Request Return).",
              "timedOut": null,
              "duration": 41412,
              "state": "passed",
              "speed": "slow",
              "pass": true,
              "fail": false,
              "pending": false,
              "context": null,
              "code": "cy.login(this.ast.storeAdminID, this.ast.storeAdminPassword); //Select office code here if the user have multiple office \ndashboardPage.getASTAvatar().click();\ncy.wait(3000);\nleftNavMenu.getDropDownMenu().contains('অনুমোদন অপেক্ষমান').click();\ncy.wait(1000);\nleftNavMenu.getInspectedSubMenu().should('include.text', 'পরিদর্শনকৃত').click();\ncy.wait(3000);\nreceiveGoodsPage.getStoreNameTab().contains(this.ast.storeName).click();\ncy.wait(2000);\nreceiveGoodsPage.getCardHeader().should('include.text', 'পরিদর্শনকৃত');\ncy.ASTPagination(this.prc.Pagination); //Pagination\ncy.inspection(this.ast.ARPost); // Post / পদবি\ncy.wait(3000);\nreceiveGoodsPage.getCardHeader().should('include.text', 'প্রাপ্তিযোগ্য পরিমাণগুলি সেট করুন');\ninspectedPage.getCardFooterFourthButton().should('include.text', 'অনুমোদন করুন').click(); //Reuse from ReceiveGoods Page \ncy.wait(6000);",
              "err": {},
              "uuid": "946e52f5-e16f-4f0a-b386-1ad864bd5189",
              "parentUUID": "05679793-34e7-47c7-a798-2320a9016e29",
              "isHook": false,
              "skipped": false
            },
            {
              "title": "TC_24. Store Keeper: Verify the Item back to the Store after Asset Return (Request Return).",
              "fullTitle": "AST Module Regression Test Suite TC_24. Store Keeper: Verify the Item back to the Store after Asset Return (Request Return).",
              "timedOut": null,
              "duration": 29525,
              "state": "passed",
              "speed": "slow",
              "pass": true,
              "fail": false,
              "pending": false,
              "context": null,
              "code": "var _this9 = this;\ncy.login(this.ast.storeKeeperID, this.ast.storeKeeperPassword); //Select office code here if the user have multiple office \ndashboardPage.getASTAvatar().click();\ncy.wait(3000);\nleftNavMenu.getDropDownMenu().contains('রক্ষণাবেক্ষণ').click();\ncy.wait(1000);\nleftNavMenu.getRequestSubMenuOfMaintenance().should('include.text', 'অনুরোধ করুন').click();\ncy.wait(3000);\nreceiveGoodsPage.getStoreNameTab().contains(this.ast.storeName).click();\ncy.wait(5000);\nreceiveGoodsPage.getCardHeader().should('include.text', 'পণ্যসমূহ');\ncy.ASTPagination(this.prc.Pagination); //Pagination\nreceiveGoodsPage.getCardRows().each(function ($el, index, $list) //Select the desired Tag No\n{\n  var textAssetTagNo = $el.find('td.e-rowcell[aria-label]').text();\n  if (textAssetTagNo.includes(_this9.ast.assetTagNo)) {\n    var tagText = $el.find('td.e-rowcell[aria-label]').text();\n    expect(tagText.includes(_this9.ast.assetTagNo)).to.be[\"true\"];\n  }\n});\ncy.wait(2000);",
              "err": {},
              "uuid": "79eef5aa-6e69-46f4-a443-9d6371e88582",
              "parentUUID": "05679793-34e7-47c7-a798-2320a9016e29",
              "isHook": false,
              "skipped": false
            },
            {
              "title": "TC_25. Store Keeper: Enter Assined Item Tag and Send for Inspection (Self Return).",
              "fullTitle": "AST Module Regression Test Suite TC_25. Store Keeper: Enter Assined Item Tag and Send for Inspection (Self Return).",
              "timedOut": null,
              "duration": 37012,
              "state": "passed",
              "speed": "slow",
              "pass": true,
              "fail": false,
              "pending": false,
              "context": null,
              "code": "cy.login(this.ast.storeKeeperID, this.ast.storeKeeperPassword); //Select office code here if the user have multiple office \ndashboardPage.getASTAvatar().click();\ncy.wait(3000);\nleftNavMenu.getDropDownMenu().contains('ফেরৎ গ্রহণ').click();\ncy.wait(1000);\nleftNavMenu.ReceiveTaggedItemsSubMenu().should('include.text', 'ট্যাগকৃত পণ্যসমূহ গ্রহণ').click();\ncy.wait(3000);\nreceiveGoodsPage.getStoreNameTab().contains(this.ast.storeName).click(); //Select Store\ncy.wait(2000);\nreceiveGoodsPage.getCardHeader().should('include.text', 'ট্যাগ');\nreceiveTaggedItemsPage.getTagInputFieldForFirstStore().should('have.attr', 'placeholder', 'ট্যাগ দিন').click().type(this.ast.assetTagNo2).should('have.value', this.ast.assetTagNo2);\ncy.wait(2000); //Tag Search pop-up code will added here\nreceiveTaggedItemsPage.getCardFooterThirdButton().should('include.text', 'পণ্য যোগ করুন').click();\ncy.wait(2000);\nreceiveTaggedItemsPage.getSendApproverButton().should('include.text', 'পরিদর্শনের জন্য প্রেরণ করুন').click(); //Send for Inspection button\ncy.wait(1500);\nreceiveGoodsPage.getConfirmPopUpHeader().should('include.text', 'নিশ্চিত করুন');\nreceiveGoodsPage.getConfirmPopUpYesButton().should('include.text', 'হ্যাঁ').click();\ncy.wait(6000);",
              "err": {},
              "uuid": "8692e5f8-603c-45dc-bece-81d2855cf4e6",
              "parentUUID": "05679793-34e7-47c7-a798-2320a9016e29",
              "isHook": false,
              "skipped": false
            },
            {
              "title": "TC_26. Store Admin: Inspector Assign for Asset Return (Self Return).",
              "fullTitle": "AST Module Regression Test Suite TC_26. Store Admin: Inspector Assign for Asset Return (Self Return).",
              "timedOut": null,
              "duration": 57695,
              "state": "passed",
              "speed": "slow",
              "pass": true,
              "fail": false,
              "pending": false,
              "context": null,
              "code": "cy.login(this.ast.storeAdminID, this.ast.storeAdminPassword);\ndashboardPage.getASTAvatar().click();\ncy.wait(3000);\nleftNavMenu.getDropDownMenu().contains('ইন্সপেকশন').click();\ncy.wait(1000);\nleftNavMenu.getInspectionUnassignedSubMenu().should('include.text', 'পরিদর্শক নির্ধারণ').click();\ncy.wait(3000);\nreceiveGoodsPage.getStoreNameTab().contains(this.ast.storeName).click();\ncy.wait(3000);\nreceiveGoodsPage.getCardHeader().should('include.text', 'পরিদর্শক নির্ধারণ');\ncy.ASTPagination(this.prc.Pagination); //Pagination\ncy.inspection(this.ast.ARPost); // Post পদবি\ncy.wait(3000);\nreceiveGoodsPage.getCardHeader().should('include.text', 'সম্পদ ফেরৎ');\nreceiveGoodsPage.getThirdCardHeader().should('include.text', 'ইন্সপেক্টর এসাইন করুন');\ninspectionUnassignedPage.getInspectorTypeField().should('have.attr', 'aria-label', 'পরিদর্শকের ধরণ').click();\ninspectionUnassignedPage.getDropDownItem().contains(this.ast.InspectorType).click();\ncy.wait(2000);\ninspectionUnassignedPage.getOfficeUnitField().should('have.attr', 'aria-label', 'শাখা').click();\ncy.wait(1000);\ninspectionUnassignedPage.getDropDownItem().contains(this.ast.OfficeUnit).click();\ncy.wait(2000);\ninspectionUnassignedPage.getInspectorField().should('have.attr', 'aria-label', 'পরিদর্শক').click();\ninspectionUnassignedPage.getDropDownItem().contains(this.ast.Inspector).click();\ncy.wait(2000);\nreceiveGoodsPage.getCardFooterFourthButton().should('include.text', 'প্রেরণ').click(); //Reuse from ReceiveGoods Page \ncy.wait(2000);\nreceiveGoodsPage.getConfirmPopUpHeader().should('include.text', 'নিশ্চিত করুন');\nreceiveGoodsPage.getConfirmPopUpYesButton().should('include.text', 'হ্যাঁ').click();\ncy.wait(6000);",
              "err": {},
              "uuid": "dd8967dd-2f05-4a7e-992a-eabb5e164bd5",
              "parentUUID": "05679793-34e7-47c7-a798-2320a9016e29",
              "isHook": false,
              "skipped": false
            },
            {
              "title": "TC_27. Inspector: Inspect for Asset Return (Self Return).",
              "fullTitle": "AST Module Regression Test Suite TC_27. Inspector: Inspect for Asset Return (Self Return).",
              "timedOut": null,
              "duration": 40239,
              "state": "passed",
              "speed": "slow",
              "pass": true,
              "fail": false,
              "pending": false,
              "context": null,
              "code": "cy.login(this.ast.inspectorID, this.ast.inspectorPassword);\n/*   \n    //Select office if needed\n    dashboardPage.getOfficePopUpHeader().should('include.text', 'অফিস/পদ নির্বাচন করুন')\n    dashboardPage.getOfficeName().contains(this.ast.inspectorOffice).click()\n    cy.wait(3000) \n*/\ndashboardPage.getASTAvatar().click();\ncy.wait(3000);\nleftNavMenu.getDropDownMenu().contains('ইন্সপেকশন').click();\ncy.wait(1000);\nleftNavMenu.getInspectionAssignedSubMenu().should('include.text', 'নির্ধারিত পরিদর্শন').click();\ncy.wait(3000);\nreceiveGoodsPage.getCardHeader().should('include.text', 'নির্ধারিত পরিদর্শন');\ncy.ASTPagination(this.prc.Pagination); //Pagination\ncy.inspection(this.ast.ARPost); //Post / পদবি\ncy.wait(3000);\nreceiveGoodsPage.getCardHeader().should('include.text', 'ইন্সপেকশনের ফলাফল সেট করুন');\ninspectionAssignedPage.getRemarksField().click().type(this.ast.InspectorRemarks).should('have.value', this.ast.InspectorRemarks);\ncy.wait(2000);\nreceiveGoodsPage.getCardFooterFourthButton().should('include.text', 'দাখিল করুন').click(); //Reuse from ReceiveGoods Page \ncy.wait(2000);\nreceiveGoodsPage.getConfirmPopUpHeader().should('include.text', 'নিশ্চিত করুন');\nreceiveGoodsPage.getConfirmPopUpYesButton().should('include.text', 'হ্যাঁ').click();\ncy.wait(6000);",
              "err": {},
              "uuid": "9a29b828-4907-4c7a-8512-90d117f44d51",
              "parentUUID": "05679793-34e7-47c7-a798-2320a9016e29",
              "isHook": false,
              "skipped": false
            },
            {
              "title": "TC_28. Store Admin: Inspection Approval for Asset Return (Self Return).",
              "fullTitle": "AST Module Regression Test Suite TC_28. Store Admin: Inspection Approval for Asset Return (Self Return).",
              "timedOut": null,
              "duration": 40790,
              "state": "passed",
              "speed": "slow",
              "pass": true,
              "fail": false,
              "pending": false,
              "context": null,
              "code": "cy.login(this.ast.storeAdminID, this.ast.storeAdminPassword); //Select office code here if the user have multiple office \ndashboardPage.getASTAvatar().click();\ncy.wait(3000);\nleftNavMenu.getDropDownMenu().contains('অনুমোদন অপেক্ষমান').click();\ncy.wait(1000);\nleftNavMenu.getInspectedSubMenu().should('include.text', 'পরিদর্শনকৃত').click();\ncy.wait(3000);\nreceiveGoodsPage.getStoreNameTab().contains(this.ast.storeName).click();\ncy.wait(2000);\nreceiveGoodsPage.getCardHeader().should('include.text', 'পরিদর্শনকৃত');\ncy.ASTPagination(this.prc.Pagination); //Pagination\ncy.inspection(this.ast.ARPost); // Post / পদবি\ncy.wait(3000);\nreceiveGoodsPage.getCardHeader().should('include.text', 'প্রাপ্তিযোগ্য পরিমাণগুলি সেট করুন');\ninspectedPage.getCardFooterFourthButton().should('include.text', 'অনুমোদন করুন').click(); //Reuse from ReceiveGoods Page \ncy.wait(6000);",
              "err": {},
              "uuid": "16ea596c-77c1-42c1-b011-1b94bd849ae4",
              "parentUUID": "05679793-34e7-47c7-a798-2320a9016e29",
              "isHook": false,
              "skipped": false
            },
            {
              "title": "TC_29. Store Keeper: Verify the Item back to the Store after Asset Return (Self Return).",
              "fullTitle": "AST Module Regression Test Suite TC_29. Store Keeper: Verify the Item back to the Store after Asset Return (Self Return).",
              "timedOut": null,
              "duration": 33164,
              "state": "passed",
              "speed": "slow",
              "pass": true,
              "fail": false,
              "pending": false,
              "context": null,
              "code": "var _this10 = this;\ncy.login(this.ast.storeKeeperID, this.ast.storeKeeperPassword); //Select office code here if the user have multiple office \ndashboardPage.getASTAvatar().click();\ncy.wait(3000);\nleftNavMenu.getDropDownMenu().contains('রক্ষণাবেক্ষণ').click();\ncy.wait(1000);\nleftNavMenu.getRequestSubMenuOfMaintenance().should('include.text', 'অনুরোধ করুন').click();\ncy.wait(3000);\nreceiveGoodsPage.getStoreNameTab().contains(this.ast.storeName).click();\ncy.wait(5000);\nreceiveGoodsPage.getCardHeader().should('include.text', 'পণ্যসমূহ');\ncy.ASTPagination(this.prc.Pagination); //Pagination\nreceiveGoodsPage.getCardRows().each(function ($el, index, $list) //Select the desired Tag No\n{\n  var textAssetTagNo = $el.find('td.e-rowcell[aria-label]').text();\n  if (textAssetTagNo.includes(_this10.ast.assetTagNo2)) {\n    var tagText = $el.find('td.e-rowcell[aria-label]').text();\n    expect(tagText.includes(_this10.ast.assetTagNo2)).to.be[\"true\"];\n  }\n});\ncy.wait(2000);",
              "err": {},
              "uuid": "1fadbaf0-638e-4b5c-98b5-0d88a8098f05",
              "parentUUID": "05679793-34e7-47c7-a798-2320a9016e29",
              "isHook": false,
              "skipped": false
            },
            {
              "title": "TC_30. Store Keeper: Enter Assined Item Tag and Send for Maintenance (Inspection). TC",
              "fullTitle": "AST Module Regression Test Suite TC_30. Store Keeper: Enter Assined Item Tag and Send for Maintenance (Inspection). TC",
              "timedOut": null,
              "duration": 35071,
              "state": "passed",
              "speed": "slow",
              "pass": true,
              "fail": false,
              "pending": false,
              "context": null,
              "code": "cy.login(this.ast.storeKeeperID, this.ast.storeKeeperPassword); //Select office code here if the user have multiple office \ndashboardPage.getASTAvatar().click();\ncy.wait(3000);\nleftNavMenu.getDropDownMenu().contains('ফেরৎ গ্রহণ').click();\ncy.wait(1000);\nleftNavMenu.ReceiveTaggedItemsSubMenu().should('include.text', 'ট্যাগকৃত পণ্যসমূহ গ্রহণ').click();\ncy.wait(3000);\nreceiveGoodsPage.getStoreNameTab().contains(this.ast.storeName).click(); //Select Store\ncy.wait(2000);\nreceiveGoodsPage.getCardHeader().should('include.text', 'ট্যাগ');\nreceiveTaggedItemsPage.getTagInputFieldForFirstStore().should('have.attr', 'placeholder', 'ট্যাগ দিন').click().type(this.ast.assetTagNo3).should('have.value', this.ast.assetTagNo3);\ncy.wait(2000); //Tag Search pop-up code will added here\nreceiveTaggedItemsPage.getCardFooterThirdButton().should('include.text', 'পণ্য যোগ করুন').click();\ncy.wait(2000);\nreceiveTaggedItemsPage.getSendApproverButton().should('include.text', 'পরিদর্শনের জন্য প্রেরণ করুন').click(); //Send for Inspection button\ncy.wait(1500);\nreceiveGoodsPage.getConfirmPopUpHeader().should('include.text', 'নিশ্চিত করুন');\nreceiveGoodsPage.getConfirmPopUpYesButton().should('include.text', 'হ্যাঁ').click();\ncy.wait(6000);",
              "err": {},
              "uuid": "72430fc9-d02d-4468-8fb7-c40cc7653312",
              "parentUUID": "05679793-34e7-47c7-a798-2320a9016e29",
              "isHook": false,
              "skipped": false
            },
            {
              "title": "TC_31. Store Admin: Inspector Assign for Asset Maintenance (Inspection).",
              "fullTitle": "AST Module Regression Test Suite TC_31. Store Admin: Inspector Assign for Asset Maintenance (Inspection).",
              "timedOut": null,
              "duration": 55761,
              "state": "passed",
              "speed": "slow",
              "pass": true,
              "fail": false,
              "pending": false,
              "context": null,
              "code": "cy.login(this.ast.storeAdminID, this.ast.storeAdminPassword);\ndashboardPage.getASTAvatar().click();\ncy.wait(3000);\nleftNavMenu.getDropDownMenu().contains('ইন্সপেকশন').click();\ncy.wait(1000);\nleftNavMenu.getInspectionUnassignedSubMenu().should('include.text', 'পরিদর্শক নির্ধারণ').click();\ncy.wait(3000);\nreceiveGoodsPage.getStoreNameTab().contains(this.ast.storeName).click();\ncy.wait(3000);\nreceiveGoodsPage.getCardHeader().should('include.text', 'পরিদর্শক নির্ধারণ');\ncy.ASTPagination(this.prc.Pagination); //Pagination\ncy.inspection(this.ast.ARPost); // Post পদবি\ncy.wait(3000);\nreceiveGoodsPage.getCardHeader().should('include.text', 'সম্পদ ফেরৎ');\nreceiveGoodsPage.getThirdCardHeader().should('include.text', 'ইন্সপেক্টর এসাইন করুন');\ninspectionUnassignedPage.getInspectorTypeField().should('have.attr', 'aria-label', 'পরিদর্শকের ধরণ').click();\ninspectionUnassignedPage.getDropDownItem().contains(this.ast.InspectorType).click();\ncy.wait(2000);\ninspectionUnassignedPage.getOfficeUnitField().should('have.attr', 'aria-label', 'শাখা').click();\ncy.wait(1000);\ninspectionUnassignedPage.getDropDownItem().contains(this.ast.OfficeUnit).click();\ncy.wait(2000);\ninspectionUnassignedPage.getInspectorField().should('have.attr', 'aria-label', 'পরিদর্শক').click();\ninspectionUnassignedPage.getDropDownItem().contains(this.ast.Inspector).click();\ncy.wait(2000);\nreceiveGoodsPage.getCardFooterFourthButton().should('include.text', 'প্রেরণ').click(); //Reuse from ReceiveGoods Page \ncy.wait(2000);\nreceiveGoodsPage.getConfirmPopUpHeader().should('include.text', 'নিশ্চিত করুন');\nreceiveGoodsPage.getConfirmPopUpYesButton().should('include.text', 'হ্যাঁ').click();\ncy.wait(6000);",
              "err": {},
              "uuid": "8643b407-e867-4679-be6e-62a045258ca2",
              "parentUUID": "05679793-34e7-47c7-a798-2320a9016e29",
              "isHook": false,
              "skipped": false
            },
            {
              "title": "TC_32. Inspector: Inspect Rejection for Asset Maintenance (Inspection).",
              "fullTitle": "AST Module Regression Test Suite TC_32. Inspector: Inspect Rejection for Asset Maintenance (Inspection).",
              "timedOut": null,
              "duration": 42320,
              "state": "passed",
              "speed": "slow",
              "pass": true,
              "fail": false,
              "pending": false,
              "context": null,
              "code": "cy.login(this.ast.inspectorID, this.ast.inspectorPassword);\n/*    \n    //Select office if needed\n    dashboardPage.getOfficePopUpHeader().should('include.text', 'অফিস/পদ নির্বাচন করুন')\n    dashboardPage.getOfficeName().contains(this.ast.inspectorOffice).click()\n    cy.wait(3000)   \n*/\ndashboardPage.getASTAvatar().click();\ncy.wait(3000);\nleftNavMenu.getDropDownMenu().contains('ইন্সপেকশন').click();\ncy.wait(1000);\nleftNavMenu.getInspectionAssignedSubMenu().should('include.text', 'নির্ধারিত পরিদর্শন').click();\ncy.wait(3000);\nreceiveGoodsPage.getCardHeader().should('include.text', 'নির্ধারিত পরিদর্শন');\ncy.ASTPagination(this.prc.Pagination); //Pagination\ncy.inspection(this.ast.ARPost); //Post / পদবি\ncy.wait(3000);\nreceiveGoodsPage.getCardHeader().should('include.text', 'ইন্সপেকশনের ফলাফল সেট করুন');\ninspectionAssignedPage.getAssetCheckBox().click({\n  force: true\n});\ncy.wait(2000);\ninspectionAssignedPage.getRemarksField().click().type(this.ast.InspectorRemarks).should('have.value', this.ast.InspectorRemarks);\ncy.wait(2000);\ninspectionAssignedPage.getRejectButton().should('include.text', 'প্রত্যাখ্যান করুন').click(); //Reuse from ReceiveGoods Page \ncy.wait(2000);\nreceiveGoodsPage.getConfirmPopUpHeader().should('include.text', 'নিশ্চিত করুন');\nreceiveGoodsPage.getConfirmPopUpYesButton().should('include.text', 'হ্যাঁ').click();\ncy.wait(6000);",
              "err": {},
              "uuid": "8b44aa17-6102-471e-b61d-aff14443067c",
              "parentUUID": "05679793-34e7-47c7-a798-2320a9016e29",
              "isHook": false,
              "skipped": false
            },
            {
              "title": "TC_33. Store Admin: Reject at the inspected result for Asset Maintenance (Inspection).",
              "fullTitle": "AST Module Regression Test Suite TC_33. Store Admin: Reject at the inspected result for Asset Maintenance (Inspection).",
              "timedOut": null,
              "duration": 51320,
              "state": "passed",
              "speed": "slow",
              "pass": true,
              "fail": false,
              "pending": false,
              "context": null,
              "code": "cy.login(this.ast.storeAdminID, this.ast.storeAdminPassword); //Select office code here if the user have multiple office \ndashboardPage.getASTAvatar().click();\ncy.wait(3000);\nleftNavMenu.getDropDownMenu().contains('অনুমোদন অপেক্ষমান').click();\ncy.wait(1000);\nleftNavMenu.getInspectedSubMenu().should('include.text', 'পরিদর্শনকৃত').click();\ncy.wait(3000);\nreceiveGoodsPage.getStoreNameTab().contains(this.ast.storeName).click();\ncy.wait(2000);\nreceiveGoodsPage.getCardHeader().should('include.text', 'পরিদর্শনকৃত');\ncy.ASTPagination(this.prc.Pagination); //Pagination\ncy.inspection(this.ast.ARPost); // Post / পদবি\ncy.wait(3000);\nreceiveGoodsPage.getCardHeader().should('include.text', 'প্রাপ্তিযোগ্য পরিমাণগুলি সেট করুন');\ninspectionAssignedPage.getRejectButton().should('include.text', 'প্রত্যাখ্যান করুন').click();\ncy.wait(3000);\ninspectedPage.getMaintenanceCost().type(this.ast.MaintenanceCost).should('have.value', this.ast.MaintenanceCost);\ncy.wait(2000);\ninspectedPage.getMaintenanceButton().should('include.text', 'সংরক্ষণ করুন').click();\ncy.wait(6000);",
              "err": {},
              "uuid": "09c32955-cbc2-4dcc-8958-93a9d30855cc",
              "parentUUID": "05679793-34e7-47c7-a798-2320a9016e29",
              "isHook": false,
              "skipped": false
            },
            {
              "title": "TC_34. Maintenance Committee Head: Enter Remarks and Put Next Maintenance Date for Asset Maintenance (Inspection). TC",
              "fullTitle": "AST Module Regression Test Suite TC_34. Maintenance Committee Head: Enter Remarks and Put Next Maintenance Date for Asset Maintenance (Inspection). TC",
              "timedOut": null,
              "duration": 47996,
              "state": "passed",
              "speed": "slow",
              "pass": true,
              "fail": false,
              "pending": false,
              "context": null,
              "code": "cy.login(this.ast.committeeHeadID, this.ast.committeeHeadPassword); //Select office code here if the user have multiple office \ndashboardPage.getASTAvatar().click();\ncy.wait(3000);\nleftNavMenu.getDropDownMenu().contains('রক্ষণাবেক্ষণ').click();\ncy.wait(1000);\nleftNavMenu.getItemsSubMenuOfMaintenance().should('include.text', 'পণ্যসমূহ').click();\ncy.wait(3000);\nreceiveGoodsPage.getCardHeader().should('include.text', 'তালিকা');\ncy.ASTPagination(this.prc.Pagination); //Pagination\ncy.inspection(this.ast.assetTagNo3); // Item Tag\ncy.wait(3000);\nreceiveGoodsPage.getCardHeader().should('include.text', 'ফলাফল');\nitemsMaintenancePage.getMaintenanceRemarksField().should('have.attr', 'placeholder', 'মন্তব্য').click().type(this.ast.MaintenanceRemarks).should('have.value', this.ast.MaintenanceRemarks);\ncy.wait(2000);\nitemsMaintenancePage.getCalendarIcon().click();\ncy.calendar(this.ast.chalanYear, this.ast.chalanMonth, this.ast.chalanDay);\nitemsMaintenancePage.getMaintenanceCostField().should('have.attr', 'placeholder', 'রক্ষণাবেক্ষণ খরচ').click().type(this.ast.MaintenanceCost).should('have.value', this.ast.MaintenanceCost);\ncy.wait(2000);\ninspectedPage.getCardFooterFourthButton().should('include.text', 'সংরক্ষণ করুন').click();\ncy.wait(2000);\nreceiveGoodsPage.getConfirmPopUpHeader().should('include.text', 'নিশ্চিত করুন');\nreceiveGoodsPage.getConfirmPopUpYesButton().should('include.text', 'হ্যাঁ').click();\ncy.wait(6000);",
              "err": {},
              "uuid": "36a7d7b9-1530-4689-a2df-5f8dff8eb400",
              "parentUUID": "05679793-34e7-47c7-a798-2320a9016e29",
              "isHook": false,
              "skipped": false
            },
            {
              "title": "TC_35. Store Keeper: Verify the Item back to the Store after Maintenance (Inspection).",
              "fullTitle": "AST Module Regression Test Suite TC_35. Store Keeper: Verify the Item back to the Store after Maintenance (Inspection).",
              "timedOut": null,
              "duration": 33193,
              "state": "passed",
              "speed": "slow",
              "pass": true,
              "fail": false,
              "pending": false,
              "context": null,
              "code": "var _this11 = this;\ncy.login(this.ast.storeKeeperID, this.ast.storeKeeperPassword); //Select office code here if the user have multiple office \ndashboardPage.getASTAvatar().click();\ncy.wait(3000);\nleftNavMenu.getDropDownMenu().contains('রক্ষণাবেক্ষণ').click();\ncy.wait(1000);\nleftNavMenu.getRequestSubMenuOfMaintenance().should('include.text', 'অনুরোধ করুন').click();\ncy.wait(3000);\nreceiveGoodsPage.getStoreNameTab().contains(this.ast.storeName).click();\ncy.wait(5000);\nreceiveGoodsPage.getCardHeader().should('include.text', 'পণ্যসমূহ');\ncy.ASTPagination(this.prc.Pagination); //Pagination\nreceiveGoodsPage.getCardRows().each(function ($el, index, $list) //Select the desired Tag No\n{\n  var textAssetTagNo = $el.find('td.e-rowcell[aria-label]').text();\n  if (textAssetTagNo.includes(_this11.ast.assetTagNo3)) {\n    var tagText = $el.find('td.e-rowcell[aria-label]').text();\n    expect(tagText.includes(_this11.ast.assetTagNo3)).to.be[\"true\"];\n  }\n});\ncy.wait(2000);",
              "err": {},
              "uuid": "4c22afd2-4db6-430e-a420-95a9be234a67",
              "parentUUID": "05679793-34e7-47c7-a798-2320a9016e29",
              "isHook": false,
              "skipped": false
            },
            {
              "title": "TC_36. Store Keeper: Create Maintenance Request from Store Existing Item.",
              "fullTitle": "AST Module Regression Test Suite TC_36. Store Keeper: Create Maintenance Request from Store Existing Item.",
              "timedOut": null,
              "duration": 38167,
[...]
              "err": {},
              "uuid": "4ff1a9a5-22bb-4090-a9e9-14dbb9e39d38",
              "parentUUID": "05679793-34e7-47c7-a798-2320a9016e29",
              "isHook": false,
              "skipped": false
            },
            {
              "title": "TC_65. Maintenance Committee Head: Enter Remarks and Put it for Disposal from Stores Existing Item.",
              "fullTitle": "AST Module Regression Test Suite TC_65. Maintenance Committee Head: Enter Remarks and Put it for Disposal from Stores Existing Item.",
              "timedOut": null,
              "duration": 107569,
              "state": "passed",
              "speed": "slow",
              "pass": true,
              "fail": false,
              "pending": false,
              "context": null,
              "code": "cy.login(this.ast.committeeHeadID, this.ast.committeeHeadPassword); //Select office code here if the user have multiple office \ndashboardPage.getASTAvatar().click();\ncy.wait(3000);\nleftNavMenu.getDropDownMenu().contains('রক্ষণাবেক্ষণ').click();\ncy.wait(1000);\nleftNavMenu.getItemsSubMenuOfMaintenance().should('include.text', 'পণ্যসমূহ').click();\ncy.wait(3000);\nreceiveGoodsPage.getCardHeader().should('include.text', 'তালিকা');\ncy.ASTPagination(this.prc.Pagination); //Pagination\ncy.inspection(this.ast.assetTagNo11); // Item Tag\ncy.wait(3000);\nreceiveGoodsPage.getCardHeader().should('include.text', 'ফলাফল');\nitemsMaintenancePage.getMaintenanceRemarksField().should('have.attr', 'placeholder', 'মন্তব্য').click().type(this.ast.disposalRemarks).should('have.value', this.ast.disposalRemarks);\ncy.wait(2000);\nitemsMaintenancePage.getDecommissionButton().should('include.text', 'নিষ্পত্তি').click();\ncy.wait(2000);\nitemsMaintenancePage.getDisposalModalHeader().should('include.text', 'নিষ্পত্তি করার জন্য খরচের ধারণা দিন');\nitemsMaintenancePage.getMaintenanceCostFieldOnModal().should('have.attr', 'placeholder', 'রক্ষণাবেক্ষণ খরচ').click().type(this.ast.MaintenanceCost).should('have.value', this.ast.MaintenanceCost);\ncy.wait(2000);\nitemsMaintenancePage.getDisposalModalSaveButton().should('include.text', 'সংরক্ষণ করুন').click();\ncy.wait(2000);\nreceiveGoodsPage.getConfirmPopUpHeader().should('include.text', 'নিশ্চিত করুন');\nreceiveGoodsPage.getConfirmPopUpYesButton().should('include.text', 'হ্যাঁ').click();\ncy.wait(6000);",
              "err": {},
              "uuid": "d353de60-c010-417b-821e-c48955061636",
              "parentUUID": "05679793-34e7-47c7-a798-2320a9016e29",
              "isHook": false,
              "skipped": false
            },
            {
              "title": "TC_66. Store Keeper: Make Disposal Request (From Stores Existing Item).",
              "fullTitle": "AST Module Regression Test Suite TC_66. Store Keeper: Make Disposal Request (From Stores Existing Item).",
              "timedOut": null,
              "duration": 85051,
              "state": "failed",
              "speed": null,
              "pass": false,
              "fail": true,
              "pending": false,
              "context": null,
              "code": "cy.login(this.ast.storeKeeperID, this.ast.storeKeeperPassword); //Select office code here if the user have multiple office \ndashboardPage.getASTAvatar().click();\ncy.wait(3000);\nleftNavMenu.getDropDownMenu().contains('নিষ্পত্তিকরণ').click();\ncy.wait(1000);\nleftNavMenu.getDisposalRequestSubMenu().should('include.text', 'নিষ্পত্তিকরণের জন্য অনুরোধ').click();\ncy.wait(3000);\nreceiveGoodsPage.getStoreNameTab().contains(this.ast.storeName).click();\ncy.wait(2000);\nreceiveGoodsPage.getCardHeader().should('include.text', 'নিষ্পত্তিকরণের জন্য অনুরোধ');\ndisposalRequestPage.getJustificationField().should('have.attr', 'placeholder', 'ন্যায্যতা').click().type(this.ast.disposalJustificat).should('have.value', this.ast.disposalJustificat);\ncy.wait(2000);\ndisposalRequestPage.getDisposalCommitteeNameField().should('have.attr', 'aria-label', 'কমিটির নাম').click();\ninspectionUnassignedPage.getDropDownItem().contains(this.ast.disposalCommitteeName).click();\ncy.wait(2000);\ndisposalRequestPage.getUncheckAllItems().click({\n  multiple: true\n}); //Uncheck all items\ncy.wait(2000); //Selects Items\ncy.selectItems(this.ast.assetTagNo11);\ncy.wait(1000);\ndisposalRequestPage.getSendButton().should('include.text', 'প্রেরণ').click();\ncy.wait(2000);\nreceiveGoodsPage.getConfirmPopUpHeader().should('include.text', 'নিশ্চিত করুন');\nreceiveGoodsPage.getConfirmPopUpYesButton().should('include.text', 'হ্যাঁ').click();\ncy.wait(6000);",
              "err": {
                "message": "CypressError: Timed out retrying: coordsHistory must be at least 2 sets of coords",
                "estack": "CypressError: Timed out retrying: coordsHistory must be at least 2 sets of coords\n    at ensureNotAnimating (http://sqa.grp.gov.bd/__cypress/runner/cypress_runner.js:148782:15)\n    at runAllChecks (http://sqa.grp.gov.bd/__cypress/runner/cypress_runner.js:148876:9)\n    at retryActionability (http://sqa.grp.gov.bd/__cypress/runner/cypress_runner.js:148896:16)\n    at http://sqa.grp.gov.bd/__cypress/runner/cypress_runner.js:148901:7\n    at tryCatcher (http://sqa.grp.gov.bd/__cypress/runner/cypress_runner.js:10161:23)\n    at Function.Promise.attempt.Promise.try (http://sqa.grp.gov.bd/__cypress/runner/cypress_runner.js:7435:29)\n    at Object.verify (http://sqa.grp.gov.bd/__cypress/runner/cypress_runner.js:148827:24)\n    at perform (http://sqa.grp.gov.bd/__cypress/runner/cypress_runner.js:150865:29)\n    at tryCatcher (http://sqa.grp.gov.bd/__cypress/runner/cypress_runner.js:10161:23)\n    at Object.gotValue (http://sqa.grp.gov.bd/__cypress/runner/cypress_runner.js:9303:18)\n    at Object.gotAccum (http://sqa.grp.gov.bd/__cypress/runner/cypress_runner.js:9292:25)\n    at Object.tryCatcher (http://sqa.grp.gov.bd/__cypress/runner/cypress_runner.js:10161:23)\n    at Promise._settlePromiseFromHandler (http://sqa.grp.gov.bd/__cypress/runner/cypress_runner.js:8096:31)\n    at Promise._settlePromise (http://sqa.grp.gov.bd/__cypress/runner/cypress_runner.js:8153:18)\n    at Promise._settlePromise0 (http://sqa.grp.gov.bd/__cypress/runner/cypress_runner.js:8198:10)\n    at Promise._settlePromises (http://sqa.grp.gov.bd/__cypress/runner/cypress_runner.js:8278:18)\nFrom Your Spec Code:\n    at Context.eval (http://sqa.grp.gov.bd/__cypress/tests?p=cypress\\integration\\happyPath\\ASTFullTest.spec.js:2399:46)",
                "diff": null
              },
              "uuid": "51a385b5-fde7-4852-be2d-08ae0a92f4f5",
              "parentUUID": "05679793-34e7-47c7-a798-2320a9016e29",
              "isHook": false,
              "skipped": false
            },
            {
              "title": "TC_67. Disposal Committee Member: Decision on Disposal with Disposal Type and Cost for (From Stores Existing Item).",
              "fullTitle": "AST Module Regression Test Suite TC_67. Disposal Committee Member: Decision on Disposal with Disposal Type and Cost for (From Stores Existing Item).",
              "timedOut": null,
              "duration": 71772,
              "state": "failed",
              "speed": null,
              "pass": false,
              "fail": true,
              "pending": false,
              "context": null,
              "code": "cy.login(this.ast.DisCommitteeMemberID, this.ast.DisCommitteeMemberPassword); //Select office code here if the user have multiple office \ndashboardPage.getASTAvatar().click();\ncy.wait(3000);\nleftNavMenu.getDropDownMenu().contains('অনুমোদন অপেক্ষমান').click();\ncy.wait(1000);\nleftNavMenu.getDecisionOnDisposalSubMenu().should('include.text', 'নিষ্পত্তিকরণ সংক্রান্ত সিদ্ধান্ত').click();\ncy.wait(3000);\nreceiveGoodsPage.getCardHeader().should('include.text', 'অনুরোধকৃত নিষ্পত্তিকরণের তালিকা');\ncy.ASTPagination(this.prc.Pagination); //Pagination\ncy.inspection(this.ast.disposalJustificat); // ন্যায্যতা\ncy.wait(3000);\nreceiveGoodsPage.getCardHeader().should('include.text', 'নিষ্পত্তিকরণ সংক্রান্ত সিদ্ধান্ত');\ndisposalRequestPage.getDisposalTypeField1().click({\n  force: true\n});\ndisposalRequestPage.getDropDownItem().contains(this.ast.disposalRequestType2).click();\ncy.wait(1000);\ndisposalRequestPage.getDisposalCost1().clear().type(this.ast.disposalCost).should('have.value', this.ast.disposalCost);\ncy.wait(1000);\ndisposalRequestPage.getDisposalRemark1().click().type(this.ast.disposalRemarks).should('have.value', this.ast.disposalRemarks);\ncy.wait(1000);\ndisposalRequestPage.getDisposalCost1().click(); //Use for enable the Save button\ncy.wait(1000);\ndisposalRequestPage.getSaveButton().should('include.text', 'সংরক্ষণ করুন').click();\ncy.wait(2000);\nreceiveGoodsPage.getConfirmPopUpHeader().should('include.text', 'নিশ্চিত করুন');\nreceiveGoodsPage.getConfirmPopUpYesButton().should('include.text', 'হ্যাঁ').click();\ncy.wait(6000);",
              "err": {
                "message": "AssertionError: Timed out retrying: expected '<mat-label>' to contain text 'নিষ্পত্তিকরণ সংক্রান্ত সিদ্ধান্ত', but the text was 'অনুরোধকৃত নিষ্পত্তিকরণের তালিকা'",
                "estack": "AssertionError: Timed out retrying: expected '<mat-label>' to contain text 'নিষ্পত্তিকরণ সংক্রান্ত সিদ্ধান্ত', but the text was 'অনুরোধকৃত নিষ্পত্তিকরণের তালিকা'\n    at Context.eval (http://sqa.grp.gov.bd/__cypress/tests?p=cypress\\integration\\happyPath\\ASTFullTest.spec.js:2429:38)",
                "diff": "- 'অনুরোধকৃত নিষ্পত্তিকরণের তালিকা'\n+ 'নিষ্পত্তিকরণ সংক্রান্ত সিদ্ধান্ত'\n"
              },
              "uuid": "434bb6af-24fb-4cbf-a11b-a37ef994cab0",
              "parentUUID": "05679793-34e7-47c7-a798-2320a9016e29",
              "isHook": false,
              "skipped": false
            },
            {
              "title": "TC_68. Store Admin: Approved Disposal Result (From Stores Existing Item).",
              "fullTitle": "AST Module Regression Test Suite TC_68. Store Admin: Approved Disposal Result (From Stores Existing Item).",
              "timedOut": null,
              "duration": 82416,
              "state": "failed",
              "speed": null,
              "pass": false,
              "fail": true,
              "pending": false,
              "context": null,
              "code": "cy.login(this.ast.storeAdminID, this.ast.storeAdminPassword); //Select office code here if the user have multiple office \ndashboardPage.getASTAvatar().click();\ncy.wait(3000);\nleftNavMenu.getDropDownMenu().contains('নিষ্পত্তিকরণ').click();\ncy.wait(1000);\nleftNavMenu.getDisposalResultSubMenu().should('include.text', 'নিষ্পত্তিকরণের ফলাফল').click();\ncy.wait(3000);\nreceiveGoodsPage.getStoreNameTab().contains(this.ast.storeName).click();\ncy.wait(2000);\nreceiveGoodsPage.getCardHeader().should('include.text', 'নিষ্পত্তিকরণের জন্য সম্পদ তালিকা');\ncy.ASTPagination(this.prc.Pagination); //Pagination\ncy.inspection(this.ast.disposalJustificat); // ন্যায্যতা\ncy.wait(3000);\nreceiveGoodsPage.getCardHeader().should('include.text', 'নিষ্পত্তিকরণের ফলাফল');\ndisposalResultPage.getDisposalTypeTab().contains('Disposed').click();\ncy.wait(2000);\ndisposalResultPage.getDisposedAddButton().click();\ncy.wait(2000);\ndisposalResultPage.getDecidedRemark1().click().type(this.ast.disposalDecisionRemarks).should('have.value', this.ast.disposalDecisionRemarks);\ncy.wait(2000);\ndisposalResultPage.getSendButton().should('include.text', 'প্রেরণ').click();\ncy.wait(2000);\nreceiveGoodsPage.getConfirmPopUpHeader().should('include.text', 'নিশ্চিত করুন');\nreceiveGoodsPage.getConfirmPopUpYesButton().should('include.text', 'হ্যাঁ').click();\ncy.wait(6000);",
              "err": {
                "message": "AssertionError: Timed out retrying: expected '<mat-label>' to contain text 'নিষ্পত্তিকরণের ফলাফল', but the text was 'নিষ্পত্তিকরণের জন্য সম্পদ তালিকা'",
                "estack": "AssertionError: Timed out retrying: expected '<mat-label>' to contain text 'নিষ্পত্তিকরণের ফলাফল', but the text was 'নিষ্পত্তিকরণের জন্য সম্পদ তালিকা'\n    at Context.eval (http://sqa.grp.gov.bd/__cypress/tests?p=cypress\\integration\\happyPath\\ASTFullTest.spec.js:2466:38)",
                "diff": "- 'নিষ্পত্তিকরণের জন্য সম্পদ তালিকা'\n+ 'নিষ্পত্তিকরণের ফলাফল'\n"
              },
              "uuid": "9d8bc174-551e-46d5-a2c8-041606bfc417",
              "parentUUID": "05679793-34e7-47c7-a798-2320a9016e29",
              "isHook": false,
              "skipped": false
            },
            {
              "title": "TC_69. Store Admin: Verify the Disposed Asset on the Report (From Stores Existing Item).",
              "fullTitle": "AST Module Regression Test Suite TC_69. Store Admin: Verify the Disposed Asset on the Report (From Stores Existing Item).",
              "timedOut": null,
              "duration": 114996,
              "state": "passed",
              "speed": "slow",
              "pass": true,
              "fail": false,
              "pending": false,
              "context": null,
              "code": "var _this17 = this;\ncy.login(this.ast.storeAdminID, this.ast.storeAdminPassword); //Select office code here if the user have multiple office \ndashboardPage.getASTAvatar().click();\ncy.wait(3000);\nleftNavMenu.getDropDownMenu().contains('রিপোর্টস').click();\ncy.wait(1000);\nleftNavMenu.getDisposedAssetSubMenu().should('include.text', 'নিস্পত্তিকৃত সম্পদ').click();\ncy.wait(3000);\nreportsPage.getPageHeaderText().should('include.text', 'নিস্পত্তিকৃত সম্পদ');\nreportsPage.getItemCategoryField().click();\ninspectionUnassignedPage.getDropDownItem().contains(this.ast.ItemCategory).click();\ncy.wait(2000);\nreportsPage.getItemGroupField().click();\ninspectionUnassignedPage.getDropDownItem().contains(this.ast.ItemGroup).click();\ncy.wait(2000);\nreportsPage.getStoreField().click();\ninspectionUnassignedPage.getDropDownItem().contains(this.ast.storeName).click();\ncy.wait(2000);\nreportsPage.getSearchButton().should('include.text', 'অনুসন্ধান করুন').click();\ncy.wait(2500);\ncy.ASTPagination(this.prc.Pagination); //Pagination\nreceiveGoodsPage.getCardRows().each(function ($el, index, $list) //Select the desired Tag No\n{\n  var textAssetTagNo = $el.find('td.e-rowcell[aria-label]').text();\n  if (textAssetTagNo.includes(_this17.ast.assetTagNo11)) {\n    var tagText = $el.find('td.e-rowcell[aria-label]').text();\n    expect(tagText.includes(_this17.ast.assetTagNo11)).to.be[\"true\"];\n  }\n});\ncy.wait(3000);",
              "err": {},
              "uuid": "29cb23f3-c27e-489c-bba6-0fc5a3a5edb1",
              "parentUUID": "05679793-34e7-47c7-a798-2320a9016e29",
              "isHook": false,
              "skipped": false
            }
          ],
          "suites": [],
          "passes": [
            "f697be1b-e7af-45ae-aed7-dcdcceca8cac",
            "35083603-466c-4dac-b51c-506be72ffc33",
            "e195602e-828e-4e61-b301-33a987347084",
            "8b60f1b5-ae8f-48a0-aedb-710224322ada",
            "b0d05dc9-ea08-4114-a2d8-41fcaa132f65",
            "75740be9-dbd9-4826-b76f-7ab97ead9658",
            "b652bfb5-2b91-4d76-9264-15b2a0466b45",
            "bfb128ec-7520-4220-bc5b-69e76f24b7f7",
            "79388c31-e76f-4080-8e9a-7b52df08a7bf",
            "72863de7-02b4-4921-b501-262c675d47f6",
            "945cf48d-0099-4fdf-9b56-f064fe824223",
            "21f0f2df-de29-41cd-acfd-f1494af3ebd1",
            "f2f69262-44a6-4bab-bf38-284e4d186c2d",
            "e7c479e8-309a-4a2b-843c-c4ec7993bc0a",
            "bcf23686-bccd-49fb-82e4-698adf7bf45d",
            "ce3f2014-23fa-4446-bd97-94fa7a99c700",
            "f9eeaee0-555c-481d-99ae-e50e77330a08",
            "38422927-dfb2-45b7-9c6c-070e8c45e29b",
            "ccd9af07-e4d7-4134-8778-1a20f4c3414e",
            "a5373951-293c-4eaa-8792-67af704d2661",
            "d25b73e4-498c-4155-8263-f4bd705c6a0f",
            "1e715ee6-a3ab-407d-956e-8130dd4e8e2e",
            "946e52f5-e16f-4f0a-b386-1ad864bd5189",
            "79eef5aa-6e69-46f4-a443-9d6371e88582",
            "8692e5f8-603c-45dc-bece-81d2855cf4e6",
            "dd8967dd-2f05-4a7e-992a-eabb5e164bd5",
            "9a29b828-4907-4c7a-8512-90d117f44d51",
            "16ea596c-77c1-42c1-b011-1b94bd849ae4",
            "1fadbaf0-638e-4b5c-98b5-0d88a8098f05",
            "72430fc9-d02d-4468-8fb7-c40cc7653312",
            "8643b407-e867-4679-be6e-62a045258ca2",
            "8b44aa17-6102-471e-b61d-aff14443067c",
            "09c32955-cbc2-4dcc-8958-93a9d30855cc",
            "36a7d7b9-1530-4689-a2df-5f8dff8eb400",
            "4c22afd2-4db6-430e-a420-95a9be234a67",
            "b5fceeef-d3f5-4849-b6fe-70a36f74f431",
            "1b525632-c92c-4a39-baf7-b824663fdeab",
            "c7ff606b-9595-4fbe-876d-c4d63a895357",
            "6beb8438-0613-47da-9567-9e7cef2f76fc",
            "2d2aca42-0773-4102-a57d-1417223328c9",
            "3fca9e0b-3352-479b-954e-96335d6198ea",
            "9c982e9f-298e-4fd1-885d-6c7c99e70c89",
            "0cff70ab-3597-4b2e-813b-6238f304569c",
            "b6a39c62-83b1-49d6-bf08-3259a9213912",
            "625ce9d6-e729-48e2-9f02-384052dcecc8",
            "daed2986-d630-430f-99d3-972a48ca1f39",
            "3bb10eeb-dd22-4b21-927b-d31757e95467",
            "80c65fd5-178a-472b-8e40-e4b3f8dcf7f8",
            "83d26486-3521-42c2-b580-bd2f48f56992",
            "21053060-7897-43f5-ae72-c0d1c41e42fa",
            "2c9ac05d-d0a5-49b2-99e0-a53e16f05613",
            "9dc223c9-97ca-4b59-a590-c281f32667e6",
            "f34b1d1a-4d89-4266-b565-459ab8df4951",
            "e07bd453-edfc-4409-9e77-a0aeb12f9d31",
            "4ff1a9a5-22bb-4090-a9e9-14dbb9e39d38",
            "d353de60-c010-417b-821e-c48955061636",
            "29cb23f3-c27e-489c-bba6-0fc5a3a5edb1"
          ],
          "failures": [
            "031a65a4-17eb-463b-bed6-45e70fe65f9d",
            "51e9dbc2-9df3-46ae-888f-eaf387e4ab20",
            "05ed44e8-48a9-4dbf-92b1-f65aefc810dd",
            "2f6afb81-2def-4139-89db-e4fd0e80105c",
            "15b4990a-8b31-4a84-bf54-18ef239168b5",
            "198cf16c-f1b9-49ed-b133-07f2ea9b23b2",
            "9a374e15-8e6a-47da-a1b7-9ba7bf64cd19",
            "1ef840dd-a878-4431-907d-6fadfbb7f1c6",
            "bd71ef69-8f83-4a9a-b5b2-a585031b55a7",
            "51a385b5-fde7-4852-be2d-08ae0a92f4f5",
            "434bb6af-24fb-4cbf-a11b-a37ef994cab0",
            "9d8bc174-551e-46d5-a2c8-041606bfc417"
          ],
          "pending": [],
          "skipped": [],
          "duration": 3915413,
          "root": false,
          "rootEmpty": false,
          "_timeout": 2000
        }
      ],
      "passes": [],
      "failures": [],
      "pending": [],
      "skipped": [],
      "duration": 0,
      "root": true,
      "rootEmpty": true,
      "_timeout": 2000
    }
  ],
  "meta": {
    "mocha": {
      "version": "7.0.1"
    },
    "mochawesome": {
      "options": {
        "quiet": false,
        "reportFilename": "mochawesome",
        "saveHtml": true,
        "saveJson": true,
        "consoleReporter": "spec",
        "useInlineDiffs": false,
        "code": true
      },
      "version": "5.0.0"
    },
    "marge": {
      "options": null,
      "version": "4.1.0"
    }
  }
}