{
  "stats": {
    "suites": 2,
    "tests": 72,
    "passes": 23,
    "pending": 3,
    "failures": 46,
    "start": "2020-05-14T06:42:43.377Z",
    "end": "2020-05-14T08:20:49.911Z",
    "duration": 5886534,
    "testsRegistered": 72,
    "passPercent": 33.33333333333333,
    "pendingPercent": 4.166666666666666,
    "other": 0,
    "hasOther": false,
    "skipped": 0,
    "hasSkipped": false
  },
  "results": [
    {
      "uuid": "05e24bb5-1263-49c2-b152-e2c69df42e4f",
      "title": "",
      "fullFile": "cypress\\integration\\happyPath\\ASTFullTest.spec.js",
      "file": "cypress\\integration\\happyPath\\ASTFullTest.spec.js",
      "beforeHooks": [],
      "afterHooks": [],
      "tests": [],
      "suites": [
        {
          "uuid": "ef8d96b5-e543-4087-aaad-3a62d0a5ee87",
          "title": "AST Module Regression Test Suite",
          "fullFile": "",
          "file": "",
          "beforeHooks": [],
          "afterHooks": [],
          "tests": [
            {
              "title": "TC_1. Store Keeper: Material Receive.",
              "fullTitle": "AST Module Regression Test Suite TC_1. Store Keeper: Material Receive.",
              "timedOut": null,
              "duration": 46505,
              "state": "passed",
              "speed": "slow",
              "pass": true,
              "fail": false,
              "pending": false,
              "context": null,
              "code": "var _this = this;\ncy.login(this.ast.storeKeeperID, this.ast.storeKeeperPassword);\ndashboardPage.getASTAvatar().click();\ncy.wait(3000);\nleftNavMenu.getDropDownMenu().contains('স্টোর কিপিং').click();\ncy.wait(1000);\nleftNavMenu.getDropDownMenu().contains('অর্ডার সমূহ').click();\ncy.wait(1000);\nleftNavMenu.getReceiveGoodsSubMenu().contains('পণ্য গ্রহণ').click();\ncy.wait(3000);\nreceiveGoodsPage.getStoreNameTab().contains(this.ast.storeName).click();\ncy.wait(3000);\nreceiveGoodsPage.getCardHeader().should('include.text', 'পারচেজ অর্ডারের তালিকা');\nreceiveGoodsPage.getCardRows().each(function ($el, index, $list) //Select the desired প্রকিউরমেন্ট রেফারেন্স নং\n{\n  var textReferenceNo = $el.find('td.e-rowcell[aria-label]').text();\n  if (textReferenceNo.includes(_this.prc.DCPReferenceNo)) {\n    $el.find('td button mat-icon').click();\n  }\n});\ncy.wait(3000); //receiveGoodsPage.getCardHeader().should('include.text', 'ম্যাটেরিয়াল রিসেপশন তৈরি করুন')\n//receiveGoodsPage.getThirdCardHeader().should('include.text', 'চালানের তথ্য প্রবেশ করুন')\nreceiveGoodsPage.getChalanNoInputField().should('have.attr', 'placeholder', 'চালান নং').click().type(this.ast.chalanNo).should('have.value', this.ast.chalanNo);\ncy.wait(2000);\nreceiveGoodsPage.getCalendarIcon().click(); //চালানের তারিখ\ncy.wait(1000);\ncy.calendar(this.ast.chalanYear, this.ast.chalanMonth, this.ast.chalanDay);\nreceiveGoodsPage.getCardFooterFourthButton().should('include.text', 'গ্রহণ এবং ইন্সপেকশনের জন্য প্রেরণ করুন').click();\ncy.wait(2000);\nreceiveGoodsPage.getConfirmPopUpHeader().should('include.text', 'নিশ্চিত করুন');\nreceiveGoodsPage.getConfirmPopUpYesButton().should('include.text', 'হ্যাঁ').click();\ncy.wait(6000);",
              "err": {},
              "uuid": "02ece09f-1b50-4776-8b96-03b989c5bcf1",
              "parentUUID": "ef8d96b5-e543-4087-aaad-3a62d0a5ee87",
              "isHook": false,
              "skipped": false
            },
            {
              "title": "TC_2. Store Admin: Inspector Assign for Material Receive.",
              "fullTitle": "AST Module Regression Test Suite TC_2. Store Admin: Inspector Assign for Material Receive.",
              "timedOut": null,
              "duration": 42556,
              "state": "passed",
              "speed": "slow",
              "pass": true,
              "fail": false,
              "pending": false,
              "context": null,
              "code": "cy.login(this.ast.storeAdminID, this.ast.storeAdminPassword);\ndashboardPage.getASTAvatar().click();\ncy.wait(3000);\nleftNavMenu.getDropDownMenu().contains('ইন্সপেকশন').click();\ncy.wait(1000);\nleftNavMenu.getInspectionUnassignedSubMenu().should('include.text', 'পরিদর্শক নির্ধারণ').click();\ncy.wait(3000);\nreceiveGoodsPage.getStoreNameTab().contains(this.ast.storeName).click();\ncy.wait(3000);\nreceiveGoodsPage.getCardHeader().should('include.text', 'পরিদর্শক নির্ধারণ');\ncy.inspection(this.ast.chalanNo); //চালান নং\ncy.wait(3000);\nreceiveGoodsPage.getCardHeader().should('include.text', 'ম্যাটেরিয়াল রিসেপশন');\nreceiveGoodsPage.getThirdCardHeader().should('include.text', 'ইন্সপেক্টর এসাইন করুন');\ninspectionUnassignedPage.getInspectorTypeField().should('have.attr', 'aria-label', 'পরিদর্শকের ধরণ').click();\ninspectionUnassignedPage.getDropDownItem().contains(this.ast.InspectorType).click();\ncy.wait(2000);\ninspectionUnassignedPage.getOfficeUnitField().should('have.attr', 'aria-label', 'শাখা').click();\ncy.wait(1000);\ninspectionUnassignedPage.getDropDownItem().contains(this.ast.OfficeUnit).click();\ncy.wait(2000);\ninspectionUnassignedPage.getInspectorField().should('have.attr', 'aria-label', 'পরিদর্শক').click();\ninspectionUnassignedPage.getDropDownItem().contains(this.ast.Inspector).click();\ncy.wait(2000);\nreceiveGoodsPage.getCardFooterFourthButton().should('include.text', 'প্রেরণ').click(); //Reuse from ReceiveGoods Page \ncy.wait(2000);\nreceiveGoodsPage.getConfirmPopUpHeader().should('include.text', 'নিশ্চিত করুন');\nreceiveGoodsPage.getConfirmPopUpYesButton().should('include.text', 'হ্যাঁ').click();\ncy.wait(6000);",
              "err": {},
              "uuid": "b8d8c8d2-4be7-40af-b097-e3bbddddeb56",
              "parentUUID": "ef8d96b5-e543-4087-aaad-3a62d0a5ee87",
              "isHook": false,
              "skipped": false
            },
            {
              "title": "TC_3. Inspector: Inspect for Material Receive.",
              "fullTitle": "AST Module Regression Test Suite TC_3. Inspector: Inspect for Material Receive.",
              "timedOut": null,
              "duration": 36677,
              "state": "passed",
              "speed": "slow",
              "pass": true,
              "fail": false,
              "pending": false,
              "context": null,
              "code": "cy.login(this.ast.inspectorID, this.ast.inspectorPassword); //Select office if needed\ndashboardPage.getOfficePopUpHeader().should('include.text', 'অফিস/পদ নির্বাচন করুন');\ndashboardPage.getOfficeName().contains(this.ast.inspectorOffice).click();\ncy.wait(3000);\ndashboardPage.getASTAvatar().click();\ncy.wait(3000);\nleftNavMenu.getDropDownMenu().contains('ইন্সপেকশন').click();\ncy.wait(1000);\nleftNavMenu.getInspectionAssignedSubMenu().should('include.text', 'নির্ধারিত পরিদর্শন').click();\ncy.wait(3000);\nreceiveGoodsPage.getCardHeader().should('include.text', 'নির্ধারিত পরিদর্শন');\ncy.inspection(this.ast.chalanNo); //চালান নং\ncy.wait(3000);\nreceiveGoodsPage.getCardHeader().should('include.text', 'ইন্সপেকশনের ফলাফল সেট করুন');\ninspectionAssignedPage.getRemarksField().click().type(this.ast.InspectorRemarks).should('have.value', this.ast.InspectorRemarks);\ncy.wait(2000);\n/*\nconst fileName = 'TestFile.pdf';\ninspectionAssignedPage.getQCReportButton().attachFile(fileName);      //File Upload\ncy.wait(4000)\n*/\nreceiveGoodsPage.getCardFooterFourthButton().should('include.text', 'দাখিল করুন').click(); //Reuse from ReceiveGoods Page \ncy.wait(2000);\nreceiveGoodsPage.getConfirmPopUpHeader().should('include.text', 'নিশ্চিত করুন');\nreceiveGoodsPage.getConfirmPopUpYesButton().should('include.text', 'হ্যাঁ').click();\ncy.wait(6000);",
              "err": {},
              "uuid": "95ae6c99-d3b1-4615-9af2-36f0023c9833",
              "parentUUID": "ef8d96b5-e543-4087-aaad-3a62d0a5ee87",
              "isHook": false,
              "skipped": false
            },
            {
              "title": "TC_4. Store Admin: Inspection Approval for Material Receive.",
              "fullTitle": "AST Module Regression Test Suite TC_4. Store Admin: Inspection Approval for Material Receive.",
              "timedOut": null,
              "duration": 31477,
              "state": "passed",
              "speed": "slow",
              "pass": true,
              "fail": false,
              "pending": false,
              "context": null,
              "code": "cy.login(this.ast.storeAdminID, this.ast.storeAdminPassword); //Select office code here if the user have multiple office \ndashboardPage.getASTAvatar().click();\ncy.wait(3000);\nleftNavMenu.getDropDownMenu().contains('অনুমোদন অপেক্ষমান').click();\ncy.wait(1000);\nleftNavMenu.getInspectedSubMenu().should('include.text', 'পরিদর্শনকৃত').click();\ncy.wait(3000);\nreceiveGoodsPage.getStoreNameTab().contains(this.ast.storeName).click();\ncy.wait(2000);\nreceiveGoodsPage.getCardHeader().should('include.text', 'পরিদর্শনকৃত');\ncy.inspection(this.ast.chalanNo); //চালান নং\ncy.wait(3000);\nreceiveGoodsPage.getCardHeader().should('include.text', 'প্রাপ্তিযোগ্য পরিমাণগুলি সেট করুন');\ninspectedPage.getCardFooterFourthButton().should('include.text', 'অনুমোদন করুন').click(); //Reuse from inspected Page  \ncy.wait(2000);\nreceiveGoodsPage.getConfirmPopUpHeader().should('include.text', 'নিশ্চিত করুন');\nreceiveGoodsPage.getConfirmPopUpYesButton().should('include.text', 'হ্যাঁ').click();\ncy.wait(6000);",
              "err": {},
              "uuid": "35f48d64-e323-49c4-8457-989d01c1cada",
              "parentUUID": "ef8d96b5-e543-4087-aaad-3a62d0a5ee87",
              "isHook": false,
              "skipped": false
            },
            {
              "title": "TC_5. Store Keeper: Asset Tagging (Material Receive Asset).",
              "fullTitle": "AST Module Regression Test Suite TC_5. Store Keeper: Asset Tagging (Material Receive Asset).",
              "timedOut": null,
              "duration": 107209,
              "state": "passed",
              "speed": "slow",
              "pass": true,
              "fail": false,
              "pending": false,
              "context": null,
              "code": "var _this2 = this;\ncy.login(this.ast.storeKeeperID, this.ast.storeKeeperPassword);\ndashboardPage.getASTAvatar().click();\ncy.wait(3000);\nleftNavMenu.getDropDownMenu().contains('স্টোর কিপিং').click();\ncy.wait(1000);\nleftNavMenu.getAssetTaggingSubMenu().should('include.text', 'সম্পদ ট্যাগিং').click();\ncy.wait(3000);\nreceiveGoodsPage.getStoreNameTab().contains(this.ast.storeName).click(); //Select Store\ncy.wait(3000);\nreceiveGoodsPage.getCardHeader().should('include.text', 'ট্যাগিংয়ের জন্য সম্পদের তালিকা');\nreceiveGoodsPage.getCardRows().each(function ($el, index, $list) //Select the desired চালান নং\n{\n  var textChalanNo = $el.find('td.e-rowcell[aria-label]').text();\n  if (textChalanNo.includes(_this2.ast.chalanNo)) {\n    $el.find('td button mat-icon').click();\n  }\n});\ncy.wait(3000);\nreceiveGoodsPage.getCardHeader().should('include.text', 'সম্পদ ট্যাগ');\nreceiveGoodsPage.getSecondCardHeader().should('include.text', 'পণ্য সমূহ');\nassetTaggingPage.getSetTagsButton().click();\ncy.wait(3000);\nassetTaggingPage.getTagInputField().clear().type(this.ast.assetTagNo).should('have.value', this.ast.assetTagNo);\ncy.wait(1000);\nassetTaggingPage.getTagInputField2().clear().type(this.ast.assetTagNo2).should('have.value', this.ast.assetTagNo2);\ncy.wait(1000);\nassetTaggingPage.getTagInputField3().clear().type(this.ast.assetTagNo3).should('have.value', this.ast.assetTagNo3);\ncy.wait(1000);\nassetTaggingPage.getTagInputField4().clear().type(this.ast.assetTagNo4).should('have.value', this.ast.assetTagNo4);\ncy.wait(1000);\nassetTaggingPage.getTagInputField5().clear().type(this.ast.assetTagNo5).should('have.value', this.ast.assetTagNo5);\ncy.wait(1000);\nassetTaggingPage.getTagInputField6().clear().type(this.ast.assetTagNo6).should('have.value', this.ast.assetTagNo6);\ncy.wait(1000);\nassetTaggingPage.getTagInputField7().clear().type(this.ast.assetTagNo7).should('have.value', this.ast.assetTagNo7);\ncy.wait(1000);\nassetTaggingPage.getTagInputField8().clear().type(this.ast.assetTagNo8).should('have.value', this.ast.assetTagNo8);\ncy.wait(1000);\nassetTaggingPage.getTagInputField9().clear().type(this.ast.assetTagNo9).should('have.value', this.ast.assetTagNo9);\ncy.wait(1000);\nassetTaggingPage.getTagInputField10().clear().type(this.ast.assetTagNo10).should('have.value', this.ast.assetTagNo10);\ncy.wait(1000);\nassetTaggingPage.getTagInputField11().clear().type(this.ast.assetTagNo11).should('have.value', this.ast.assetTagNo11);\ncy.wait(1000);\nassetTaggingPage.getLifeTimeInputField().type(this.ast.assetLifeTime).should('have.value', this.ast.assetLifeTime);\ncy.wait(1000);\nassetTaggingPage.getSecondLifeTimeInputField().click();\ncy.wait(2500);\nassetTaggingPage.getTagSaveButton().should('include.text', 'দাখিল করুন').click();\ncy.wait(2000);\nreceiveGoodsPage.getConfirmPopUpHeader().should('include.text', 'নিশ্চিত করুন');\nreceiveGoodsPage.getConfirmPopUpYesButton().should('include.text', 'হ্যাঁ').click();\ncy.wait(6000);",
              "err": {},
              "uuid": "22404d16-4325-483e-bec1-6ef7b55962ad",
              "parentUUID": "ef8d96b5-e543-4087-aaad-3a62d0a5ee87",
              "isHook": false,
              "skipped": false
            },
            {
              "title": "TC_6. Store Keeper: Direct in request and send for approval.",
              "fullTitle": "AST Module Regression Test Suite TC_6. Store Keeper: Direct in request and send for approval.",
              "timedOut": null,
              "duration": 61951,
              "state": "passed",
              "speed": "slow",
              "pass": true,
              "fail": false,
              "pending": false,
              "context": null,
              "code": "var _this3 = this;\ncy.login(this.ast.storeKeeperID, this.ast.storeKeeperPassword);\ndashboardPage.getASTAvatar().click();\ncy.wait(3000);\nleftNavMenu.getDropDownMenu().contains('স্টোর কিপিং').click();\ncy.wait(1000);\nleftNavMenu.getDirectInSubMenu().should('include.text', 'সরাসরি গ্রহণ').click();\ncy.wait(3000);\nreceiveGoodsPage.getStoreNameTab().contains(this.ast.storeName).click(); //Select Store\ncy.wait(3000);\nreceiveGoodsPage.getCardHeader().should('include.text', 'বিদ্যমান সরাসরি গ্রহণ');\ndirectInPage.getAddButtonFirstStore().click();\nreceiveGoodsPage.getCardHeader().should('include.text', 'সরাসরি গ্রহণ তৈরি করুন');\ndirectInPage.getReferenceNoField().should('have.attr', 'placeholder', 'রেফারেন্স নং').clear().type(this.ast.DIReferenceNo).should('have.value', this.ast.DIReferenceNo);\ncy.wait(2000);\ndirectInPage.getReceptionTypeField().should('have.attr', 'placeholder', 'গ্রহণের ধরণ').click().type(this.ast.DIReceptionType).should('have.value', this.ast.DIReceptionType);\ncy.wait(2000);\ndirectInPage.getJustificationField().should('have.attr', 'placeholder', 'ন্যায্যতা').click().type(this.ast.DIJustification).should('have.value', this.ast.DIJustification);\ncy.wait(2000);\ndirectInPage.getAddItemPlusButtonForFirstStore().click(); //পণ্য যোগ করুন \ncy.wait(3000);\ndirectInPage.getItemCategoryField().should('have.attr', 'aria-label', 'ক্যাটাগরি').click();\ninspectionUnassignedPage.getDropDownItem().contains(this.ast.ItemCategory).click();\ncy.wait(2000);\nreceiveGoodsPage.getCardRows().each(function ($el, index, $list) //Select the desired পণ্যের নাম\n{\n  var textItemName = $el.find('td.e-rowcell[aria-label]').text();\n  if (textItemName.includes(_this3.ast.ItemGroup)) {\n    $el.find('td button mat-icon:eq(1)').first().click();\n  }\n});\ncy.wait(3000);\ndirectInPage.getItemFeaturesHeader().should('include.text', 'বৈশিষ্ট্য');\ndirectInPage.getItemsDropDownField().click();\ninspectionUnassignedPage.getDropDownItem().contains(this.ast.ItemName).first().click();\ncy.wait(2000);\ndirectInPage.getAddFeaturesButton().should('include.text', 'বৈশিষ্ট্য যোগ করুন').click();\ncy.wait(2000);\ndirectInPage.getAddItemButton().click();\ncy.wait(2000);\nreceiveGoodsPage.getCardFooterFourthButton().should('include.text', 'প্রেরণ').click();\ncy.wait(2000);\nreceiveGoodsPage.getConfirmPopUpHeader().should('include.text', 'নিশ্চিত করুন');\nreceiveGoodsPage.getConfirmPopUpYesButton().should('include.text', 'হ্যাঁ').click();\ncy.wait(6000);",
              "err": {},
              "uuid": "b79c2e4d-6089-4225-a37c-315f8c5fdd6f",
              "parentUUID": "ef8d96b5-e543-4087-aaad-3a62d0a5ee87",
              "isHook": false,
              "skipped": false
            },
            {
              "title": "TC_7. Store Admin: Inspector Assign for Direct In.",
              "fullTitle": "AST Module Regression Test Suite TC_7. Store Admin: Inspector Assign for Direct In.",
              "timedOut": null,
              "duration": 41472,
              "state": "passed",
              "speed": "slow",
              "pass": true,
              "fail": false,
              "pending": false,
              "context": null,
              "code": "cy.login(this.ast.storeAdminID, this.ast.storeAdminPassword);\ndashboardPage.getASTAvatar().click();\ncy.wait(3000);\nleftNavMenu.getDropDownMenu().contains('ইন্সপেকশন').click();\ncy.wait(1000);\nleftNavMenu.getInspectionUnassignedSubMenu().should('include.text', 'পরিদর্শক নির্ধারণ').click();\ncy.wait(3000);\nreceiveGoodsPage.getStoreNameTab().contains(this.ast.storeName).click();\ncy.wait(3000);\nreceiveGoodsPage.getCardHeader().should('include.text', 'পরিদর্শক নির্ধারণ');\ncy.inspection(this.ast.DIReferenceNo); //রেফারেন্স নং\ncy.wait(3000);\nreceiveGoodsPage.getCardHeader().should('include.text', 'সরাসরি গ্রহণ');\nreceiveGoodsPage.getThirdCardHeader().should('include.text', 'ইন্সপেক্টর এসাইন করুন');\ninspectionUnassignedPage.getInspectorTypeField().should('have.attr', 'aria-label', 'পরিদর্শকের ধরণ').click();\ninspectionUnassignedPage.getDropDownItem().contains(this.ast.InspectorType).click();\ncy.wait(2000);\ninspectionUnassignedPage.getOfficeUnitField().should('have.attr', 'aria-label', 'শাখা').click();\ninspectionUnassignedPage.getDropDownItem().contains(this.ast.OfficeUnit).click();\ncy.wait(2000);\ninspectionUnassignedPage.getInspectorField().should('have.attr', 'aria-label', 'পরিদর্শক').click();\ninspectionUnassignedPage.getDropDownItem().contains(this.ast.Inspector).click();\ncy.wait(2000);\nreceiveGoodsPage.getCardFooterFourthButton().should('include.text', 'প্রেরণ').click(); //Reuse from ReceiveGoods Page \ncy.wait(2000);\nreceiveGoodsPage.getConfirmPopUpHeader().should('include.text', 'নিশ্চিত করুন');\nreceiveGoodsPage.getConfirmPopUpYesButton().should('include.text', 'হ্যাঁ').click();\ncy.wait(6000);",
              "err": {},
              "uuid": "9c7c4e14-9ed6-4b2f-aa1a-80eabfcf81b4",
              "parentUUID": "ef8d96b5-e543-4087-aaad-3a62d0a5ee87",
              "isHook": false,
              "skipped": false
            },
            {
              "title": "TC_8. Inspector: Inspect for Direct In.",
              "fullTitle": "AST Module Regression Test Suite TC_8. Inspector: Inspect for Direct In.",
              "timedOut": null,
              "duration": 35959,
              "state": "passed",
              "speed": "slow",
              "pass": true,
              "fail": false,
              "pending": false,
              "context": null,
              "code": "cy.login(this.ast.inspectorID, this.ast.inspectorPassword); //Select office if needed\ndashboardPage.getOfficePopUpHeader().should('include.text', 'অফিস/পদ নির্বাচন করুন');\ndashboardPage.getOfficeName().contains(this.ast.inspectorOffice).click();\ncy.wait(3000);\ndashboardPage.getASTAvatar().click();\ncy.wait(3000);\nleftNavMenu.getDropDownMenu().contains('ইন্সপেকশন').click();\ncy.wait(1000);\nleftNavMenu.getInspectionAssignedSubMenu().should('include.text', 'নির্ধারিত পরিদর্শন').click();\ncy.wait(3000);\nreceiveGoodsPage.getCardHeader().should('include.text', 'নির্ধারিত পরিদর্শন');\ncy.inspection(this.ast.DIReferenceNo); //রেফারেন্স নং\ncy.wait(3000);\nreceiveGoodsPage.getCardHeader().should('include.text', 'ইন্সপেকশনের ফলাফল সেট করুন');\ninspectionAssignedPage.getRemarksField().click().type(this.ast.InspectorRemarks).should('have.value', this.ast.InspectorRemarks);\ncy.wait(2000);\n/*\nconst fileName = 'TestFile.pdf';\ninspectionAssignedPage.getQCReportButton().attachFile(fileName);      //File Upload\ncy.wait(4000)\n*/\nreceiveGoodsPage.getCardFooterFourthButton().should('include.text', 'দাখিল করুন').click(); //Reuse from ReceiveGoods Page \ncy.wait(2000);\nreceiveGoodsPage.getConfirmPopUpHeader().should('include.text', 'নিশ্চিত করুন');\nreceiveGoodsPage.getConfirmPopUpYesButton().should('include.text', 'হ্যাঁ').click();\ncy.wait(6000);",
              "err": {},
              "uuid": "94c8485f-5256-478e-9f56-c69dfd6cdf5a",
              "parentUUID": "ef8d96b5-e543-4087-aaad-3a62d0a5ee87",
              "isHook": false,
              "skipped": false
            },
            {
              "title": "TC_9. Store Admin: Inspection Approval for Direct In.",
              "fullTitle": "AST Module Regression Test Suite TC_9. Store Admin: Inspection Approval for Direct In.",
              "timedOut": null,
              "duration": 31987,
              "state": "passed",
              "speed": "slow",
              "pass": true,
              "fail": false,
              "pending": false,
              "context": null,
              "code": "cy.login(this.ast.storeAdminID, this.ast.storeAdminPassword); //Select office code here if the user have multiple office \ndashboardPage.getASTAvatar().click();\ncy.wait(3000);\nleftNavMenu.getDropDownMenu().contains('অনুমোদন অপেক্ষমান').click();\ncy.wait(1000);\nleftNavMenu.getInspectedSubMenu().should('include.text', 'পরিদর্শনকৃত').click();\ncy.wait(3000);\nreceiveGoodsPage.getStoreNameTab().contains(this.ast.storeName).click();\ncy.wait(2000);\nreceiveGoodsPage.getCardHeader().should('include.text', 'পরিদর্শনকৃত');\ncy.inspection(this.ast.DIReferenceNo); //রেফারেন্স নং\ncy.wait(3000);\nreceiveGoodsPage.getCardHeader().should('include.text', 'প্রাপ্তিযোগ্য পরিমাণগুলি সেট করুন');\ninspectedPage.getCardFooterFourthButton().should('include.text', 'অনুমোদন করুন').click(); //Reuse from ReceiveGoods Page \ncy.wait(2000);\nreceiveGoodsPage.getConfirmPopUpHeader().should('include.text', 'নিশ্চিত করুন');\nreceiveGoodsPage.getConfirmPopUpYesButton().should('include.text', 'হ্যাঁ').click();\ncy.wait(6000);",
              "err": {},
              "uuid": "45957207-52a4-4f35-8763-8af19953d4d2",
              "parentUUID": "ef8d96b5-e543-4087-aaad-3a62d0a5ee87",
              "isHook": false,
              "skipped": false
            },
            {
              "title": "TC_10. Store Keeper: Asset Tagging (Direct In Asset).",
              "fullTitle": "AST Module Regression Test Suite TC_10. Store Keeper: Asset Tagging (Direct In Asset).",
              "timedOut": null,
              "duration": 48340,
              "state": "passed",
              "speed": "slow",
              "pass": true,
              "fail": false,
              "pending": false,
              "context": null,
              "code": "var _this4 = this;\ncy.login(this.ast.storeKeeperID, this.ast.storeKeeperPassword);\ndashboardPage.getASTAvatar().click();\ncy.wait(3000);\nleftNavMenu.getDropDownMenu().contains('স্টোর কিপিং').click();\ncy.wait(1000);\nleftNavMenu.getAssetTaggingSubMenu().should('include.text', 'সম্পদ ট্যাগিং').click();\ncy.wait(3000);\nreceiveGoodsPage.getStoreNameTab().contains(this.ast.storeName).click(); //Select Store\ncy.wait(3000);\nreceiveGoodsPage.getCardHeader().should('include.text', 'ট্যাগিংয়ের জন্য সম্পদের তালিকা');\nreceiveGoodsPage.getCardRows().each(function ($el, index, $list) //Select the desired রেফারেন্স নং\n{\n  var textChalanNo = $el.find('td.e-rowcell[aria-label]').text();\n  if (textChalanNo.includes(_this4.ast.DIReferenceNo)) {\n    $el.find('td button mat-icon').click();\n  }\n});\ncy.wait(3000);\nreceiveGoodsPage.getCardHeader().should('include.text', 'সম্পদ ট্যাগ');\nreceiveGoodsPage.getSecondCardHeader().should('include.text', 'পণ্য সমূহ');\nassetTaggingPage.getSetTagsButton().click(); //Set Tag Button\ncy.wait(3000);\nassetTaggingPage.getTagInputField().clear().type(this.ast.DIassetTagNo).should('have.value', this.ast.DIassetTagNo);\ncy.wait(2000);\nassetTaggingPage.getBookValueInputField().click().type(this.ast.DIassetBookValue).should('have.value', this.ast.DIassetBookValue);\ncy.wait(2000);\nassetTaggingPage.getLifeTimeInputFieldDI().type(this.ast.assetLifeTime).should('have.value', this.ast.assetLifeTime);\ncy.wait(1000); //assetTaggingPage.getSecondLifeTimeInputField().click()\n//cy.wait(2500)\nassetTaggingPage.getTagSaveButton().should('include.text', 'দাখিল করুন').click(); //re-use from Asset Tagging Page\ncy.wait(2000);\nreceiveGoodsPage.getConfirmPopUpHeader().should('include.text', 'নিশ্চিত করুন');\nreceiveGoodsPage.getConfirmPopUpYesButton().should('include.text', 'হ্যাঁ').click();\ncy.wait(6000);",
              "err": {},
              "uuid": "bca5e15d-e617-4ffe-a5dd-4f5f278440cd",
              "parentUUID": "ef8d96b5-e543-4087-aaad-3a62d0a5ee87",
              "isHook": false,
              "skipped": false
            },
            {
              "title": "TC_11. Store Keeper: Direct Out Request and Send for Approval.",
              "fullTitle": "AST Module Regression Test Suite TC_11. Store Keeper: Direct Out Request and Send for Approval.",
              "timedOut": null,
              "duration": 49730,
              "state": "passed",
              "speed": "slow",
              "pass": true,
              "fail": false,
              "pending": false,
              "context": null,
              "code": "cy.login(this.ast.storeKeeperID, this.ast.storeKeeperPassword);\ndashboardPage.getASTAvatar().click();\ncy.wait(3000);\nleftNavMenu.getDropDownMenu().contains('স্টোর কিপিং').click();\ncy.wait(1000);\nleftNavMenu.getDirectOutSubMenu().should('include.text', 'সরাসরি প্রদান').click();\ncy.wait(3000);\nreceiveGoodsPage.getStoreNameTab().contains(this.ast.storeName).click(); //Select Store\ncy.wait(3000);\nreceiveGoodsPage.getCardHeader().should('include.text', 'বিদ্যমান অনুরোধসমূহ');\ndirectInPage.getAddButtonFirstStore().click(); //directInPage.getAddButtonSecondStore().click()      //Re-use from Direct In Page\ncy.wait(3000);\ndirectOutPage.getPostOfficeTypeField().should('have.attr', 'aria-label', 'ধরণ').click();\ninspectionUnassignedPage.getDropDownItem().contains(this.ast.DOOfficePostType).click();\ncy.wait(2000);\ndirectOutPage.getOfficeUniteField().should('have.attr', 'aria-label', 'শাখা').click();\ncy.wait(1000);\ninspectionUnassignedPage.getDropDownItem().contains(this.ast.OfficeUnit).click();\ncy.wait(2000);\ndirectOutPage.getPostField().should('have.attr', 'aria-label', 'পদবি').click();\ninspectionUnassignedPage.getDropDownItem().contains(this.ast.DOPostPerson).click();\ncy.wait(2000); //New Tag search pop-up code will added here\ndirectOutPage.getTagInputField().should('have.attr', 'placeholder', 'ট্যাগ দিন').click().type(this.ast.DIassetTagNo).should('have.value', this.ast.DIassetTagNo);\ncy.wait(2000);\ndirectOutPage.getAddItemButton().should('include.text', 'পণ্য যোগ করুন').click(); //Re-use from Receive Goods Page\ncy.wait(3000);\ndirectOutPage.getSendForApprovalButton().should('include.text', 'অনুমোদনের জন্য প্রেরণ').click(); //Re-use from Receive Goods Page\ncy.wait(2000);\nreceiveGoodsPage.getConfirmPopUpHeader().should('include.text', 'নিশ্চিত করুন');\nreceiveGoodsPage.getConfirmPopUpYesButton().should('include.text', 'হ্যাঁ').click();\ncy.wait(6000);",
              "err": {},
              "uuid": "87563b1e-32e7-47c0-919b-853b46210bc3",
              "parentUUID": "ef8d96b5-e543-4087-aaad-3a62d0a5ee87",
              "isHook": false,
              "skipped": false
            },
            {
              "title": "TC_12. Store Admin: Approves Direct Out with Proper Comments.",
              "fullTitle": "AST Module Regression Test Suite TC_12. Store Admin: Approves Direct Out with Proper Comments.",
              "timedOut": null,
              "duration": 28533,
              "state": "failed",
              "speed": null,
              "pass": false,
              "fail": true,
              "pending": false,
              "context": null,
              "code": "cy.login(this.ast.storeAdminID, this.ast.storeAdminPassword); //Select office code here if the user have multiple office \ndashboardPage.getASTAvatar().click();\ncy.wait(3000);\nleftNavMenu.getDropDownMenu().contains('অনুমোদন অপেক্ষমান').click();\ncy.wait(1000);\nleftNavMenu.getDirectOutSubMenuOfPendingApproval().should('include.text', 'সরাসরি প্রদান').click();\ncy.wait(3000);\nreceiveGoodsPage.getCardHeader().should('include.text', 'তালিকা');\ncy.inspection(this.ast.DOPostPerson); //Direct Out user Post\ncy.wait(3000);\ndirectOutPage.getDirectOutDetailsPageHeader().should('include.text', 'সরাসরি প্রদান বিস্তারিত');\ndirectOutPage.getDORemarksInputField().click().type(this.ast.ApprovalRemarks).should('have.value', this.ast.ApprovalRemarks);\ncy.wait(2000);\ninspectedPage.getCardFooterFourthButton().should('include.text', 'অনুমোদন করুন').click(); //Reuse from ReceiveGoods Page \ncy.wait(2000);\nreceiveGoodsPage.getConfirmPopUpHeader().should('include.text', 'নিশ্চিত করুন');\nreceiveGoodsPage.getConfirmPopUpYesButton().should('include.text', 'হ্যাঁ').click();\ncy.wait(6000);",
              "err": {
                "message": "AssertionError: Timed out retrying: Expected to find element: `td input[type=\"text\"]:eq(0)`, but never found it.",
                "estack": "AssertionError: Timed out retrying: Expected to find element: `td input[type=\"text\"]:eq(0)`, but never found it.\n    at ensureExistence (http://staging.grp.gov.bd/__cypress/runner/cypress_runner.js:137673:32)\n    at Object.ensureElExistence (http://staging.grp.gov.bd/__cypress/runner/cypress_runner.js:137691:12)\n    at ensureExistence (http://staging.grp.gov.bd/__cypress/runner/cypress_runner.js:127867:23)\n    at onFailFn (http://staging.grp.gov.bd/__cypress/runner/cypress_runner.js:127905:9)\n    at tryCatcher (http://staging.grp.gov.bd/__cypress/runner/cypress_runner.js:9065:23)\n    at Promise._settlePromiseFromHandler (http://staging.grp.gov.bd/__cypress/runner/cypress_runner.js:7000:31)\n    at Promise._settlePromise (http://staging.grp.gov.bd/__cypress/runner/cypress_runner.js:7057:18)\n    at Promise._settlePromise0 (http://staging.grp.gov.bd/__cypress/runner/cypress_runner.js:7102:10)\n    at Promise._settlePromises (http://staging.grp.gov.bd/__cypress/runner/cypress_runner.js:7178:18)\n    at _drainQueueStep (http://staging.grp.gov.bd/__cypress/runner/cypress_runner.js:3772:12)\n    at _drainQueue (http://staging.grp.gov.bd/__cypress/runner/cypress_runner.js:3765:9)\n    at Async.../../node_modules/bluebird/js/release/async.js.Async._drainQueues (http://staging.grp.gov.bd/__cypress/runner/cypress_runner.js:3781:5)\n    at Async.drainQueues (http://staging.grp.gov.bd/__cypress/runner/cypress_runner.js:3651:14)",
                "diff": null
              },
              "uuid": "febfadf5-ef4b-4ab4-8110-9e59e8edb59c",
              "parentUUID": "ef8d96b5-e543-4087-aaad-3a62d0a5ee87",
              "isHook": false,
              "skipped": false
            },
            {
              "title": "TC_13. AST User: Verify the User get the Item by Direct Out.",
              "fullTitle": "AST Module Regression Test Suite TC_13. AST User: Verify the User get the Item by Direct Out.",
              "timedOut": null,
              "duration": 17522,
              "state": "passed",
              "speed": "slow",
              "pass": true,
              "fail": false,
              "pending": false,
              "context": null,
              "code": "var _this5 = this;\ncy.login(this.ast.officeAdminID, this.ast.officeAdminPassword); //Select office code here if the user have multiple office \ndashboardPage.getASTAvatar().click();\ncy.wait(3000);\nleftNavMenu.getMyAssetMenu().should('include.text', 'আমার অধিকৃত সম্পদসমূহ').click();\ncy.wait(3000);\nreceiveGoodsPage.getCardHeader().should('include.text', 'আমার অধিকৃত সম্পদসমূহ');\nreceiveGoodsPage.getCardRows().each(function ($el, index, $list) //Select the desired Tag No\n{\n  var textAssetTagNo = $el.find('td.e-rowcell[aria-label]').text();\n  if (textAssetTagNo.includes(_this5.ast.DIassetTagNo)) {\n    var tagText = $el.find('td.e-rowcell[aria-label]').text();\n    expect(tagText.includes(_this5.ast.DIassetTagNo)).to.be[\"true\"];\n  }\n});\ncy.wait(2000);",
              "err": {},
              "uuid": "e34292ec-40bb-4a90-939b-a886dbcaea83",
              "parentUUID": "ef8d96b5-e543-4087-aaad-3a62d0a5ee87",
              "isHook": false,
              "skipped": false
            },
            {
              "title": "TC_14. Asset user: Add Items for (Self) Requisition.",
              "fullTitle": "AST Module Regression Test Suite TC_14. Asset user: Add Items for (Self) Requisition.",
              "timedOut": null,
              "duration": 42583,
              "state": "failed",
              "speed": null,
              "pass": false,
              "fail": true,
              "pending": false,
              "context": null,
              "code": "var _this6 = this;\ncy.login(this.ast.officeAdminID, this.ast.officeAdminPassword); //Select office code here if the user have multiple office \ndashboardPage.getASTAvatar().click();\ncy.wait(3000);\nleftNavMenu.getRequisitionMenu().should('include.text', 'চাহিদা পত্র').click();\ncy.wait(3000);\nreceiveGoodsPage.getCardHeader().should('include.text', 'চাহিদা পত্র');\ndirectInPage.getAddButtonFirstStore().click(); // Re-use from Direct In Page (চাহিদা পত্র plus button)\ncy.wait(3000);\nreceiveGoodsPage.getCardHeader().should('include.text', 'চাহিদাপত্র তৈরি করুন');\nrequisitionPage.getReferenceNoField().should('have.attr', 'placeholder', 'রেফারেন্স নং').clear().type(this.ast.requisitionReferenceNo).should('have.value', this.ast.requisitionReferenceNo);\ncy.wait(2000);\nrequisitionPage.getJustificationField().should('have.value', 'দাপ্তরিক কাজে ব্যবহারের জন্য');\nrequisitionPage.getPurposeField().should('have.attr', 'aria-label', 'উদ্দেশ্য').click();\ninspectionUnassignedPage.getDropDownItem().contains(this.ast.requisitionPurpose).click();\ncy.wait(2000);\nrequisitionPage.getItemsButton().should('include.text', 'পণ্য সমূহ').click();\ncy.wait(3000);\nrequisitionPage.getItemsCategoryField().should('have.attr', 'aria-label', 'ক্যাটাগরি').click();\ninspectionUnassignedPage.getDropDownItem().contains(this.ast.ItemCategory).click();\ncy.wait(2000);\nreceiveGoodsPage.getCardRows().each(function ($el, index, $list) //Select the desired পণ্যের নাম\n{\n  var textItemGroup = $el.find('td.e-rowcell[aria-label]').text();\n  if (textItemGroup.includes(_this6.ast.ItemGroup)) {\n    $el.find('td button mat-icon:eq(1)').first().click();\n  }\n});\ncy.wait(3000);\ndirectInPage.getItemFeaturesHeader().should('include.text', 'বৈশিষ্ট্য');\ndirectInPage.getItemsDropDownField().click();\ninspectionUnassignedPage.getDropDownItem().contains(this.ast.ItemName).first().click();\ncy.wait(2000);\ndirectInPage.getAddFeaturesButton().should('include.text', 'বৈশিষ্ট্য যোগ করুন').click();\ncy.wait(2000);\nrequisitionPage.getQuantityInputBox().clear().type(this.ast.requisitionQuantity).should('have.value', this.ast.requisitionQuantity);\ncy.wait(1500);\ndirectInPage.getAddItemButton().first().click(); //Plus icon for add items\ncy.wait(2000);\ninspectedPage.getCardFooterFourthButton().should('include.text', 'প্রেরণ').click(); //Reuse from ReceiveGoods Page \ncy.wait(2000);\nreceiveGoodsPage.getConfirmPopUpHeader().should('include.text', 'নিশ্চিত করুন');\nreceiveGoodsPage.getConfirmPopUpYesButton().should('include.text', 'হ্যাঁ').click();\ncy.wait(6000);",
              "err": {
                "message": "CypressError: `cy.type()` can only accept a string or number. You passed in: `undefined`\n\nhttps://on.cypress.io/type",
                "estack": "CypressError: `cy.type()` can only accept a string or number. You passed in: `undefined`\n\nhttps://on.cypress.io/type\n    at cypressErr (http://staging.grp.gov.bd/__cypress/runner/cypress_runner.js:146621:16)\n    at cypressErrByPath (http://staging.grp.gov.bd/__cypress/runner/cypress_runner.js:146630:10)\n    at Object.throwErrByPath (http://staging.grp.gov.bd/__cypress/runner/cypress_runner.js:146593:11)\n    at Context.type (http://staging.grp.gov.bd/__cypress/runner/cypress_runner.js:130916:17)\n    at Context.<anonymous> (http://staging.grp.gov.bd/__cypress/runner/cypress_runner.js:144927:21)\n    at http://staging.grp.gov.bd/__cypress/runner/cypress_runner.js:144402:33\n    at tryCatcher (http://staging.grp.gov.bd/__cypress/runner/cypress_runner.js:9065:23)\n    at Promise._settlePromiseFromHandler (http://staging.grp.gov.bd/__cypress/runner/cypress_runner.js:7000:31)\n    at Promise._settlePromise (http://staging.grp.gov.bd/__cypress/runner/cypress_runner.js:7057:18)\n    at Promise._settlePromiseCtx (http://staging.grp.gov.bd/__cypress/runner/cypress_runner.js:7094:10)\n    at _drainQueueStep (http://staging.grp.gov.bd/__cypress/runner/cypress_runner.js:3776:12)\n    at _drainQueue (http://staging.grp.gov.bd/__cypress/runner/cypress_runner.js:3765:9)\n    at Async.../../node_modules/bluebird/js/release/async.js.Async._drainQueues (http://staging.grp.gov.bd/__cypress/runner/cypress_runner.js:3781:5)\n    at Async.drainQueues (http://staging.grp.gov.bd/__cypress/runner/cypress_runner.js:3651:14)",
                "diff": null
              },
              "uuid": "6d498414-b571-46b5-aa0d-325ed3aa1a50",
              "parentUUID": "ef8d96b5-e543-4087-aaad-3a62d0a5ee87",
              "isHook": false,
              "skipped": false
            },
            {
              "title": "TC_15. Store Admin: Requisition Approval of Asset User(Self) Requisition.",
              "fullTitle": "AST Module Regression Test Suite TC_15. Store Admin: Requisition Approval of Asset User(Self) Requisition.",
              "timedOut": null,
              "duration": 31831,
              "state": "failed",
              "speed": null,
              "pass": false,
              "fail": true,
              "pending": false,
              "context": null,
              "code": "var _this7 = this;\ncy.login(this.ast.storeAdminID, this.ast.storeAdminPassword); //Select office code here if the user have multiple office \ndashboardPage.getASTAvatar().click();\ncy.wait(3000);\nleftNavMenu.getDropDownMenu().contains('অনুমোদন অপেক্ষমান').click();\ncy.wait(1000);\nleftNavMenu.getRequisitionSubMenuOfPendingApproval().should('include.text', 'চাহিদা পত্র').click();\ncy.wait(3500);\nreceiveGoodsPage.getCardHeader().should('include.text', 'চাহিদা পত্র');\ncy.inspection(this.ast.requisitionReferenceNo); //Select রেফারেন্স নং\ncy.wait(3000);\nreceiveGoodsPage.getCardHeader().should('include.text', 'চাহিদা পত্র অনুমোদন');\nreceiveGoodsPage.getCardRows().each(function ($el, index, $list) //Select the desired পণ্যের Group\n{\n  var textItemGroup = $el.find('td.e-rowcell[aria-label]').text();\n  if (textItemGroup.includes(_this7.ast.ItemGroup)) {\n    $el.find('td button mat-icon:eq(0)').first().click();\n  }\n});\ncy.wait(4000);\nrequisitionPage.getUncheckDefaultItem().click({\n  force: true\n});\ncy.wait(500);\nrequisitionPage.getUncheckDefaultItem2().click({\n  force: true\n});\ncy.wait(500);\nrequisitionPage.getUncheckDefaultItem3().click({\n  force: true\n});\ncy.wait(500);\nrequisitionPage.getUncheckDefaultItem4().click({\n  force: true\n});\ncy.wait(500);\nrequisitionPage.getUncheckDefaultItem5().click({\n  force: true\n});\ncy.wait(500);\nrequisitionPage.getUncheckDefaultItem6().click({\n  force: true\n});\ncy.wait(500);\nrequisitionPage.getUncheckDefaultItem7().click({\n  force: true\n});\ncy.wait(500);\nrequisitionPage.getUncheckDefaultItem8().click({\n  force: true\n});\ncy.wait(500);\nrequisitionPage.getUncheckDefaultItem9().click({\n  force: true\n});\ncy.wait(500); //requisitionPage.getUncheckDefaultItem10().click({ force: true })\ncy.wait(2000);\ncy.selectItems(this.ast.assetTagNo);\ncy.wait(1000);\ncy.selectItems(this.ast.assetTagNo2);\ncy.wait(1000);\ncy.selectItems(this.ast.assetTagNo3);\ncy.wait(1000);\ncy.selectItems(this.ast.assetTagNo4);\ncy.wait(1000);\ncy.selectItems(this.ast.assetTagNo5);\ncy.wait(1000);\ncy.selectItems(this.ast.assetTagNo6);\ncy.wait(1000);\ncy.selectItems(this.ast.assetTagNo7);\ncy.wait(1000);\ncy.selectItems(this.ast.assetTagNo8);\ncy.wait(1000);\ncy.selectItems(this.ast.assetTagNo9);\ncy.wait(1000); //cy.selectItems(this.ast.assetTagNo10)\n//cy.wait(2000)\nrequisitionPage.getAddAssetButton().should('include.text', 'সম্পদ যোগ করুন').click();\ncy.wait(2000);\nrequisitionPage.getRemarkField().click().type(this.ast.ApprovalRemarks).should('have.value', this.ast.ApprovalRemarks);\ncy.wait(2000);\nrequisitionPage.getAddAssetButton().should('include.text', 'অনুমোদন করুন').click();\ncy.wait(2000);\nrequisitionPage.getConfirmPopupHeader().should('include.text', 'নিশ্চিত করুন');\nrequisitionPage.getCardFooterYesButton().should('include.text', 'হ্যাঁ').click();\ncy.wait(2000);\nrequisitionPage.getConfirmPopupHeader().should('include.text', 'অনুরোধ নিশ্চিতকরণ');\nrequisitionPage.getRemarksFieldOnConfirmCard().click().type(this.ast.ApprovalRemarks);\ncy.wait(2000);\nrequisitionPage.getCardFooterYesButton().should('include.text', 'সংরক্ষণ করুন').click();\ncy.wait(6000);",
              "err": {
                "message": "AssertionError: Timed out retrying: expected '<mat-label>' to contain text 'চাহিদা পত্র অনুমোদন', but the text was 'চাহিদা পত্র'",
                "estack": "AssertionError: Timed out retrying: expected '<mat-label>' to contain text 'চাহিদা পত্র অনুমোদন', but the text was 'চাহিদা পত্র'\n    at applyChainer (http://staging.grp.gov.bd/__cypress/runner/cypress_runner.js:131898:32)\n    at http://staging.grp.gov.bd/__cypress/runner/cypress_runner.js:131940:16\n    at arrayReduce (http://staging.grp.gov.bd/__cypress/runner/cypress_runner.js:18578:21)\n    at Function.reduce (http://staging.grp.gov.bd/__cypress/runner/cypress_runner.js:27576:14)\n    at applyChainers (http://staging.grp.gov.bd/__cypress/runner/cypress_runner.js:131929:22)\n    at tryCatcher (http://staging.grp.gov.bd/__cypress/runner/cypress_runner.js:9065:23)\n    at Function.Promise.attempt.Promise.try (http://staging.grp.gov.bd/__cypress/runner/cypress_runner.js:6339:29)\n    at Context.shouldFn (http://staging.grp.gov.bd/__cypress/runner/cypress_runner.js:131946:26)\n    at Context.should (http://staging.grp.gov.bd/__cypress/runner/cypress_runner.js:131964:23)\n    at http://staging.grp.gov.bd/__cypress/runner/cypress_runner.js:127819:39\n    at assertions (http://staging.grp.gov.bd/__cypress/runner/cypress_runner.js:128079:14)\n    at tryCatcher (http://staging.grp.gov.bd/__cypress/runner/cypress_runner.js:9065:23)\n    at Object.gotValue (http://staging.grp.gov.bd/__cypress/runner/cypress_runner.js:8209:18)\n    at Object.gotAccum (http://staging.grp.gov.bd/__cypress/runner/cypress_runner.js:8196:25)\n    at Object.tryCatcher (http://staging.grp.gov.bd/__cypress/runner/cypress_runner.js:9065:23)\n    at Promise._settlePromiseFromHandler (http://staging.grp.gov.bd/__cypress/runner/cypress_runner.js:7000:31)",
                "diff": "- 'চাহিদা পত্র'\n+ 'চাহিদা পত্র অনুমোদন'\n"
              },
              "uuid": "ef0d3c04-a8ab-4d63-86e4-f0ef4419c8ef",
              "parentUUID": "ef8d96b5-e543-4087-aaad-3a62d0a5ee87",
              "isHook": false,
              "skipped": false
            },
            {
              "title": "TC_16. Store Keeper: Issue Requisition Items for Asset User(Self) Requisition.",
              "fullTitle": "AST Module Regression Test Suite TC_16. Store Keeper: Issue Requisition Items for Asset User(Self) Requisition.",
              "timedOut": null,
              "duration": 36444,
              "state": "failed",
              "speed": null,
              "pass": false,
              "fail": true,
              "pending": false,
              "context": null,
              "code": "cy.login(this.ast.storeKeeperID, this.ast.storeKeeperPassword); //Select office code here if the user have multiple office \ndashboardPage.getASTAvatar().click();\ncy.wait(3000);\nleftNavMenu.getDropDownMenu().contains('স্টোর কিপিং').click();\ncy.wait(1000);\nleftNavMenu.getIssueLisrSubMenu().should('include.text', 'ইস্যু').click();\ncy.wait(3500);\nreceiveGoodsPage.getStoreNameTab().contains(this.ast.storeName).click();\ncy.wait(3000);\nreceiveGoodsPage.getCardHeader().should('include.text', 'ইস্যু তালিকা');\ncy.inspection(this.ast.requisitionReferenceNo); //Select গ্রাহক\ncy.wait(3000);\nreceiveGoodsPage.getCardHeader().should('include.text', 'ইস্যু');\nreceiveGoodsPage.getCardFooterFourthButton().should('include.text', 'দাখিল করুন').click();\ncy.wait(2000);\nreceiveGoodsPage.getConfirmPopUpHeader().should('include.text', 'নিশ্চিত করুন');\nreceiveGoodsPage.getConfirmPopUpYesButton().should('include.text', 'হ্যাঁ').click();\ncy.wait(6000);",
              "err": {
                "message": "AssertionError: Timed out retrying: Expected to find element: `.card-footer button.btn-success:eq(0)`, but never found it.",
                "estack": "AssertionError: Timed out retrying: Expected to find element: `.card-footer button.btn-success:eq(0)`, but never found it.\n    at ensureExistence (http://staging.grp.gov.bd/__cypress/runner/cypress_runner.js:137673:32)\n    at Object.ensureElExistence (http://staging.grp.gov.bd/__cypress/runner/cypress_runner.js:137691:12)\n    at ensureExistence (http://staging.grp.gov.bd/__cypress/runner/cypress_runner.js:127867:23)\n    at onFailFn (http://staging.grp.gov.bd/__cypress/runner/cypress_runner.js:127905:9)\n    at tryCatcher (http://staging.grp.gov.bd/__cypress/runner/cypress_runner.js:9065:23)\n    at Promise._settlePromiseFromHandler (http://staging.grp.gov.bd/__cypress/runner/cypress_runner.js:7000:31)\n    at Promise._settlePromise (http://staging.grp.gov.bd/__cypress/runner/cypress_runner.js:7057:18)\n    at Promise._settlePromise0 (http://staging.grp.gov.bd/__cypress/runner/cypress_runner.js:7102:10)\n    at Promise._settlePromises (http://staging.grp.gov.bd/__cypress/runner/cypress_runner.js:7178:18)\n    at _drainQueueStep (http://staging.grp.gov.bd/__cypress/runner/cypress_runner.js:3772:12)\n    at _drainQueue (http://staging.grp.gov.bd/__cypress/runner/cypress_runner.js:3765:9)\n    at Async.../../node_modules/bluebird/js/release/async.js.Async._drainQueues (http://staging.grp.gov.bd/__cypress/runner/cypress_runner.js:3781:5)\n    at Async.drainQueues (http://staging.grp.gov.bd/__cypress/runner/cypress_runner.js:3651:14)",
                "diff": null
              },
              "uuid": "f7680e71-45b5-4ecb-8f75-b6c9ed8623e8",
              "parentUUID": "ef8d96b5-e543-4087-aaad-3a62d0a5ee87",
              "isHook": false,
              "skipped": false
            },
            {
              "title": "TC_17. AST User: Verify the User get the Item by Self Requisition.",
              "fullTitle": "AST Module Regression Test Suite TC_17. AST User: Verify the User get the Item by Self Requisition.",
              "timedOut": null,
              "duration": 20535,
              "state": "passed",
              "speed": "slow",
              "pass": true,
              "fail": false,
              "pending": false,
              "context": null,
              "code": "var _this8 = this;\ncy.login(this.ast.officeAdminID, this.ast.officeAdminPassword); //Select office code here if the user have multiple office \ndashboardPage.getASTAvatar().click();\ncy.wait(3000);\nleftNavMenu.getMyAssetMenu().should('include.text', 'আমার অধিকৃত সম্পদসমূহ').click();\ncy.wait(3000);\nreceiveGoodsPage.getCardHeader().should('include.text', 'আমার অধিকৃত সম্পদসমূহ');\nreceiveGoodsPage.getCardRows().each(function ($el, index, $list) //Select the desired Tag No\n{\n  var textAssetTagNo = $el.find('td.e-rowcell[aria-label]').text();\n  if (textAssetTagNo.includes(_this8.ast.assetTagNo)) {\n    var tagText = $el.find('td.e-rowcell[aria-label]').text();\n    expect(tagText.includes(_this8.ast.assetTagNo)).to.be[\"true\"];\n  }\n});\ncy.wait(2000);",
              "err": {},
              "uuid": "2d19a10d-df7f-4588-91b8-3cec505cc620",
              "parentUUID": "ef8d96b5-e543-4087-aaad-3a62d0a5ee87",
              "isHook": false,
              "skipped": false
            },
            {
              "title": "TC_18. Store Admin: Give Asset Return Request with Items (Request Return).",
              "fullTitle": "AST Module Regression Test Suite TC_18. Store Admin: Give Asset Return Request with Items (Request Return).",
              "timedOut": null,
              "duration": 68196,
              "state": "failed",
              "speed": null,
              "pass": false,
              "fail": true,
              "pending": false,
              "context": null,
              "code": "cy.login(this.ast.storeAdminID, this.ast.storeAdminPassword); //Select office code here if the user have multiple office \ndashboardPage.getASTAvatar().click();\ncy.wait(3000);\nleftNavMenu.getDropDownMenu().contains('ফেরৎ গ্রহণ').click();\ncy.wait(1000);\nleftNavMenu.getRequestReturnSubMenu().should('include.text', 'ফেরৎ অনুরোধ').click();\ncy.wait(3000);\nreceiveGoodsPage.getStoreNameTab().contains(this.ast.storeName).click(); //Select Store\ncy.wait(3000);\nreceiveGoodsPage.getCardHeader().should('include.text', 'ফেরতের জন্য অনুরোধের তালিকা');\ndirectInPage.getAddButtonFirstStore().click(); //Plus button\ncy.wait(2000);\nreceiveGoodsPage.getCardHeader().should('include.text', 'পোস্ট / অফিস ইউনিট নির্বাচন করুন');\ndirectOutPage.getPostOfficeTypeField().should('have.attr', 'aria-label', 'ধরণ').click();\ninspectionUnassignedPage.getDropDownItem().contains(this.ast.DOOfficePostType).click();\ncy.wait(2000);\ndirectOutPage.getOfficeUniteField().should('have.attr', 'aria-label', 'শাখা').click();\ncy.wait(1000);\ninspectionUnassignedPage.getDropDownItem().contains(this.ast.OfficeUnit).click();\ncy.wait(3000);\ndirectOutPage.getPostField().should('have.attr', 'aria-label', 'পদবি').click();\ninspectionUnassignedPage.getDropDownItem().contains(this.ast.DOPostPerson).click();\ncy.wait(2000);\ncy.selectItems(this.ast.assetTagNo);\ncy.wait(2000);\nrequestReturnPage.getCarrierField().should('have.attr', 'aria-label', 'বাহক').click();\ninspectionUnassignedPage.getDropDownItem().contains(this.ast.CarrierName).click();\ncy.wait(2000);\nreceiveGoodsPage.getCalendarIcon().click(); //Approximate Date\ncy.calendar(this.ast.chalanYear, this.ast.chalanMonth, this.ast.chalanDay);\nrequestReturnPage.getApproverField().should('have.attr', 'aria-label', 'অনুমোদনকারী').click();\ninspectionUnassignedPage.getDropDownItem().contains(this.ast.ApproverName).click();\ncy.wait(2000);\nrequestReturnPage.getCardFooterThirdButton().should('include.text', 'অনুমোদনের জন্য প্রেরণ').click(); //Reuse from ReceiveGoods Page \ncy.wait(2000);\nreceiveGoodsPage.getConfirmPopUpHeader().should('include.text', 'নিশ্চিত করুন');\nreceiveGoodsPage.getConfirmPopUpYesButton().should('include.text', 'হ্যাঁ').click();\ncy.wait(6000);",
              "err": {
                "message": "AssertionError: Timed out retrying: Expected to find element: `.card-footer button.btn-success:eq(0)`, but never found it.",
                "estack": "AssertionError: Timed out retrying: Expected to find element: `.card-footer button.btn-success:eq(0)`, but never found it.\n    at ensureExistence (http://staging.grp.gov.bd/__cypress/runner/cypress_runner.js:137673:32)\n    at Object.ensureElExistence (http://staging.grp.gov.bd/__cypress/runner/cypress_runner.js:137691:12)\n    at ensureExistence (http://staging.grp.gov.bd/__cypress/runner/cypress_runner.js:127867:23)\n    at onFailFn (http://staging.grp.gov.bd/__cypress/runner/cypress_runner.js:127905:9)\n    at tryCatcher (http://staging.grp.gov.bd/__cypress/runner/cypress_runner.js:9065:23)\n    at Promise._settlePromiseFromHandler (http://staging.grp.gov.bd/__cypress/runner/cypress_runner.js:7000:31)\n    at Promise._settlePromise (http://staging.grp.gov.bd/__cypress/runner/cypress_runner.js:7057:18)\n    at Promise._settlePromise0 (http://staging.grp.gov.bd/__cypress/runner/cypress_runner.js:7102:10)\n    at Promise._settlePromises (http://staging.grp.gov.bd/__cypress/runner/cypress_runner.js:7178:18)\n    at _drainQueueStep (http://staging.grp.gov.bd/__cypress/runner/cypress_runner.js:3772:12)\n    at _drainQueue (http://staging.grp.gov.bd/__cypress/runner/cypress_runner.js:3765:9)\n    at Async.../../node_modules/bluebird/js/release/async.js.Async._drainQueues (http://staging.grp.gov.bd/__cypress/runner/cypress_runner.js:3781:5)\n    at Async.drainQueues (http://staging.grp.gov.bd/__cypress/runner/cypress_runner.js:3651:14)",
                "diff": null
              },
              "uuid": "9a10fcd8-42e7-4bdb-9dbf-6ef1def6e29f",
              "parentUUID": "ef8d96b5-e543-4087-aaad-3a62d0a5ee87",
              "isHook": false,
              "skipped": false
            },
            {
              "title": "TC_19. Store Admin: Approved the Asset Return (Request Return)",
              "fullTitle": "AST Module Regression Test Suite TC_19. Store Admin: Approved the Asset Return (Request Return)",
              "timedOut": null,
              "duration": 35175,
              "state": "failed",
              "speed": null,
              "pass": false,
              "fail": true,
              "pending": false,
              "context": null,
              "code": "cy.login(this.ast.storeAdminID, this.ast.storeAdminPassword); //Select office code here if the user have multiple office \ndashboardPage.getASTAvatar().click();\ncy.wait(3000);\nleftNavMenu.getDropDownMenu().contains('অনুমোদন অপেক্ষমান').click();\ncy.wait(1000);\nleftNavMenu.getRequestApprovalSubMenu().should('include.text', 'ফেরত অনুরোধ').click();\ncy.wait(3000);\nreceiveGoodsPage.getCardHeader().should('include.text', 'অনুরোধসমূহের তালিকা');\ncy.inspection(this.ast.DOPostPerson); //ফেরতদাতা\ncy.wait(3000);\nreceiveGoodsPage.getCardHeader().should('include.text', 'সম্পদ ফেরৎ');\nrequestReturnPage.getApproveButton().should('include.text', 'অনুমোদন করুন').click(); //Reuse from ReceiveGoods Page \ncy.wait(1000);\nreceiveGoodsPage.getConfirmPopUpHeader().should('include.text', 'নিশ্চিত করুন');\nreceiveGoodsPage.getConfirmPopUpYesButton().should('include.text', 'হ্যাঁ').click();\ncy.wait(6000);",
              "err": {
                "message": "AssertionError: Timed out retrying: expected '<mat-label>' to contain text 'সম্পদ ফেরৎ', but the text was 'অনুরোধসমূহের তালিকা'",
                "estack": "AssertionError: Timed out retrying: expected '<mat-label>' to contain text 'সম্পদ ফেরৎ', but the text was 'অনুরোধসমূহের তালিকা'\n    at applyChainer (http://staging.grp.gov.bd/__cypress/runner/cypress_runner.js:131898:32)\n    at http://staging.grp.gov.bd/__cypress/runner/cypress_runner.js:131940:16\n    at arrayReduce (http://staging.grp.gov.bd/__cypress/runner/cypress_runner.js:18578:21)\n    at Function.reduce (http://staging.grp.gov.bd/__cypress/runner/cypress_runner.js:27576:14)\n    at applyChainers (http://staging.grp.gov.bd/__cypress/runner/cypress_runner.js:131929:22)\n    at tryCatcher (http://staging.grp.gov.bd/__cypress/runner/cypress_runner.js:9065:23)\n    at Function.Promise.attempt.Promise.try (http://staging.grp.gov.bd/__cypress/runner/cypress_runner.js:6339:29)\n    at Context.shouldFn (http://staging.grp.gov.bd/__cypress/runner/cypress_runner.js:131946:26)\n    at Context.should (http://staging.grp.gov.bd/__cypress/runner/cypress_runner.js:131964:23)\n    at http://staging.grp.gov.bd/__cypress/runner/cypress_runner.js:127819:39\n    at assertions (http://staging.grp.gov.bd/__cypress/runner/cypress_runner.js:128079:14)\n    at tryCatcher (http://staging.grp.gov.bd/__cypress/runner/cypress_runner.js:9065:23)\n    at Object.gotValue (http://staging.grp.gov.bd/__cypress/runner/cypress_runner.js:8209:18)\n    at Object.gotAccum (http://staging.grp.gov.bd/__cypress/runner/cypress_runner.js:8196:25)\n    at Object.tryCatcher (http://staging.grp.gov.bd/__cypress/runner/cypress_runner.js:9065:23)\n    at Promise._settlePromiseFromHandler (http://staging.grp.gov.bd/__cypress/runner/cypress_runner.js:7000:31)",
                "diff": "- 'অনুরোধসমূহের তালিকা'\n+ 'সম্পদ ফেরৎ'\n"
              },
              "uuid": "8aedbf04-e0b8-4829-bb14-4daf6c282013",
              "parentUUID": "ef8d96b5-e543-4087-aaad-3a62d0a5ee87",
              "isHook": false,
              "skipped": false
            },
            {
              "title": "TC_20. Store Keeper: Receive that Asset Return (Request Return) which was Requested by the Store Admin.",
              "fullTitle": "AST Module Regression Test Suite TC_20. Store Keeper: Receive that Asset Return (Request Return) which was Requested by the Store Admin.",
              "timedOut": null,
              "duration": 40184,
              "state": "failed",
              "speed": null,
              "pass": false,
              "fail": true,
              "pending": false,
              "context": null,
              "code": "cy.login(this.ast.storeKeeperID, this.ast.storeKeeperPassword); //Select office code here if the user have multiple office \ndashboardPage.getASTAvatar().click();\ncy.wait(3000);\nleftNavMenu.getDropDownMenu().contains('ফেরৎ গ্রহণ').click();\ncy.wait(1000);\nleftNavMenu.getRequestReceiveSubMenu().should('include.text', 'ফেরত গ্রহণ').click();\ncy.wait(3000);\nreceiveGoodsPage.getStoreNameTab().contains(this.ast.storeName).click();\ncy.wait(3000);\nreceiveGoodsPage.getCardHeader().should('include.text', 'ফেরতকৃত পণ্যের গ্রহণের তালিকা');\ncy.inspection(this.ast.DOPostPerson); //ফেরতদাতা \ncy.wait(3000);\nreceiveGoodsPage.getCardHeader().should('include.text', 'সম্পদ ফেরৎ');\nrequestReturnPage.getReciveButton().should('include.text', 'গ্রহণ').click(); //Reuse from ReceiveGoods Page \ncy.wait(1000);\nreceiveGoodsPage.getConfirmPopUpHeader().should('include.text', 'নিশ্চিত করুন');\nreceiveGoodsPage.getConfirmPopUpYesButton().should('include.text', 'হ্যাঁ').click();\ncy.wait(6000);",
              "err": {
                "message": "AssertionError: Timed out retrying: expected '<mat-label>' to contain text 'সম্পদ ফেরৎ', but the text was 'ফেরতকৃত পণ্যের গ্রহণের তালিকা'",
                "estack": "AssertionError: Timed out retrying: expected '<mat-label>' to contain text 'সম্পদ ফেরৎ', but the text was 'ফেরতকৃত পণ্যের গ্রহণের তালিকা'\n    at applyChainer (http://staging.grp.gov.bd/__cypress/runner/cypress_runner.js:131898:32)\n    at http://staging.grp.gov.bd/__cypress/runner/cypress_runner.js:131940:16\n    at arrayReduce (http://staging.grp.gov.bd/__cypress/runner/cypress_runner.js:18578:21)\n    at Function.reduce (http://staging.grp.gov.bd/__cypress/runner/cypress_runner.js:27576:14)\n    at applyChainers (http://staging.grp.gov.bd/__cypress/runner/cypress_runner.js:131929:22)\n    at tryCatcher (http://staging.grp.gov.bd/__cypress/runner/cypress_runner.js:9065:23)\n    at Function.Promise.attempt.Promise.try (http://staging.grp.gov.bd/__cypress/runner/cypress_runner.js:6339:29)\n    at Context.shouldFn (http://staging.grp.gov.bd/__cypress/runner/cypress_runner.js:131946:26)\n    at Context.should (http://staging.grp.gov.bd/__cypress/runner/cypress_runner.js:131964:23)\n    at http://staging.grp.gov.bd/__cypress/runner/cypress_runner.js:127819:39\n    at assertions (http://staging.grp.gov.bd/__cypress/runner/cypress_runner.js:128079:14)\n    at tryCatcher (http://staging.grp.gov.bd/__cypress/runner/cypress_runner.js:9065:23)\n    at Object.gotValue (http://staging.grp.gov.bd/__cypress/runner/cypress_runner.js:8209:18)\n    at Object.gotAccum (http://staging.grp.gov.bd/__cypress/runner/cypress_runner.js:8196:25)\n    at Object.tryCatcher (http://staging.grp.gov.bd/__cypress/runner/cypress_runner.js:9065:23)\n    at Promise._settlePromiseFromHandler (http://staging.grp.gov.bd/__cypress/runner/cypress_runner.js:7000:31)",
                "diff": "- 'ফেরতকৃত পণ্যের গ্রহণের তালিকা'\n+ 'সম্পদ ফেরৎ'\n"
              },
              "uuid": "ae267595-2d56-46c0-b16b-97e5587205ca",
              "parentUUID": "ef8d96b5-e543-4087-aaad-3a62d0a5ee87",
              "isHook": false,
              "skipped": false
            },
            {
              "title": "TC_21. Store Admin: Inspector Assign for Asset Return (Request Return).",
              "fullTitle": "AST Module Regression Test Suite TC_21. Store Admin: Inspector Assign for Asset Return (Request Return).",
              "timedOut": null,
              "duration": 41332,
              "state": "failed",
              "speed": null,
              "pass": false,
              "fail": true,
              "pending": false,
              "context": null,
              "code": "cy.login(this.ast.storeAdminID, this.ast.storeAdminPassword);\ndashboardPage.getASTAvatar().click();\ncy.wait(3000);\nleftNavMenu.getDropDownMenu().contains('ইন্সপেকশন').click();\ncy.wait(1000);\nleftNavMenu.getInspectionUnassignedSubMenu().should('include.text', 'পরিদর্শক নির্ধারণ').click();\ncy.wait(3000);\nreceiveGoodsPage.getStoreNameTab().contains(this.ast.storeName).click();\ncy.wait(3000);\nreceiveGoodsPage.getCardHeader().should('include.text', 'পরিদর্শক নির্ধারণ');\ncy.inspection(this.ast.ARPost); // Post পদবি\ncy.wait(3000);\nreceiveGoodsPage.getCardHeader().should('include.text', 'সম্পদ ফেরৎ');\nreceiveGoodsPage.getThirdCardHeader().should('include.text', 'ইন্সপেক্টর এসাইন করুন');\ninspectionUnassignedPage.getInspectorTypeField().should('have.attr', 'aria-label', 'পরিদর্শকের ধরণ').click();\ninspectionUnassignedPage.getDropDownItem().contains(this.ast.InspectorType).click();\ncy.wait(2000);\ninspectionUnassignedPage.getOfficeUnitField().should('have.attr', 'aria-label', 'শাখা').click();\ncy.wait(1000);\ninspectionUnassignedPage.getDropDownItem().contains(this.ast.OfficeUnit).click();\ncy.wait(2000);\ninspectionUnassignedPage.getInspectorField().should('have.attr', 'aria-label', 'পরিদর্শক').click();\ninspectionUnassignedPage.getDropDownItem().contains(this.ast.Inspector).click();\ncy.wait(2000);\nreceiveGoodsPage.getCardFooterFourthButton().should('include.text', 'প্রেরণ').click(); //Reuse from ReceiveGoods Page \ncy.wait(2000);\nreceiveGoodsPage.getConfirmPopUpHeader().should('include.text', 'নিশ্চিত করুন');\nreceiveGoodsPage.getConfirmPopUpYesButton().should('include.text', 'হ্যাঁ').click();\ncy.wait(6000);",
              "err": {
                "message": "AssertionError: Timed out retrying: expected '<mat-label>' to contain text 'সম্পদ ফেরৎ', but the text was 'পরিদর্শক নির্ধারণ'",
                "estack": "AssertionError: Timed out retrying: expected '<mat-label>' to contain text 'সম্পদ ফেরৎ', but the text was 'পরিদর্শক নির্ধারণ'\n    at applyChainer (http://staging.grp.gov.bd/__cypress/runner/cypress_runner.js:131898:32)\n    at http://staging.grp.gov.bd/__cypress/runner/cypress_runner.js:131940:16\n    at arrayReduce (http://staging.grp.gov.bd/__cypress/runner/cypress_runner.js:18578:21)\n    at Function.reduce (http://staging.grp.gov.bd/__cypress/runner/cypress_runner.js:27576:14)\n    at applyChainers (http://staging.grp.gov.bd/__cypress/runner/cypress_runner.js:131929:22)\n    at tryCatcher (http://staging.grp.gov.bd/__cypress/runner/cypress_runner.js:9065:23)\n    at Function.Promise.attempt.Promise.try (http://staging.grp.gov.bd/__cypress/runner/cypress_runner.js:6339:29)\n    at Context.shouldFn (http://staging.grp.gov.bd/__cypress/runner/cypress_runner.js:131946:26)\n    at Context.should (http://staging.grp.gov.bd/__cypress/runner/cypress_runner.js:131964:23)\n    at http://staging.grp.gov.bd/__cypress/runner/cypress_runner.js:127819:39\n    at assertions (http://staging.grp.gov.bd/__cypress/runner/cypress_runner.js:128079:14)\n    at tryCatcher (http://staging.grp.gov.bd/__cypress/runner/cypress_runner.js:9065:23)\n    at Object.gotValue (http://staging.grp.gov.bd/__cypress/runner/cypress_runner.js:8209:18)\n    at Object.gotAccum (http://staging.grp.gov.bd/__cypress/runner/cypress_runner.js:8196:25)\n    at Object.tryCatcher (http://staging.grp.gov.bd/__cypress/runner/cypress_runner.js:9065:23)\n    at Promise._settlePromiseFromHandler (http://staging.grp.gov.bd/__cypress/runner/cypress_runner.js:7000:31)",
                "diff": "- 'পরিদর্শক নির্ধারণ'\n+ 'সম্পদ ফেরৎ'\n"
              },
              "uuid": "73a58e72-243d-42db-bb02-e2c818187fd9",
              "parentUUID": "ef8d96b5-e543-4087-aaad-3a62d0a5ee87",
              "isHook": false,
              "skipped": false
            },
            {
              "title": "TC_22. Inspector: Inspect for Asset Return (Request Return).",
              "fullTitle": "AST Module Regression Test Suite TC_22. Inspector: Inspect for Asset Return (Request Return).",
              "timedOut": null,
              "duration": 41761,
              "state": "failed",
              "speed": null,
              "pass": false,
              "fail": true,
              "pending": false,
              "context": null,
              "code": "cy.login(this.ast.inspectorID, this.ast.inspectorPassword); //Select office if needed\ndashboardPage.getOfficePopUpHeader().should('include.text', 'অফিস/পদ নির্বাচন করুন');\ndashboardPage.getOfficeName().contains(this.ast.inspectorOffice).click();\ncy.wait(3000);\ndashboardPage.getASTAvatar().click();\ncy.wait(3000);\nleftNavMenu.getDropDownMenu().contains('ইন্সপেকশন').click();\ncy.wait(1000);\nleftNavMenu.getInspectionAssignedSubMenu().should('include.text', 'নির্ধারিত পরিদর্শন').click();\ncy.wait(3000);\nreceiveGoodsPage.getCardHeader().should('include.text', 'নির্ধারিত পরিদর্শন');\ncy.inspection(this.ast.ARPost); //Post / পদবি\ncy.wait(3000);\nreceiveGoodsPage.getCardHeader().should('include.text', 'ইন্সপেকশনের ফলাফল সেট করুন');\ninspectionAssignedPage.getRemarksFieldFirstStore().click().type(this.ast.InspectorRemarks).should('have.value', this.ast.InspectorRemarks);\ncy.wait(2000);\nreceiveGoodsPage.getCardFooterFourthButton().should('include.text', 'দাখিল করুন').click(); //Reuse from ReceiveGoods Page \ncy.wait(2000);\nreceiveGoodsPage.getConfirmPopUpHeader().should('include.text', 'নিশ্চিত করুন');\nreceiveGoodsPage.getConfirmPopUpYesButton().should('include.text', 'হ্যাঁ').click();\ncy.wait(6000);",
              "err": {
                "message": "AssertionError: Timed out retrying: expected '<mat-label>' to contain text 'ইন্সপেকশনের ফলাফল সেট করুন', but the text was 'নির্ধারিত পরিদর্শন'",
                "estack": "AssertionError: Timed out retrying: expected '<mat-label>' to contain text 'ইন্সপেকশনের ফলাফল সেট করুন', but the text was 'নির্ধারিত পরিদর্শন'\n    at applyChainer (http://staging.grp.gov.bd/__cypress/runner/cypress_runner.js:131898:32)\n    at http://staging.grp.gov.bd/__cypress/runner/cypress_runner.js:131940:16\n    at arrayReduce (http://staging.grp.gov.bd/__cypress/runner/cypress_runner.js:18578:21)\n    at Function.reduce (http://staging.grp.gov.bd/__cypress/runner/cypress_runner.js:27576:14)\n    at applyChainers (http://staging.grp.gov.bd/__cypress/runner/cypress_runner.js:131929:22)\n    at tryCatcher (http://staging.grp.gov.bd/__cypress/runner/cypress_runner.js:9065:23)\n    at Function.Promise.attempt.Promise.try (http://staging.grp.gov.bd/__cypress/runner/cypress_runner.js:6339:29)\n    at Context.shouldFn (http://staging.grp.gov.bd/__cypress/runner/cypress_runner.js:131946:26)\n    at Context.should (http://staging.grp.gov.bd/__cypress/runner/cypress_runner.js:131964:23)\n    at http://staging.grp.gov.bd/__cypress/runner/cypress_runner.js:127819:39\n    at assertions (http://staging.grp.gov.bd/__cypress/runner/cypress_runner.js:128079:14)\n    at tryCatcher (http://staging.grp.gov.bd/__cypress/runner/cypress_runner.js:9065:23)\n    at Object.gotValue (http://staging.grp.gov.bd/__cypress/runner/cypress_runner.js:8209:18)\n    at Object.gotAccum (http://staging.grp.gov.bd/__cypress/runner/cypress_runner.js:8196:25)\n    at Object.tryCatcher (http://staging.grp.gov.bd/__cypress/runner/cypress_runner.js:9065:23)\n    at Promise._settlePromiseFromHandler (http://staging.grp.gov.bd/__cypress/runner/cypress_runner.js:7000:31)",
                "diff": "- 'নির্ধারিত পরিদর্শন'\n+ 'ইন্সপেকশনের ফলাফল সেট করুন'\n"
              },
              "uuid": "8a366126-d9d3-40bf-82eb-98110fb27bc1",
              "parentUUID": "ef8d96b5-e543-4087-aaad-3a62d0a5ee87",
              "isHook": false,
              "skipped": false
            },
            {
              "title": "TC_23. Store Admin: Inspection Approval for Asset Return (Request Return).",
              "fullTitle": "AST Module Regression Test Suite TC_23. Store Admin: Inspection Approval for Asset Return (Request Return).",
              "timedOut": null,
              "duration": 44070,
              "state": "failed",
              "speed": null,
              "pass": false,
              "fail": true,
              "pending": false,
              "context": null,
              "code": "cy.login(this.ast.storeAdminID, this.ast.storeAdminPassword); //Select office code here if the user have multiple office \ndashboardPage.getASTAvatar().click();\ncy.wait(3000);\nleftNavMenu.getDropDownMenu().contains('অনুমোদন অপেক্ষমান').click();\ncy.wait(1000);\nleftNavMenu.getInspectedSubMenu().should('include.text', 'পরিদর্শনকৃত').click();\ncy.wait(3000);\nreceiveGoodsPage.getStoreNameTab().contains(this.ast.storeName).click();\ncy.wait(2000);\nreceiveGoodsPage.getCardHeader().should('include.text', 'পরিদর্শনকৃত');\ncy.inspection(this.ast.ARPost); // Post / পদবি\ncy.wait(3000);\nreceiveGoodsPage.getCardHeader().should('include.text', 'প্রাপ্তিযোগ্য পরিমাণগুলি সেট করুন');\ninspectedPage.getCardFooterFourthButton().should('include.text', 'অনুমোদন করুন').click(); //Reuse from ReceiveGoods Page \n/*    cy.wait(1500)\n    \n    receiveGoodsPage.getConfirmPopUpHeader().should('include.text', 'নিশ্চিত করুন')\n    receiveGoodsPage.getConfirmPopUpYesButton().should('include.text', 'হ্যাঁ').click() \n    */\ncy.wait(6000);",
              "err": {
                "message": "AssertionError: Timed out retrying: expected '<mat-label>' to contain text 'প্রাপ্তিযোগ্য পরিমাণগুলি সেট করুন', but the text was 'পরিদর্শনকৃত'",
                "estack": "AssertionError: Timed out retrying: expected '<mat-label>' to contain text 'প্রাপ্তিযোগ্য পরিমাণগুলি সেট করুন', but the text was 'পরিদর্শনকৃত'\n    at applyChainer (http://staging.grp.gov.bd/__cypress/runner/cypress_runner.js:131898:32)\n    at http://staging.grp.gov.bd/__cypress/runner/cypress_runner.js:131940:16\n    at arrayReduce (http://staging.grp.gov.bd/__cypress/runner/cypress_runner.js:18578:21)\n    at Function.reduce (http://staging.grp.gov.bd/__cypress/runner/cypress_runner.js:27576:14)\n    at applyChainers (http://staging.grp.gov.bd/__cypress/runner/cypress_runner.js:131929:22)\n    at tryCatcher (http://staging.grp.gov.bd/__cypress/runner/cypress_runner.js:9065:23)\n    at Function.Promise.attempt.Promise.try (http://staging.grp.gov.bd/__cypress/runner/cypress_runner.js:6339:29)\n    at Context.shouldFn (http://staging.grp.gov.bd/__cypress/runner/cypress_runner.js:131946:26)\n    at Context.should (http://staging.grp.gov.bd/__cypress/runner/cypress_runner.js:131964:23)\n    at http://staging.grp.gov.bd/__cypress/runner/cypress_runner.js:127819:39\n    at assertions (http://staging.grp.gov.bd/__cypress/runner/cypress_runner.js:128079:14)\n    at tryCatcher (http://staging.grp.gov.bd/__cypress/runner/cypress_runner.js:9065:23)\n    at Object.gotValue (http://staging.grp.gov.bd/__cypress/runner/cypress_runner.js:8209:18)\n    at Object.gotAccum (http://staging.grp.gov.bd/__cypress/runner/cypress_runner.js:8196:25)\n    at Object.tryCatcher (http://staging.grp.gov.bd/__cypress/runner/cypress_runner.js:9065:23)\n    at Promise._settlePromiseFromHandler (http://staging.grp.gov.bd/__cypress/runner/cypress_runner.js:7000:31)",
                "diff": "- 'পরিদর্শনকৃত'\n+ 'প্রাপ্তিযোগ্য পরিমাণগুলি সেট করুন'\n"
              },
              "uuid": "86ecd660-e3c9-4147-b927-69c948bfeb35",
              "parentUUID": "ef8d96b5-e543-4087-aaad-3a62d0a5ee87",
              "isHook": false,
              "skipped": false
            },
            {
              "title": "TC_24. Store Keeper: Verify the Item back to the Store after Asset Return (Request Return).",
              "fullTitle": "AST Module Regression Test Suite TC_24. Store Keeper: Verify the Item back to the Store after Asset Return (Request Return).",
              "timedOut": null,
              "duration": 40401,
              "state": "passed",
              "speed": "slow",
              "pass": true,
              "fail": false,
              "pending": false,
              "context": null,
              "code": "var _this9 = this;\ncy.login(this.ast.storeKeeperID, this.ast.storeKeeperPassword); //Select office code here if the user have multiple office \ndashboardPage.getASTAvatar().click();\ncy.wait(3000);\nleftNavMenu.getDropDownMenu().contains('রক্ষণাবেক্ষণ').click();\ncy.wait(1000);\nleftNavMenu.getRequestSubMenuOfMaintenance().should('include.text', 'অনুরোধ করুন').click();\ncy.wait(3000);\nreceiveGoodsPage.getStoreNameTab().contains(this.ast.storeName).click();\ncy.wait(5000);\nreceiveGoodsPage.getCardHeader().should('include.text', 'পণ্য সমূহ');\nreceiveGoodsPage.getCardRows().each(function ($el, index, $list) //Select the desired Tag No\n{\n  var textAssetTagNo = $el.find('td.e-rowcell[aria-label]').text();\n  if (textAssetTagNo.includes(_this9.ast.assetTagNo)) {\n    var tagText = $el.find('td.e-rowcell[aria-label]').text();\n    expect(tagText.includes(_this9.ast.assetTagNo)).to.be[\"true\"];\n  }\n});\ncy.wait(2000);",
              "err": {},
              "uuid": "d7e57311-246a-45f7-bec1-64e5e4b79ff8",
              "parentUUID": "ef8d96b5-e543-4087-aaad-3a62d0a5ee87",
              "isHook": false,
              "skipped": false
            },
            {
              "title": "TC_25. Store Keeper: Enter Assined Item Tag and Send for Inspection (Self Return).",
              "fullTitle": "AST Module Regression Test Suite TC_25. Store Keeper: Enter Assined Item Tag and Send for Inspection (Self Return).",
              "timedOut": null,
              "duration": 51431,
              "state": "failed",
              "speed": null,
              "pass": false,
              "fail": true,
              "pending": false,
              "context": null,
              "code": "cy.login(this.ast.storeKeeperID, this.ast.storeKeeperPassword); //Select office code here if the user have multiple office \ndashboardPage.getASTAvatar().click();\ncy.wait(3000);\nleftNavMenu.getDropDownMenu().contains('ফেরৎ গ্রহণ').click();\ncy.wait(1000);\nleftNavMenu.ReceiveTaggedItemsSubMenu().should('include.text', 'ট্যাগকৃত পণ্যসমূহ গ্রহণ').click();\ncy.wait(3000);\nreceiveGoodsPage.getStoreNameTab().contains(this.ast.storeName).click(); //Select Store\ncy.wait(2000);\nreceiveGoodsPage.getCardHeader().should('include.text', 'ট্যাগ');\nreceiveTaggedItemsPage.getTagInputFieldForFirstStore().should('have.attr', 'placeholder', 'ট্যাগ দিন').click().type(this.ast.assetTagNo2).should('have.value', this.ast.assetTagNo2);\ncy.wait(2000); //Tag Search pop-up code will added here\nreceiveTaggedItemsPage.getCardFooterThirdButton().should('include.text', 'পণ্য যোগ করুন').click();\ncy.wait(2000);\nreceiveTaggedItemsPage.getSendApproverButton().should('include.text', 'পরিদর্শনের জন্য প্রেরণ করুন').click(); //Send for Inspection button\ncy.wait(1500);\nreceiveGoodsPage.getConfirmPopUpHeader().should('include.text', 'নিশ্চিত করুন');\nreceiveGoodsPage.getConfirmPopUpYesButton().should('include.text', 'হ্যাঁ').click();\ncy.wait(6000);",
              "err": {
                "message": "AssertionError: Timed out retrying: Expected to find element: `.card:visible .card-footer button.btn-success:eq(1)`, but never found it.",
                "estack": "AssertionError: Timed out retrying: Expected to find element: `.card:visible .card-footer button.btn-success:eq(1)`, but never found it.\n    at ensureExistence (http://staging.grp.gov.bd/__cypress/runner/cypress_runner.js:137673:32)\n    at Object.ensureElExistence (http://staging.grp.gov.bd/__cypress/runner/cypress_runner.js:137691:12)\n    at ensureExistence (http://staging.grp.gov.bd/__cypress/runner/cypress_runner.js:127867:23)\n    at onFailFn (http://staging.grp.gov.bd/__cypress/runner/cypress_runner.js:127905:9)\n    at tryCatcher (http://staging.grp.gov.bd/__cypress/runner/cypress_runner.js:9065:23)\n    at Promise._settlePromiseFromHandler (http://staging.grp.gov.bd/__cypress/runner/cypress_runner.js:7000:31)\n    at Promise._settlePromise (http://staging.grp.gov.bd/__cypress/runner/cypress_runner.js:7057:18)\n    at Promise._settlePromise0 (http://staging.grp.gov.bd/__cypress/runner/cypress_runner.js:7102:10)\n    at Promise._settlePromises (http://staging.grp.gov.bd/__cypress/runner/cypress_runner.js:7178:18)\n    at _drainQueueStep (http://staging.grp.gov.bd/__cypress/runner/cypress_runner.js:3772:12)\n    at _drainQueue (http://staging.grp.gov.bd/__cypress/runner/cypress_runner.js:3765:9)\n    at Async.../../node_modules/bluebird/js/release/async.js.Async._drainQueues (http://staging.grp.gov.bd/__cypress/runner/cypress_runner.js:3781:5)\n    at Async.drainQueues (http://staging.grp.gov.bd/__cypress/runner/cypress_runner.js:3651:14)",
                "diff": null
              },
              "uuid": "3f8e4128-e90d-4aa0-9abd-cc4c9d705f2f",
              "parentUUID": "ef8d96b5-e543-4087-aaad-3a62d0a5ee87",
              "isHook": false,
              "skipped": false
            },
            {
              "title": "TC_26. Store Admin: Inspector Assign for Asset Return (Self Return).",
              "fullTitle": "AST Module Regression Test Suite TC_26. Store Admin: Inspector Assign for Asset Return (Self Return).",
              "timedOut": null,
              "duration": 48204,
              "state": "failed",
              "speed": null,
              "pass": false,
              "fail": true,
              "pending": false,
              "context": null,
[...]
              "err": {
                "message": "CypressError: Timed out retrying: coordsHistory must be at least 2 sets of coords",
                "estack": "CypressError: Timed out retrying: coordsHistory must be at least 2 sets of coords\n    at cypressErr (http://staging.grp.gov.bd/__cypress/runner/cypress_runner.js:146621:16)\n    at cypressErrByPath (http://staging.grp.gov.bd/__cypress/runner/cypress_runner.js:146630:10)\n    at Object.throwErrByPath (http://staging.grp.gov.bd/__cypress/runner/cypress_runner.js:146593:11)\n    at ensureNotAnimating (http://staging.grp.gov.bd/__cypress/runner/cypress_runner.js:127428:15)\n    at runAllChecks (http://staging.grp.gov.bd/__cypress/runner/cypress_runner.js:127522:9)\n    at retryActionability (http://staging.grp.gov.bd/__cypress/runner/cypress_runner.js:127542:16)\n    at http://staging.grp.gov.bd/__cypress/runner/cypress_runner.js:127547:7\n    at tryCatcher (http://staging.grp.gov.bd/__cypress/runner/cypress_runner.js:9065:23)\n    at Function.Promise.attempt.Promise.try (http://staging.grp.gov.bd/__cypress/runner/cypress_runner.js:6339:29)\n    at Object.verify (http://staging.grp.gov.bd/__cypress/runner/cypress_runner.js:127473:24)\n    at perform (http://staging.grp.gov.bd/__cypress/runner/cypress_runner.js:129460:29)\n    at tryCatcher (http://staging.grp.gov.bd/__cypress/runner/cypress_runner.js:9065:23)\n    at Object.gotValue (http://staging.grp.gov.bd/__cypress/runner/cypress_runner.js:8207:18)\n    at Object.gotAccum (http://staging.grp.gov.bd/__cypress/runner/cypress_runner.js:8196:25)\n    at Object.tryCatcher (http://staging.grp.gov.bd/__cypress/runner/cypress_runner.js:9065:23)\n    at Promise._settlePromiseFromHandler (http://staging.grp.gov.bd/__cypress/runner/cypress_runner.js:7000:31)",
                "diff": null
              },
              "uuid": "871782a9-cd52-486a-9c6f-28279aa4564d",
              "parentUUID": "ef8d96b5-e543-4087-aaad-3a62d0a5ee87",
              "isHook": false,
              "skipped": false
            },
            {
              "title": "TC_67. Disposal Committee Member: Decision on Disposal with Disposal Type and Cost for (From Stores Existing Item).",
              "fullTitle": "AST Module Regression Test Suite TC_67. Disposal Committee Member: Decision on Disposal with Disposal Type and Cost for (From Stores Existing Item).",
              "timedOut": null,
              "duration": 98720,
              "state": "failed",
              "speed": null,
              "pass": false,
              "fail": true,
              "pending": false,
              "context": null,
              "code": "cy.login(this.ast.DisCommitteeMemberID, this.ast.DisCommitteeMemberPassword); //Select office code here if the user have multiple office \ndashboardPage.getASTAvatar().click();\ncy.wait(3000);\nleftNavMenu.getDropDownMenu().contains('অনুমোদন অপেক্ষমান').click();\ncy.wait(1000);\nleftNavMenu.getDecisionOnDisposalSubMenu().should('include.text', 'নিষ্পত্তিকরণ সংক্রান্ত সিদ্ধান্ত').click();\ncy.wait(3000);\nreceiveGoodsPage.getCardHeader().should('include.text', 'অনুরোধকৃত নিষ্পত্তিকরণের তালিকা');\ncy.inspection(this.ast.disposalJustificat); // ন্যায্যতা\ncy.wait(3000);\nreceiveGoodsPage.getCardHeader().should('include.text', 'নিষ্পত্তিকরণ সংক্রান্ত সিদ্ধান্ত');\ndisposalRequestPage.getDisposalTypeField1().click({\n  force: true\n});\ndisposalRequestPage.getDropDownItem().contains(this.ast.disposalRequestType2).click();\ncy.wait(1000);\ndisposalRequestPage.getDisposalCost1().clear().type(this.ast.disposalCost).should('have.value', this.ast.disposalCost);\ncy.wait(1000);\ndisposalRequestPage.getDisposalRemark1().click().type(this.ast.disposalRemarks).should('have.value', this.ast.disposalRemarks);\ncy.wait(1000);\ndisposalRequestPage.getSaveButton().should('include.text', 'সংরক্ষণ করুন').click();\ncy.wait(2000);\nreceiveGoodsPage.getConfirmPopUpHeader().should('include.text', 'নিশ্চিত করুন');\nreceiveGoodsPage.getConfirmPopUpYesButton().should('include.text', 'হ্যাঁ').click();\ncy.wait(6000);",
              "err": {
                "message": "AssertionError: Timed out retrying: Expected to find element: `.card:visible .card-header mat-label:eq(0)`, but never found it.",
                "estack": "AssertionError: Timed out retrying: Expected to find element: `.card:visible .card-header mat-label:eq(0)`, but never found it.\n    at ensureExistence (http://staging.grp.gov.bd/__cypress/runner/cypress_runner.js:137673:32)\n    at Object.ensureElExistence (http://staging.grp.gov.bd/__cypress/runner/cypress_runner.js:137691:12)\n    at ensureExistence (http://staging.grp.gov.bd/__cypress/runner/cypress_runner.js:127867:23)\n    at onFailFn (http://staging.grp.gov.bd/__cypress/runner/cypress_runner.js:127905:9)\n    at tryCatcher (http://staging.grp.gov.bd/__cypress/runner/cypress_runner.js:9065:23)\n    at Promise._settlePromiseFromHandler (http://staging.grp.gov.bd/__cypress/runner/cypress_runner.js:7000:31)\n    at Promise._settlePromise (http://staging.grp.gov.bd/__cypress/runner/cypress_runner.js:7057:18)\n    at Promise._settlePromise0 (http://staging.grp.gov.bd/__cypress/runner/cypress_runner.js:7102:10)\n    at Promise._settlePromises (http://staging.grp.gov.bd/__cypress/runner/cypress_runner.js:7178:18)\n    at _drainQueueStep (http://staging.grp.gov.bd/__cypress/runner/cypress_runner.js:3772:12)\n    at _drainQueue (http://staging.grp.gov.bd/__cypress/runner/cypress_runner.js:3765:9)\n    at Async.../../node_modules/bluebird/js/release/async.js.Async._drainQueues (http://staging.grp.gov.bd/__cypress/runner/cypress_runner.js:3781:5)\n    at Async.drainQueues (http://staging.grp.gov.bd/__cypress/runner/cypress_runner.js:3651:14)",
                "diff": null
              },
              "uuid": "9ca5036e-c5e0-4f8f-b596-9d2410098463",
              "parentUUID": "ef8d96b5-e543-4087-aaad-3a62d0a5ee87",
              "isHook": false,
              "skipped": false
            },
            {
              "title": "TC_68. Store Admin: Approved Disposal Result (From Stores Existing Item).",
              "fullTitle": "AST Module Regression Test Suite TC_68. Store Admin: Approved Disposal Result (From Stores Existing Item).",
              "timedOut": null,
              "duration": 115149,
              "state": "failed",
              "speed": null,
              "pass": false,
              "fail": true,
              "pending": false,
              "context": null,
              "code": "cy.login(this.ast.storeAdminID, this.ast.storeAdminPassword); //Select office code here if the user have multiple office \ndashboardPage.getASTAvatar().click();\ncy.wait(3000);\nleftNavMenu.getDropDownMenu().contains('নিষ্পত্তিকরণ').click();\ncy.wait(1000);\nleftNavMenu.getDisposalResultSubMenu().should('include.text', 'নিষ্পত্তিকরণের ফলাফল').click();\ncy.wait(3000);\nreceiveGoodsPage.getStoreNameTab().contains(this.ast.storeName).click();\ncy.wait(2000);\nreceiveGoodsPage.getCardHeader().should('include.text', 'নিষ্পত্তিকরণের জন্য সম্পদ তালিকা');\ncy.inspection(this.ast.disposalJustificat); // ন্যায্যতা\ncy.wait(3000);\nreceiveGoodsPage.getCardHeader().should('include.text', 'নিষ্পত্তিকরণের ফলাফল');\ndisposalResultPage.getDisposalTypeTab().contains('Disposed').click();\ncy.wait(2000);\ndisposalResultPage.getDisposedAddButton().click();\ncy.wait(2000);\ndisposalResultPage.getDecidedRemark1().click().type(this.ast.disposalDecisionRemarks).should('have.value', this.ast.disposalDecisionRemarks);\ncy.wait(2000);\ndisposalResultPage.getSendButton().should('include.text', 'প্রেরণ').click();\ncy.wait(2000);\nreceiveGoodsPage.getConfirmPopUpHeader().should('include.text', 'নিশ্চিত করুন');\nreceiveGoodsPage.getConfirmPopUpYesButton().should('include.text', 'হ্যাঁ').click();\ncy.wait(6000);",
              "err": {
                "message": "AssertionError: Timed out retrying: expected '<mat-label>' to contain text 'নিষ্পত্তিকরণের ফলাফল', but the text was 'নিষ্পত্তিকরণের জন্য সম্পদ তালিকা'",
                "estack": "AssertionError: Timed out retrying: expected '<mat-label>' to contain text 'নিষ্পত্তিকরণের ফলাফল', but the text was 'নিষ্পত্তিকরণের জন্য সম্পদ তালিকা'\n    at applyChainer (http://staging.grp.gov.bd/__cypress/runner/cypress_runner.js:131898:32)\n    at http://staging.grp.gov.bd/__cypress/runner/cypress_runner.js:131940:16\n    at arrayReduce (http://staging.grp.gov.bd/__cypress/runner/cypress_runner.js:18578:21)\n    at Function.reduce (http://staging.grp.gov.bd/__cypress/runner/cypress_runner.js:27576:14)\n    at applyChainers (http://staging.grp.gov.bd/__cypress/runner/cypress_runner.js:131929:22)\n    at tryCatcher (http://staging.grp.gov.bd/__cypress/runner/cypress_runner.js:9065:23)\n    at Function.Promise.attempt.Promise.try (http://staging.grp.gov.bd/__cypress/runner/cypress_runner.js:6339:29)\n    at Context.shouldFn (http://staging.grp.gov.bd/__cypress/runner/cypress_runner.js:131946:26)\n    at Context.should (http://staging.grp.gov.bd/__cypress/runner/cypress_runner.js:131964:23)\n    at http://staging.grp.gov.bd/__cypress/runner/cypress_runner.js:127819:39\n    at assertions (http://staging.grp.gov.bd/__cypress/runner/cypress_runner.js:128079:14)\n    at tryCatcher (http://staging.grp.gov.bd/__cypress/runner/cypress_runner.js:9065:23)\n    at Object.gotValue (http://staging.grp.gov.bd/__cypress/runner/cypress_runner.js:8209:18)\n    at Object.gotAccum (http://staging.grp.gov.bd/__cypress/runner/cypress_runner.js:8196:25)\n    at Object.tryCatcher (http://staging.grp.gov.bd/__cypress/runner/cypress_runner.js:9065:23)\n    at Promise._settlePromiseFromHandler (http://staging.grp.gov.bd/__cypress/runner/cypress_runner.js:7000:31)",
                "diff": "- 'নিষ্পত্তিকরণের জন্য সম্পদ তালিকা'\n+ 'নিষ্পত্তিকরণের ফলাফল'\n"
              },
              "uuid": "eaa4af1f-acff-404d-b887-d3e27d50d472",
              "parentUUID": "ef8d96b5-e543-4087-aaad-3a62d0a5ee87",
              "isHook": false,
              "skipped": false
            },
            {
              "title": "TC_69. Store Admin: Verify the Disposed Asset on the Report (From Stores Existing Item).",
              "fullTitle": "AST Module Regression Test Suite TC_69. Store Admin: Verify the Disposed Asset on the Report (From Stores Existing Item).",
              "timedOut": null,
              "duration": 145834,
              "state": "passed",
              "speed": "slow",
              "pass": true,
              "fail": false,
              "pending": false,
              "context": null,
              "code": "var _this17 = this;\ncy.login(this.ast.storeAdminID, this.ast.storeAdminPassword); //Select office code here if the user have multiple office \ndashboardPage.getASTAvatar().click();\ncy.wait(3000);\nleftNavMenu.getDropDownMenu().contains('রিপোর্টস').click();\ncy.wait(1000);\nleftNavMenu.getDisposedAssetSubMenu().should('include.text', 'নিস্পত্তিকৃত সম্পদ').click();\ncy.wait(3000);\nreportsPage.getPageHeaderText().should('include.text', 'নিস্পত্তিকৃত সম্পদ');\nreportsPage.getItemCategoryField().click();\ninspectionUnassignedPage.getDropDownItem().contains(this.ast.ItemCategory).click();\ncy.wait(2000);\nreportsPage.getItemGroupField().click();\ninspectionUnassignedPage.getDropDownItem().contains(this.ast.ItemGroup).click();\ncy.wait(2000);\nreportsPage.getStoreField().click();\ninspectionUnassignedPage.getDropDownItem().contains(this.ast.storeName).click();\ncy.wait(2000);\nreportsPage.getSearchButton().should('include.text', 'অনুসন্ধান করুন').click();\ncy.wait(4000);\nreceiveGoodsPage.getCardRows().each(function ($el, index, $list) //Select the desired Tag No\n{\n  var textAssetTagNo = $el.find('td.e-rowcell[aria-label]').text();\n  if (textAssetTagNo.includes(_this17.ast.assetTagNo11)) {\n    var tagText = $el.find('td.e-rowcell[aria-label]').text();\n    expect(tagText.includes(_this17.ast.assetTagNo11)).to.be[\"true\"];\n  }\n});\ncy.wait(3000);",
              "err": {},
              "uuid": "a5ef2c08-3715-4eee-9a0b-589befd7affa",
              "parentUUID": "ef8d96b5-e543-4087-aaad-3a62d0a5ee87",
              "isHook": false,
              "skipped": false
            }
          ],
          "suites": [],
          "passes": [
            "02ece09f-1b50-4776-8b96-03b989c5bcf1",
            "b8d8c8d2-4be7-40af-b097-e3bbddddeb56",
            "95ae6c99-d3b1-4615-9af2-36f0023c9833",
            "35f48d64-e323-49c4-8457-989d01c1cada",
            "22404d16-4325-483e-bec1-6ef7b55962ad",
            "b79c2e4d-6089-4225-a37c-315f8c5fdd6f",
            "9c7c4e14-9ed6-4b2f-aa1a-80eabfcf81b4",
            "94c8485f-5256-478e-9f56-c69dfd6cdf5a",
            "45957207-52a4-4f35-8763-8af19953d4d2",
            "bca5e15d-e617-4ffe-a5dd-4f5f278440cd",
            "87563b1e-32e7-47c0-919b-853b46210bc3",
            "e34292ec-40bb-4a90-939b-a886dbcaea83",
            "2d19a10d-df7f-4588-91b8-3cec505cc620",
            "d7e57311-246a-45f7-bec1-64e5e4b79ff8",
            "f4492384-bfa8-4ba7-8775-d21635455977",
            "1323ce42-2cfb-4daf-a1f4-24a828ce808b",
            "486f8e26-ef53-4259-b418-e2fce320d1be",
            "59341849-297b-4b79-bc72-80728625bcdb",
            "4d8c0ea9-cbf0-4e3b-a5c9-950146bfbc1c",
            "e8d7b61b-6e35-4da0-ad50-1c3770c82763",
            "fad33558-e521-4fc2-8c54-c46cfd752c82",
            "b4ec7af4-2235-4519-8503-ca603f685ebc",
            "a5ef2c08-3715-4eee-9a0b-589befd7affa"
          ],
          "failures": [
            "febfadf5-ef4b-4ab4-8110-9e59e8edb59c",
            "6d498414-b571-46b5-aa0d-325ed3aa1a50",
            "ef0d3c04-a8ab-4d63-86e4-f0ef4419c8ef",
            "f7680e71-45b5-4ecb-8f75-b6c9ed8623e8",
            "9a10fcd8-42e7-4bdb-9dbf-6ef1def6e29f",
            "8aedbf04-e0b8-4829-bb14-4daf6c282013",
            "ae267595-2d56-46c0-b16b-97e5587205ca",
            "73a58e72-243d-42db-bb02-e2c818187fd9",
            "8a366126-d9d3-40bf-82eb-98110fb27bc1",
            "86ecd660-e3c9-4147-b927-69c948bfeb35",
            "3f8e4128-e90d-4aa0-9abd-cc4c9d705f2f",
            "c24712b2-d23f-4adb-af45-9ee363e801c7",
            "4a77c4df-f449-4018-9654-fe67313f5929",
            "10fb0da6-d33b-47ea-9728-0c13b8a51104",
            "cb1eaac5-4303-4f03-87d4-ca59ef9fb66e",
            "254f66ed-288f-480f-a215-d7330f341080",
            "22ff4303-b48a-4f26-969a-d8b9676d0163",
            "6ab3fc0d-2375-4eec-8a55-0134c5b2f1ad",
            "9147d0d1-bd9c-447b-9c4a-39e5f7f770cb",
            "fd7da460-3a47-4dbd-b6f4-1f62420944dc",
            "a9ec6724-ba55-4466-9cf3-2d84f5b2be38",
            "4bb92572-48ca-4d36-adf8-ea3fabf4b0b2",
            "f3b82d61-2745-4d90-8688-3f364b32c4ed",
            "df821485-c379-4236-a45b-e6f78bd5ed04",
            "0b6b2ee4-0429-4c90-b6ab-bd34df1a959d",
            "e81e00a4-369f-487b-9af7-f27ccfd9f61e",
            "ff4cf3df-ba43-4e61-88d5-15b9dc0df0a1",
            "f2ab4470-dac1-4956-8e40-90f9a7a02c58",
            "7067eaa2-2d8f-4f03-905e-85ea9365aff1",
            "85116bd6-a170-4a6d-a24f-88ae9977a9ea",
            "30d5261a-0688-4d99-87ed-5d749060e576",
            "46717122-e60c-4ae8-a4c5-02ed33c2724c",
            "265971ca-b8ed-4e03-9c89-2d8d319aa4f5",
            "de89b3b5-5c1c-4886-ae61-b0c7b2f9441b",
            "90665d35-6b6b-4adb-b092-1e93361a91b9",
            "62622ff8-afbc-4ba1-8021-70f28b333289",
            "0a20d473-cc93-4c73-bf63-3b641013c8c7",
            "ef9f452e-8e9c-48a5-8293-662b913f18b9",
            "64edbc7d-2b70-4144-a40e-3df64dd0af55",
            "3894fff8-9893-462b-b589-b8c8ee028411",
            "5b33c3f4-1d06-45f2-8a06-8b2a3529be37",
            "29ae760d-6e7c-424e-9789-fd77d0cc7688",
            "4f806fb1-7664-454c-ab29-464b68d86e4c",
            "871782a9-cd52-486a-9c6f-28279aa4564d",
            "9ca5036e-c5e0-4f8f-b596-9d2410098463",
            "eaa4af1f-acff-404d-b887-d3e27d50d472"
          ],
          "pending": [],
          "skipped": [],
          "duration": 4957330,
          "root": false,
          "rootEmpty": false,
          "_timeout": 2000
        },
        {
          "uuid": "77eeca00-6838-4891-8ba6-dd18ebae9919",
          "title": "AST Module (Sprint 8) Regression Test Suite",
          "fullFile": "",
          "file": "",
          "beforeHooks": [],
          "afterHooks": [],
          "tests": [
            {
              "title": "TC_1. Store Admin: Vehicle Add.",
              "fullTitle": "AST Module (Sprint 8) Regression Test Suite TC_1. Store Admin: Vehicle Add.",
              "timedOut": null,
              "duration": 0,
              "state": "pending",
              "speed": null,
              "pass": false,
              "fail": false,
              "pending": true,
              "context": null,
              "code": "",
              "err": {},
              "uuid": "a9bf126e-ea63-4e3e-a669-6f5252dfc039",
              "parentUUID": "77eeca00-6838-4891-8ba6-dd18ebae9919",
              "isHook": false,
              "skipped": false
            },
            {
              "title": "TC_2. Asset User: Vehicle Requisition.",
              "fullTitle": "AST Module (Sprint 8) Regression Test Suite TC_2. Asset User: Vehicle Requisition.",
              "timedOut": null,
              "duration": 0,
              "state": "pending",
              "speed": null,
              "pass": false,
              "fail": false,
              "pending": true,
              "context": null,
              "code": "",
              "err": {},
              "uuid": "47518cd7-42f3-4e91-8976-ce0ff7f0128a",
              "parentUUID": "77eeca00-6838-4891-8ba6-dd18ebae9919",
              "isHook": false,
              "skipped": false
            },
            {
              "title": "TC_3. Store Admin: Vehicle requisition approval.",
              "fullTitle": "AST Module (Sprint 8) Regression Test Suite TC_3. Store Admin: Vehicle requisition approval.",
              "timedOut": null,
              "duration": 0,
              "state": "pending",
              "speed": null,
              "pass": false,
              "fail": false,
              "pending": true,
              "context": null,
              "code": "",
              "err": {},
              "uuid": "f3ae258d-b31a-4cc3-bc7f-ce28b0fdfd03",
              "parentUUID": "77eeca00-6838-4891-8ba6-dd18ebae9919",
              "isHook": false,
              "skipped": false
            }
          ],
          "suites": [],
          "passes": [],
          "failures": [],
          "pending": [
            "a9bf126e-ea63-4e3e-a669-6f5252dfc039",
            "47518cd7-42f3-4e91-8976-ce0ff7f0128a",
            "f3ae258d-b31a-4cc3-bc7f-ce28b0fdfd03"
          ],
          "skipped": [],
          "duration": 0,
          "root": false,
          "rootEmpty": false,
          "_timeout": 2000
        }
      ],
      "passes": [],
      "failures": [],
      "pending": [],
      "skipped": [],
      "duration": 0,
      "root": true,
      "rootEmpty": true,
      "_timeout": 2000
    }
  ],
  "meta": {
    "mocha": {
      "version": "7.0.1"
    },
    "mochawesome": {
      "options": {
        "quiet": false,
        "reportFilename": "mochawesome",
        "saveHtml": true,
        "saveJson": true,
        "consoleReporter": "spec",
        "useInlineDiffs": false,
        "code": true
      },
      "version": "5.0.0"
    },
    "marge": {
      "options": {},
      "version": "4.1.0"
    }
  }
}