{
  "stats": {
    "suites": 1,
    "tests": 1,
    "passes": 0,
    "pending": 0,
    "failures": 1,
    "start": "2021-01-31T06:21:39.121Z",
    "end": "2021-01-31T06:22:44.714Z",
    "duration": 65593,
    "testsRegistered": 1,
    "passPercent": 0,
    "pendingPercent": 0,
    "other": 0,
    "hasOther": false,
    "skipped": 0,
    "hasSkipped": false
  },
  "results": [
    {
      "uuid": "c6200697-04ee-4820-a881-7cb8ca6c26c6",
      "title": "",
      "fullFile": "cypress\\integration\\happyPath\\ACCFullTest.spec.js",
      "file": "cypress\\integration\\happyPath\\ACCFullTest.spec.js",
      "beforeHooks": [],
      "afterHooks": [],
      "tests": [],
      "suites": [
        {
          "uuid": "ac78f9fa-a758-444c-8a90-f596a4414b61",
          "title": "Accounts Module Regression Test Suite",
          "fullFile": "",
          "file": "",
          "beforeHooks": [],
          "afterHooks": [],
          "tests": [
            {
              "title": "TC_01. Account Officer: Create Bill",
              "fullTitle": "Accounts Module Regression Test Suite TC_01. Account Officer: Create Bill",
              "timedOut": null,
              "duration": 63789,
              "state": "failed",
              "speed": null,
              "pass": false,
              "fail": true,
              "pending": false,
              "context": null,
              "code": "cy.login(this.acc.AccountOfficerID, this.acc.AccountOfficerPassword);\n/*\n  //Select office if needed\n  dashboardPage.getOfficePopUpHeader().should('include.text', 'অফিস/পদ নির্বাচন করুন')\n  dashboardPage.getOfficeName().contains(this.acc.OfficeUnit).click()\n*/\ncy.wait(4000);\ndashboardPage.getACCAvatar().click();\ncy.wait(3000);\nleftNavMenu.getDropDownMenu().contains('হিসাব রক্ষন ব্যবস্থাপনা').click({\n  force: true\n});\ncy.wait(1000);\nleftNavMenu.getBankAccountSubMenu().should('include.text', 'ব্যাংক হিসাব').click();\ncy.wait(3000);\nbankAccountPageActions.ClickCreatePlusButton(); //bankAccountPageActions.AddBankAccountDetails(accountType, economicCode, bankName, branchName, accountTitle, accountNumber, routingNumber, IBANNumber, SwiftCode, SignatoryNumber)\nbankAccountPageActions.AddBankAccountDetails(this.acc.accountType, this.acc.economicCode, this.acc.bankName, this.acc.branchName, this.acc.accountTitle, this.acc.accountNumber, this.acc.routingNumber, this.acc.IBANNumber, this.acc.SwiftCode, this.acc.SignatoryNumber);",
              "err": {
                "message": "AssertionError: Timed out retrying after 8000ms: Expected to find element: `undefined`, but never found it.",
                "estack": "AssertionError: Timed out retrying after 8000ms: Expected to find element: `undefined`, but never found it.\n    at BankAccountPageActions.AddBankAccountDetails (http://sqa.grp.gov.bd/__cypress/tests?p=cypress\\integration\\happyPath\\ACCFullTest.spec.js:976:38)\n    at Context.eval (http://sqa.grp.gov.bd/__cypress/tests?p=cypress\\integration\\happyPath\\ACCFullTest.spec.js:162:28)",
                "diff": null
              },
              "uuid": "aed23f18-04ec-42a3-8c9b-bbf74245cc4c",
              "parentUUID": "ac78f9fa-a758-444c-8a90-f596a4414b61",
              "isHook": false,
              "skipped": false
            }
          ],
          "suites": [],
          "passes": [],
          "failures": [
            "aed23f18-04ec-42a3-8c9b-bbf74245cc4c"
          ],
          "pending": [],
          "skipped": [],
          "duration": 63789,
          "root": false,
          "rootEmpty": false,
          "_timeout": 2000
        }
      ],
      "passes": [],
      "failures": [],
      "pending": [],
      "skipped": [],
      "duration": 0,
      "root": true,
      "rootEmpty": true,
      "_timeout": 2000
    }
  ],
  "meta": {
    "mocha": {
      "version": "7.0.1"
    },
    "mochawesome": {
      "options": {
        "quiet": false,
        "reportFilename": "mochawesome",
        "saveHtml": true,
        "saveJson": true,
        "consoleReporter": "spec",
        "useInlineDiffs": false,
        "code": true
      },
      "version": "5.0.0"
    },
    "marge": {
      "options": null,
      "version": "4.1.0"
    }
  }
}